                              1 ;--------------------------------------------------------
                              2 ; File Created by SDCC : free open source ANSI-C Compiler
                              3 ; Version 3.5.0 #9253 (Apr  4 2022) (Linux)
                              4 ; This file was generated Mon Apr  4 14:16:10 2022
                              5 ;--------------------------------------------------------
                              6 	.r3k
                              7 	.module _fs2uint
                              8 	.optsdcc -mr3ka
                              9 	
                             10 ;--------------------------------------------------------
                             11 ; Public variables in this module
                             12 ;--------------------------------------------------------
                             13 	.globl ___fs2ulong
                             14 	.globl ___fs2uint
                             15 ;--------------------------------------------------------
                             16 ; special function registers
                             17 ;--------------------------------------------------------
                             18 ;--------------------------------------------------------
                             19 ; ram data
                             20 ;--------------------------------------------------------
                             21 	.area _DATA
                             22 ;--------------------------------------------------------
                             23 ; ram data
                             24 ;--------------------------------------------------------
                             25 	.area _INITIALIZED
                             26 ;--------------------------------------------------------
                             27 ; absolute external ram data
                             28 ;--------------------------------------------------------
                             29 	.area _DABS (ABS)
                             30 ;--------------------------------------------------------
                             31 ; global & static initialisations
                             32 ;--------------------------------------------------------
                             33 	.area _HOME
                             34 	.area _GSINIT
                             35 	.area _GSFINAL
                             36 	.area _GSINIT
                             37 ;--------------------------------------------------------
                             38 ; Home
                             39 ;--------------------------------------------------------
                             40 	.area _HOME
                             41 ;../_fs2uint.c:54: unsigned int __fs2uint (float f)
                             42 ;	---------------------------------
                             43 ; Function __fs2uint
                             44 ; ---------------------------------
   0000                      45 ___fs2uint::
   0000 DD E5                46 	push	ix
                             47 ;../_fs2uint.c:56: unsigned long ul=__fs2ulong(f);
   0002 C4 06                48 	ld	hl, 6 (sp)
   0004 E5                   49 	push	hl
   0005 C4 06                50 	ld	hl, 6 (sp)
   0007 E5                   51 	push	hl
   0008 CDr00r00             52 	call	___fs2ulong
   000B 27 04                53 	add	sp, #4
                             54 ;../_fs2uint.c:57: if (ul>=UINT_MAX) return UINT_MAX;
   000D 7D                   55 	ld	a,l
   000E D6 FF                56 	sub	a, #0xFF
   0010 7C                   57 	ld	a,h
   0011 DE FF                58 	sbc	a, #0xFF
   0013 7B                   59 	ld	a,e
   0014 DE 00                60 	sbc	a, #0x00
   0016 7A                   61 	ld	a,d
   0017 DE 00                62 	sbc	a, #0x00
   0019 38 03                63 	jr	C,00102$
   001B 21 FF FF             64 	ld	hl,#0xFFFF
                             65 ;../_fs2uint.c:58: return ul;
   001E                      66 00102$:
   001E DD E1                67 	pop	ix
   0020 C9                   68 	ret
                             69 	.area _HOME
                             70 ;--------------------------------------------------------
                             71 ; code
                             72 ;--------------------------------------------------------
                             73 	.area _CODE
                             74 	.area _CODE
                             75 	.area _INITIALIZER
                             76 	.area _CABS (ABS)
