                              1 ;--------------------------------------------------------
                              2 ; File Created by SDCC : free open source ANSI-C Compiler
                              3 ; Version 3.5.0 #9253 (Apr  4 2022) (Linux)
                              4 ; This file was generated Mon Apr  4 14:16:12 2022
                              5 ;--------------------------------------------------------
                              6 	.r3k
                              7 	.module _fssub
                              8 	.optsdcc -mr3ka
                              9 	
                             10 ;--------------------------------------------------------
                             11 ; Public variables in this module
                             12 ;--------------------------------------------------------
                             13 	.globl ___fssub
                             14 ;--------------------------------------------------------
                             15 ; special function registers
                             16 ;--------------------------------------------------------
                             17 ;--------------------------------------------------------
                             18 ; ram data
                             19 ;--------------------------------------------------------
                             20 	.area _DATA
                             21 ;--------------------------------------------------------
                             22 ; ram data
                             23 ;--------------------------------------------------------
                             24 	.area _INITIALIZED
                             25 ;--------------------------------------------------------
                             26 ; absolute external ram data
                             27 ;--------------------------------------------------------
                             28 	.area _DABS (ABS)
                             29 ;--------------------------------------------------------
                             30 ; global & static initialisations
                             31 ;--------------------------------------------------------
                             32 	.area _HOME
                             33 	.area _GSINIT
                             34 	.area _GSFINAL
                             35 	.area _GSINIT
                             36 ;--------------------------------------------------------
                             37 ; Home
                             38 ;--------------------------------------------------------
                             39 	.area _HOME
                             40 ;../_fssub.c:73: float __fssub (float a1, float a2)
                             41 ;	---------------------------------
                             42 ; Function __fssub
                             43 ; ---------------------------------
   0000                      44 ___fssub::
   0000 DD E5                45 	push	ix
   0002 DD 21 00 00          46 	ld	ix,#0
   0006 DD 39                47 	add	ix,sp
                             48 ;../_fssub.c:75: float neg = -a1;
   0008 DD 7E 07             49 	ld	a,7 (ix)
   000B EE 80                50 	xor	a,#0x80
   000D 47                   51 	ld	b,a
   000E DD 5E 04             52 	ld	e,4 (ix)
   0011 DD 56 05             53 	ld	d,5 (ix)
   0014 DD 4E 06             54 	ld	c,6 (ix)
                             55 ;../_fssub.c:76: return -(neg + a2);
   0017 C4 0A                56 	ld	hl, 10 (sp)
   0019 E5                   57 	push	hl
   001A C4 0A                58 	ld	hl, 10 (sp)
   001C E5                   59 	push	hl
   001D C5                   60 	push	bc
   001E D5                   61 	push	de
   001F CDr00r00             62 	call	___fsadd
   0022 27 08                63 	add	sp, #8
   0024 7A                   64 	ld	a,d
   0025 EE 80                65 	xor	a,#0x80
   0027 57                   66 	ld	d,a
   0028 DD E1                67 	pop	ix
   002A C9                   68 	ret
                             69 	.area _HOME
                             70 ;--------------------------------------------------------
                             71 ; code
                             72 ;--------------------------------------------------------
                             73 	.area _CODE
                             74 	.area _CODE
                             75 	.area _INITIALIZER
                             76 	.area _CABS (ABS)
