                              1 ;--------------------------------------------------------
                              2 ; File Created by SDCC : free open source ANSI-C Compiler
                              3 ; Version 3.5.0 #9253 (Apr  4 2022) (Linux)
                              4 ; This file was generated Mon Apr  4 14:16:16 2022
                              5 ;--------------------------------------------------------
                              6 	.r3k
                              7 	.module _modulong
                              8 	.optsdcc -mr3ka
                              9 	
                             10 ;--------------------------------------------------------
                             11 ; Public variables in this module
                             12 ;--------------------------------------------------------
                             13 	.globl __modulong
                             14 ;--------------------------------------------------------
                             15 ; special function registers
                             16 ;--------------------------------------------------------
                             17 ;--------------------------------------------------------
                             18 ; ram data
                             19 ;--------------------------------------------------------
                             20 	.area _DATA
                             21 ;--------------------------------------------------------
                             22 ; ram data
                             23 ;--------------------------------------------------------
                             24 	.area _INITIALIZED
                             25 ;--------------------------------------------------------
                             26 ; absolute external ram data
                             27 ;--------------------------------------------------------
                             28 	.area _DABS (ABS)
                             29 ;--------------------------------------------------------
                             30 ; global & static initialisations
                             31 ;--------------------------------------------------------
                             32 	.area _HOME
                             33 	.area _GSINIT
                             34 	.area _GSFINAL
                             35 	.area _GSINIT
                             36 ;--------------------------------------------------------
                             37 ; Home
                             38 ;--------------------------------------------------------
                             39 	.area _HOME
                             40 ;../_modulong.c:340: _modulong (unsigned long a, unsigned long b)
                             41 ;	---------------------------------
                             42 ; Function _modulong
                             43 ; ---------------------------------
   0000                      44 __modulong::
   0000 DD E5                45 	push	ix
   0002 DD 21 00 00          46 	ld	ix,#0
   0006 DD 39                47 	add	ix,sp
                             48 ;../_modulong.c:342: unsigned char count = 0;
   0008 16 00                49 	ld	d,#0x00
                             50 ;../_modulong.c:344: while (!MSB_SET(b))
   000A 1E 00                51 	ld	e,#0x00
   000C                      52 00103$:
   000C DD 7E 0B             53 	ld	a,11 (ix)
   000F CB 07                54 	rlc	a
   0011 E6 01                55 	and	a,#0x01
   0013 20 44                56 	jr	NZ,00117$
                             57 ;../_modulong.c:346: b <<= 1;
   0015 F5                   58 	push	af
   0016 F1                   59 	pop	af
   0017 DD CB 08 26          60 	sla	8 (ix)
   001B DD CB 09 16          61 	rl	9 (ix)
   001F DD CB 0A 16          62 	rl	10 (ix)
   0023 DD CB 0B 16          63 	rl	11 (ix)
                             64 ;../_modulong.c:347: if (b > a)
   0027 DD 7E 04             65 	ld	a,4 (ix)
   002A DD 96 08             66 	sub	a, 8 (ix)
   002D DD 7E 05             67 	ld	a,5 (ix)
   0030 DD 9E 09             68 	sbc	a, 9 (ix)
   0033 DD 7E 06             69 	ld	a,6 (ix)
   0036 DD 9E 0A             70 	sbc	a, 10 (ix)
   0039 DD 7E 07             71 	ld	a,7 (ix)
   003C DD 9E 0B             72 	sbc	a, 11 (ix)
   003F 30 14                73 	jr	NC,00102$
                             74 ;../_modulong.c:349: b >>=1;
   0041 F5                   75 	push	af
   0042 F1                   76 	pop	af
   0043 DD CB 0B 3E          77 	srl	11 (ix)
   0047 DD CB 0A 1E          78 	rr	10 (ix)
   004B DD CB 09 1E          79 	rr	9 (ix)
   004F DD CB 08 1E          80 	rr	8 (ix)
                             81 ;../_modulong.c:350: break;
   0053 18 04                82 	jr	00117$
   0055                      83 00102$:
                             84 ;../_modulong.c:352: count++;
   0055 1C                   85 	inc	e
   0056 53                   86 	ld	d,e
   0057 18 B3                87 	jr	00103$
                             88 ;../_modulong.c:354: do
   0059                      89 00117$:
   0059                      90 00108$:
                             91 ;../_modulong.c:356: if (a >= b)
   0059 DD 7E 04             92 	ld	a,4 (ix)
   005C DD 96 08             93 	sub	a, 8 (ix)
   005F DD 7E 05             94 	ld	a,5 (ix)
   0062 DD 9E 09             95 	sbc	a, 9 (ix)
   0065 DD 7E 06             96 	ld	a,6 (ix)
   0068 DD 9E 0A             97 	sbc	a, 10 (ix)
   006B DD 7E 07             98 	ld	a,7 (ix)
   006E DD 9E 0B             99 	sbc	a, 11 (ix)
   0071 38 24               100 	jr	C,00107$
                            101 ;../_modulong.c:357: a -= b;
   0073 DD 7E 04            102 	ld	a,4 (ix)
   0076 DD 96 08            103 	sub	a, 8 (ix)
   0079 DD 77 04            104 	ld	4 (ix),a
   007C DD 7E 05            105 	ld	a,5 (ix)
   007F DD 9E 09            106 	sbc	a, 9 (ix)
   0082 DD 77 05            107 	ld	5 (ix),a
   0085 DD 7E 06            108 	ld	a,6 (ix)
   0088 DD 9E 0A            109 	sbc	a, 10 (ix)
   008B DD 77 06            110 	ld	6 (ix),a
   008E DD 7E 07            111 	ld	a,7 (ix)
   0091 DD 9E 0B            112 	sbc	a, 11 (ix)
   0094 DD 77 07            113 	ld	7 (ix),a
   0097                     114 00107$:
                            115 ;../_modulong.c:358: b >>= 1;
   0097 F5                  116 	push	af
   0098 F1                  117 	pop	af
   0099 DD CB 0B 3E         118 	srl	11 (ix)
   009D DD CB 0A 1E         119 	rr	10 (ix)
   00A1 DD CB 09 1E         120 	rr	9 (ix)
   00A5 DD CB 08 1E         121 	rr	8 (ix)
                            122 ;../_modulong.c:360: while (count--);
   00A9 62                  123 	ld	h,d
   00AA 15                  124 	dec	d
   00AB 7C                  125 	ld	a,h
   00AC B7                  126 	or	a, a
   00AD 20 AA               127 	jr	NZ,00108$
                            128 ;../_modulong.c:362: return a;
   00AF DD 6E 04            129 	ld	l,4 (ix)
   00B2 DD 66 05            130 	ld	h,5 (ix)
   00B5 DD 5E 06            131 	ld	e,6 (ix)
   00B8 DD 56 07            132 	ld	d,7 (ix)
   00BB DD E1               133 	pop	ix
   00BD C9                  134 	ret
                            135 	.area _HOME
                            136 ;--------------------------------------------------------
                            137 ; code
                            138 ;--------------------------------------------------------
                            139 	.area _CODE
                            140 	.area _CODE
                            141 	.area _INITIALIZER
                            142 	.area _CABS (ABS)
