                              1 ;--------------------------------------------------------
                              2 ; File Created by SDCC : free open source ANSI-C Compiler
                              3 ; Version 3.5.0 #9253 (Apr  4 2022) (Linux)
                              4 ; This file was generated Mon Apr  4 14:16:09 2022
                              5 ;--------------------------------------------------------
                              6 	.r3k
                              7 	.module _schar2fs
                              8 	.optsdcc -mr3ka
                              9 	
                             10 ;--------------------------------------------------------
                             11 ; Public variables in this module
                             12 ;--------------------------------------------------------
                             13 	.globl ___slong2fs
                             14 	.globl ___schar2fs
                             15 ;--------------------------------------------------------
                             16 ; special function registers
                             17 ;--------------------------------------------------------
                             18 ;--------------------------------------------------------
                             19 ; ram data
                             20 ;--------------------------------------------------------
                             21 	.area _DATA
                             22 ;--------------------------------------------------------
                             23 ; ram data
                             24 ;--------------------------------------------------------
                             25 	.area _INITIALIZED
                             26 ;--------------------------------------------------------
                             27 ; absolute external ram data
                             28 ;--------------------------------------------------------
                             29 	.area _DABS (ABS)
                             30 ;--------------------------------------------------------
                             31 ; global & static initialisations
                             32 ;--------------------------------------------------------
                             33 	.area _HOME
                             34 	.area _GSINIT
                             35 	.area _GSFINAL
                             36 	.area _GSINIT
                             37 ;--------------------------------------------------------
                             38 ; Home
                             39 ;--------------------------------------------------------
                             40 	.area _HOME
                             41 ;../_schar2fs.c:55: float __schar2fs (signed char sc) {
                             42 ;	---------------------------------
                             43 ; Function __schar2fs
                             44 ; ---------------------------------
   0000                      45 ___schar2fs::
                             46 ;../_schar2fs.c:56: return __slong2fs(sc);
   0000 FD 21 02 00          47 	ld	iy,#2
   0004 FD 39                48 	add	iy,sp
   0006 FD 6E 00             49 	ld	l,0 (iy)
   0009 FD 7E 00             50 	ld	a,0 (iy)
   000C 17                   51 	rla
   000D 9F                   52 	sbc	a, a
   000E 67                   53 	ld	h,a
   000F 5F                   54 	ld	e,a
   0010 57                   55 	ld	d,a
   0011 D5                   56 	push	de
   0012 E5                   57 	push	hl
   0013 CDr00r00             58 	call	___slong2fs
   0016 27 04                59 	add	sp, #4
   0018 C9                   60 	ret
                             61 	.area _HOME
                             62 ;--------------------------------------------------------
                             63 ; code
                             64 ;--------------------------------------------------------
                             65 	.area _CODE
                             66 	.area _CODE
                             67 	.area _INITIALIZER
                             68 	.area _CABS (ABS)
