                              1 ;--------------------------------------------------------
                              2 ; File Created by SDCC : free open source ANSI-C Compiler
                              3 ; Version 3.5.0 #9253 (Apr  4 2022) (Linux)
                              4 ; This file was generated Mon Apr  4 14:16:09 2022
                              5 ;--------------------------------------------------------
                              6 	.r3k
                              7 	.module _slong2fs
                              8 	.optsdcc -mr3ka
                              9 	
                             10 ;--------------------------------------------------------
                             11 ; Public variables in this module
                             12 ;--------------------------------------------------------
                             13 	.globl ___ulong2fs
                             14 	.globl ___slong2fs
                             15 ;--------------------------------------------------------
                             16 ; special function registers
                             17 ;--------------------------------------------------------
                             18 ;--------------------------------------------------------
                             19 ; ram data
                             20 ;--------------------------------------------------------
                             21 	.area _DATA
                             22 ;--------------------------------------------------------
                             23 ; ram data
                             24 ;--------------------------------------------------------
                             25 	.area _INITIALIZED
                             26 ;--------------------------------------------------------
                             27 ; absolute external ram data
                             28 ;--------------------------------------------------------
                             29 	.area _DABS (ABS)
                             30 ;--------------------------------------------------------
                             31 ; global & static initialisations
                             32 ;--------------------------------------------------------
                             33 	.area _HOME
                             34 	.area _GSINIT
                             35 	.area _GSFINAL
                             36 	.area _GSINIT
                             37 ;--------------------------------------------------------
                             38 ; Home
                             39 ;--------------------------------------------------------
                             40 	.area _HOME
                             41 ;../_slong2fs.c:79: float __slong2fs (signed long sl) {
                             42 ;	---------------------------------
                             43 ; Function __slong2fs
                             44 ; ---------------------------------
   0000                      45 ___slong2fs::
   0000 DD E5                46 	push	ix
   0002 DD 21 00 00          47 	ld	ix,#0
   0006 DD 39                48 	add	ix,sp
                             49 ;../_slong2fs.c:80: if (sl<0) 
   0008 DD CB 07 7E          50 	bit	7, 7 (ix)
   000C 28 24                51 	jr	Z,00102$
                             52 ;../_slong2fs.c:81: return -__ulong2fs(-sl);
   000E AF                   53 	xor	a, a
   000F DD 96 04             54 	sub	a, 4 (ix)
   0012 6F                   55 	ld	l,a
   0013 3E 00                56 	ld	a, #0x00
   0015 DD 9E 05             57 	sbc	a, 5 (ix)
   0018 67                   58 	ld	h,a
   0019 3E 00                59 	ld	a, #0x00
   001B DD 9E 06             60 	sbc	a, 6 (ix)
   001E 5F                   61 	ld	e,a
   001F 3E 00                62 	ld	a, #0x00
   0021 DD 9E 07             63 	sbc	a, 7 (ix)
   0024 57                   64 	ld	d,a
   0025 D5                   65 	push	de
   0026 E5                   66 	push	hl
   0027 CDr00r00             67 	call	___ulong2fs
   002A 27 04                68 	add	sp, #4
   002C 7A                   69 	ld	a,d
   002D EE 80                70 	xor	a,#0x80
   002F 57                   71 	ld	d,a
   0030 18 0B                72 	jr	00104$
   0032                      73 00102$:
                             74 ;../_slong2fs.c:83: return __ulong2fs(sl);
   0032 C4 06                75 	ld	hl, 6 (sp)
   0034 E5                   76 	push	hl
   0035 C4 06                77 	ld	hl, 6 (sp)
   0037 E5                   78 	push	hl
   0038 CDr00r00             79 	call	___ulong2fs
   003B 27 04                80 	add	sp, #4
   003D                      81 00104$:
   003D DD E1                82 	pop	ix
   003F C9                   83 	ret
                             84 	.area _HOME
                             85 ;--------------------------------------------------------
                             86 ; code
                             87 ;--------------------------------------------------------
                             88 	.area _CODE
                             89 	.area _CODE
                             90 	.area _INITIALIZER
                             91 	.area _CABS (ABS)
