                              1 ;--------------------------------------------------------
                              2 ; File Created by SDCC : free open source ANSI-C Compiler
                              3 ; Version 3.5.0 #9253 (Apr  4 2022) (Linux)
                              4 ; This file was generated Mon Apr  4 14:16:18 2022
                              5 ;--------------------------------------------------------
                              6 	.r3k
                              7 	.module _strcat
                              8 	.optsdcc -mr3ka
                              9 	
                             10 ;--------------------------------------------------------
                             11 ; Public variables in this module
                             12 ;--------------------------------------------------------
                             13 	.globl _strcat
                             14 ;--------------------------------------------------------
                             15 ; special function registers
                             16 ;--------------------------------------------------------
                             17 ;--------------------------------------------------------
                             18 ; ram data
                             19 ;--------------------------------------------------------
                             20 	.area _DATA
                             21 ;--------------------------------------------------------
                             22 ; ram data
                             23 ;--------------------------------------------------------
                             24 	.area _INITIALIZED
                             25 ;--------------------------------------------------------
                             26 ; absolute external ram data
                             27 ;--------------------------------------------------------
                             28 	.area _DABS (ABS)
                             29 ;--------------------------------------------------------
                             30 ; global & static initialisations
                             31 ;--------------------------------------------------------
                             32 	.area _HOME
                             33 	.area _GSINIT
                             34 	.area _GSFINAL
                             35 	.area _GSINIT
                             36 ;--------------------------------------------------------
                             37 ; Home
                             38 ;--------------------------------------------------------
                             39 	.area _HOME
                             40 	.area _HOME
                             41 ;--------------------------------------------------------
                             42 ; code
                             43 ;--------------------------------------------------------
                             44 	.area _CODE
                             45 ;../_strcat.c:31: char * strcat ( char * dst, const char * src )
                             46 ;	---------------------------------
                             47 ; Function strcat
                             48 ; ---------------------------------
   0000                      49 _strcat::
   0000 DD E5                50 	push	ix
                             51 ;../_strcat.c:33: char * cp = dst;
   0002 C4 04                52 	ld	hl, 4 (sp)
                             53 ;../_strcat.c:35: while( *cp )
   0004                      54 00101$:
   0004 7E                   55 	ld	a,(hl)
   0005 B7                   56 	or	a, a
   0006 28 03                57 	jr	Z,00111$
                             58 ;../_strcat.c:36: cp++;                   /* find end of dst */
   0008 23                   59 	inc	hl
   0009 18 F9                60 	jr	00101$
                             61 ;../_strcat.c:38: while( *cp++ = *src++ ) ;       /* Copy src to end of dst */
   000B                      62 00111$:
   000B FD C4 06             63 	ld	iy, 6 (sp)
   000E EB                   64 	ex	de,hl
   000F                      65 00104$:
   000F FD 7E 00             66 	ld	a, 0 (iy)
   0012 FD 23                67 	inc	iy
   0014 12                   68 	ld	(de),a
   0015 13                   69 	inc	de
   0016 B7                   70 	or	a, a
   0017 20 F6                71 	jr	NZ,00104$
                             72 ;../_strcat.c:40: return( dst );                  /* return dst */
   0019 C4 04                73 	ld	hl, 4 (sp)
   001B DD E1                74 	pop	ix
   001D C9                   75 	ret
                             76 	.area _CODE
                             77 	.area _INITIALIZER
                             78 	.area _CABS (ABS)
