                              1 ;--------------------------------------------------------
                              2 ; File Created by SDCC : free open source ANSI-C Compiler
                              3 ; Version 3.5.0 #9253 (Apr  4 2022) (Linux)
                              4 ; This file was generated Mon Apr  4 14:16:18 2022
                              5 ;--------------------------------------------------------
                              6 	.r3k
                              7 	.module _strcspn
                              8 	.optsdcc -mr3ka
                              9 	
                             10 ;--------------------------------------------------------
                             11 ; Public variables in this module
                             12 ;--------------------------------------------------------
                             13 	.globl _strcspn
                             14 ;--------------------------------------------------------
                             15 ; special function registers
                             16 ;--------------------------------------------------------
                             17 ;--------------------------------------------------------
                             18 ; ram data
                             19 ;--------------------------------------------------------
                             20 	.area _DATA
                             21 ;--------------------------------------------------------
                             22 ; ram data
                             23 ;--------------------------------------------------------
                             24 	.area _INITIALIZED
                             25 ;--------------------------------------------------------
                             26 ; absolute external ram data
                             27 ;--------------------------------------------------------
                             28 	.area _DABS (ABS)
                             29 ;--------------------------------------------------------
                             30 ; global & static initialisations
                             31 ;--------------------------------------------------------
                             32 	.area _HOME
                             33 	.area _GSINIT
                             34 	.area _GSFINAL
                             35 	.area _GSINIT
                             36 ;--------------------------------------------------------
                             37 ; Home
                             38 ;--------------------------------------------------------
                             39 	.area _HOME
                             40 	.area _HOME
                             41 ;--------------------------------------------------------
                             42 ; code
                             43 ;--------------------------------------------------------
                             44 	.area _CODE
                             45 ;../_strcspn.c:31: size_t strcspn ( const char * string, const char * control )
                             46 ;	---------------------------------
                             47 ; Function strcspn
                             48 ; ---------------------------------
   0000                      49 _strcspn::
   0000 DD E5                50 	push	ix
   0002 DD 21 00 00          51 	ld	ix,#0
   0006 DD 39                52 	add	ix,sp
                             53 ;../_strcspn.c:36: while (ch = *string) {
   0008 01 00 00             54 	ld	bc,#0x0000
   000B EB                   55 	ex	de, hl
   000C C4 04                56 	ld	hl, 4 (sp)
   000E EB                   57 	ex	de, hl
   000F                      58 00104$:
   000F 1A                   59 	ld	a,(de)
                             60 ;../_strcspn.c:37: if (strchr(control,ch))
   0010 6F                   61 	ld	l,a
   0011 B7                   62 	or	a,a
   0012 28 19                63 	jr	Z,00106$
   0014 17                   64 	rla
   0015 9F                   65 	sbc	a, a
   0016 D5                   66 	push	de
   0017 55                   67 	ld	d,l
   0018 C4 08                68 	ld	hl, 8 (sp)
   001A                      69 00123$:
   001A 7E                   70 	ld	a, (hl)
   001B BA                   71 	cp	a, d
   001C 28 06                72 	jr	Z,00122$
   001E B7                   73 	or	a, a
   001F 23                   74 	inc	hl
   0020 20 F8                75 	jr	NZ, 00123$
   0022 6F                   76 	ld	l, a
   0023 67                   77 	ld	h, a
   0024                      78 00122$:
   0024 D1                   79 	pop	de
   0025 7C                   80 	ld	a,h
   0026 B5                   81 	or	a,l
   0027 20 04                82 	jr	NZ,00106$
                             83 ;../_strcspn.c:40: count++;
   0029 03                   84 	inc	bc
                             85 ;../_strcspn.c:41: string++;
   002A 13                   86 	inc	de
   002B 18 E2                87 	jr	00104$
   002D                      88 00106$:
                             89 ;../_strcspn.c:44: return count;
   002D 69                   90 	ld	l, c
   002E 60                   91 	ld	h, b
   002F DD E1                92 	pop	ix
   0031 C9                   93 	ret
                             94 	.area _CODE
                             95 	.area _INITIALIZER
                             96 	.area _CABS (ABS)
