                              1 ;--------------------------------------------------------
                              2 ; File Created by SDCC : free open source ANSI-C Compiler
                              3 ; Version 3.5.0 #9253 (Apr  4 2022) (Linux)
                              4 ; This file was generated Mon Apr  4 14:16:19 2022
                              5 ;--------------------------------------------------------
                              6 	.r3k
                              7 	.module _strncmp
                              8 	.optsdcc -mr3ka
                              9 	
                             10 ;--------------------------------------------------------
                             11 ; Public variables in this module
                             12 ;--------------------------------------------------------
                             13 	.globl _strncmp
                             14 ;--------------------------------------------------------
                             15 ; special function registers
                             16 ;--------------------------------------------------------
                             17 ;--------------------------------------------------------
                             18 ; ram data
                             19 ;--------------------------------------------------------
                             20 	.area _DATA
                             21 ;--------------------------------------------------------
                             22 ; ram data
                             23 ;--------------------------------------------------------
                             24 	.area _INITIALIZED
                             25 ;--------------------------------------------------------
                             26 ; absolute external ram data
                             27 ;--------------------------------------------------------
                             28 	.area _DABS (ABS)
                             29 ;--------------------------------------------------------
                             30 ; global & static initialisations
                             31 ;--------------------------------------------------------
                             32 	.area _HOME
                             33 	.area _GSINIT
                             34 	.area _GSFINAL
                             35 	.area _GSINIT
                             36 ;--------------------------------------------------------
                             37 ; Home
                             38 ;--------------------------------------------------------
                             39 	.area _HOME
                             40 	.area _HOME
                             41 ;--------------------------------------------------------
                             42 ; code
                             43 ;--------------------------------------------------------
                             44 	.area _CODE
                             45 ;../_strncmp.c:31: int strncmp ( const char * first, const char * last, size_t count )
                             46 ;	---------------------------------
                             47 ; Function strncmp
                             48 ; ---------------------------------
   0000                      49 _strncmp::
   0000 DD E5                50 	push	ix
   0002 DD 21 00 00          51 	ld	ix,#0
   0006 DD 39                52 	add	ix,sp
   0008 27 FA                53 	add	sp, #-6
                             54 ;../_strncmp.c:33: if (!count)
   000A DD 7E 09             55 	ld	a,9 (ix)
   000D DD B6 08             56 	or	a,8 (ix)
   0010 20 05                57 	jr	NZ,00114$
                             58 ;../_strncmp.c:34: return(0);
   0012 21 00 00             59 	ld	hl,#0x0000
   0015 18 5D                60 	jr	00108$
                             61 ;../_strncmp.c:36: while (--count && *first && *first == *last) {
   0017                      62 00114$:
   0017 DD 7E 04             63 	ld	a,4 (ix)
   001A DD 77 FC             64 	ld	-4 (ix),a
   001D DD 7E 05             65 	ld	a,5 (ix)
   0020 DD 77 FD             66 	ld	-3 (ix),a
   0023 DD 7E 06             67 	ld	a,6 (ix)
   0026 DD 77 FE             68 	ld	-2 (ix),a
   0029 DD 7E 07             69 	ld	a,7 (ix)
   002C DD 77 FF             70 	ld	-1 (ix),a
   002F DD 7E 08             71 	ld	a,8 (ix)
   0032 DD 77 FA             72 	ld	-6 (ix),a
   0035 DD 7E 09             73 	ld	a,9 (ix)
   0038 DD 77 FB             74 	ld	-5 (ix),a
   003B                      75 00105$:
   003B C4 00                76 	ld	hl, 0 (sp)
   003D 2B                   77 	dec	hl
   003E D4 00                78 	ld	0 (sp), hl
   0040 C4 02                79 	ld	hl, 2 (sp)
   0042 5E                   80 	ld	e,(hl)
   0043 C4 04                81 	ld	hl, 4 (sp)
   0045 4E                   82 	ld	c,(hl)
   0046 DD 7E FB             83 	ld	a,-5 (ix)
   0049 DD B6 FA             84 	or	a,-6 (ix)
   004C 28 1A                85 	jr	Z,00107$
   004E 7B                   86 	ld	a,e
   004F B7                   87 	or	a, a
   0050 28 16                88 	jr	Z,00107$
   0052 7B                   89 	ld	a,e
   0053 91                   90 	sub	a, c
   0054 20 12                91 	jr	NZ,00107$
                             92 ;../_strncmp.c:37: first++;
   0056 DD 34 FC             93 	inc	-4 (ix)
   0059 20 03                94 	jr	NZ,00133$
   005B DD 34 FD             95 	inc	-3 (ix)
   005E                      96 00133$:
                             97 ;../_strncmp.c:38: last++;
   005E DD 34 FE             98 	inc	-2 (ix)
   0061 20 D8                99 	jr	NZ,00105$
   0063 DD 34 FF            100 	inc	-1 (ix)
   0066 18 D3               101 	jr	00105$
   0068                     102 00107$:
                            103 ;../_strncmp.c:41: return( *first - *last );
   0068 7B                  104 	ld	a,e
   0069 6F                  105 	ld	l,a
   006A 17                  106 	rla
   006B 9F                  107 	sbc	a, a
   006C 67                  108 	ld	h,a
   006D 79                  109 	ld	a,c
   006E 17                  110 	rla
   006F 9F                  111 	sbc	a, a
   0070 47                  112 	ld	b,a
   0071 BF                  113 	cp	a, a
   0072 ED 42               114 	sbc	hl, bc
   0074                     115 00108$:
   0074 DD F9               116 	ld	sp, ix
   0076 DD E1               117 	pop	ix
   0078 C9                  118 	ret
                            119 	.area _CODE
                            120 	.area _INITIALIZER
                            121 	.area _CABS (ABS)
