                              1 ;--------------------------------------------------------
                              2 ; File Created by SDCC : free open source ANSI-C Compiler
                              3 ; Version 3.5.0 #9253 (Apr  4 2022) (Linux)
                              4 ; This file was generated Mon Apr  4 14:16:09 2022
                              5 ;--------------------------------------------------------
                              6 	.r3k
                              7 	.module _uchar2fs
                              8 	.optsdcc -mr3ka
                              9 	
                             10 ;--------------------------------------------------------
                             11 ; Public variables in this module
                             12 ;--------------------------------------------------------
                             13 	.globl ___ulong2fs
                             14 	.globl ___uchar2fs
                             15 ;--------------------------------------------------------
                             16 ; special function registers
                             17 ;--------------------------------------------------------
                             18 ;--------------------------------------------------------
                             19 ; ram data
                             20 ;--------------------------------------------------------
                             21 	.area _DATA
                             22 ;--------------------------------------------------------
                             23 ; ram data
                             24 ;--------------------------------------------------------
                             25 	.area _INITIALIZED
                             26 ;--------------------------------------------------------
                             27 ; absolute external ram data
                             28 ;--------------------------------------------------------
                             29 	.area _DABS (ABS)
                             30 ;--------------------------------------------------------
                             31 ; global & static initialisations
                             32 ;--------------------------------------------------------
                             33 	.area _HOME
                             34 	.area _GSINIT
                             35 	.area _GSFINAL
                             36 	.area _GSINIT
                             37 ;--------------------------------------------------------
                             38 ; Home
                             39 ;--------------------------------------------------------
                             40 	.area _HOME
                             41 ;../_uchar2fs.c:55: float __uchar2fs (unsigned char uc) {
                             42 ;	---------------------------------
                             43 ; Function __uchar2fs
                             44 ; ---------------------------------
   0000                      45 ___uchar2fs::
                             46 ;../_uchar2fs.c:56: return __ulong2fs(uc);
   0000 FD 21 02 00          47 	ld	iy,#2
   0004 FD 39                48 	add	iy,sp
   0006 FD 6E 00             49 	ld	l,0 (iy)
   0009 26 00                50 	ld	h,#0x00
   000B 11 00 00             51 	ld	de,#0x0000
   000E D5                   52 	push	de
   000F E5                   53 	push	hl
   0010 CDr00r00             54 	call	___ulong2fs
   0013 27 04                55 	add	sp, #4
   0015 C9                   56 	ret
                             57 	.area _HOME
                             58 ;--------------------------------------------------------
                             59 ; code
                             60 ;--------------------------------------------------------
                             61 	.area _CODE
                             62 	.area _CODE
                             63 	.area _INITIALIZER
                             64 	.area _CABS (ABS)
