                              1 ;--------------------------------------------------------
                              2 ; File Created by SDCC : free open source ANSI-C Compiler
                              3 ; Version 3.5.0 #9253 (Apr  4 2022) (Linux)
                              4 ; This file was generated Mon Apr  4 14:16:13 2022
                              5 ;--------------------------------------------------------
                              6 	.r3k
                              7 	.module cosf
                              8 	.optsdcc -mr3ka
                              9 	
                             10 ;--------------------------------------------------------
                             11 ; Public variables in this module
                             12 ;--------------------------------------------------------
                             13 	.globl _sincosf
                             14 	.globl _cosf
                             15 ;--------------------------------------------------------
                             16 ; special function registers
                             17 ;--------------------------------------------------------
                             18 ;--------------------------------------------------------
                             19 ; ram data
                             20 ;--------------------------------------------------------
                             21 	.area _DATA
                             22 ;--------------------------------------------------------
                             23 ; ram data
                             24 ;--------------------------------------------------------
                             25 	.area _INITIALIZED
                             26 ;--------------------------------------------------------
                             27 ; absolute external ram data
                             28 ;--------------------------------------------------------
                             29 	.area _DABS (ABS)
                             30 ;--------------------------------------------------------
                             31 ; global & static initialisations
                             32 ;--------------------------------------------------------
                             33 	.area _HOME
                             34 	.area _GSINIT
                             35 	.area _GSFINAL
                             36 	.area _GSINIT
                             37 ;--------------------------------------------------------
                             38 ; Home
                             39 ;--------------------------------------------------------
                             40 	.area _HOME
                             41 	.area _HOME
                             42 ;--------------------------------------------------------
                             43 ; code
                             44 ;--------------------------------------------------------
                             45 	.area _CODE
                             46 ;../cosf.c:36: float cosf(float x) _FLOAT_FUNC_REENTRANT
                             47 ;	---------------------------------
                             48 ; Function cosf
                             49 ; ---------------------------------
   0000                      50 _cosf::
                             51 ;../cosf.c:38: if (x==0.0) return 1.0;
   0000 FD 21 02 00          52 	ld	iy,#2
   0004 FD 39                53 	add	iy,sp
   0006 FD 7E 03             54 	ld	a,3 (iy)
   0009 CB BF                55 	res	7, a
   000B FD B6 02             56 	or	a, 2 (iy)
   000E FD B6 01             57 	or	a, 1 (iy)
   0011 FD B6 00             58 	or	a,0 (iy)
   0014 20 07                59 	jr	NZ,00102$
   0016 21 00 00             60 	ld	hl,#0x0000
   0019 11 80 3F             61 	ld	de,#0x3F80
   001C C9                   62 	ret
   001D                      63 00102$:
                             64 ;../cosf.c:39: return sincosf(x, 1);
   001D 3E 01                65 	ld	a,#0x01
   001F F5                   66 	push	af
   0020 33                   67 	inc	sp
   0021 C4 05                68 	ld	hl, 5 (sp)
   0023 E5                   69 	push	hl
   0024 C4 05                70 	ld	hl, 5 (sp)
   0026 E5                   71 	push	hl
   0027 CDr00r00             72 	call	_sincosf
   002A 27 05                73 	add	sp, #5
   002C C9                   74 	ret
                             75 	.area _CODE
                             76 	.area _INITIALIZER
                             77 	.area _CABS (ABS)
