                              1 ;--------------------------------------------------------
                              2 ; File Created by SDCC : free open source ANSI-C Compiler
                              3 ; Version 3.5.0 #9253 (Apr  4 2022) (Linux)
                              4 ; This file was generated Mon Apr  4 14:16:16 2022
                              5 ;--------------------------------------------------------
                              6 	.r3k
                              7 	.module coshf
                              8 	.optsdcc -mr3ka
                              9 	
                             10 ;--------------------------------------------------------
                             11 ; Public variables in this module
                             12 ;--------------------------------------------------------
                             13 	.globl _sincoshf
                             14 	.globl _coshf
                             15 ;--------------------------------------------------------
                             16 ; special function registers
                             17 ;--------------------------------------------------------
                             18 ;--------------------------------------------------------
                             19 ; ram data
                             20 ;--------------------------------------------------------
                             21 	.area _DATA
                             22 ;--------------------------------------------------------
                             23 ; ram data
                             24 ;--------------------------------------------------------
                             25 	.area _INITIALIZED
                             26 ;--------------------------------------------------------
                             27 ; absolute external ram data
                             28 ;--------------------------------------------------------
                             29 	.area _DABS (ABS)
                             30 ;--------------------------------------------------------
                             31 ; global & static initialisations
                             32 ;--------------------------------------------------------
                             33 	.area _HOME
                             34 	.area _GSINIT
                             35 	.area _GSFINAL
                             36 	.area _GSINIT
                             37 ;--------------------------------------------------------
                             38 ; Home
                             39 ;--------------------------------------------------------
                             40 	.area _HOME
                             41 	.area _HOME
                             42 ;--------------------------------------------------------
                             43 ; code
                             44 ;--------------------------------------------------------
                             45 	.area _CODE
                             46 ;../coshf.c:36: float coshf(float x) _FLOAT_FUNC_REENTRANT
                             47 ;	---------------------------------
                             48 ; Function coshf
                             49 ; ---------------------------------
   0000                      50 _coshf::
                             51 ;../coshf.c:38: return sincoshf(x, 1);
   0000 3E 01                52 	ld	a,#0x01
   0002 F5                   53 	push	af
   0003 33                   54 	inc	sp
   0004 C4 05                55 	ld	hl, 5 (sp)
   0006 E5                   56 	push	hl
   0007 C4 05                57 	ld	hl, 5 (sp)
   0009 E5                   58 	push	hl
   000A CDr00r00             59 	call	_sincoshf
   000D 27 05                60 	add	sp, #5
   000F C9                   61 	ret
                             62 	.area _CODE
                             63 	.area _INITIALIZER
                             64 	.area _CABS (ABS)
