                              1 ;--------------------------------------------------------
                              2 ; File Created by SDCC : free open source ANSI-C Compiler
                              3 ; Version 3.5.0 #9253 (Apr  4 2022) (Linux)
                              4 ; This file was generated Mon Apr  4 14:16:17 2022
                              5 ;--------------------------------------------------------
                              6 	.r3k
                              7 	.module iscntrl
                              8 	.optsdcc -mr3ka
                              9 	
                             10 ;--------------------------------------------------------
                             11 ; Public variables in this module
                             12 ;--------------------------------------------------------
                             13 	.globl _iscntrl
                             14 ;--------------------------------------------------------
                             15 ; special function registers
                             16 ;--------------------------------------------------------
                             17 ;--------------------------------------------------------
                             18 ; ram data
                             19 ;--------------------------------------------------------
                             20 	.area _DATA
                             21 ;--------------------------------------------------------
                             22 ; ram data
                             23 ;--------------------------------------------------------
                             24 	.area _INITIALIZED
                             25 ;--------------------------------------------------------
                             26 ; absolute external ram data
                             27 ;--------------------------------------------------------
                             28 	.area _DABS (ABS)
                             29 ;--------------------------------------------------------
                             30 ; global & static initialisations
                             31 ;--------------------------------------------------------
                             32 	.area _HOME
                             33 	.area _GSINIT
                             34 	.area _GSFINAL
                             35 	.area _GSINIT
                             36 ;--------------------------------------------------------
                             37 ; Home
                             38 ;--------------------------------------------------------
                             39 	.area _HOME
                             40 	.area _HOME
                             41 ;--------------------------------------------------------
                             42 ; code
                             43 ;--------------------------------------------------------
                             44 	.area _CODE
                             45 ;../iscntrl.c:33: int iscntrl (int c)
                             46 ;	---------------------------------
                             47 ; Function iscntrl
                             48 ; ---------------------------------
   0000                      49 _iscntrl::
                             50 ;../iscntrl.c:35: return (c < ' ' || c == 0x7f);
   0000 C4 02                51 	ld	hl, 2 (sp)
   0002 11 20 80             52 	ld	de, #0x8020
   0005 29                   53 	add	hl, hl
   0006 3F                   54 	ccf
   0007 FC                   55 	rr	hl
   0008 ED 52                56 	sbc	hl, de
   000A 38 17                57 	jr	C,00104$
   000C FD 21 02 00          58 	ld	iy,#2
   0010 FD 39                59 	add	iy,sp
   0012 FD 7E 00             60 	ld	a,0 (iy)
   0015 D6 7F                61 	sub	a, #0x7F
   0017 20 06                62 	jr	NZ,00114$
   0019 FD 7E 01             63 	ld	a,1 (iy)
   001C B7                   64 	or	a, a
   001D 28 04                65 	jr	Z,00104$
   001F                      66 00114$:
   001F 3E 00                67 	ld	a,#0x00
   0021 18 02                68 	jr	00105$
   0023                      69 00104$:
   0023 3E 01                70 	ld	a,#0x01
   0025                      71 00105$:
   0025 6F                   72 	ld	l,a
   0026 17                   73 	rla
   0027 9F                   74 	sbc	a, a
   0028 67                   75 	ld	h,a
   0029 C9                   76 	ret
                             77 	.area _CODE
                             78 	.area _INITIALIZER
                             79 	.area _CABS (ABS)
