                              1 ;--------------------------------------------------------
                              2 ; File Created by SDCC : free open source ANSI-C Compiler
                              3 ; Version 3.5.0 #9253 (Apr  4 2022) (Linux)
                              4 ; This file was generated Mon Apr  4 14:16:18 2022
                              5 ;--------------------------------------------------------
                              6 	.r3k
                              7 	.module labs
                              8 	.optsdcc -mr3ka
                              9 	
                             10 ;--------------------------------------------------------
                             11 ; Public variables in this module
                             12 ;--------------------------------------------------------
                             13 	.globl _labs
                             14 ;--------------------------------------------------------
                             15 ; special function registers
                             16 ;--------------------------------------------------------
                             17 ;--------------------------------------------------------
                             18 ; ram data
                             19 ;--------------------------------------------------------
                             20 	.area _DATA
                             21 ;--------------------------------------------------------
                             22 ; ram data
                             23 ;--------------------------------------------------------
                             24 	.area _INITIALIZED
                             25 ;--------------------------------------------------------
                             26 ; absolute external ram data
                             27 ;--------------------------------------------------------
                             28 	.area _DABS (ABS)
                             29 ;--------------------------------------------------------
                             30 ; global & static initialisations
                             31 ;--------------------------------------------------------
                             32 	.area _HOME
                             33 	.area _GSINIT
                             34 	.area _GSFINAL
                             35 	.area _GSINIT
                             36 ;--------------------------------------------------------
                             37 ; Home
                             38 ;--------------------------------------------------------
                             39 	.area _HOME
                             40 	.area _HOME
                             41 ;--------------------------------------------------------
                             42 ; code
                             43 ;--------------------------------------------------------
                             44 	.area _CODE
                             45 ;../labs.c:63: long int labs(long int j)
                             46 ;	---------------------------------
                             47 ; Function labs
                             48 ; ---------------------------------
   0000                      49 _labs::
                             50 ;../labs.c:65: return (j < 0) ? -j : j;
   0000 FD 21 02 00          51 	ld	iy,#2
   0004 FD 39                52 	add	iy,sp
   0006 FD CB 03 7E          53 	bit	7,3 (iy)
   000A 28 18                54 	jr	Z,00103$
   000C AF                   55 	xor	a, a
   000D FD 96 00             56 	sub	a, 0 (iy)
   0010 6F                   57 	ld	l,a
   0011 3E 00                58 	ld	a, #0x00
   0013 FD 9E 01             59 	sbc	a, 1 (iy)
   0016 67                   60 	ld	h,a
   0017 3E 00                61 	ld	a, #0x00
   0019 FD 9E 02             62 	sbc	a, 2 (iy)
   001C 5F                   63 	ld	e,a
   001D 3E 00                64 	ld	a, #0x00
   001F FD 9E 03             65 	sbc	a, 3 (iy)
   0022 57                   66 	ld	d,a
   0023 C9                   67 	ret
   0024                      68 00103$:
   0024 FD 21 02 00          69 	ld	iy,#2
   0028 FD 39                70 	add	iy,sp
   002A FD 6E 00             71 	ld	l,0 (iy)
   002D FD 66 01             72 	ld	h,1 (iy)
   0030 FD 5E 02             73 	ld	e,2 (iy)
   0033 FD 56 03             74 	ld	d,3 (iy)
   0036 C9                   75 	ret
                             76 	.area _CODE
                             77 	.area _INITIALIZER
                             78 	.area _CABS (ABS)
