                              1 ;--------------------------------------------------------
                              2 ; File Created by SDCC : free open source ANSI-C Compiler
                              3 ; Version 3.5.0 #9253 (Apr  4 2022) (Linux)
                              4 ; This file was generated Mon Apr  4 14:16:16 2022
                              5 ;--------------------------------------------------------
                              6 	.r3k
                              7 	.module modff
                              8 	.optsdcc -mr3ka
                              9 	
                             10 ;--------------------------------------------------------
                             11 ; Public variables in this module
                             12 ;--------------------------------------------------------
                             13 	.globl _modff
                             14 ;--------------------------------------------------------
                             15 ; special function registers
                             16 ;--------------------------------------------------------
                             17 ;--------------------------------------------------------
                             18 ; ram data
                             19 ;--------------------------------------------------------
                             20 	.area _DATA
                             21 ;--------------------------------------------------------
                             22 ; ram data
                             23 ;--------------------------------------------------------
                             24 	.area _INITIALIZED
                             25 ;--------------------------------------------------------
                             26 ; absolute external ram data
                             27 ;--------------------------------------------------------
                             28 	.area _DABS (ABS)
                             29 ;--------------------------------------------------------
                             30 ; global & static initialisations
                             31 ;--------------------------------------------------------
                             32 	.area _HOME
                             33 	.area _GSINIT
                             34 	.area _GSFINAL
                             35 	.area _GSINIT
                             36 ;--------------------------------------------------------
                             37 ; Home
                             38 ;--------------------------------------------------------
                             39 	.area _HOME
                             40 	.area _HOME
                             41 ;--------------------------------------------------------
                             42 ; code
                             43 ;--------------------------------------------------------
                             44 	.area _CODE
                             45 ;../modff.c:33: float modff(float x, float * y)
                             46 ;	---------------------------------
                             47 ; Function modff
                             48 ; ---------------------------------
   0000                      49 _modff::
   0000 DD E5                50 	push	ix
                             51 ;../modff.c:35: *y=(long)x;
   0002 C4 08                52 	ld	hl, 8 (sp)
   0004 E5                   53 	push	hl
   0005 C4 08                54 	ld	hl, 8 (sp)
   0007 E5                   55 	push	hl
   0008 C4 08                56 	ld	hl, 8 (sp)
   000A E5                   57 	push	hl
   000B CDr00r00             58 	call	___fs2slong
   000E 27 04                59 	add	sp, #4
   0010 D5                   60 	push	de
   0011 E5                   61 	push	hl
   0012 CDr00r00             62 	call	___slong2fs
   0015 27 04                63 	add	sp, #4
   0017 4D                   64 	ld	c,l
   0018 44                   65 	ld	b,h
   0019 E1                   66 	pop	hl
   001A 71                   67 	ld	(hl),c
   001B 23                   68 	inc	hl
   001C 70                   69 	ld	(hl),b
   001D 23                   70 	inc	hl
   001E 73                   71 	ld	(hl),e
   001F 23                   72 	inc	hl
   0020 72                   73 	ld	(hl),d
                             74 ;../modff.c:36: return (x-*y);
   0021 D5                   75 	push	de
   0022 C5                   76 	push	bc
   0023 C4 0A                77 	ld	hl, 10 (sp)
   0025 E5                   78 	push	hl
   0026 C4 0A                79 	ld	hl, 10 (sp)
   0028 E5                   80 	push	hl
   0029 CDr00r00             81 	call	___fssub
   002C 27 08                82 	add	sp, #8
   002E DD E1                83 	pop	ix
   0030 C9                   84 	ret
                             85 	.area _CODE
                             86 	.area _INITIALIZER
                             87 	.area _CABS (ABS)
