                              1 ;--------------------------------------------------------
                              2 ; File Created by SDCC : free open source ANSI-C Compiler
                              3 ; Version 3.5.0 #9253 (Apr  4 2022) (Linux)
                              4 ; This file was generated Mon Apr  4 14:16:13 2022
                              5 ;--------------------------------------------------------
                              6 	.r3k
                              7 	.module sinf
                              8 	.optsdcc -mr3ka
                              9 	
                             10 ;--------------------------------------------------------
                             11 ; Public variables in this module
                             12 ;--------------------------------------------------------
                             13 	.globl _sincosf
                             14 	.globl _sinf
                             15 ;--------------------------------------------------------
                             16 ; special function registers
                             17 ;--------------------------------------------------------
                             18 ;--------------------------------------------------------
                             19 ; ram data
                             20 ;--------------------------------------------------------
                             21 	.area _DATA
                             22 ;--------------------------------------------------------
                             23 ; ram data
                             24 ;--------------------------------------------------------
                             25 	.area _INITIALIZED
                             26 ;--------------------------------------------------------
                             27 ; absolute external ram data
                             28 ;--------------------------------------------------------
                             29 	.area _DABS (ABS)
                             30 ;--------------------------------------------------------
                             31 ; global & static initialisations
                             32 ;--------------------------------------------------------
                             33 	.area _HOME
                             34 	.area _GSINIT
                             35 	.area _GSFINAL
                             36 	.area _GSINIT
                             37 ;--------------------------------------------------------
                             38 ; Home
                             39 ;--------------------------------------------------------
                             40 	.area _HOME
                             41 	.area _HOME
                             42 ;--------------------------------------------------------
                             43 ; code
                             44 ;--------------------------------------------------------
                             45 	.area _CODE
                             46 ;../sinf.c:36: float sinf(float x) _FLOAT_FUNC_REENTRANT
                             47 ;	---------------------------------
                             48 ; Function sinf
                             49 ; ---------------------------------
   0000                      50 _sinf::
                             51 ;../sinf.c:38: if (x==0.0) return 0.0;
   0000 FD 21 02 00          52 	ld	iy,#2
   0004 FD 39                53 	add	iy,sp
   0006 FD 7E 03             54 	ld	a,3 (iy)
   0009 CB BF                55 	res	7, a
   000B FD B6 02             56 	or	a, 2 (iy)
   000E FD B6 01             57 	or	a, 1 (iy)
   0011 FD B6 00             58 	or	a,0 (iy)
   0014 20 06                59 	jr	NZ,00102$
   0016 21 00 00             60 	ld	hl,#0x0000
   0019 5D                   61 	ld	e,l
   001A 54                   62 	ld	d,h
   001B C9                   63 	ret
   001C                      64 00102$:
                             65 ;../sinf.c:39: return sincosf(x, 0);
   001C AF                   66 	xor	a, a
   001D F5                   67 	push	af
   001E 33                   68 	inc	sp
   001F C4 05                69 	ld	hl, 5 (sp)
   0021 E5                   70 	push	hl
   0022 C4 05                71 	ld	hl, 5 (sp)
   0024 E5                   72 	push	hl
   0025 CDr00r00             73 	call	_sincosf
   0028 27 05                74 	add	sp, #5
   002A C9                   75 	ret
                             76 	.area _CODE
                             77 	.area _INITIALIZER
                             78 	.area _CABS (ABS)
