                              1 ;--------------------------------------------------------
                              2 ; File Created by SDCC : free open source ANSI-C Compiler
                              3 ; Version 3.5.0 #9253 (Apr  4 2022) (Linux)
                              4 ; This file was generated Mon Apr  4 14:16:18 2022
                              5 ;--------------------------------------------------------
                              6 	.r3k
                              7 	.module toupper
                              8 	.optsdcc -mr3ka
                              9 	
                             10 ;--------------------------------------------------------
                             11 ; Public variables in this module
                             12 ;--------------------------------------------------------
                             13 	.globl _toupper
                             14 ;--------------------------------------------------------
                             15 ; special function registers
                             16 ;--------------------------------------------------------
                             17 ;--------------------------------------------------------
                             18 ; ram data
                             19 ;--------------------------------------------------------
                             20 	.area _DATA
                             21 ;--------------------------------------------------------
                             22 ; ram data
                             23 ;--------------------------------------------------------
                             24 	.area _INITIALIZED
                             25 ;--------------------------------------------------------
                             26 ; absolute external ram data
                             27 ;--------------------------------------------------------
                             28 	.area _DABS (ABS)
                             29 ;--------------------------------------------------------
                             30 ; global & static initialisations
                             31 ;--------------------------------------------------------
                             32 	.area _HOME
                             33 	.area _GSINIT
                             34 	.area _GSFINAL
                             35 	.area _GSINIT
                             36 ;--------------------------------------------------------
                             37 ; Home
                             38 ;--------------------------------------------------------
                             39 	.area _HOME
                             40 	.area _HOME
                             41 ;--------------------------------------------------------
                             42 ; code
                             43 ;--------------------------------------------------------
                             44 	.area _CODE
                             45 ;../toupper.c:33: int toupper (int c)
                             46 ;	---------------------------------
                             47 ; Function toupper
                             48 ; ---------------------------------
   0000                      49 _toupper::
   0000 3B                   50 	dec	sp
                             51 ;../toupper.c:35: return (islower (c) ? c + ('A' - 'a') : c);
   0001 C4 03                52 	ld	hl, 3 (sp)
                             53 ;./../../include/ctype.h:71: return ((unsigned char)c >= 'a' && (unsigned char)c <= 'z');
   0003 55                   54 	ld	d,l
   0004 7A                   55 	ld	a,d
   0005 D6 61                56 	sub	a, #0x61
   0007 38 09                57 	jr	C,00104$
   0009 3E 7A                58 	ld	a,#0x7A
   000B 92                   59 	sub	a, d
   000C 38 04                60 	jr	C,00104$
                             61 ;../toupper.c:35: return (islower (c) ? c + ('A' - 'a') : c);
   000E 01 E0 FF             62 	ld	bc,#0xFFE0
   0011 09                   63 	add	hl,bc
   0012                      64 00104$:
   0012 33                   65 	inc	sp
   0013 C9                   66 	ret
                             67 	.area _CODE
                             68 	.area _INITIALIZER
                             69 	.area _CABS (ABS)
