                              1 ;--------------------------------------------------------
                              2 ; File Created by SDCC : free open source ANSI-C Compiler
                              3 ; Version 3.5.0 #9253 (Apr  4 2022) (Linux)
                              4 ; This file was generated Mon Apr  4 14:15:43 2022
                              5 ;--------------------------------------------------------
                              6 	.hd64
                              7 	.module _divslonglong
                              8 	.optsdcc -mz180
                              9 	
                             10 ;--------------------------------------------------------
                             11 ; Public variables in this module
                             12 ;--------------------------------------------------------
                             13 	.globl __divslonglong
                             14 ;--------------------------------------------------------
                             15 ; special function registers
                             16 ;--------------------------------------------------------
                             17 ;--------------------------------------------------------
                             18 ; ram data
                             19 ;--------------------------------------------------------
                             20 	.area _DATA
                             21 ;--------------------------------------------------------
                             22 ; ram data
                             23 ;--------------------------------------------------------
                             24 	.area _INITIALIZED
                             25 ;--------------------------------------------------------
                             26 ; absolute external ram data
                             27 ;--------------------------------------------------------
                             28 	.area _DABS (ABS)
                             29 ;--------------------------------------------------------
                             30 ; global & static initialisations
                             31 ;--------------------------------------------------------
                             32 	.area _HOME
                             33 	.area _GSINIT
                             34 	.area _GSFINAL
                             35 	.area _GSINIT
                             36 ;--------------------------------------------------------
                             37 ; Home
                             38 ;--------------------------------------------------------
                             39 	.area _HOME
                             40 ;../_divslonglong.c:36: _divslonglong (long long numerator, long long denominator)
                             41 ;	---------------------------------
                             42 ; Function _divslonglong
                             43 ; ---------------------------------
   0000                      44 __divslonglong::
   0000 DD E5         [14]   45 	push	ix
   0002 DD 21 00 00   [12]   46 	ld	ix,#0
   0006 DD 39         [10]   47 	add	ix,sp
   0008 21 E8 FF      [ 9]   48 	ld	hl,#-24
   000B 39            [ 7]   49 	add	hl,sp
   000C F9            [ 4]   50 	ld	sp,hl
                             51 ;../_divslonglong.c:38: bool numeratorneg = (numerator < 0);
   000D DD 7E 0D      [14]   52 	ld	a,13 (ix)
   0010 07            [ 3]   53 	rlca
   0011 E6 01         [ 6]   54 	and	a,#0x01
   0013 57            [ 4]   55 	ld	d,a
                             56 ;../_divslonglong.c:39: bool denominatorneg = (denominator < 0);
   0014 DD 7E 15      [14]   57 	ld	a,21 (ix)
   0017 07            [ 3]   58 	rlca
   0018 E6 01         [ 6]   59 	and	a,#0x01
   001A 5F            [ 4]   60 	ld	e,a
                             61 ;../_divslonglong.c:42: if (numeratorneg)
   001B CB 42         [ 7]   62 	bit	0,d
   001D 28 3F         [ 8]   63 	jr	Z,00102$
                             64 ;../_divslonglong.c:43: numerator = -numerator;
   001F AF            [ 4]   65 	xor	a, a
   0020 DD 96 06      [14]   66 	sub	a, 6 (ix)
   0023 DD 77 06      [15]   67 	ld	6 (ix),a
   0026 3E 00         [ 6]   68 	ld	a, #0x00
   0028 DD 9E 07      [14]   69 	sbc	a, 7 (ix)
   002B DD 77 07      [15]   70 	ld	7 (ix),a
   002E 3E 00         [ 6]   71 	ld	a, #0x00
   0030 DD 9E 08      [14]   72 	sbc	a, 8 (ix)
   0033 DD 77 08      [15]   73 	ld	8 (ix),a
   0036 3E 00         [ 6]   74 	ld	a, #0x00
   0038 DD 9E 09      [14]   75 	sbc	a, 9 (ix)
   003B DD 77 09      [15]   76 	ld	9 (ix),a
   003E 3E 00         [ 6]   77 	ld	a, #0x00
   0040 DD 9E 0A      [14]   78 	sbc	a, 10 (ix)
   0043 DD 77 0A      [15]   79 	ld	10 (ix),a
   0046 3E 00         [ 6]   80 	ld	a, #0x00
   0048 DD 9E 0B      [14]   81 	sbc	a, 11 (ix)
   004B DD 77 0B      [15]   82 	ld	11 (ix),a
   004E 3E 00         [ 6]   83 	ld	a, #0x00
   0050 DD 9E 0C      [14]   84 	sbc	a, 12 (ix)
   0053 DD 77 0C      [15]   85 	ld	12 (ix),a
   0056 3E 00         [ 6]   86 	ld	a, #0x00
   0058 DD 9E 0D      [14]   87 	sbc	a, 13 (ix)
   005B DD 77 0D      [15]   88 	ld	13 (ix),a
   005E                      89 00102$:
                             90 ;../_divslonglong.c:44: if (denominatorneg)
   005E CB 43         [ 7]   91 	bit	0,e
   0060 28 3F         [ 8]   92 	jr	Z,00104$
                             93 ;../_divslonglong.c:45: denominator = -denominator;
   0062 AF            [ 4]   94 	xor	a, a
   0063 DD 96 0E      [14]   95 	sub	a, 14 (ix)
   0066 DD 77 0E      [15]   96 	ld	14 (ix),a
   0069 3E 00         [ 6]   97 	ld	a, #0x00
   006B DD 9E 0F      [14]   98 	sbc	a, 15 (ix)
   006E DD 77 0F      [15]   99 	ld	15 (ix),a
   0071 3E 00         [ 6]  100 	ld	a, #0x00
   0073 DD 9E 10      [14]  101 	sbc	a, 16 (ix)
   0076 DD 77 10      [15]  102 	ld	16 (ix),a
   0079 3E 00         [ 6]  103 	ld	a, #0x00
   007B DD 9E 11      [14]  104 	sbc	a, 17 (ix)
   007E DD 77 11      [15]  105 	ld	17 (ix),a
   0081 3E 00         [ 6]  106 	ld	a, #0x00
   0083 DD 9E 12      [14]  107 	sbc	a, 18 (ix)
   0086 DD 77 12      [15]  108 	ld	18 (ix),a
   0089 3E 00         [ 6]  109 	ld	a, #0x00
   008B DD 9E 13      [14]  110 	sbc	a, 19 (ix)
   008E DD 77 13      [15]  111 	ld	19 (ix),a
   0091 3E 00         [ 6]  112 	ld	a, #0x00
   0093 DD 9E 14      [14]  113 	sbc	a, 20 (ix)
   0096 DD 77 14      [15]  114 	ld	20 (ix),a
   0099 3E 00         [ 6]  115 	ld	a, #0x00
   009B DD 9E 15      [14]  116 	sbc	a, 21 (ix)
   009E DD 77 15      [15]  117 	ld	21 (ix),a
   00A1                     118 00104$:
                            119 ;../_divslonglong.c:47: d = (unsigned long long)numerator / (unsigned long long)denominator;
   00A1 D5            [11]  120 	push	de
   00A2 21 12 00      [ 9]  121 	ld	hl, #18
   00A5 39            [ 7]  122 	add	hl, sp
   00A6 EB            [ 3]  123 	ex	de, hl
   00A7 21 20 00      [ 9]  124 	ld	hl, #32
   00AA 39            [ 7]  125 	add	hl, sp
   00AB 01 08 00      [ 9]  126 	ld	bc, #8
   00AE ED B0         [14]  127 	ldir
   00B0 D1            [ 9]  128 	pop	de
   00B1 D5            [11]  129 	push	de
   00B2 21 0A 00      [ 9]  130 	ld	hl, #10
   00B5 39            [ 7]  131 	add	hl, sp
   00B6 EB            [ 3]  132 	ex	de, hl
   00B7 21 28 00      [ 9]  133 	ld	hl, #40
   00BA 39            [ 7]  134 	add	hl, sp
   00BB 01 08 00      [ 9]  135 	ld	bc, #8
   00BE ED B0         [14]  136 	ldir
   00C0 DD 66 F7      [14]  137 	ld	h,-9 (ix)
   00C3 DD 6E F6      [14]  138 	ld	l,-10 (ix)
   00C6 E5            [11]  139 	push	hl
   00C7 DD 66 F5      [14]  140 	ld	h,-11 (ix)
   00CA DD 6E F4      [14]  141 	ld	l,-12 (ix)
   00CD E5            [11]  142 	push	hl
   00CE DD 66 F3      [14]  143 	ld	h,-13 (ix)
   00D1 DD 6E F2      [14]  144 	ld	l,-14 (ix)
   00D4 E5            [11]  145 	push	hl
   00D5 DD 66 F1      [14]  146 	ld	h,-15 (ix)
   00D8 DD 6E F0      [14]  147 	ld	l,-16 (ix)
   00DB E5            [11]  148 	push	hl
   00DC DD 66 FF      [14]  149 	ld	h,-1 (ix)
   00DF DD 6E FE      [14]  150 	ld	l,-2 (ix)
   00E2 E5            [11]  151 	push	hl
   00E3 DD 66 FD      [14]  152 	ld	h,-3 (ix)
   00E6 DD 6E FC      [14]  153 	ld	l,-4 (ix)
   00E9 E5            [11]  154 	push	hl
   00EA DD 66 FB      [14]  155 	ld	h,-5 (ix)
   00ED DD 6E FA      [14]  156 	ld	l,-6 (ix)
   00F0 E5            [11]  157 	push	hl
   00F1 DD 66 F9      [14]  158 	ld	h,-7 (ix)
   00F4 DD 6E F8      [14]  159 	ld	l,-8 (ix)
   00F7 E5            [11]  160 	push	hl
   00F8 21 12 00      [ 9]  161 	ld	hl,#0x0012
   00FB 39            [ 7]  162 	add	hl, sp
   00FC E5            [11]  163 	push	hl
   00FD CDr00r00      [16]  164 	call	__divulonglong
   0100 FD 21 12 00   [12]  165 	ld	iy,#18
   0104 FD 39         [10]  166 	add	iy,sp
   0106 FD F9         [ 7]  167 	ld	sp,iy
   0108 D1            [ 9]  168 	pop	de
                            169 ;../_divslonglong.c:49: return ((numeratorneg ^ denominatorneg) ? -d : d);
   0109 7A            [ 4]  170 	ld	a,d
   010A AB            [ 4]  171 	xor	a, e
   010B CB 47         [ 7]  172 	bit	0,a
   010D 28 41         [ 8]  173 	jr	Z,00107$
   010F AF            [ 4]  174 	xor	a, a
   0110 DD 96 E8      [14]  175 	sub	a, -24 (ix)
   0113 DD 77 F0      [15]  176 	ld	-16 (ix),a
   0116 3E 00         [ 6]  177 	ld	a, #0x00
   0118 DD 9E E9      [14]  178 	sbc	a, -23 (ix)
   011B DD 77 F1      [15]  179 	ld	-15 (ix),a
   011E 3E 00         [ 6]  180 	ld	a, #0x00
   0120 DD 9E EA      [14]  181 	sbc	a, -22 (ix)
   0123 DD 77 F2      [15]  182 	ld	-14 (ix),a
   0126 3E 00         [ 6]  183 	ld	a, #0x00
   0128 DD 9E EB      [14]  184 	sbc	a, -21 (ix)
   012B DD 77 F3      [15]  185 	ld	-13 (ix),a
   012E 3E 00         [ 6]  186 	ld	a, #0x00
   0130 DD 9E EC      [14]  187 	sbc	a, -20 (ix)
   0133 DD 77 F4      [15]  188 	ld	-12 (ix),a
   0136 3E 00         [ 6]  189 	ld	a, #0x00
   0138 DD 9E ED      [14]  190 	sbc	a, -19 (ix)
   013B DD 77 F5      [15]  191 	ld	-11 (ix),a
   013E 3E 00         [ 6]  192 	ld	a, #0x00
   0140 DD 9E EE      [14]  193 	sbc	a, -18 (ix)
   0143 DD 77 F6      [15]  194 	ld	-10 (ix),a
   0146 3E 00         [ 6]  195 	ld	a, #0x00
   0148 DD 9E EF      [14]  196 	sbc	a, -17 (ix)
   014B DD 77 F7      [15]  197 	ld	-9 (ix),a
   014E 18 0E         [ 8]  198 	jr	00108$
   0150                     199 00107$:
   0150 21 08 00      [ 9]  200 	ld	hl, #8
   0153 39            [ 7]  201 	add	hl, sp
   0154 EB            [ 3]  202 	ex	de, hl
   0155 21 00 00      [ 9]  203 	ld	hl, #0
   0158 39            [ 7]  204 	add	hl, sp
   0159 01 08 00      [ 9]  205 	ld	bc, #8
   015C ED B0         [14]  206 	ldir
   015E                     207 00108$:
   015E 21 1C 00      [ 9]  208 	ld	hl, #28
   0161 39            [ 7]  209 	add	hl, sp
   0162 5E            [ 6]  210 	ld	e, (hl)
   0163 23            [ 4]  211 	inc	hl
   0164 56            [ 6]  212 	ld	d, (hl)
   0165 21 08 00      [ 9]  213 	ld	hl, #8
   0168 39            [ 7]  214 	add	hl, sp
   0169 01 08 00      [ 9]  215 	ld	bc, #8
   016C ED B0         [14]  216 	ldir
   016E DD F9         [ 7]  217 	ld	sp, ix
   0170 DD E1         [12]  218 	pop	ix
   0172 C9            [ 9]  219 	ret
                            220 	.area _HOME
                            221 ;--------------------------------------------------------
                            222 ; code
                            223 ;--------------------------------------------------------
                            224 	.area _CODE
                            225 	.area _CODE
                            226 	.area _INITIALIZER
                            227 	.area _CABS (ABS)
