                              1 ;--------------------------------------------------------
                              2 ; File Created by SDCC : free open source ANSI-C Compiler
                              3 ; Version 3.5.0 #9253 (Apr  4 2022) (Linux)
                              4 ; This file was generated Mon Apr  4 14:15:35 2022
                              5 ;--------------------------------------------------------
                              6 	.hd64
                              7 	.module _fs2schar
                              8 	.optsdcc -mz180
                              9 	
                             10 ;--------------------------------------------------------
                             11 ; Public variables in this module
                             12 ;--------------------------------------------------------
                             13 	.globl ___fs2slong
                             14 	.globl ___fs2schar
                             15 ;--------------------------------------------------------
                             16 ; special function registers
                             17 ;--------------------------------------------------------
                             18 ;--------------------------------------------------------
                             19 ; ram data
                             20 ;--------------------------------------------------------
                             21 	.area _DATA
                             22 ;--------------------------------------------------------
                             23 ; ram data
                             24 ;--------------------------------------------------------
                             25 	.area _INITIALIZED
                             26 ;--------------------------------------------------------
                             27 ; absolute external ram data
                             28 ;--------------------------------------------------------
                             29 	.area _DABS (ABS)
                             30 ;--------------------------------------------------------
                             31 ; global & static initialisations
                             32 ;--------------------------------------------------------
                             33 	.area _HOME
                             34 	.area _GSINIT
                             35 	.area _GSFINAL
                             36 	.area _GSINIT
                             37 ;--------------------------------------------------------
                             38 ; Home
                             39 ;--------------------------------------------------------
                             40 	.area _HOME
                             41 ;../_fs2schar.c:87: signed char __fs2schar (float f)
                             42 ;	---------------------------------
                             43 ; Function __fs2schar
                             44 ; ---------------------------------
   0000                      45 ___fs2schar::
   0000 DD E5         [14]   46 	push	ix
   0002 DD 21 00 00   [12]   47 	ld	ix,#0
   0006 DD 39         [10]   48 	add	ix,sp
                             49 ;../_fs2schar.c:89: signed long sl=__fs2slong(f);
   0008 DD 6E 06      [14]   50 	ld	l,6 (ix)
   000B DD 66 07      [14]   51 	ld	h,7 (ix)
   000E E5            [11]   52 	push	hl
   000F DD 6E 04      [14]   53 	ld	l,4 (ix)
   0012 DD 66 05      [14]   54 	ld	h,5 (ix)
   0015 E5            [11]   55 	push	hl
   0016 CDr00r00      [16]   56 	call	___fs2slong
   0019 33            [ 4]   57 	inc	sp
   001A 33            [ 4]   58 	inc	sp
   001B 33            [ 4]   59 	inc	sp
   001C 33            [ 4]   60 	inc	sp
   001D 4D            [ 4]   61 	ld	c,l
   001E 44            [ 4]   62 	ld	b,h
                             63 ;../_fs2schar.c:90: if (sl>=SCHAR_MAX)
   001F 79            [ 4]   64 	ld	a,c
   0020 D6 7F         [ 6]   65 	sub	a, #0x7F
   0022 78            [ 4]   66 	ld	a,b
   0023 DE 00         [ 6]   67 	sbc	a, #0x00
   0025 7B            [ 4]   68 	ld	a,e
   0026 DE 00         [ 6]   69 	sbc	a, #0x00
   0028 7A            [ 4]   70 	ld	a,d
   0029 17            [ 3]   71 	rla
   002A 3F            [ 3]   72 	ccf
   002B 1F            [ 3]   73 	rra
   002C DE 80         [ 6]   74 	sbc	a, #0x80
   002E 38 04         [ 8]   75 	jr	C,00102$
                             76 ;../_fs2schar.c:91: return SCHAR_MAX;
   0030 2E 7F         [ 6]   77 	ld	l,#0x7F
   0032 18 19         [ 8]   78 	jr	00105$
   0034                      79 00102$:
                             80 ;../_fs2schar.c:92: if (sl<=SCHAR_MIN)
   0034 3E 80         [ 6]   81 	ld	a,#0x80
   0036 B9            [ 4]   82 	cp	a, c
   0037 3E FF         [ 6]   83 	ld	a,#0xFF
   0039 98            [ 4]   84 	sbc	a, b
   003A 3E FF         [ 6]   85 	ld	a,#0xFF
   003C 9B            [ 4]   86 	sbc	a, e
   003D 3E FF         [ 6]   87 	ld	a,#0xFF
   003F 9A            [ 4]   88 	sbc	a, d
   0040 E2r45r00      [ 9]   89 	jp	PO, 00115$
   0043 EE 80         [ 6]   90 	xor	a, #0x80
   0045                      91 00115$:
   0045 FAr4Cr00      [ 9]   92 	jp	M,00104$
                             93 ;../_fs2schar.c:93: return -SCHAR_MIN;
   0048 2E 80         [ 6]   94 	ld	l,#0x80
   004A 18 01         [ 8]   95 	jr	00105$
   004C                      96 00104$:
                             97 ;../_fs2schar.c:94: return sl;
   004C 69            [ 4]   98 	ld	l,c
   004D                      99 00105$:
   004D DD E1         [12]  100 	pop	ix
   004F C9            [ 9]  101 	ret
                            102 	.area _HOME
                            103 ;--------------------------------------------------------
                            104 ; code
                            105 ;--------------------------------------------------------
                            106 	.area _CODE
                            107 	.area _CODE
                            108 	.area _INITIALIZER
                            109 	.area _CABS (ABS)
