                              1 ;--------------------------------------------------------
                              2 ; File Created by SDCC : free open source ANSI-C Compiler
                              3 ; Version 3.5.0 #9253 (Apr  4 2022) (Linux)
                              4 ; This file was generated Mon Apr  4 14:15:37 2022
                              5 ;--------------------------------------------------------
                              6 	.hd64
                              7 	.module _fsneq
                              8 	.optsdcc -mz180
                              9 	
                             10 ;--------------------------------------------------------
                             11 ; Public variables in this module
                             12 ;--------------------------------------------------------
                             13 	.globl ___fsneq
                             14 ;--------------------------------------------------------
                             15 ; special function registers
                             16 ;--------------------------------------------------------
                             17 ;--------------------------------------------------------
                             18 ; ram data
                             19 ;--------------------------------------------------------
                             20 	.area _DATA
                             21 ;--------------------------------------------------------
                             22 ; ram data
                             23 ;--------------------------------------------------------
                             24 	.area _INITIALIZED
                             25 ;--------------------------------------------------------
                             26 ; absolute external ram data
                             27 ;--------------------------------------------------------
                             28 	.area _DABS (ABS)
                             29 ;--------------------------------------------------------
                             30 ; global & static initialisations
                             31 ;--------------------------------------------------------
                             32 	.area _HOME
                             33 	.area _GSINIT
                             34 	.area _GSFINAL
                             35 	.area _GSINIT
                             36 ;--------------------------------------------------------
                             37 ; Home
                             38 ;--------------------------------------------------------
                             39 	.area _HOME
                             40 ;../_fsneq.c:80: char __fsneq (float a1, float a2)
                             41 ;	---------------------------------
                             42 ; Function __fsneq
                             43 ; ---------------------------------
   0000                      44 ___fsneq::
   0000 DD E5         [14]   45 	push	ix
   0002 DD 21 00 00   [12]   46 	ld	ix,#0
   0006 DD 39         [10]   47 	add	ix,sp
   0008 21 F4 FF      [ 9]   48 	ld	hl,#-12
   000B 39            [ 7]   49 	add	hl,sp
   000C F9            [ 4]   50 	ld	sp,hl
                             51 ;../_fsneq.c:84: fl1.f = a1;
   000D 21 04 00      [ 9]   52 	ld	hl,#0x0004
   0010 39            [ 7]   53 	add	hl,sp
   0011 EB            [ 3]   54 	ex	de,hl
   0012 21 10 00      [ 9]   55 	ld	hl, #0x0010
   0015 39            [ 7]   56 	add	hl, sp
   0016 01 04 00      [ 9]   57 	ld	bc, #0x0004
   0019 ED B0         [14]   58 	ldir
                             59 ;../_fsneq.c:85: fl2.f = a2;
   001B 21 00 00      [ 9]   60 	ld	hl,#0x0000
   001E 39            [ 7]   61 	add	hl,sp
   001F EB            [ 3]   62 	ex	de,hl
   0020 21 14 00      [ 9]   63 	ld	hl, #0x0014
   0023 39            [ 7]   64 	add	hl, sp
   0024 01 04 00      [ 9]   65 	ld	bc, #0x0004
   0027 ED B0         [14]   66 	ldir
                             67 ;../_fsneq.c:87: if (fl1.l == fl2.l)
   0029 21 04 00      [ 9]   68 	ld	hl,#0x0004
   002C 39            [ 7]   69 	add	hl,sp
   002D EB            [ 3]   70 	ex	de,hl
   002E 21 08 00      [ 9]   71 	ld	hl, #0x0008
   0031 39            [ 7]   72 	add	hl, sp
   0032 EB            [ 3]   73 	ex	de, hl
   0033 01 04 00      [ 9]   74 	ld	bc, #0x0004
   0036 ED B0         [14]   75 	ldir
   0038 21 00 00      [ 9]   76 	ld	hl,#0x0000
   003B 39            [ 7]   77 	add	hl,sp
   003C 56            [ 6]   78 	ld	d,(hl)
   003D 23            [ 4]   79 	inc	hl
   003E 5E            [ 6]   80 	ld	e,(hl)
   003F 23            [ 4]   81 	inc	hl
   0040 4E            [ 6]   82 	ld	c,(hl)
   0041 23            [ 4]   83 	inc	hl
   0042 46            [ 6]   84 	ld	b,(hl)
   0043 DD 7E FC      [14]   85 	ld	a,-4 (ix)
   0046 92            [ 4]   86 	sub	a, d
   0047 20 15         [ 8]   87 	jr	NZ,00102$
   0049 DD 7E FD      [14]   88 	ld	a,-3 (ix)
   004C 93            [ 4]   89 	sub	a, e
   004D 20 0F         [ 8]   90 	jr	NZ,00102$
   004F DD 7E FE      [14]   91 	ld	a,-2 (ix)
   0052 91            [ 4]   92 	sub	a, c
   0053 20 09         [ 8]   93 	jr	NZ,00102$
   0055 DD 7E FF      [14]   94 	ld	a,-1 (ix)
                             95 ;../_fsneq.c:88: return (0);
   0058 90            [ 4]   96 	sub	a,b
   0059 20 03         [ 8]   97 	jr	NZ,00102$
   005B 6F            [ 4]   98 	ld	l,a
   005C 18 40         [ 8]   99 	jr	00105$
   005E                     100 00102$:
                            101 ;../_fsneq.c:89: if (((fl1.l | fl2.l) & 0x7FFFFFFF) == 0)
   005E 21 04 00      [ 9]  102 	ld	hl,#0x0004
   0061 39            [ 7]  103 	add	hl,sp
   0062 EB            [ 3]  104 	ex	de,hl
   0063 21 08 00      [ 9]  105 	ld	hl, #0x0008
   0066 39            [ 7]  106 	add	hl, sp
   0067 EB            [ 3]  107 	ex	de, hl
   0068 01 04 00      [ 9]  108 	ld	bc, #0x0004
   006B ED B0         [14]  109 	ldir
   006D 21 00 00      [ 9]  110 	ld	hl,#0x0000
   0070 39            [ 7]  111 	add	hl,sp
   0071 5E            [ 6]  112 	ld	e,(hl)
   0072 23            [ 4]  113 	inc	hl
   0073 56            [ 6]  114 	ld	d,(hl)
   0074 23            [ 4]  115 	inc	hl
   0075 4E            [ 6]  116 	ld	c,(hl)
   0076 23            [ 4]  117 	inc	hl
   0077 46            [ 6]  118 	ld	b,(hl)
   0078 DD 7E FC      [14]  119 	ld	a,-4 (ix)
   007B B3            [ 4]  120 	or	a, e
   007C 5F            [ 4]  121 	ld	e,a
   007D DD 7E FD      [14]  122 	ld	a,-3 (ix)
   0080 B2            [ 4]  123 	or	a, d
   0081 57            [ 4]  124 	ld	d,a
   0082 DD 7E FE      [14]  125 	ld	a,-2 (ix)
   0085 B1            [ 4]  126 	or	a, c
   0086 6F            [ 4]  127 	ld	l,a
   0087 DD 7E FF      [14]  128 	ld	a,-1 (ix)
   008A B0            [ 4]  129 	or	a, b
   008B 67            [ 4]  130 	ld	h,a
   008C 7B            [ 4]  131 	ld	a,e
   008D B7            [ 4]  132 	or	a,a
   008E 20 0C         [ 8]  133 	jr	NZ,00104$
   0090 B2            [ 4]  134 	or	a,d
   0091 20 09         [ 8]  135 	jr	NZ,00104$
   0093 BF            [ 4]  136 	cp	a, a
   0094 ED 6A         [10]  137 	adc	hl, hl
   0096 20 04         [ 8]  138 	jr	NZ,00104$
                            139 ;../_fsneq.c:90: return (0);
   0098 2E 00         [ 6]  140 	ld	l,#0x00
   009A 18 02         [ 8]  141 	jr	00105$
   009C                     142 00104$:
                            143 ;../_fsneq.c:91: return (1);
   009C 2E 01         [ 6]  144 	ld	l,#0x01
   009E                     145 00105$:
   009E DD F9         [ 7]  146 	ld	sp, ix
   00A0 DD E1         [12]  147 	pop	ix
   00A2 C9            [ 9]  148 	ret
                            149 	.area _HOME
                            150 ;--------------------------------------------------------
                            151 ; code
                            152 ;--------------------------------------------------------
                            153 	.area _CODE
                            154 	.area _CODE
                            155 	.area _INITIALIZER
                            156 	.area _CABS (ABS)
