                              1 ;--------------------------------------------------------
                              2 ; File Created by SDCC : free open source ANSI-C Compiler
                              3 ; Version 3.5.0 #9253 (Apr  4 2022) (Linux)
                              4 ; This file was generated Mon Apr  4 14:15:45 2022
                              5 ;--------------------------------------------------------
                              6 	.hd64
                              7 	.module _memset
                              8 	.optsdcc -mz180
                              9 	
                             10 ;--------------------------------------------------------
                             11 ; Public variables in this module
                             12 ;--------------------------------------------------------
                             13 	.globl _memset
                             14 ;--------------------------------------------------------
                             15 ; special function registers
                             16 ;--------------------------------------------------------
                             17 ;--------------------------------------------------------
                             18 ; ram data
                             19 ;--------------------------------------------------------
                             20 	.area _DATA
                             21 ;--------------------------------------------------------
                             22 ; ram data
                             23 ;--------------------------------------------------------
                             24 	.area _INITIALIZED
                             25 ;--------------------------------------------------------
                             26 ; absolute external ram data
                             27 ;--------------------------------------------------------
                             28 	.area _DABS (ABS)
                             29 ;--------------------------------------------------------
                             30 ; global & static initialisations
                             31 ;--------------------------------------------------------
                             32 	.area _HOME
                             33 	.area _GSINIT
                             34 	.area _GSFINAL
                             35 	.area _GSINIT
                             36 ;--------------------------------------------------------
                             37 ; Home
                             38 ;--------------------------------------------------------
                             39 	.area _HOME
                             40 	.area _HOME
                             41 ;--------------------------------------------------------
                             42 ; code
                             43 ;--------------------------------------------------------
                             44 	.area _CODE
                             45 ;../_memset.c:41: void *memset (void *s, int c, size_t n)
                             46 ;	---------------------------------
                             47 ; Function memset
                             48 ; ---------------------------------
   0000                      49 _memset::
   0000 DD E5         [14]   50 	push	ix
   0002 DD 21 00 00   [12]   51 	ld	ix,#0
   0006 DD 39         [10]   52 	add	ix,sp
                             53 ;../_memset.c:44: register unsigned char *ret = s;
   0008 DD 6E 04      [14]   54 	ld	l,4 (ix)
   000B DD 66 05      [14]   55 	ld	h,5 (ix)
                             56 ;../_memset.c:46: while (n--)
   000E DD 4E 08      [14]   57 	ld	c,8 (ix)
   0011 DD 46 09      [14]   58 	ld	b,9 (ix)
   0014                      59 00101$:
   0014 51            [ 4]   60 	ld	d,c
   0015 58            [ 4]   61 	ld	e,b
   0016 0B            [ 4]   62 	dec	bc
   0017 7B            [ 4]   63 	ld	a,e
   0018 B2            [ 4]   64 	or	a,d
   0019 28 07         [ 8]   65 	jr	Z,00103$
                             66 ;../_memset.c:48: *(unsigned char *) ret = c;
   001B DD 7E 06      [14]   67 	ld	a,6 (ix)
   001E 77            [ 7]   68 	ld	(hl),a
                             69 ;../_memset.c:49: ret = ((unsigned char *) ret) + 1;
   001F 23            [ 4]   70 	inc	hl
   0020 18 F2         [ 8]   71 	jr	00101$
   0022                      72 00103$:
                             73 ;../_memset.c:52: return s;
   0022 DD 6E 04      [14]   74 	ld	l,4 (ix)
   0025 DD 66 05      [14]   75 	ld	h,5 (ix)
   0028 DD E1         [12]   76 	pop	ix
   002A C9            [ 9]   77 	ret
                             78 	.area _CODE
                             79 	.area _INITIALIZER
                             80 	.area _CABS (ABS)
