                              1 ;--------------------------------------------------------
                              2 ; File Created by SDCC : free open source ANSI-C Compiler
                              3 ; Version 3.5.0 #9253 (Apr  4 2022) (Linux)
                              4 ; This file was generated Mon Apr  4 14:15:42 2022
                              5 ;--------------------------------------------------------
                              6 	.hd64
                              7 	.module _modslong
                              8 	.optsdcc -mz180
                              9 	
                             10 ;--------------------------------------------------------
                             11 ; Public variables in this module
                             12 ;--------------------------------------------------------
                             13 	.globl __modslong
                             14 ;--------------------------------------------------------
                             15 ; special function registers
                             16 ;--------------------------------------------------------
                             17 ;--------------------------------------------------------
                             18 ; ram data
                             19 ;--------------------------------------------------------
                             20 	.area _DATA
                             21 ;--------------------------------------------------------
                             22 ; ram data
                             23 ;--------------------------------------------------------
                             24 	.area _INITIALIZED
                             25 ;--------------------------------------------------------
                             26 ; absolute external ram data
                             27 ;--------------------------------------------------------
                             28 	.area _DABS (ABS)
                             29 ;--------------------------------------------------------
                             30 ; global & static initialisations
                             31 ;--------------------------------------------------------
                             32 	.area _HOME
                             33 	.area _GSINIT
                             34 	.area _GSFINAL
                             35 	.area _GSINIT
                             36 ;--------------------------------------------------------
                             37 ; Home
                             38 ;--------------------------------------------------------
                             39 	.area _HOME
                             40 ;../_modslong.c:259: _modslong (long a, long b)
                             41 ;	---------------------------------
                             42 ; Function _modslong
                             43 ; ---------------------------------
   0000                      44 __modslong::
   0000 DD E5         [14]   45 	push	ix
   0002 DD 21 00 00   [12]   46 	ld	ix,#0
   0006 DD 39         [10]   47 	add	ix,sp
   0008 3B            [ 4]   48 	dec	sp
   0009 3B            [ 4]   49 	dec	sp
   000A 3B            [ 4]   50 	dec	sp
   000B 3B            [ 4]   51 	dec	sp
   000C 3B            [ 4]   52 	dec	sp
                             53 ;../_modslong.c:263: r = (unsigned long)(a < 0 ? -a : a) % (unsigned long)(b < 0 ? -b : b);
   000D DD 7E 07      [14]   54 	ld	a,7 (ix)
   0010 07            [ 3]   55 	rlca
   0011 E6 01         [ 6]   56 	and	a,#0x01
   0013 DD 77 FF      [15]   57 	ld	-1 (ix), a
   0016 B7            [ 4]   58 	or	a, a
   0017 28 19         [ 8]   59 	jr	Z,00106$
   0019 AF            [ 4]   60 	xor	a, a
   001A DD 96 04      [14]   61 	sub	a, 4 (ix)
   001D 6F            [ 4]   62 	ld	l,a
   001E 3E 00         [ 6]   63 	ld	a, #0x00
   0020 DD 9E 05      [14]   64 	sbc	a, 5 (ix)
   0023 67            [ 4]   65 	ld	h,a
   0024 3E 00         [ 6]   66 	ld	a, #0x00
   0026 DD 9E 06      [14]   67 	sbc	a, 6 (ix)
   0029 5F            [ 4]   68 	ld	e,a
   002A 3E 00         [ 6]   69 	ld	a, #0x00
   002C DD 9E 07      [14]   70 	sbc	a, 7 (ix)
   002F 57            [ 4]   71 	ld	d,a
   0030 18 0C         [ 8]   72 	jr	00107$
   0032                      73 00106$:
   0032 DD 6E 04      [14]   74 	ld	l,4 (ix)
   0035 DD 66 05      [14]   75 	ld	h,5 (ix)
   0038 DD 5E 06      [14]   76 	ld	e,6 (ix)
   003B DD 56 07      [14]   77 	ld	d,7 (ix)
   003E                      78 00107$:
   003E DD 75 FB      [15]   79 	ld	-5 (ix),l
   0041 DD 74 FC      [15]   80 	ld	-4 (ix),h
   0044 DD 73 FD      [15]   81 	ld	-3 (ix),e
   0047 DD 72 FE      [15]   82 	ld	-2 (ix),d
   004A DD CB 0B 7E   [19]   83 	bit	7, 11 (ix)
   004E 28 19         [ 8]   84 	jr	Z,00108$
   0050 AF            [ 4]   85 	xor	a, a
   0051 DD 96 08      [14]   86 	sub	a, 8 (ix)
   0054 4F            [ 4]   87 	ld	c,a
   0055 3E 00         [ 6]   88 	ld	a, #0x00
   0057 DD 9E 09      [14]   89 	sbc	a, 9 (ix)
   005A 47            [ 4]   90 	ld	b,a
   005B 3E 00         [ 6]   91 	ld	a, #0x00
   005D DD 9E 0A      [14]   92 	sbc	a, 10 (ix)
   0060 6F            [ 4]   93 	ld	l,a
   0061 3E 00         [ 6]   94 	ld	a, #0x00
   0063 DD 9E 0B      [14]   95 	sbc	a, 11 (ix)
   0066 67            [ 4]   96 	ld	h,a
   0067 18 0C         [ 8]   97 	jr	00109$
   0069                      98 00108$:
   0069 DD 4E 08      [14]   99 	ld	c,8 (ix)
   006C DD 46 09      [14]  100 	ld	b,9 (ix)
   006F DD 6E 0A      [14]  101 	ld	l,10 (ix)
   0072 DD 66 0B      [14]  102 	ld	h,11 (ix)
   0075                     103 00109$:
   0075 E5            [11]  104 	push	hl
   0076 C5            [11]  105 	push	bc
   0077 DD 6E FD      [14]  106 	ld	l,-3 (ix)
   007A DD 66 FE      [14]  107 	ld	h,-2 (ix)
   007D E5            [11]  108 	push	hl
   007E DD 6E FB      [14]  109 	ld	l,-5 (ix)
   0081 DD 66 FC      [14]  110 	ld	h,-4 (ix)
   0084 E5            [11]  111 	push	hl
   0085 CDr00r00      [16]  112 	call	__modulong
   0088 33            [ 4]  113 	inc	sp
   0089 33            [ 4]  114 	inc	sp
   008A 33            [ 4]  115 	inc	sp
   008B 33            [ 4]  116 	inc	sp
   008C 33            [ 4]  117 	inc	sp
   008D 33            [ 4]  118 	inc	sp
   008E 33            [ 4]  119 	inc	sp
   008F 33            [ 4]  120 	inc	sp
                            121 ;../_modslong.c:265: if (a < 0)
   0090 DD 7E FF      [14]  122 	ld	a,-1 (ix)
   0093 B7            [ 4]  123 	or	a, a
   0094 28 0F         [ 8]  124 	jr	Z,00102$
                            125 ;../_modslong.c:266: return -r;
   0096 AF            [ 4]  126 	xor	a, a
   0097 95            [ 4]  127 	sub	a, l
   0098 6F            [ 4]  128 	ld	l,a
   0099 3E 00         [ 6]  129 	ld	a, #0x00
   009B 9C            [ 4]  130 	sbc	a, h
   009C 67            [ 4]  131 	ld	h,a
   009D 3E 00         [ 6]  132 	ld	a, #0x00
   009F 9B            [ 4]  133 	sbc	a, e
   00A0 5F            [ 4]  134 	ld	e,a
   00A1 3E 00         [ 6]  135 	ld	a, #0x00
   00A3 9A            [ 4]  136 	sbc	a, d
   00A4 57            [ 4]  137 	ld	d,a
                            138 ;../_modslong.c:268: return r;
   00A5                     139 00102$:
   00A5 DD F9         [ 7]  140 	ld	sp, ix
   00A7 DD E1         [12]  141 	pop	ix
   00A9 C9            [ 9]  142 	ret
                            143 	.area _HOME
                            144 ;--------------------------------------------------------
                            145 ; code
                            146 ;--------------------------------------------------------
                            147 	.area _CODE
                            148 	.area _CODE
                            149 	.area _INITIALIZER
                            150 	.area _CABS (ABS)
