                              1 ;--------------------------------------------------------
                              2 ; File Created by SDCC : free open source ANSI-C Compiler
                              3 ; Version 3.5.0 #9253 (Apr  4 2022) (Linux)
                              4 ; This file was generated Mon Apr  4 14:15:44 2022
                              5 ;--------------------------------------------------------
                              6 	.hd64
                              7 	.module _strcmp
                              8 	.optsdcc -mz180
                              9 	
                             10 ;--------------------------------------------------------
                             11 ; Public variables in this module
                             12 ;--------------------------------------------------------
                             13 	.globl _strcmp
                             14 ;--------------------------------------------------------
                             15 ; special function registers
                             16 ;--------------------------------------------------------
                             17 ;--------------------------------------------------------
                             18 ; ram data
                             19 ;--------------------------------------------------------
                             20 	.area _DATA
                             21 ;--------------------------------------------------------
                             22 ; ram data
                             23 ;--------------------------------------------------------
                             24 	.area _INITIALIZED
                             25 ;--------------------------------------------------------
                             26 ; absolute external ram data
                             27 ;--------------------------------------------------------
                             28 	.area _DABS (ABS)
                             29 ;--------------------------------------------------------
                             30 ; global & static initialisations
                             31 ;--------------------------------------------------------
                             32 	.area _HOME
                             33 	.area _GSINIT
                             34 	.area _GSFINAL
                             35 	.area _GSINIT
                             36 ;--------------------------------------------------------
                             37 ; Home
                             38 ;--------------------------------------------------------
                             39 	.area _HOME
                             40 	.area _HOME
                             41 ;--------------------------------------------------------
                             42 ; code
                             43 ;--------------------------------------------------------
                             44 	.area _CODE
                             45 ;../_strcmp.c:34: int strcmp ( const char * asrc, const char * adst )
                             46 ;	---------------------------------
                             47 ; Function strcmp
                             48 ; ---------------------------------
   0000                      49 _strcmp::
   0000 DD E5         [14]   50 	push	ix
   0002 DD 21 00 00   [12]   51 	ld	ix,#0
   0006 DD 39         [10]   52 	add	ix,sp
   0008 3B            [ 4]   53 	dec	sp
                             54 ;../_strcmp.c:40: const char * src = asrc;
   0009 DD 4E 04      [14]   55 	ld	c,4 (ix)
   000C DD 46 05      [14]   56 	ld	b,5 (ix)
                             57 ;../_strcmp.c:41: const char * dst = adst;
   000F DD 5E 06      [14]   58 	ld	e,6 (ix)
   0012 DD 56 07      [14]   59 	ld	d,7 (ix)
   0015 D5            [11]   60 	push	de
   0016 FD E1         [12]   61 	pop	iy
                             62 ;../_strcmp.c:43: while( ! (*src - *dst) && *dst)
   0018                      63 00102$:
   0018 0A            [ 6]   64 	ld	a,(bc)
   0019 5F            [ 4]   65 	ld	e,a
   001A 17            [ 3]   66 	rla
   001B 9F            [ 4]   67 	sbc	a, a
   001C 57            [ 4]   68 	ld	d,a
   001D FD 7E 00      [14]   69 	ld	a, 0 (iy)
   0020 DD 77 FF      [15]   70 	ld	-1 (ix), a
   0023 6F            [ 4]   71 	ld	l, a
   0024 DD 7E FF      [14]   72 	ld	a,-1 (ix)
   0027 17            [ 3]   73 	rla
   0028 9F            [ 4]   74 	sbc	a, a
   0029 67            [ 4]   75 	ld	h,a
   002A 7B            [ 4]   76 	ld	a,e
   002B 95            [ 4]   77 	sub	a, l
   002C 6F            [ 4]   78 	ld	l,a
   002D 7A            [ 4]   79 	ld	a,d
   002E 9C            [ 4]   80 	sbc	a, h
   002F 67            [ 4]   81 	ld	h,a
   0030 B5            [ 4]   82 	or	a,l
   0031 20 0B         [ 8]   83 	jr	NZ,00104$
   0033 DD 7E FF      [14]   84 	ld	a,-1 (ix)
   0036 B7            [ 4]   85 	or	a, a
   0037 28 05         [ 8]   86 	jr	Z,00104$
                             87 ;../_strcmp.c:44: ++src, ++dst;
   0039 03            [ 4]   88 	inc	bc
   003A FD 23         [ 7]   89 	inc	iy
   003C 18 DA         [ 8]   90 	jr	00102$
   003E                      91 00104$:
                             92 ;../_strcmp.c:46: return *src - *dst;
   003E 33            [ 4]   93 	inc	sp
   003F DD E1         [12]   94 	pop	ix
   0041 C9            [ 9]   95 	ret
                             96 	.area _CODE
                             97 	.area _INITIALIZER
                             98 	.area _CABS (ABS)
