                              1 ;--------------------------------------------------------
                              2 ; File Created by SDCC : free open source ANSI-C Compiler
                              3 ; Version 3.5.0 #9253 (Apr  4 2022) (Linux)
                              4 ; This file was generated Mon Apr  4 14:15:44 2022
                              5 ;--------------------------------------------------------
                              6 	.hd64
                              7 	.module _strcspn
                              8 	.optsdcc -mz180
                              9 	
                             10 ;--------------------------------------------------------
                             11 ; Public variables in this module
                             12 ;--------------------------------------------------------
                             13 	.globl _strcspn
                             14 ;--------------------------------------------------------
                             15 ; special function registers
                             16 ;--------------------------------------------------------
                             17 ;--------------------------------------------------------
                             18 ; ram data
                             19 ;--------------------------------------------------------
                             20 	.area _DATA
                             21 ;--------------------------------------------------------
                             22 ; ram data
                             23 ;--------------------------------------------------------
                             24 	.area _INITIALIZED
                             25 ;--------------------------------------------------------
                             26 ; absolute external ram data
                             27 ;--------------------------------------------------------
                             28 	.area _DABS (ABS)
                             29 ;--------------------------------------------------------
                             30 ; global & static initialisations
                             31 ;--------------------------------------------------------
                             32 	.area _HOME
                             33 	.area _GSINIT
                             34 	.area _GSFINAL
                             35 	.area _GSINIT
                             36 ;--------------------------------------------------------
                             37 ; Home
                             38 ;--------------------------------------------------------
                             39 	.area _HOME
                             40 	.area _HOME
                             41 ;--------------------------------------------------------
                             42 ; code
                             43 ;--------------------------------------------------------
                             44 	.area _CODE
                             45 ;../_strcspn.c:31: size_t strcspn ( const char * string, const char * control )
                             46 ;	---------------------------------
                             47 ; Function strcspn
                             48 ; ---------------------------------
   0000                      49 _strcspn::
   0000 DD E5         [14]   50 	push	ix
   0002 DD 21 00 00   [12]   51 	ld	ix,#0
   0006 DD 39         [10]   52 	add	ix,sp
                             53 ;../_strcspn.c:36: while (ch = *string) {
   0008 11 00 00      [ 9]   54 	ld	de,#0x0000
   000B DD 4E 04      [14]   55 	ld	c,4 (ix)
   000E DD 46 05      [14]   56 	ld	b,5 (ix)
   0011                      57 00104$:
   0011 0A            [ 6]   58 	ld	a,(bc)
                             59 ;../_strcspn.c:37: if (strchr(control,ch))
   0012 67            [ 4]   60 	ld	h,a
   0013 B7            [ 4]   61 	or	a,a
   0014 28 1D         [ 8]   62 	jr	Z,00106$
   0016 17            [ 3]   63 	rla
   0017 9F            [ 4]   64 	sbc	a, a
   0018 D5            [11]   65 	push	de
   0019 54            [ 4]   66 	ld	d,h
   001A DD 6E 06      [14]   67 	ld	l,6 (ix)
   001D DD 66 07      [14]   68 	ld	h,7 (ix)
   0020                      69 00123$:
   0020 7E            [ 6]   70 	ld	a, (hl)
   0021 BA            [ 4]   71 	cp	a, d
   0022 28 06         [ 8]   72 	jr	Z,00122$
   0024 B7            [ 4]   73 	or	a, a
   0025 23            [ 4]   74 	inc	hl
   0026 20 F8         [ 8]   75 	jr	NZ, 00123$
   0028 6F            [ 4]   76 	ld	l, a
   0029 67            [ 4]   77 	ld	h, a
   002A                      78 00122$:
   002A D1            [ 9]   79 	pop	de
   002B 7C            [ 4]   80 	ld	a,h
   002C B5            [ 4]   81 	or	a,l
   002D 20 04         [ 8]   82 	jr	NZ,00106$
                             83 ;../_strcspn.c:40: count++;
   002F 13            [ 4]   84 	inc	de
                             85 ;../_strcspn.c:41: string++;
   0030 03            [ 4]   86 	inc	bc
   0031 18 DE         [ 8]   87 	jr	00104$
   0033                      88 00106$:
                             89 ;../_strcspn.c:44: return count;
   0033 EB            [ 3]   90 	ex	de,hl
   0034 DD E1         [12]   91 	pop	ix
   0036 C9            [ 9]   92 	ret
                             93 	.area _CODE
                             94 	.area _INITIALIZER
                             95 	.area _CABS (ABS)
