                              1 ;--------------------------------------------------------
                              2 ; File Created by SDCC : free open source ANSI-C Compiler
                              3 ; Version 3.5.0 #9253 (Apr  4 2022) (Linux)
                              4 ; This file was generated Mon Apr  4 14:15:42 2022
                              5 ;--------------------------------------------------------
                              6 	.hd64
                              7 	.module ceilf
                              8 	.optsdcc -mz180
                              9 	
                             10 ;--------------------------------------------------------
                             11 ; Public variables in this module
                             12 ;--------------------------------------------------------
                             13 	.globl _ceilf
                             14 ;--------------------------------------------------------
                             15 ; special function registers
                             16 ;--------------------------------------------------------
                             17 ;--------------------------------------------------------
                             18 ; ram data
                             19 ;--------------------------------------------------------
                             20 	.area _DATA
                             21 ;--------------------------------------------------------
                             22 ; ram data
                             23 ;--------------------------------------------------------
                             24 	.area _INITIALIZED
                             25 ;--------------------------------------------------------
                             26 ; absolute external ram data
                             27 ;--------------------------------------------------------
                             28 	.area _DABS (ABS)
                             29 ;--------------------------------------------------------
                             30 ; global & static initialisations
                             31 ;--------------------------------------------------------
                             32 	.area _HOME
                             33 	.area _GSINIT
                             34 	.area _GSFINAL
                             35 	.area _GSINIT
                             36 ;--------------------------------------------------------
                             37 ; Home
                             38 ;--------------------------------------------------------
                             39 	.area _HOME
                             40 	.area _HOME
                             41 ;--------------------------------------------------------
                             42 ; code
                             43 ;--------------------------------------------------------
                             44 	.area _CODE
                             45 ;../ceilf.c:33: float ceilf(float x) _FLOAT_FUNC_REENTRANT
                             46 ;	---------------------------------
                             47 ; Function ceilf
                             48 ; ---------------------------------
   0000                      49 _ceilf::
   0000 DD E5         [14]   50 	push	ix
   0002 DD 21 00 00   [12]   51 	ld	ix,#0
   0006 DD 39         [10]   52 	add	ix,sp
   0008 21 F8 FF      [ 9]   53 	ld	hl,#-8
   000B 39            [ 7]   54 	add	hl,sp
   000C F9            [ 4]   55 	ld	sp,hl
                             56 ;../ceilf.c:36: r=x;
   000D DD 6E 06      [14]   57 	ld	l,6 (ix)
   0010 DD 66 07      [14]   58 	ld	h,7 (ix)
   0013 E5            [11]   59 	push	hl
   0014 DD 6E 04      [14]   60 	ld	l,4 (ix)
   0017 DD 66 05      [14]   61 	ld	h,5 (ix)
   001A E5            [11]   62 	push	hl
   001B CDr00r00      [16]   63 	call	___fs2slong
   001E 33            [ 4]   64 	inc	sp
   001F 33            [ 4]   65 	inc	sp
   0020 33            [ 4]   66 	inc	sp
   0021 33            [ 4]   67 	inc	sp
   0022 DD 75 F8      [15]   68 	ld	-8 (ix),l
   0025 DD 74 F9      [15]   69 	ld	-7 (ix),h
   0028 DD 73 FA      [15]   70 	ld	-6 (ix),e
   002B DD 72 FB      [15]   71 	ld	-5 (ix),d
                             72 ;../ceilf.c:38: return r;
   002E DD 6E FA      [14]   73 	ld	l,-6 (ix)
   0031 DD 66 FB      [14]   74 	ld	h,-5 (ix)
   0034 E5            [11]   75 	push	hl
   0035 DD 6E F8      [14]   76 	ld	l,-8 (ix)
   0038 DD 66 F9      [14]   77 	ld	h,-7 (ix)
   003B E5            [11]   78 	push	hl
   003C CDr00r00      [16]   79 	call	___slong2fs
   003F 33            [ 4]   80 	inc	sp
   0040 33            [ 4]   81 	inc	sp
   0041 33            [ 4]   82 	inc	sp
   0042 33            [ 4]   83 	inc	sp
   0043 DD 72 FF      [15]   84 	ld	-1 (ix),d
   0046 DD 73 FE      [15]   85 	ld	-2 (ix),e
   0049 DD 74 FD      [15]   86 	ld	-3 (ix),h
   004C DD 75 FC      [15]   87 	ld	-4 (ix),l
                             88 ;../ceilf.c:37: if (r<0)
   004F DD CB FB 7E   [19]   89 	bit	7, -5 (ix)
   0053 28 0E         [ 8]   90 	jr	Z,00102$
                             91 ;../ceilf.c:38: return r;
   0055 DD 6E FC      [14]   92 	ld	l,-4 (ix)
   0058 DD 66 FD      [14]   93 	ld	h,-3 (ix)
   005B DD 5E FE      [14]   94 	ld	e,-2 (ix)
   005E DD 56 FF      [14]   95 	ld	d,-1 (ix)
   0061 18 5F         [ 8]   96 	jr	00104$
   0063                      97 00102$:
                             98 ;../ceilf.c:40: return (r+((r<x)?1:0));
   0063 DD 6E 06      [14]   99 	ld	l,6 (ix)
   0066 DD 66 07      [14]  100 	ld	h,7 (ix)
   0069 E5            [11]  101 	push	hl
   006A DD 6E 04      [14]  102 	ld	l,4 (ix)
   006D DD 66 05      [14]  103 	ld	h,5 (ix)
   0070 E5            [11]  104 	push	hl
   0071 DD 6E FE      [14]  105 	ld	l,-2 (ix)
   0074 DD 66 FF      [14]  106 	ld	h,-1 (ix)
   0077 E5            [11]  107 	push	hl
   0078 DD 6E FC      [14]  108 	ld	l,-4 (ix)
   007B DD 66 FD      [14]  109 	ld	h,-3 (ix)
   007E E5            [11]  110 	push	hl
   007F CDr00r00      [16]  111 	call	___fslt
   0082 33            [ 4]  112 	inc	sp
   0083 33            [ 4]  113 	inc	sp
   0084 33            [ 4]  114 	inc	sp
   0085 33            [ 4]  115 	inc	sp
   0086 33            [ 4]  116 	inc	sp
   0087 33            [ 4]  117 	inc	sp
   0088 33            [ 4]  118 	inc	sp
   0089 33            [ 4]  119 	inc	sp
   008A DD 75 FC      [15]  120 	ld	-4 (ix), l
   008D 7D            [ 4]  121 	ld	a, l
   008E B7            [ 4]  122 	or	a, a
   008F 28 06         [ 8]  123 	jr	Z,00106$
   0091 DD 36 FC 01   [15]  124 	ld	-4 (ix),#0x01
   0095 18 04         [ 8]  125 	jr	00107$
   0097                     126 00106$:
   0097 DD 36 FC 00   [15]  127 	ld	-4 (ix),#0x00
   009B                     128 00107$:
   009B DD 6E FC      [14]  129 	ld	l,-4 (ix)
   009E 26 00         [ 6]  130 	ld	h,#0x00
   00A0 7C            [ 4]  131 	ld	a,h
   00A1 17            [ 3]  132 	rla
   00A2 9F            [ 4]  133 	sbc	a, a
   00A3 5F            [ 4]  134 	ld	e,a
   00A4 57            [ 4]  135 	ld	d,a
   00A5 DD 7E F8      [14]  136 	ld	a,-8 (ix)
   00A8 85            [ 4]  137 	add	a, l
   00A9 6F            [ 4]  138 	ld	l,a
   00AA DD 7E F9      [14]  139 	ld	a,-7 (ix)
   00AD 8C            [ 4]  140 	adc	a, h
   00AE 67            [ 4]  141 	ld	h,a
   00AF DD 7E FA      [14]  142 	ld	a,-6 (ix)
   00B2 8B            [ 4]  143 	adc	a, e
   00B3 5F            [ 4]  144 	ld	e,a
   00B4 DD 7E FB      [14]  145 	ld	a,-5 (ix)
   00B7 8A            [ 4]  146 	adc	a, d
   00B8 57            [ 4]  147 	ld	d,a
   00B9 D5            [11]  148 	push	de
   00BA E5            [11]  149 	push	hl
   00BB CDr00r00      [16]  150 	call	___slong2fs
   00BE 33            [ 4]  151 	inc	sp
   00BF 33            [ 4]  152 	inc	sp
   00C0 33            [ 4]  153 	inc	sp
   00C1 33            [ 4]  154 	inc	sp
   00C2                     155 00104$:
   00C2 DD F9         [ 7]  156 	ld	sp, ix
   00C4 DD E1         [12]  157 	pop	ix
   00C6 C9            [ 9]  158 	ret
                            159 	.area _CODE
                            160 	.area _INITIALIZER
                            161 	.area _CABS (ABS)
