                              1 ;--------------------------------------------------------
                              2 ; File Created by SDCC : free open source ANSI-C Compiler
                              3 ; Version 3.5.0 #9253 (Apr  4 2022) (Linux)
                              4 ; This file was generated Mon Apr  4 14:15:37 2022
                              5 ;--------------------------------------------------------
                              6 	.hd64
                              7 	.module fabsf
                              8 	.optsdcc -mz180
                              9 	
                             10 ;--------------------------------------------------------
                             11 ; Public variables in this module
                             12 ;--------------------------------------------------------
                             13 	.globl _fabsf
                             14 ;--------------------------------------------------------
                             15 ; special function registers
                             16 ;--------------------------------------------------------
                             17 ;--------------------------------------------------------
                             18 ; ram data
                             19 ;--------------------------------------------------------
                             20 	.area _DATA
                             21 ;--------------------------------------------------------
                             22 ; ram data
                             23 ;--------------------------------------------------------
                             24 	.area _INITIALIZED
                             25 ;--------------------------------------------------------
                             26 ; absolute external ram data
                             27 ;--------------------------------------------------------
                             28 	.area _DABS (ABS)
                             29 ;--------------------------------------------------------
                             30 ; global & static initialisations
                             31 ;--------------------------------------------------------
                             32 	.area _HOME
                             33 	.area _GSINIT
                             34 	.area _GSFINAL
                             35 	.area _GSINIT
                             36 ;--------------------------------------------------------
                             37 ; Home
                             38 ;--------------------------------------------------------
                             39 	.area _HOME
                             40 	.area _HOME
                             41 ;--------------------------------------------------------
                             42 ; code
                             43 ;--------------------------------------------------------
                             44 	.area _CODE
                             45 ;../fabsf.c:34: float fabsf(float x) _FLOAT_FUNC_REENTRANT
                             46 ;	---------------------------------
                             47 ; Function fabsf
                             48 ; ---------------------------------
   0000                      49 _fabsf::
   0000 DD E5         [14]   50 	push	ix
   0002 DD 21 00 00   [12]   51 	ld	ix,#0
   0006 DD 39         [10]   52 	add	ix,sp
   0008 3B            [ 4]   53 	dec	sp
   0009 3B            [ 4]   54 	dec	sp
   000A 3B            [ 4]   55 	dec	sp
   000B 3B            [ 4]   56 	dec	sp
                             57 ;../fabsf.c:38: fl.f = x;
   000C 21 00 00      [ 9]   58 	ld	hl,#0x0000
   000F 39            [ 7]   59 	add	hl,sp
   0010 EB            [ 3]   60 	ex	de,hl
   0011 21 08 00      [ 9]   61 	ld	hl, #0x0008
   0014 39            [ 7]   62 	add	hl, sp
   0015 01 04 00      [ 9]   63 	ld	bc, #0x0004
   0018 ED B0         [14]   64 	ldir
                             65 ;../fabsf.c:39: fl.l &= 0x7fffffff;
   001A 21 00 00      [ 9]   66 	ld	hl,#0x0000
   001D 39            [ 7]   67 	add	hl,sp
   001E E5            [11]   68 	push	hl
   001F 5E            [ 6]   69 	ld	e,(hl)
   0020 23            [ 4]   70 	inc	hl
   0021 56            [ 6]   71 	ld	d,(hl)
   0022 23            [ 4]   72 	inc	hl
   0023 4E            [ 6]   73 	ld	c,(hl)
   0024 23            [ 4]   74 	inc	hl
   0025 46            [ 6]   75 	ld	b,(hl)
   0026 E1            [ 9]   76 	pop	hl
   0027 CB B8         [ 7]   77 	res	7, b
   0029 73            [ 7]   78 	ld	(hl),e
   002A 23            [ 4]   79 	inc	hl
   002B 72            [ 7]   80 	ld	(hl),d
   002C 23            [ 4]   81 	inc	hl
   002D 71            [ 7]   82 	ld	(hl),c
   002E 23            [ 4]   83 	inc	hl
   002F 70            [ 7]   84 	ld	(hl),b
                             85 ;../fabsf.c:40: return fl.f;
   0030 21 00 00      [ 9]   86 	ld	hl,#0x0000
   0033 39            [ 7]   87 	add	hl,sp
   0034 46            [ 6]   88 	ld	b,(hl)
   0035 23            [ 4]   89 	inc	hl
   0036 4E            [ 6]   90 	ld	c,(hl)
   0037 23            [ 4]   91 	inc	hl
   0038 5E            [ 6]   92 	ld	e,(hl)
   0039 23            [ 4]   93 	inc	hl
   003A 56            [ 6]   94 	ld	d,(hl)
   003B 68            [ 4]   95 	ld	l,b
   003C 61            [ 4]   96 	ld	h,c
   003D DD F9         [ 7]   97 	ld	sp, ix
   003F DD E1         [12]   98 	pop	ix
   0041 C9            [ 9]   99 	ret
                            100 	.area _CODE
                            101 	.area _INITIALIZER
                            102 	.area _CABS (ABS)
