                              1 ;--------------------------------------------------------
                              2 ; File Created by SDCC : free open source ANSI-C Compiler
                              3 ; Version 3.5.0 #9253 (Apr  4 2022) (Linux)
                              4 ; This file was generated Mon Apr  4 14:15:43 2022
                              5 ;--------------------------------------------------------
                              6 	.hd64
                              7 	.module isblank
                              8 	.optsdcc -mz180
                              9 	
                             10 ;--------------------------------------------------------
                             11 ; Public variables in this module
                             12 ;--------------------------------------------------------
                             13 	.globl _isblank
                             14 ;--------------------------------------------------------
                             15 ; special function registers
                             16 ;--------------------------------------------------------
                             17 ;--------------------------------------------------------
                             18 ; ram data
                             19 ;--------------------------------------------------------
                             20 	.area _DATA
                             21 ;--------------------------------------------------------
                             22 ; ram data
                             23 ;--------------------------------------------------------
                             24 	.area _INITIALIZED
                             25 ;--------------------------------------------------------
                             26 ; absolute external ram data
                             27 ;--------------------------------------------------------
                             28 	.area _DABS (ABS)
                             29 ;--------------------------------------------------------
                             30 ; global & static initialisations
                             31 ;--------------------------------------------------------
                             32 	.area _HOME
                             33 	.area _GSINIT
                             34 	.area _GSFINAL
                             35 	.area _GSINIT
                             36 ;--------------------------------------------------------
                             37 ; Home
                             38 ;--------------------------------------------------------
                             39 	.area _HOME
                             40 	.area _HOME
                             41 ;--------------------------------------------------------
                             42 ; code
                             43 ;--------------------------------------------------------
                             44 	.area _CODE
                             45 ;./../../include/ctype.h:51: inline int isblank (int c)
                             46 ;	---------------------------------
                             47 ; Function isblank
                             48 ; ---------------------------------
   0000                      49 _isblank::
                             50 ;./../../include/ctype.h:53: return ((unsigned char)c == ' ' || (unsigned char)c == '\t');
   0000 21 02 00      [ 9]   51 	ld	hl, #2+0
   0003 39            [ 7]   52 	add	hl, sp
   0004 7E            [ 6]   53 	ld	a, (hl)
   0005 FE 20         [ 6]   54 	cp	a,#0x20
   0007 28 08         [ 8]   55 	jr	Z,00104$
   0009 D6 09         [ 6]   56 	sub	a, #0x09
   000B 28 04         [ 8]   57 	jr	Z,00104$
   000D 3E 00         [ 6]   58 	ld	a,#0x00
   000F 18 02         [ 8]   59 	jr	00105$
   0011                      60 00104$:
   0011 3E 01         [ 6]   61 	ld	a,#0x01
   0013                      62 00105$:
   0013 6F            [ 4]   63 	ld	l,a
   0014 17            [ 3]   64 	rla
   0015 9F            [ 4]   65 	sbc	a, a
   0016 67            [ 4]   66 	ld	h,a
   0017 C9            [ 9]   67 	ret
                             68 	.area _CODE
                             69 	.area _INITIALIZER
                             70 	.area _CABS (ABS)
