                              1 ;--------------------------------------------------------
                              2 ; File Created by SDCC : free open source ANSI-C Compiler
                              3 ; Version 3.5.0 #9253 (Apr  4 2022) (Linux)
                              4 ; This file was generated Mon Apr  4 14:15:43 2022
                              5 ;--------------------------------------------------------
                              6 	.hd64
                              7 	.module islower
                              8 	.optsdcc -mz180
                              9 	
                             10 ;--------------------------------------------------------
                             11 ; Public variables in this module
                             12 ;--------------------------------------------------------
                             13 	.globl _islower
                             14 ;--------------------------------------------------------
                             15 ; special function registers
                             16 ;--------------------------------------------------------
                             17 ;--------------------------------------------------------
                             18 ; ram data
                             19 ;--------------------------------------------------------
                             20 	.area _DATA
                             21 ;--------------------------------------------------------
                             22 ; ram data
                             23 ;--------------------------------------------------------
                             24 	.area _INITIALIZED
                             25 ;--------------------------------------------------------
                             26 ; absolute external ram data
                             27 ;--------------------------------------------------------
                             28 	.area _DABS (ABS)
                             29 ;--------------------------------------------------------
                             30 ; global & static initialisations
                             31 ;--------------------------------------------------------
                             32 	.area _HOME
                             33 	.area _GSINIT
                             34 	.area _GSFINAL
                             35 	.area _GSINIT
                             36 ;--------------------------------------------------------
                             37 ; Home
                             38 ;--------------------------------------------------------
                             39 	.area _HOME
                             40 	.area _HOME
                             41 ;--------------------------------------------------------
                             42 ; code
                             43 ;--------------------------------------------------------
                             44 	.area _CODE
                             45 ;./../../include/ctype.h:69: inline int islower (int c)
                             46 ;	---------------------------------
                             47 ; Function islower
                             48 ; ---------------------------------
   0000                      49 _islower::
   0000 3B            [ 4]   50 	dec	sp
                             51 ;./../../include/ctype.h:71: return ((unsigned char)c >= 'a' && (unsigned char)c <= 'z');
   0001 FD 21 03 00   [12]   52 	ld	iy,#3
   0005 FD 39         [10]   53 	add	iy,sp
   0007 FD 66 00      [14]   54 	ld	h,0 (iy)
   000A 7C            [ 4]   55 	ld	a,h
   000B D6 61         [ 6]   56 	sub	a, #0x61
   000D 38 05         [ 8]   57 	jr	C,00103$
   000F 3E 7A         [ 6]   58 	ld	a,#0x7A
   0011 94            [ 4]   59 	sub	a, h
   0012 30 04         [ 8]   60 	jr	NC,00104$
   0014                      61 00103$:
   0014 3E 00         [ 6]   62 	ld	a,#0x00
   0016 18 02         [ 8]   63 	jr	00105$
   0018                      64 00104$:
   0018 3E 01         [ 6]   65 	ld	a,#0x01
   001A                      66 00105$:
   001A 6F            [ 4]   67 	ld	l,a
   001B 17            [ 3]   68 	rla
   001C 9F            [ 4]   69 	sbc	a, a
   001D 67            [ 4]   70 	ld	h,a
   001E 33            [ 4]   71 	inc	sp
   001F C9            [ 9]   72 	ret
                             73 	.area _CODE
                             74 	.area _INITIALIZER
                             75 	.area _CABS (ABS)
