                              1 ;--------------------------------------------------------
                              2 ; File Created by SDCC : free open source ANSI-C Compiler
                              3 ; Version 3.5.0 #9253 (Apr  4 2022) (Linux)
                              4 ; This file was generated Mon Apr  4 14:15:43 2022
                              5 ;--------------------------------------------------------
                              6 	.hd64
                              7 	.module isprint
                              8 	.optsdcc -mz180
                              9 	
                             10 ;--------------------------------------------------------
                             11 ; Public variables in this module
                             12 ;--------------------------------------------------------
                             13 	.globl _isprint
                             14 ;--------------------------------------------------------
                             15 ; special function registers
                             16 ;--------------------------------------------------------
                             17 ;--------------------------------------------------------
                             18 ; ram data
                             19 ;--------------------------------------------------------
                             20 	.area _DATA
                             21 ;--------------------------------------------------------
                             22 ; ram data
                             23 ;--------------------------------------------------------
                             24 	.area _INITIALIZED
                             25 ;--------------------------------------------------------
                             26 ; absolute external ram data
                             27 ;--------------------------------------------------------
                             28 	.area _DABS (ABS)
                             29 ;--------------------------------------------------------
                             30 ; global & static initialisations
                             31 ;--------------------------------------------------------
                             32 	.area _HOME
                             33 	.area _GSINIT
                             34 	.area _GSFINAL
                             35 	.area _GSINIT
                             36 ;--------------------------------------------------------
                             37 ; Home
                             38 ;--------------------------------------------------------
                             39 	.area _HOME
                             40 	.area _HOME
                             41 ;--------------------------------------------------------
                             42 ; code
                             43 ;--------------------------------------------------------
                             44 	.area _CODE
                             45 ;../isprint.c:33: int isprint (int c)
                             46 ;	---------------------------------
                             47 ; Function isprint
                             48 ; ---------------------------------
   0000                      49 _isprint::
   0000 3B            [ 4]   50 	dec	sp
                             51 ;../isprint.c:35: return (c >= ' ' && c <= '~');
   0001 FD 21 03 00   [12]   52 	ld	iy,#3
   0005 FD 39         [10]   53 	add	iy,sp
   0007 FD 7E 00      [14]   54 	ld	a,0 (iy)
   000A D6 20         [ 6]   55 	sub	a, #0x20
   000C FD 7E 01      [14]   56 	ld	a,1 (iy)
   000F 17            [ 3]   57 	rla
   0010 3F            [ 3]   58 	ccf
   0011 1F            [ 3]   59 	rra
   0012 DE 80         [ 6]   60 	sbc	a, #0x80
   0014 38 12         [ 8]   61 	jr	C,00103$
   0016 3E 7E         [ 6]   62 	ld	a,#0x7E
   0018 FD BE 00      [14]   63 	cp	a, 0 (iy)
   001B 3E 00         [ 6]   64 	ld	a,#0x00
   001D FD 9E 01      [14]   65 	sbc	a, 1 (iy)
   0020 E2r25r00      [ 9]   66 	jp	PO, 00110$
   0023 EE 80         [ 6]   67 	xor	a, #0x80
   0025                      68 00110$:
   0025 F2r2Cr00      [ 9]   69 	jp	P,00104$
   0028                      70 00103$:
   0028 3E 00         [ 6]   71 	ld	a,#0x00
   002A 18 02         [ 8]   72 	jr	00105$
   002C                      73 00104$:
   002C 3E 01         [ 6]   74 	ld	a,#0x01
   002E                      75 00105$:
   002E 6F            [ 4]   76 	ld	l,a
   002F 17            [ 3]   77 	rla
   0030 9F            [ 4]   78 	sbc	a, a
   0031 67            [ 4]   79 	ld	h,a
   0032 33            [ 4]   80 	inc	sp
   0033 C9            [ 9]   81 	ret
                             82 	.area _CODE
                             83 	.area _INITIALIZER
                             84 	.area _CABS (ABS)
