                              1 ;--------------------------------------------------------
                              2 ; File Created by SDCC : free open source ANSI-C Compiler
                              3 ; Version 3.5.0 #9253 (Apr  4 2022) (Linux)
                              4 ; This file was generated Mon Apr  4 14:15:43 2022
                              5 ;--------------------------------------------------------
                              6 	.hd64
                              7 	.module toupper
                              8 	.optsdcc -mz180
                              9 	
                             10 ;--------------------------------------------------------
                             11 ; Public variables in this module
                             12 ;--------------------------------------------------------
                             13 	.globl _toupper
                             14 ;--------------------------------------------------------
                             15 ; special function registers
                             16 ;--------------------------------------------------------
                             17 ;--------------------------------------------------------
                             18 ; ram data
                             19 ;--------------------------------------------------------
                             20 	.area _DATA
                             21 ;--------------------------------------------------------
                             22 ; ram data
                             23 ;--------------------------------------------------------
                             24 	.area _INITIALIZED
                             25 ;--------------------------------------------------------
                             26 ; absolute external ram data
                             27 ;--------------------------------------------------------
                             28 	.area _DABS (ABS)
                             29 ;--------------------------------------------------------
                             30 ; global & static initialisations
                             31 ;--------------------------------------------------------
                             32 	.area _HOME
                             33 	.area _GSINIT
                             34 	.area _GSFINAL
                             35 	.area _GSINIT
                             36 ;--------------------------------------------------------
                             37 ; Home
                             38 ;--------------------------------------------------------
                             39 	.area _HOME
                             40 	.area _HOME
                             41 ;--------------------------------------------------------
                             42 ; code
                             43 ;--------------------------------------------------------
                             44 	.area _CODE
                             45 ;../toupper.c:33: int toupper (int c)
                             46 ;	---------------------------------
                             47 ; Function toupper
                             48 ; ---------------------------------
   0000                      49 _toupper::
   0000 3B            [ 4]   50 	dec	sp
                             51 ;../toupper.c:35: return (islower (c) ? c + ('A' - 'a') : c);
   0001 21 03 00      [ 9]   52 	ld	hl, #3
   0004 39            [ 7]   53 	add	hl, sp
   0005 7E            [ 6]   54 	ld	a, (hl)
   0006 23            [ 4]   55 	inc	hl
   0007 66            [ 6]   56 	ld	h, (hl)
   0008 6F            [ 4]   57 	ld	l, a
                             58 ;./../../include/ctype.h:71: return ((unsigned char)c >= 'a' && (unsigned char)c <= 'z');
   0009 55            [ 4]   59 	ld	d,l
   000A 7A            [ 4]   60 	ld	a,d
   000B D6 61         [ 6]   61 	sub	a, #0x61
   000D 38 09         [ 8]   62 	jr	C,00104$
   000F 3E 7A         [ 6]   63 	ld	a,#0x7A
   0011 92            [ 4]   64 	sub	a, d
   0012 38 04         [ 8]   65 	jr	C,00104$
                             66 ;../toupper.c:35: return (islower (c) ? c + ('A' - 'a') : c);
   0014 01 E0 FF      [ 9]   67 	ld	bc,#0xFFE0
   0017 09            [ 7]   68 	add	hl,bc
   0018                      69 00104$:
   0018 33            [ 4]   70 	inc	sp
   0019 C9            [ 9]   71 	ret
                             72 	.area _CODE
                             73 	.area _INITIALIZER
                             74 	.area _CABS (ABS)
