                                      1 ;--------------------------------------------------------
                                      2 ; File Created by SDCC : free open source ANSI-C Compiler
                                      3 ; Version 3.5.0 #9253 (Apr  4 2022) (Linux)
                                      4 ; This file was generated Mon Apr  4 14:10:26 2022
                                      5 ;--------------------------------------------------------
                                      6 	.module _mulint
                                      7 	.optsdcc -mds390 --model-flat24
                                      8 	
                                      9 ;--------------------------------------------------------
                                     10 ; CPU specific extensions
                                     11 ;--------------------------------------------------------
                                     12 	.DS80C390
                                     13 	.amode	2	; 24 bit flat addressing
                           000082    14 dpl	=	0x82
                           000083    15 dph	=	0x83
                           000084    16 dpl1	=	0x84
                           000085    17 dph1	=	0x85
                           000086    18 dps	=	0x86
                           000093    19 dpx	=	0x93
                           000095    20 dpx1	=	0x95
                           00009B    21 esp	=	0x9B
                           00009C    22 ap	=	0x9C
                           00009C    23 acc1	=	0x9C
                           0000D1    24 mcnt0	=	0xD1
                           0000D2    25 mcnt1	=	0xD2
                           0000D3    26 ma	=	0xD3
                           0000D4    27 mb	=	0xD4
                           0000D5    28 mc	=	0xD5
                           00009D    29 acon	=	0x9D
                           0000D1    30 F1	=	0xD1	; user flag
                                     31 ;--------------------------------------------------------
                                     32 ; Public variables in this module
                                     33 ;--------------------------------------------------------
                                     34 	.globl __mulint_PARM_2
                                     35 	.globl __mulint
                                     36 ;--------------------------------------------------------
                                     37 ; special function registers
                                     38 ;--------------------------------------------------------
                                     39 ;--------------------------------------------------------
                                     40 ; special function bits
                                     41 ;--------------------------------------------------------
                                     42 ;--------------------------------------------------------
                                     43 ; overlayable register banks
                                     44 ;--------------------------------------------------------
                                     45 	.area REG_BANK_0	(REL,OVR,DATA)
      000000                         46 	.ds 8
                                     47 ;--------------------------------------------------------
                                     48 ; internal ram data
                                     49 ;--------------------------------------------------------
                                     50 	.area DSEG    (DATA)
                                     51 ;--------------------------------------------------------
                                     52 ; overlayable items in internal ram 
                                     53 ;--------------------------------------------------------
                                     54 ;--------------------------------------------------------
                                     55 ; indirectly addressable internal ram data
                                     56 ;--------------------------------------------------------
                                     57 	.area ISEG    (DATA)
                                     58 ;--------------------------------------------------------
                                     59 ; absolute internal ram data
                                     60 ;--------------------------------------------------------
                                     61 	.area IABS    (ABS,DATA)
                                     62 	.area IABS    (ABS,DATA)
                                     63 ;--------------------------------------------------------
                                     64 ; bit data
                                     65 ;--------------------------------------------------------
                                     66 	.area BSEG    (BIT)
                                     67 ;--------------------------------------------------------
                                     68 ; paged external ram data
                                     69 ;--------------------------------------------------------
                                     70 	.area PSEG    (PAG,XDATA)
                                     71 ;--------------------------------------------------------
                                     72 ; external ram data
                                     73 ;--------------------------------------------------------
                                     74 	.area XSEG    (XDATA)
      000000                         75 __mulint_PARM_2:
      000000                         76 	.ds 2
                                     77 ;--------------------------------------------------------
                                     78 ; absolute external ram data
                                     79 ;--------------------------------------------------------
                                     80 	.area XABS    (ABS,XDATA)
                                     81 ;--------------------------------------------------------
                                     82 ; external initialized ram data
                                     83 ;--------------------------------------------------------
                                     84 	.area XISEG   (XDATA)
                                     85 ;--------------------------------------------------------
                                     86 ; global & static initialisations
                                     87 ;--------------------------------------------------------
                                     88 	.area HOME    (CODE)
                                     89 	.area GSINIT  (CODE)
                                     90 	.area GSFINAL (CODE)
                                     91 	.area GSINIT  (CODE)
                                     92 ;--------------------------------------------------------
                                     93 ; Home
                                     94 ;--------------------------------------------------------
                                     95 	.area HOME    (CODE)
                                     96 	.area HOME    (CODE)
                                     97 ;--------------------------------------------------------
                                     98 ; code
                                     99 ;--------------------------------------------------------
                                    100 	.area CSEG    (CODE)
                                    101 ;------------------------------------------------------------
                                    102 ;Allocation info for local variables in function '_mulint'
                                    103 ;------------------------------------------------------------
                                    104 ;b                         Allocated with name '__mulint_PARM_2'
                                    105 ;a                         Allocated to registers 
                                    106 ;------------------------------------------------------------
                                    107 ;	_mulint.c:64: _mulint (int a, int b)
                                    108 ;	-----------------------------------------
                                    109 ;	 function _mulint
                                    110 ;	-----------------------------------------
      000000                        111 __mulint:
                           000002   112 	ar2 = 0x02
                           000003   113 	ar3 = 0x03
                           000004   114 	ar4 = 0x04
                           000005   115 	ar5 = 0x05
                           000006   116 	ar6 = 0x06
                           000007   117 	ar7 = 0x07
                           000000   118 	ar0 = 0x00
                           000001   119 	ar1 = 0x01
                                    120 ;	_mulint.c:112: __endasm;
      000000 AA 83            [ 8]  121 	mov r2,dph ; msb_a
      000002 AB 82            [ 8]  122 	mov r3,dpl ; lsb_a
      000004 8B F0            [ 8]  123 	mov b,r3 ; lsb_a
      000006 90s00r00r00      [12]  124 	mov dptr,#__mulint_PARM_2
      00000A E0               [ 8]  125 	movx a,@dptr ; lsb_b
      00000B A4               [20]  126 	mul ab ; lsb_a*lsb_b
      00000C F8               [ 4]  127 	mov r0,a
      00000D A9 F0            [ 8]  128 	mov r1,b
      00000F 8A F0            [ 8]  129 	mov b,r2 ; msb_a
      000011 E0               [ 8]  130 	movx a,@dptr ; lsb_b
      000012 A4               [20]  131 	mul ab ; msb_a*lsb_b
      000013 29               [ 4]  132 	add a,r1
      000014 F9               [ 4]  133 	mov r1,a
      000015 8B F0            [ 8]  134 	mov b,r3 ; lsb_a
      000017 A3               [12]  135 	inc dptr
      000018 E0               [ 8]  136 	movx a,@dptr ; msb_b
      000019 A4               [20]  137 	mul ab ; lsb_a*msb_b
      00001A 29               [ 4]  138 	add a,r1
      00001B F5 83            [ 8]  139 	mov dph,a
      00001D 88 82            [ 8]  140 	mov dpl,r0
      00001F 22               [16]  141 	ret
      000020                        142 00101$:
      000020 22               [16]  143 	ret
                                    144 	.area CSEG    (CODE)
                                    145 	.area CONST   (CODE)
                                    146 	.area XINIT   (CODE)
                                    147 	.area CABS    (ABS,CODE)
