                                      1 ;--------------------------------------------------------
                                      2 ; File Created by SDCC : free open source ANSI-C Compiler
                                      3 ; Version 3.5.0 #9253 (Apr  4 2022) (Linux)
                                      4 ; This file was generated Mon Apr  4 14:10:27 2022
                                      5 ;--------------------------------------------------------
                                      6 	.module _realloc
                                      7 	.optsdcc -mds390 --model-flat24
                                      8 	
                                      9 ;--------------------------------------------------------
                                     10 ; CPU specific extensions
                                     11 ;--------------------------------------------------------
                                     12 	.DS80C390
                                     13 	.amode	2	; 24 bit flat addressing
                           000082    14 dpl	=	0x82
                           000083    15 dph	=	0x83
                           000084    16 dpl1	=	0x84
                           000085    17 dph1	=	0x85
                           000086    18 dps	=	0x86
                           000093    19 dpx	=	0x93
                           000095    20 dpx1	=	0x95
                           00009B    21 esp	=	0x9B
                           00009C    22 ap	=	0x9C
                           00009C    23 acc1	=	0x9C
                           0000D1    24 mcnt0	=	0xD1
                           0000D2    25 mcnt1	=	0xD2
                           0000D3    26 ma	=	0xD3
                           0000D4    27 mb	=	0xD4
                           0000D5    28 mc	=	0xD5
                           00009D    29 acon	=	0x9D
                           0000D1    30 F1	=	0xD1	; user flag
                                     31 ;--------------------------------------------------------
                                     32 ; Public variables in this module
                                     33 ;--------------------------------------------------------
                                     34 	.globl __sdcc_find_memheader
                                     35 	.globl _memmove
                                     36 	.globl _memcpy
                                     37 	.globl _free
                                     38 	.globl _malloc
                                     39 	.globl _realloc_PARM_2
                                     40 	.globl _realloc
                                     41 ;--------------------------------------------------------
                                     42 ; special function registers
                                     43 ;--------------------------------------------------------
                                     44 ;--------------------------------------------------------
                                     45 ; special function bits
                                     46 ;--------------------------------------------------------
                                     47 ;--------------------------------------------------------
                                     48 ; overlayable register banks
                                     49 ;--------------------------------------------------------
                                     50 	.area REG_BANK_0	(REL,OVR,DATA)
      000000                         51 	.ds 8
                                     52 ;--------------------------------------------------------
                                     53 ; internal ram data
                                     54 ;--------------------------------------------------------
                                     55 	.area DSEG    (DATA)
                                     56 ;--------------------------------------------------------
                                     57 ; overlayable items in internal ram 
                                     58 ;--------------------------------------------------------
                                     59 ;--------------------------------------------------------
                                     60 ; indirectly addressable internal ram data
                                     61 ;--------------------------------------------------------
                                     62 	.area ISEG    (DATA)
                                     63 ;--------------------------------------------------------
                                     64 ; absolute internal ram data
                                     65 ;--------------------------------------------------------
                                     66 	.area IABS    (ABS,DATA)
                                     67 	.area IABS    (ABS,DATA)
                                     68 ;--------------------------------------------------------
                                     69 ; bit data
                                     70 ;--------------------------------------------------------
                                     71 	.area BSEG    (BIT)
                                     72 ;--------------------------------------------------------
                                     73 ; paged external ram data
                                     74 ;--------------------------------------------------------
                                     75 	.area PSEG    (PAG,XDATA)
                                     76 ;--------------------------------------------------------
                                     77 ; external ram data
                                     78 ;--------------------------------------------------------
                                     79 	.area XSEG    (XDATA)
      000000                         80 _realloc_PARM_2:
      000000                         81 	.ds 2
      000002                         82 _realloc_p_1_27:
      000002                         83 	.ds 4
      000006                         84 _realloc_pthis_1_28:
      000006                         85 	.ds 3
      000009                         86 _realloc_pnew_1_28:
      000009                         87 	.ds 3
      00000C                         88 _realloc_sloc0_1_0:
      00000C                         89 	.ds 4
                                     90 ;--------------------------------------------------------
                                     91 ; absolute external ram data
                                     92 ;--------------------------------------------------------
                                     93 	.area XABS    (ABS,XDATA)
                                     94 ;--------------------------------------------------------
                                     95 ; external initialized ram data
                                     96 ;--------------------------------------------------------
                                     97 	.area XISEG   (XDATA)
                                     98 ;--------------------------------------------------------
                                     99 ; global & static initialisations
                                    100 ;--------------------------------------------------------
                                    101 	.area HOME    (CODE)
                                    102 	.area GSINIT  (CODE)
                                    103 	.area GSFINAL (CODE)
                                    104 	.area GSINIT  (CODE)
                                    105 ;--------------------------------------------------------
                                    106 ; Home
                                    107 ;--------------------------------------------------------
                                    108 	.area HOME    (CODE)
                                    109 	.area HOME    (CODE)
                                    110 ;--------------------------------------------------------
                                    111 ; code
                                    112 ;--------------------------------------------------------
                                    113 	.area CSEG    (CODE)
                                    114 ;------------------------------------------------------------
                                    115 ;Allocation info for local variables in function 'realloc'
                                    116 ;------------------------------------------------------------
                                    117 ;size                      Allocated with name '_realloc_PARM_2'
                                    118 ;p                         Allocated with name '_realloc_p_1_27'
                                    119 ;pthis                     Allocated with name '_realloc_pthis_1_28'
                                    120 ;pnew                      Allocated with name '_realloc_pnew_1_28'
                                    121 ;ret                       Allocated to registers r2 r3 r4 
                                    122 ;sloc0                     Allocated with name '_realloc_sloc0_1_0'
                                    123 ;------------------------------------------------------------
                                    124 ;	_realloc.c:84: void __xdata * realloc (void * p, size_t size)
                                    125 ;	-----------------------------------------
                                    126 ;	 function realloc
                                    127 ;	-----------------------------------------
      000000                        128 _realloc:
                           000002   129 	ar2 = 0x02
                           000003   130 	ar3 = 0x03
                           000004   131 	ar4 = 0x04
                           000005   132 	ar5 = 0x05
                           000006   133 	ar6 = 0x06
                           000007   134 	ar7 = 0x07
                           000000   135 	ar0 = 0x00
                           000001   136 	ar1 = 0x01
      000000 75 86 01         [12]  137 	mov     dps, #1
      000003 90s00r00r02      [12]  138 	mov     dptr, #_realloc_p_1_27
      000007 E5 82            [ 8]  139 	mov	a,dpl
      000009 F0               [ 8]  140 	movx	@dptr,a
      00000A A3               [12]  141 	inc	dptr
      00000B E5 83            [ 8]  142 	mov	a,dph
      00000D F0               [ 8]  143 	movx	@dptr,a
      00000E A3               [12]  144 	inc	dptr
      00000F E5 93            [ 8]  145 	mov	a,dpx
      000011 F0               [ 8]  146 	movx	@dptr,a
      000012 A3               [12]  147 	inc	dptr
      000013 E5 F0            [ 8]  148 	mov	a,b
      000015 F0               [ 8]  149 	movx	@dptr,a
      000016 75 86 00         [12]  150 	mov	dps,#0
                                    151 ;	_realloc.c:92: pthis = _sdcc_find_memheader(p);
      000019 90s00r00r02      [12]  152 	mov	dptr,#_realloc_p_1_27
                                    153 ;	genAssign: resultIsFar = FALSE
      00001D E0               [ 8]  154 	movx	a,@dptr
      00001E FE               [ 4]  155 	mov	r6,a
      00001F A3               [12]  156 	inc	dptr
      000020 E0               [ 8]  157 	movx	a,@dptr
      000021 FF               [ 4]  158 	mov	r7,a
      000022 A3               [12]  159 	inc	dptr
      000023 E0               [ 8]  160 	movx	a,@dptr
      000024 F8               [ 4]  161 	mov	r0,a
      000025 A3               [12]  162 	inc	dptr
      000026 E0               [ 8]  163 	movx	a,@dptr
      000027 F9               [ 4]  164 	mov	r1,a
      000028 8E 82            [ 8]  165 	mov	dpl,r6
      00002A 8F 83            [ 8]  166 	mov	dph,r7
      00002C 88 93            [ 8]  167 	mov	dpx,r0
      00002E 12s00r00r00      [16]  168 	lcall	__sdcc_find_memheader
      000032 AE 82            [ 8]  169 	mov	r6,dpl
      000034 AF 83            [ 8]  170 	mov	r7,dph
      000036 A8 93            [ 8]  171 	mov	r0,dpx
                                    172 ;	genAssign: resultIsFar = TRUE
      000038 90s00r00r06      [12]  173 	mov	dptr,#_realloc_pthis_1_28
      00003C EE               [ 4]  174 	mov	a,r6
      00003D F0               [ 8]  175 	movx	@dptr,a
      00003E A3               [12]  176 	inc	dptr
      00003F EF               [ 4]  177 	mov	a,r7
      000040 F0               [ 8]  178 	movx	@dptr,a
      000041 A3               [12]  179 	inc	dptr
      000042 E8               [ 4]  180 	mov	a,r0
      000043 F0               [ 8]  181 	movx	@dptr,a
                                    182 ;	_realloc.c:93: if (pthis)
      000044 90s00r00r06      [12]  183 	mov	dptr,#_realloc_pthis_1_28
      000048 E0               [ 8]  184 	movx	a,@dptr
      000049 F5 F0            [ 8]  185 	mov	b,a
      00004B A3               [12]  186 	inc	dptr
      00004C E0               [ 8]  187 	movx	a,@dptr
      00004D 42 F0            [ 8]  188 	orl	b,a
      00004F A3               [12]  189 	inc	dptr
      000050 E0               [ 8]  190 	movx	a,@dptr
      000051 45 F0            [ 8]  191 	orl	a,b
      000053 70 04            [12]  192 	jnz	00136$
      000055 02s00r03r2F      [16]  193 	ljmp	00114$
      000059                        194 00136$:
                                    195 ;	_realloc.c:95: if (size > (0xFFFF-HEADER_SIZE))
      000059 90s00r00r00      [12]  196 	mov	dptr,#_realloc_PARM_2
      00005D C3               [ 4]  197 	clr	c
      00005E 74 FA            [ 8]  198 	mov	a,#0xFA
      000060 C5 F0            [ 8]  199 	xch	a, b
      000062 E0               [ 8]  200 	movx	a,@dptr
      000063 C5 F0            [ 8]  201 	xch	a, b
      000065 95 F0            [ 8]  202 	subb	a,b
      000067 74 FF            [ 8]  203 	mov	a,#0xFF
      000069 C5 F0            [ 8]  204 	xch	a, b
      00006B A3               [12]  205 	inc	dptr
      00006C E0               [ 8]  206 	movx	a,@dptr
      00006D C5 F0            [ 8]  207 	xch	a, b
      00006F 95 F0            [ 8]  208 	subb	a,b
      000071 50 0A            [12]  209 	jnc  00111$
      000073                        210 00137$:
                                    211 ;	_realloc.c:97: ret = (void __xdata *) NULL; //To prevent overflow in next line
                                    212 ;	genAssign: resultIsFar = TRUE
      000073 7A 00            [ 8]  213 	mov	r2,#0x00
      000075 7B 00            [ 8]  214 	mov	r3,#0x00
      000077 7C 00            [ 8]  215 	mov	r4,#0x00
      000079 02s00r03r4F      [16]  216 	ljmp	00115$
      00007D                        217 00111$:
                                    218 ;	_realloc.c:101: size += HEADER_SIZE; //We need a memory for header too
      00007D 90s00r00r00      [12]  219 	mov	dptr,#_realloc_PARM_2
      000081 E0               [ 8]  220 	movx	a,@dptr
      000082 24 05            [ 8]  221 	add	a,#0x05
      000084 F0               [ 8]  222 	movx	@dptr,a
      000085 A3               [12]  223 	inc	dptr
      000086 E0               [ 8]  224 	movx	a,@dptr
      000087 34 00            [ 8]  225 	addc	a,#0x00
      000089 F0               [ 8]  226 	movx	@dptr,a
                                    227 ;	_realloc.c:103: if ((((unsigned int)pthis->next) - ((unsigned int)pthis)) >= size)
      00008A 90s00r00r06      [12]  228 	mov	dptr,#_realloc_pthis_1_28
      00008E E0               [ 8]  229 	movx	a,@dptr
      00008F C0 E0            [ 8]  230 	push	acc
      000091 A3               [12]  231 	inc	dptr
      000092 E0               [ 8]  232 	movx	a,@dptr
      000093 C0 E0            [ 8]  233 	push	acc
      000095 A3               [12]  234 	inc	dptr
      000096 E0               [ 8]  235 	movx	a,@dptr
      000097 F5 93            [ 8]  236 	mov	dpx,a
      000099 D0 83            [ 8]  237 	pop	dph
      00009B D0 82            [ 8]  238 	pop	dpl
      00009D E0               [ 8]  239 	movx	a,@dptr
      00009E A3               [12]  240 	inc	dptr
      00009F F9               [ 4]  241 	mov	r1,a
      0000A0 E0               [ 8]  242 	movx	a,@dptr
      0000A1 A3               [12]  243 	inc	dptr
      0000A2 FA               [ 4]  244 	mov	r2,a
      0000A3 E0               [ 8]  245 	movx	a,@dptr
      0000A4 FB               [ 4]  246 	mov	r3,a
      0000A5 89 04            [ 8]  247 	mov	ar4,r1
      0000A7 8A 05            [ 8]  248 	mov	ar5,r2
      0000A9 90s00r00r06      [12]  249 	mov	dptr,#_realloc_pthis_1_28
                                    250 ;	genAssign: resultIsFar = FALSE
      0000AD E0               [ 8]  251 	movx	a,@dptr
      0000AE FE               [ 4]  252 	mov	r6,a
      0000AF A3               [12]  253 	inc	dptr
      0000B0 E0               [ 8]  254 	movx	a,@dptr
      0000B1 FF               [ 4]  255 	mov	r7,a
      0000B2 A3               [12]  256 	inc	dptr
      0000B3 E0               [ 8]  257 	movx	a,@dptr
      0000B4 F8               [ 4]  258 	mov	r0,a
      0000B5 C3               [ 4]  259 	clr	c
      0000B6 EC               [ 4]  260 	mov	a,r4
      0000B7 9E               [ 4]  261 	subb	a,r6
      0000B8 FC               [ 4]  262 	mov	r4,a
      0000B9 ED               [ 4]  263 	mov	a,r5
      0000BA 9F               [ 4]  264 	subb	a,r7
      0000BB FD               [ 4]  265 	mov	r5,a
      0000BC 90s00r00r00      [12]  266 	mov	dptr,#_realloc_PARM_2
      0000C0 C3               [ 4]  267 	clr	c
      0000C1 EC               [ 4]  268 	mov	a,r4
      0000C2 C5 F0            [ 8]  269 	xch	a, b
      0000C4 E0               [ 8]  270 	movx	a,@dptr
      0000C5 C5 F0            [ 8]  271 	xch	a, b
      0000C7 95 F0            [ 8]  272 	subb	a,b
      0000C9 ED               [ 4]  273 	mov	a,r5
      0000CA C5 F0            [ 8]  274 	xch	a, b
      0000CC A3               [12]  275 	inc	dptr
      0000CD E0               [ 8]  276 	movx	a,@dptr
      0000CE C5 F0            [ 8]  277 	xch	a, b
      0000D0 95 F0            [ 8]  278 	subb	a,b
      0000D2 40 3E            [12]  279 	jc   00108$
      0000D4                        280 00138$:
                                    281 ;	_realloc.c:105: pthis->len = size;
      0000D4 90s00r00r06      [12]  282 	mov	dptr,#_realloc_pthis_1_28
      0000D8 E0               [ 8]  283 	movx	a,@dptr
      0000D9 24 03            [ 8]  284 	add	a,#0x03
      0000DB F5 84            [ 8]  285 	mov	dpl1,a
      0000DD A3               [12]  286 	inc	dptr
      0000DE E0               [ 8]  287 	movx	a,@dptr
      0000DF 34 00            [ 8]  288 	addc	a,#0x00
      0000E1 F5 85            [ 8]  289 	mov	dph1,a
      0000E3 A3               [12]  290 	inc	dptr
      0000E4 E0               [ 8]  291 	movx	a,@dptr
      0000E5 34 00            [ 8]  292 	addc	a,#0x00
      0000E7 F5 95            [ 8]  293 	mov	dpx1,a
      0000E9 90s00r00r00      [12]  294 	mov	dptr,#_realloc_PARM_2
      0000ED E0               [ 8]  295 	movx	a,@dptr
      0000EE 75 86 01         [12]  296 	mov	dps,#1
      0000F1 F0               [ 8]  297 	movx	@dptr,a
      0000F2 A3               [12]  298 	inc	dptr
      0000F3 75 86 00         [12]  299 	mov	dps,#0
      0000F6 A3               [12]  300 	inc	dptr
      0000F7 E0               [ 8]  301 	movx	a,@dptr
      0000F8 75 86 01         [12]  302 	mov	dps,#1
      0000FB F0               [ 8]  303 	movx	@dptr,a
      0000FC 75 86 00         [12]  304 	mov	dps,#0
                                    305 ;	_realloc.c:106: ret = p;
      0000FF 90s00r00r02      [12]  306 	mov	dptr,#_realloc_p_1_27
                                    307 ;	genAssign: resultIsFar = FALSE
      000103 E0               [ 8]  308 	movx	a,@dptr
      000104 FA               [ 4]  309 	mov	r2,a
      000105 A3               [12]  310 	inc	dptr
      000106 E0               [ 8]  311 	movx	a,@dptr
      000107 FB               [ 4]  312 	mov	r3,a
      000108 A3               [12]  313 	inc	dptr
      000109 E0               [ 8]  314 	movx	a,@dptr
      00010A FC               [ 4]  315 	mov	r4,a
      00010B A3               [12]  316 	inc	dptr
      00010C E0               [ 8]  317 	movx	a,@dptr
      00010D FD               [ 4]  318 	mov	r5,a
      00010E 02s00r03r4F      [16]  319 	ljmp	00115$
      000112                        320 00108$:
                                    321 ;	_realloc.c:110: if ((_sdcc_prev_memheader) &&
      000112 90s00r00r00      [12]  322 	mov	dptr,#__sdcc_prev_memheader
                                    323 ;	genAssign: resultIsFar = FALSE
      000116 E0               [ 8]  324 	movx	a,@dptr
      000117 F5 84            [ 8]  325 	mov	dpl1,a
      000119 A3               [12]  326 	inc	dptr
      00011A E0               [ 8]  327 	movx	a,@dptr
      00011B F5 85            [ 8]  328 	mov	dph1,a
      00011D A3               [12]  329 	inc	dptr
      00011E E0               [ 8]  330 	movx	a,@dptr
      00011F F5 95            [ 8]  331 	mov	dpx1,a
      000121 85 84 F0         [12]  332 	mov	b,dpl1
      000124 E5 85            [ 8]  333 	mov	a,dph1
      000126 42 F0            [ 8]  334 	orl	b,a
      000128 E5 95            [ 8]  335 	mov	a,dpx1
      00012A 45 F0            [ 8]  336 	orl	a,b
      00012C 70 04            [12]  337 	jnz	00139$
      00012E 02s00r02r68      [16]  338 	ljmp	00104$
      000132                        339 00139$:
                                    340 ;	_realloc.c:111: ((((unsigned int)pthis->next) -
                                    341 ;	genAssign: resultIsFar = FALSE
                                    342 ;	_realloc.c:112: ((unsigned int)_sdcc_prev_memheader) -
                                    343 ;	genAssign: resultIsFar = FALSE
      000132 AB 84            [ 8]  344 	mov	r3,dpl1
      000134 AF 85            [ 8]  345 	mov	r7,dph1
      000136 A8 95            [ 8]  346 	mov	r0,dpx1
      000138 C3               [ 4]  347 	clr	c
      000139 E9               [ 4]  348 	mov	a,r1
      00013A 9B               [ 4]  349 	subb	a,r3
      00013B F9               [ 4]  350 	mov	r1,a
      00013C EA               [ 4]  351 	mov	a,r2
      00013D 9F               [ 4]  352 	subb	a,r7
      00013E FA               [ 4]  353 	mov	r2,a
                                    354 ;	_realloc.c:113: _sdcc_prev_memheader->len) >= size))
      00013F 85 95 93         [12]  355 	mov	dpx,dpx1
      000142 85 85 83         [12]  356 	mov	dph,dph1
      000145 85 84 82         [12]  357 	mov	dpl,dpl1
      000148 A3               [12]  358 	inc	dptr
      000149 A3               [12]  359 	inc	dptr
      00014A A3               [12]  360 	inc	dptr
      00014B E0               [ 8]  361 	movx	a,@dptr
      00014C A3               [12]  362 	inc	dptr
      00014D FB               [ 4]  363 	mov	r3,a
      00014E E0               [ 8]  364 	movx	a,@dptr
      00014F FF               [ 4]  365 	mov	r7,a
      000150 C3               [ 4]  366 	clr	c
      000151 E9               [ 4]  367 	mov	a,r1
      000152 9B               [ 4]  368 	subb	a,r3
      000153 F9               [ 4]  369 	mov	r1,a
      000154 EA               [ 4]  370 	mov	a,r2
      000155 9F               [ 4]  371 	subb	a,r7
      000156 FA               [ 4]  372 	mov	r2,a
      000157 90s00r00r00      [12]  373 	mov	dptr,#_realloc_PARM_2
      00015B C3               [ 4]  374 	clr	c
      00015C E9               [ 4]  375 	mov	a,r1
      00015D C5 F0            [ 8]  376 	xch	a, b
      00015F E0               [ 8]  377 	movx	a,@dptr
      000160 C5 F0            [ 8]  378 	xch	a, b
      000162 95 F0            [ 8]  379 	subb	a,b
      000164 EA               [ 4]  380 	mov	a,r2
      000165 C5 F0            [ 8]  381 	xch	a, b
      000167 A3               [12]  382 	inc	dptr
      000168 E0               [ 8]  383 	movx	a,@dptr
      000169 C5 F0            [ 8]  384 	xch	a, b
      00016B 95 F0            [ 8]  385 	subb	a,b
      00016D 50 04            [12]  386 	jnc	00140$
      00016F 02s00r02r68      [16]  387 	ljmp	00104$
      000173                        388 00140$:
                                    389 ;	_realloc.c:115: pnew = (MEMHEADER __xdata * )((char __xdata *)_sdcc_prev_memheader + _sdcc_prev_memheader->len);
                                    390 ;	genAssign: resultIsFar = FALSE
      000173 AA 84            [ 8]  391 	mov	r2,dpl1
      000175 A8 85            [ 8]  392 	mov	r0,dph1
      000177 A9 95            [ 8]  393 	mov	r1,dpx1
      000179 EB               [ 4]  394 	mov	a,r3
      00017A 2A               [ 4]  395 	add	a,r2
      00017B FA               [ 4]  396 	mov	r2,a
      00017C EF               [ 4]  397 	mov	a,r7
      00017D 38               [ 4]  398 	addc	a,r0
      00017E F8               [ 4]  399 	mov	r0,a
      00017F E4               [ 4]  400 	clr	a
      000180 39               [ 4]  401 	addc	a,r1
      000181 F9               [ 4]  402 	mov	r1,a
      000182 90s00r00r09      [12]  403 	mov	dptr,#_realloc_pnew_1_28
      000186 EA               [ 4]  404 	mov	a,r2
      000187 F0               [ 8]  405 	movx	@dptr,a
      000188 A3               [12]  406 	inc	dptr
      000189 E8               [ 4]  407 	mov	a,r0
      00018A F0               [ 8]  408 	movx	@dptr,a
      00018B A3               [12]  409 	inc	dptr
      00018C E9               [ 4]  410 	mov	a,r1
      00018D F0               [ 8]  411 	movx	@dptr,a
                                    412 ;	_realloc.c:116: _sdcc_prev_memheader->next = pnew;
      00018E 90s00r00r09      [12]  413 	mov	dptr,#_realloc_pnew_1_28
      000192 E0               [ 8]  414 	movx	a,@dptr
      000193 75 86 01         [12]  415 	mov	dps,#1
      000196 F0               [ 8]  416 	movx	@dptr,a
      000197 A3               [12]  417 	inc	dptr
      000198 75 86 00         [12]  418 	mov	dps,#0
      00019B A3               [12]  419 	inc	dptr
      00019C E0               [ 8]  420 	movx	a,@dptr
      00019D 75 86 01         [12]  421 	mov	dps,#1
      0001A0 F0               [ 8]  422 	movx	@dptr,a
      0001A1 A3               [12]  423 	inc	dptr
      0001A2 75 86 00         [12]  424 	mov	dps,#0
      0001A5 A3               [12]  425 	inc	dptr
      0001A6 E0               [ 8]  426 	movx	a,@dptr
      0001A7 75 86 01         [12]  427 	mov	dps,#1
      0001AA F0               [ 8]  428 	movx	@dptr,a
      0001AB 75 86 00         [12]  429 	mov	dps,#0
                                    430 ;	_realloc.c:122: memmove(pnew, pthis, pthis->len);
      0001AE 90s00r00r09      [12]  431 	mov	dptr,#_realloc_pnew_1_28
                                    432 ;	genAssign: resultIsFar = FALSE
      0001B2 E0               [ 8]  433 	movx	a,@dptr
      0001B3 FB               [ 4]  434 	mov	r3,a
      0001B4 A3               [12]  435 	inc	dptr
      0001B5 E0               [ 8]  436 	movx	a,@dptr
      0001B6 FC               [ 4]  437 	mov	r4,a
      0001B7 A3               [12]  438 	inc	dptr
      0001B8 E0               [ 8]  439 	movx	a,@dptr
      0001B9 FD               [ 4]  440 	mov	r5,a
      0001BA 7E 00            [ 8]  441 	mov	r6,#0x00
      0001BC 90s00r00r06      [12]  442 	mov	dptr,#_realloc_pthis_1_28
                                    443 ;	genAssign: resultIsFar = FALSE
      0001C0 E0               [ 8]  444 	movx	a,@dptr
      0001C1 FF               [ 4]  445 	mov	r7,a
      0001C2 A3               [12]  446 	inc	dptr
      0001C3 E0               [ 8]  447 	movx	a,@dptr
      0001C4 FA               [ 4]  448 	mov	r2,a
      0001C5 A3               [12]  449 	inc	dptr
      0001C6 E0               [ 8]  450 	movx	a,@dptr
      0001C7 F8               [ 4]  451 	mov	r0,a
      0001C8 90s00r00r0C      [12]  452 	mov	dptr,#_realloc_sloc0_1_0
      0001CC EF               [ 4]  453 	mov	a,r7
      0001CD F0               [ 8]  454 	movx	@dptr,a
      0001CE A3               [12]  455 	inc	dptr
      0001CF EA               [ 4]  456 	mov	a,r2
      0001D0 F0               [ 8]  457 	movx	@dptr,a
      0001D1 A3               [12]  458 	inc	dptr
      0001D2 E8               [ 4]  459 	mov	a,r0
      0001D3 F0               [ 8]  460 	movx	@dptr,a
      0001D4 A3               [12]  461 	inc	dptr
      0001D5 E4               [ 4]  462 	clr	a
      0001D6 F0               [ 8]  463 	movx	@dptr,a
      0001D7 90s00r00r06      [12]  464 	mov	dptr,#_realloc_pthis_1_28
      0001DB E0               [ 8]  465 	movx	a,@dptr
      0001DC 24 03            [ 8]  466 	add	a,#0x03
      0001DE F5 84            [ 8]  467 	mov	dpl1,a
      0001E0 A3               [12]  468 	inc	dptr
      0001E1 E0               [ 8]  469 	movx	a,@dptr
      0001E2 34 00            [ 8]  470 	addc	a,#0x00
      0001E4 F5 85            [ 8]  471 	mov	dph1,a
      0001E6 A3               [12]  472 	inc	dptr
      0001E7 E0               [ 8]  473 	movx	a,@dptr
      0001E8 34 00            [ 8]  474 	addc	a,#0x00
      0001EA F5 95            [ 8]  475 	mov	dpx1,a
      0001EC 05 86            [ 8]  476 	inc	dps
      0001EE E0               [ 8]  477 	movx	a,@dptr
      0001EF A3               [12]  478 	inc	dptr
      0001F0 FA               [ 4]  479 	mov	r2,a
      0001F1 E0               [ 8]  480 	movx	a,@dptr
      0001F2 FF               [ 4]  481 	mov	r7,a
      0001F3 75 86 00         [12]  482 	mov	dps,#0
      0001F6 90s00r00r0C      [12]  483 	mov	dptr,#_realloc_sloc0_1_0
                                    484 ;	genAssign: resultIsFar = TRUE
      0001FA 75 86 21         [12]  485 	mov	dps,#0x21
      0001FD 90s00r00r00      [12]  486 	mov	dptr,#_memmove_PARM_2
      000201 E0               [ 8]  487 	movx	a,@dptr
      000202 F0               [ 8]  488 	movx	@dptr,a
      000203 A3               [12]  489 	inc	dptr
      000204 A3               [12]  490 	inc	dptr
      000205 E0               [ 8]  491 	movx	a,@dptr
      000206 F0               [ 8]  492 	movx	@dptr,a
      000207 A3               [12]  493 	inc	dptr
      000208 A3               [12]  494 	inc	dptr
      000209 E0               [ 8]  495 	movx	a,@dptr
      00020A F0               [ 8]  496 	movx	@dptr,a
      00020B A3               [12]  497 	inc	dptr
      00020C A3               [12]  498 	inc	dptr
      00020D E0               [ 8]  499 	movx	a,@dptr
      00020E F0               [ 8]  500 	movx	@dptr,a
      00020F 75 86 00         [12]  501 	mov	dps,#0
                                    502 ;	genAssign: resultIsFar = TRUE
      000212 90s00r00r00      [12]  503 	mov	dptr,#_memmove_PARM_3
      000216 EA               [ 4]  504 	mov	a,r2
      000217 F0               [ 8]  505 	movx	@dptr,a
      000218 A3               [12]  506 	inc	dptr
      000219 EF               [ 4]  507 	mov	a,r7
      00021A F0               [ 8]  508 	movx	@dptr,a
      00021B 8B 82            [ 8]  509 	mov	dpl,r3
      00021D 8C 83            [ 8]  510 	mov	dph,r4
      00021F 8D 93            [ 8]  511 	mov	dpx,r5
      000221 8E F0            [ 8]  512 	mov	b,r6
      000223 12s00r00r00      [16]  513 	lcall	_memmove
                                    514 ;	_realloc.c:123: pnew->len = size;
      000227 90s00r00r09      [12]  515 	mov	dptr,#_realloc_pnew_1_28
      00022B E0               [ 8]  516 	movx	a,@dptr
      00022C 24 03            [ 8]  517 	add	a,#0x03
      00022E F5 84            [ 8]  518 	mov	dpl1,a
      000230 A3               [12]  519 	inc	dptr
      000231 E0               [ 8]  520 	movx	a,@dptr
      000232 34 00            [ 8]  521 	addc	a,#0x00
      000234 F5 85            [ 8]  522 	mov	dph1,a
      000236 A3               [12]  523 	inc	dptr
      000237 E0               [ 8]  524 	movx	a,@dptr
      000238 34 00            [ 8]  525 	addc	a,#0x00
      00023A F5 95            [ 8]  526 	mov	dpx1,a
      00023C 90s00r00r00      [12]  527 	mov	dptr,#_realloc_PARM_2
      000240 E0               [ 8]  528 	movx	a,@dptr
      000241 75 86 01         [12]  529 	mov	dps,#1
      000244 F0               [ 8]  530 	movx	@dptr,a
      000245 A3               [12]  531 	inc	dptr
      000246 75 86 00         [12]  532 	mov	dps,#0
      000249 A3               [12]  533 	inc	dptr
      00024A E0               [ 8]  534 	movx	a,@dptr
      00024B 75 86 01         [12]  535 	mov	dps,#1
      00024E F0               [ 8]  536 	movx	@dptr,a
      00024F 75 86 00         [12]  537 	mov	dps,#0
                                    538 ;	_realloc.c:124: ret = MEM(pnew);
      000252 90s00r00r09      [12]  539 	mov	dptr,#_realloc_pnew_1_28
      000256 E0               [ 8]  540 	movx	a,@dptr
      000257 24 05            [ 8]  541 	add	a,#0x05
      000259 FA               [ 4]  542 	mov	r2,a
      00025A A3               [12]  543 	inc	dptr
      00025B E0               [ 8]  544 	movx	a,@dptr
      00025C 34 00            [ 8]  545 	addc	a,#0x00
      00025E FB               [ 4]  546 	mov	r3,a
      00025F A3               [12]  547 	inc	dptr
      000260 E0               [ 8]  548 	movx	a,@dptr
      000261 34 00            [ 8]  549 	addc	a,#0x00
      000263 FC               [ 4]  550 	mov	r4,a
      000264 02s00r03r4F      [16]  551 	ljmp	00115$
      000268                        552 00104$:
                                    553 ;	_realloc.c:128: ret = malloc(size - HEADER_SIZE);
      000268 90s00r00r00      [12]  554 	mov	dptr,#_realloc_PARM_2
      00026C E0               [ 8]  555 	movx	a,@dptr
      00026D 24 FB            [ 8]  556 	add	a,#0xFB
      00026F FA               [ 4]  557 	mov	r2,a
      000270 A3               [12]  558 	inc	dptr
      000271 E0               [ 8]  559 	movx	a,@dptr
      000272 34 FF            [ 8]  560 	addc	a,#0xFF
      000274 FB               [ 4]  561 	mov	r3,a
      000275 8A 82            [ 8]  562 	mov	dpl,r2
      000277 8B 83            [ 8]  563 	mov	dph,r3
      000279 12s00r00r00      [16]  564 	lcall	_malloc
      00027D AA 82            [ 8]  565 	mov	r2,dpl
      00027F AB 83            [ 8]  566 	mov	r3,dph
      000281 AC 93            [ 8]  567 	mov	r4,dpx
                                    568 ;	genAssign: resultIsFar = TRUE
                                    569 ;	_realloc.c:129: if (ret)
      000283 EA               [ 4]  570 	mov	a,r2
      000284 4B               [ 4]  571 	orl	a,r3
      000285 4C               [ 4]  572 	orl	a,r4
      000286 70 04            [12]  573 	jnz	00141$
      000288 02s00r03r4F      [16]  574 	ljmp	00115$
      00028C                        575 00141$:
                                    576 ;	_realloc.c:131: memcpy(ret, MEM(pthis), pthis->len - HEADER_SIZE);
                                    577 ;	genAssign: resultIsFar = FALSE
      00028C 7D 00            [ 8]  578 	mov	r5,#0x00
      00028E 90s00r00r06      [12]  579 	mov	dptr,#_realloc_pthis_1_28
      000292 E0               [ 8]  580 	movx	a,@dptr
      000293 24 05            [ 8]  581 	add	a,#0x05
      000295 FE               [ 4]  582 	mov	r6,a
      000296 A3               [12]  583 	inc	dptr
      000297 E0               [ 8]  584 	movx	a,@dptr
      000298 34 00            [ 8]  585 	addc	a,#0x00
      00029A FF               [ 4]  586 	mov	r7,a
      00029B A3               [12]  587 	inc	dptr
      00029C E0               [ 8]  588 	movx	a,@dptr
      00029D 34 00            [ 8]  589 	addc	a,#0x00
      00029F F8               [ 4]  590 	mov	r0,a
      0002A0 79 00            [ 8]  591 	mov	r1,#0x00
      0002A2 C0 02            [ 8]  592 	push	ar2
      0002A4 C0 03            [ 8]  593 	push	ar3
      0002A6 C0 04            [ 8]  594 	push	ar4
      0002A8 90s00r00r06      [12]  595 	mov	dptr,#_realloc_pthis_1_28
      0002AC E0               [ 8]  596 	movx	a,@dptr
      0002AD 24 03            [ 8]  597 	add	a,#0x03
      0002AF F5 84            [ 8]  598 	mov	dpl1,a
      0002B1 A3               [12]  599 	inc	dptr
      0002B2 E0               [ 8]  600 	movx	a,@dptr
      0002B3 34 00            [ 8]  601 	addc	a,#0x00
      0002B5 F5 85            [ 8]  602 	mov	dph1,a
      0002B7 A3               [12]  603 	inc	dptr
      0002B8 E0               [ 8]  604 	movx	a,@dptr
      0002B9 34 00            [ 8]  605 	addc	a,#0x00
      0002BB F5 95            [ 8]  606 	mov	dpx1,a
      0002BD 05 86            [ 8]  607 	inc	dps
      0002BF E0               [ 8]  608 	movx	a,@dptr
      0002C0 A3               [12]  609 	inc	dptr
      0002C1 FA               [ 4]  610 	mov	r2,a
      0002C2 E0               [ 8]  611 	movx	a,@dptr
      0002C3 FB               [ 4]  612 	mov	r3,a
      0002C4 75 86 00         [12]  613 	mov	dps,#0
      0002C7 EA               [ 4]  614 	mov	a,r2
      0002C8 24 FB            [ 8]  615 	add	a,#0xFB
      0002CA FA               [ 4]  616 	mov	r2,a
      0002CB EB               [ 4]  617 	mov	a,r3
      0002CC 34 FF            [ 8]  618 	addc	a,#0xFF
      0002CE FB               [ 4]  619 	mov	r3,a
                                    620 ;	genAssign: resultIsFar = TRUE
      0002CF 90s00r00r00      [12]  621 	mov	dptr,#_memcpy_PARM_2
      0002D3 EE               [ 4]  622 	mov	a,r6
      0002D4 F0               [ 8]  623 	movx	@dptr,a
      0002D5 A3               [12]  624 	inc	dptr
      0002D6 EF               [ 4]  625 	mov	a,r7
      0002D7 F0               [ 8]  626 	movx	@dptr,a
      0002D8 A3               [12]  627 	inc	dptr
      0002D9 E8               [ 4]  628 	mov	a,r0
      0002DA F0               [ 8]  629 	movx	@dptr,a
      0002DB A3               [12]  630 	inc	dptr
      0002DC E9               [ 4]  631 	mov	a,r1
      0002DD F0               [ 8]  632 	movx	@dptr,a
                                    633 ;	genAssign: resultIsFar = TRUE
      0002DE 90s00r00r00      [12]  634 	mov	dptr,#_memcpy_PARM_3
      0002E2 EA               [ 4]  635 	mov	a,r2
      0002E3 F0               [ 8]  636 	movx	@dptr,a
      0002E4 A3               [12]  637 	inc	dptr
      0002E5 EB               [ 4]  638 	mov	a,r3
      0002E6 F0               [ 8]  639 	movx	@dptr,a
      0002E7 C0 02            [ 8]  640 	push	ar2
      0002E9 C0 03            [ 8]  641 	push	ar3
      0002EB C0 04            [ 8]  642 	push	ar4
      0002ED 8A 82            [ 8]  643 	mov	dpl,r2
      0002EF 8B 83            [ 8]  644 	mov	dph,r3
      0002F1 8C 93            [ 8]  645 	mov	dpx,r4
      0002F3 8D F0            [ 8]  646 	mov	b,r5
      0002F5 12s00r00r00      [16]  647 	lcall	_memcpy
      0002F9 D0 04            [ 8]  648 	pop	ar4
      0002FB D0 03            [ 8]  649 	pop	ar3
      0002FD D0 02            [ 8]  650 	pop	ar2
                                    651 ;	_realloc.c:132: free(p);
      0002FF C0 02            [ 8]  652 	push	ar2
      000301 C0 03            [ 8]  653 	push	ar3
      000303 C0 04            [ 8]  654 	push	ar4
      000305 05 86            [ 8]  655 	inc	dps
      000307 90s00r00r02      [12]  656 	mov	dptr,#_realloc_p_1_27
      00030B E0               [ 8]  657 	movx	a,@dptr
      00030C F5 82            [ 8]  658 	mov	dpl,a
      00030E A3               [12]  659 	inc	dptr
      00030F E0               [ 8]  660 	movx	a,@dptr
      000310 F5 83            [ 8]  661 	mov	dph,a
      000312 A3               [12]  662 	inc	dptr
      000313 E0               [ 8]  663 	movx	a,@dptr
      000314 F5 93            [ 8]  664 	mov	dpx,a
      000316 A3               [12]  665 	inc	dptr
      000317 E0               [ 8]  666 	movx	a,@dptr
      000318 F5 F0            [ 8]  667 	mov	b,a
      00031A 75 86 00         [12]  668 	mov	dps,#0
      00031D 12s00r00r00      [16]  669 	lcall	_free
      000321 D0 04            [ 8]  670 	pop	ar4
      000323 D0 03            [ 8]  671 	pop	ar3
      000325 D0 02            [ 8]  672 	pop	ar2
      000327 D0 04            [ 8]  673 	pop	ar4
      000329 D0 03            [ 8]  674 	pop	ar3
      00032B D0 02            [ 8]  675 	pop	ar2
      00032D 80 20            [12]  676 	sjmp 00115$
      00032F                        677 00114$:
                                    678 ;	_realloc.c:140: ret = malloc(size);
      00032F 05 86            [ 8]  679 	inc	dps
      000331 90s00r00r00      [12]  680 	mov	dptr,#_realloc_PARM_2
      000335 E0               [ 8]  681 	movx	a,@dptr
      000336 F5 82            [ 8]  682 	mov	dpl,a
      000338 A3               [12]  683 	inc	dptr
      000339 E0               [ 8]  684 	movx	a,@dptr
      00033A F5 83            [ 8]  685 	mov	dph,a
      00033C 75 86 00         [12]  686 	mov	dps,#0
      00033F 12s00r00r00      [16]  687 	lcall	_malloc
      000343 AD 82            [ 8]  688 	mov	r5,dpl
      000345 AE 83            [ 8]  689 	mov	r6,dph
      000347 AF 93            [ 8]  690 	mov	r7,dpx
                                    691 ;	genAssign: resultIsFar = TRUE
      000349 8D 02            [ 8]  692 	mov	ar2,r5
      00034B 8E 03            [ 8]  693 	mov	ar3,r6
      00034D 8F 04            [ 8]  694 	mov	ar4,r7
      00034F                        695 00115$:
                                    696 ;	_realloc.c:143: return ret;
      00034F 8A 82            [ 8]  697 	mov	dpl,r2
      000351 8B 83            [ 8]  698 	mov	dph,r3
      000353 8C 93            [ 8]  699 	mov	dpx,r4
      000355                        700 00116$:
      000355 22               [16]  701 	ret
                                    702 	.area CSEG    (CODE)
                                    703 	.area CONST   (CODE)
                                    704 	.area XINIT   (CODE)
                                    705 	.area CABS    (ABS,CODE)
