                                      1 ;--------------------------------------------------------
                                      2 ; File Created by SDCC : free open source ANSI-C Compiler
                                      3 ; Version 3.5.0 #9253 (Apr  4 2022) (Linux)
                                      4 ; This file was generated Mon Apr  4 14:10:26 2022
                                      5 ;--------------------------------------------------------
                                      6 	.module isalpha
                                      7 	.optsdcc -mds390 --model-flat24
                                      8 	
                                      9 ;--------------------------------------------------------
                                     10 ; CPU specific extensions
                                     11 ;--------------------------------------------------------
                                     12 	.DS80C390
                                     13 	.amode	2	; 24 bit flat addressing
                           000082    14 dpl	=	0x82
                           000083    15 dph	=	0x83
                           000084    16 dpl1	=	0x84
                           000085    17 dph1	=	0x85
                           000086    18 dps	=	0x86
                           000093    19 dpx	=	0x93
                           000095    20 dpx1	=	0x95
                           00009B    21 esp	=	0x9B
                           00009C    22 ap	=	0x9C
                           00009C    23 acc1	=	0x9C
                           0000D1    24 mcnt0	=	0xD1
                           0000D2    25 mcnt1	=	0xD2
                           0000D3    26 ma	=	0xD3
                           0000D4    27 mb	=	0xD4
                           0000D5    28 mc	=	0xD5
                           00009D    29 acon	=	0x9D
                           0000D1    30 F1	=	0xD1	; user flag
                                     31 ;--------------------------------------------------------
                                     32 ; Public variables in this module
                                     33 ;--------------------------------------------------------
                                     34 	.globl _isalpha
                                     35 ;--------------------------------------------------------
                                     36 ; special function registers
                                     37 ;--------------------------------------------------------
                                     38 ;--------------------------------------------------------
                                     39 ; special function bits
                                     40 ;--------------------------------------------------------
                                     41 ;--------------------------------------------------------
                                     42 ; overlayable register banks
                                     43 ;--------------------------------------------------------
                                     44 	.area REG_BANK_0	(REL,OVR,DATA)
      000000                         45 	.ds 8
                                     46 ;--------------------------------------------------------
                                     47 ; internal ram data
                                     48 ;--------------------------------------------------------
                                     49 	.area DSEG    (DATA)
                                     50 ;--------------------------------------------------------
                                     51 ; overlayable items in internal ram 
                                     52 ;--------------------------------------------------------
                                     53 ;--------------------------------------------------------
                                     54 ; indirectly addressable internal ram data
                                     55 ;--------------------------------------------------------
                                     56 	.area ISEG    (DATA)
                                     57 ;--------------------------------------------------------
                                     58 ; absolute internal ram data
                                     59 ;--------------------------------------------------------
                                     60 	.area IABS    (ABS,DATA)
                                     61 	.area IABS    (ABS,DATA)
                                     62 ;--------------------------------------------------------
                                     63 ; bit data
                                     64 ;--------------------------------------------------------
                                     65 	.area BSEG    (BIT)
                                     66 ;--------------------------------------------------------
                                     67 ; paged external ram data
                                     68 ;--------------------------------------------------------
                                     69 	.area PSEG    (PAG,XDATA)
                                     70 ;--------------------------------------------------------
                                     71 ; external ram data
                                     72 ;--------------------------------------------------------
                                     73 	.area XSEG    (XDATA)
                                     74 ;--------------------------------------------------------
                                     75 ; absolute external ram data
                                     76 ;--------------------------------------------------------
                                     77 	.area XABS    (ABS,XDATA)
                                     78 ;--------------------------------------------------------
                                     79 ; external initialized ram data
                                     80 ;--------------------------------------------------------
                                     81 	.area XISEG   (XDATA)
                                     82 ;--------------------------------------------------------
                                     83 ; global & static initialisations
                                     84 ;--------------------------------------------------------
                                     85 	.area HOME    (CODE)
                                     86 	.area GSINIT  (CODE)
                                     87 	.area GSFINAL (CODE)
                                     88 	.area GSINIT  (CODE)
                                     89 ;--------------------------------------------------------
                                     90 ; Home
                                     91 ;--------------------------------------------------------
                                     92 	.area HOME    (CODE)
                                     93 	.area HOME    (CODE)
                                     94 ;--------------------------------------------------------
                                     95 ; code
                                     96 ;--------------------------------------------------------
                                     97 	.area CSEG    (CODE)
                                     98 ;------------------------------------------------------------
                                     99 ;Allocation info for local variables in function 'isalpha'
                                    100 ;------------------------------------------------------------
                                    101 ;c                         Allocated to registers r2 r3 
                                    102 ;__00010004                Allocated to registers 
                                    103 ;__00010001                Allocated to registers 
                                    104 ;__00020002                Allocated to registers 
                                    105 ;c                         Allocated to registers 
                                    106 ;__00020005                Allocated to registers 
                                    107 ;c                         Allocated to registers 
                                    108 ;------------------------------------------------------------
                                    109 ;	isalpha.c:37: int isalpha (int c)
                                    110 ;	-----------------------------------------
                                    111 ;	 function isalpha
                                    112 ;	-----------------------------------------
      000000                        113 _isalpha:
                           000002   114 	ar2 = 0x02
                           000003   115 	ar3 = 0x03
                           000004   116 	ar4 = 0x04
                           000005   117 	ar5 = 0x05
                           000006   118 	ar6 = 0x06
                           000007   119 	ar7 = 0x07
                           000000   120 	ar0 = 0x00
                           000001   121 	ar1 = 0x01
                                    122 ;	../../device/include/ctype.h:80: return ((unsigned char)c >= 'A' && (unsigned char)c <= 'Z');
      000000 AA 82            [ 8]  123 	mov	r2,dpl
      000002 BA 41 00         [16]  124 	cjne	r2,#0x41,00122$
      000005                        125 00122$:
      000005 40 06            [12]  126 	jc   00110$
      000007                        127 00123$:
      000007 C3               [ 4]  128 	clr	c
      000008 74 5A            [ 8]  129 	mov	a,#0x5A
      00000A 9A               [ 4]  130 	subb	a,r2
      00000B 50 0F            [12]  131 	jnc  00106$
      00000D                        132 00124$:
      00000D                        133 00110$:
                                    134 ;	../../device/include/ctype.h:71: return ((unsigned char)c >= 'a' && (unsigned char)c <= 'z');
      00000D BA 61 00         [16]  135 	cjne	r2,#0x61,00125$
      000010                        136 00125$:
      000010 40 06            [12]  137 	jc   00113$
      000012                        138 00126$:
      000012 C3               [ 4]  139 	clr	c
      000013 74 7A            [ 8]  140 	mov	a,#0x7A
      000015 9A               [ 4]  141 	subb	a,r2
      000016 50 04            [12]  142 	jnc  00106$
      000018                        143 00127$:
      000018                        144 00113$:
                                    145 ;	isalpha.c:39: return (isupper (c) || islower (c));
                                    146 ;	genAssign: resultIsFar = FALSE
      000018 7A 00            [ 8]  147 	mov	r2,#0x00
      00001A 80 02            [12]  148 	sjmp 00107$
      00001C                        149 00106$:
                                    150 ;	genAssign: resultIsFar = FALSE
      00001C 7A 01            [ 8]  151 	mov	r2,#0x01
      00001E                        152 00107$:
      00001E 8A 84            [ 8]  153 	mov	dpl1,r2
      000020 EA               [ 4]  154 	mov	a,r2
      000021 33               [ 4]  155 	rlc	a
      000022 95 E0            [ 8]  156 	subb	a,acc
      000024 F5 85            [ 8]  157 	mov	dph1,a
      000026 85 84 82         [12]  158 	mov	dpl,dpl1
      000029 85 85 83         [12]  159 	mov	dph,dph1
      00002C                        160 00103$:
      00002C 22               [16]  161 	ret
                                    162 	.area CSEG    (CODE)
                                    163 	.area CONST   (CODE)
                                    164 	.area XINIT   (CODE)
                                    165 	.area CABS    (ABS,CODE)
