                              1 ;--------------------------------------------------------
                              2 ; File Created by SDCC : free open source ANSI-C Compiler
                              3 ; Version 3.5.0 #9253 (Apr  4 2022) (Linux)
                              4 ; This file was generated Mon Apr  4 14:15:26 2022
                              5 ;--------------------------------------------------------
                              6 	.module _divulonglong
                              7 	.optsdcc -mz80
                              8 	
                              9 ;--------------------------------------------------------
                             10 ; Public variables in this module
                             11 ;--------------------------------------------------------
                             12 	.globl __divulonglong
                             13 ;--------------------------------------------------------
                             14 ; special function registers
                             15 ;--------------------------------------------------------
                             16 ;--------------------------------------------------------
                             17 ; ram data
                             18 ;--------------------------------------------------------
                             19 	.area _DATA
                             20 ;--------------------------------------------------------
                             21 ; ram data
                             22 ;--------------------------------------------------------
                             23 	.area _INITIALIZED
                             24 ;--------------------------------------------------------
                             25 ; absolute external ram data
                             26 ;--------------------------------------------------------
                             27 	.area _DABS (ABS)
                             28 ;--------------------------------------------------------
                             29 ; global & static initialisations
                             30 ;--------------------------------------------------------
                             31 	.area _HOME
                             32 	.area _GSINIT
                             33 	.area _GSFINAL
                             34 	.area _GSINIT
                             35 ;--------------------------------------------------------
                             36 ; Home
                             37 ;--------------------------------------------------------
                             38 	.area _HOME
                             39 ;../_divulonglong.c:39: _divulonglong (unsigned long long x, unsigned long long y)
                             40 ;	---------------------------------
                             41 ; Function _divulonglong
                             42 ; ---------------------------------
   0000                      43 __divulonglong::
   0000 DD E5         [15]   44 	push	ix
   0002 DD 21 00 00   [14]   45 	ld	ix,#0
   0006 DD 39         [15]   46 	add	ix,sp
   0008 21 F8 FF      [10]   47 	ld	hl,#-8
   000B 39            [11]   48 	add	hl,sp
   000C F9            [ 6]   49 	ld	sp,hl
                             50 ;../_divulonglong.c:41: unsigned long long reste = 0L;
   000D AF            [ 4]   51 	xor	a, a
   000E DD 77 F8      [19]   52 	ld	-8 (ix),a
   0011 DD 77 F9      [19]   53 	ld	-7 (ix),a
   0014 DD 77 FA      [19]   54 	ld	-6 (ix),a
   0017 DD 77 FB      [19]   55 	ld	-5 (ix),a
   001A DD 77 FC      [19]   56 	ld	-4 (ix),a
   001D DD 77 FD      [19]   57 	ld	-3 (ix),a
   0020 DD 77 FE      [19]   58 	ld	-2 (ix),a
   0023 DD 77 FF      [19]   59 	ld	-1 (ix),a
                             60 ;../_divulonglong.c:42: unsigned char count = 64;
   0026 16 40         [ 7]   61 	ld	d,#0x40
                             62 ;../_divulonglong.c:45: do
   0028                      63 00105$:
                             64 ;../_divulonglong.c:48: c = MSB_SET(x);
   0028 DD 7E 0D      [19]   65 	ld	a,13 (ix)
   002B CB 07         [ 8]   66 	rlc	a
   002D E6 01         [ 7]   67 	and	a,#0x01
   002F 67            [ 4]   68 	ld	h,a
                             69 ;../_divulonglong.c:49: x <<= 1;
   0030 F5            [11]   70 	push	af
   0031 F1            [10]   71 	pop	af
   0032 DD CB 06 26   [23]   72 	sla	6 (ix)
   0036 DD CB 07 16   [23]   73 	rl	7 (ix)
   003A DD CB 08 16   [23]   74 	rl	8 (ix)
   003E DD CB 09 16   [23]   75 	rl	9 (ix)
   0042 DD CB 0A 16   [23]   76 	rl	10 (ix)
   0046 DD CB 0B 16   [23]   77 	rl	11 (ix)
   004A DD CB 0C 16   [23]   78 	rl	12 (ix)
   004E DD CB 0D 16   [23]   79 	rl	13 (ix)
                             80 ;../_divulonglong.c:50: reste <<= 1;
   0052 F5            [11]   81 	push	af
   0053 F1            [10]   82 	pop	af
   0054 DD CB F8 26   [23]   83 	sla	-8 (ix)
   0058 DD CB F9 16   [23]   84 	rl	-7 (ix)
   005C DD CB FA 16   [23]   85 	rl	-6 (ix)
   0060 DD CB FB 16   [23]   86 	rl	-5 (ix)
   0064 DD CB FC 16   [23]   87 	rl	-4 (ix)
   0068 DD CB FD 16   [23]   88 	rl	-3 (ix)
   006C DD CB FE 16   [23]   89 	rl	-2 (ix)
   0070 DD CB FF 16   [23]   90 	rl	-1 (ix)
                             91 ;../_divulonglong.c:51: if (c)
   0074 CB 44         [ 8]   92 	bit	0,h
   0076 28 04         [12]   93 	jr	Z,00102$
                             94 ;../_divulonglong.c:52: reste |= 1L;
   0078 DD CB F8 C6   [23]   95 	set	0, -8 (ix)
   007C                      96 00102$:
                             97 ;../_divulonglong.c:54: if (reste >= y)
   007C DD 7E F8      [19]   98 	ld	a,-8 (ix)
   007F DD 96 0E      [19]   99 	sub	a, 14 (ix)
   0082 DD 7E F9      [19]  100 	ld	a,-7 (ix)
   0085 DD 9E 0F      [19]  101 	sbc	a, 15 (ix)
   0088 DD 7E FA      [19]  102 	ld	a,-6 (ix)
   008B DD 9E 10      [19]  103 	sbc	a, 16 (ix)
   008E DD 7E FB      [19]  104 	ld	a,-5 (ix)
   0091 DD 9E 11      [19]  105 	sbc	a, 17 (ix)
   0094 DD 7E FC      [19]  106 	ld	a,-4 (ix)
   0097 DD 9E 12      [19]  107 	sbc	a, 18 (ix)
   009A DD 7E FD      [19]  108 	ld	a,-3 (ix)
   009D DD 9E 13      [19]  109 	sbc	a, 19 (ix)
   00A0 DD 7E FE      [19]  110 	ld	a,-2 (ix)
   00A3 DD 9E 14      [19]  111 	sbc	a, 20 (ix)
   00A6 DD 7E FF      [19]  112 	ld	a,-1 (ix)
   00A9 DD 9E 15      [19]  113 	sbc	a, 21 (ix)
   00AC 38 4C         [12]  114 	jr	C,00106$
                            115 ;../_divulonglong.c:56: reste -= y;
   00AE DD 7E F8      [19]  116 	ld	a,-8 (ix)
   00B1 DD 96 0E      [19]  117 	sub	a, 14 (ix)
   00B4 DD 77 F8      [19]  118 	ld	-8 (ix),a
   00B7 DD 7E F9      [19]  119 	ld	a,-7 (ix)
   00BA DD 9E 0F      [19]  120 	sbc	a, 15 (ix)
   00BD DD 77 F9      [19]  121 	ld	-7 (ix),a
   00C0 DD 7E FA      [19]  122 	ld	a,-6 (ix)
   00C3 DD 9E 10      [19]  123 	sbc	a, 16 (ix)
   00C6 DD 77 FA      [19]  124 	ld	-6 (ix),a
   00C9 DD 7E FB      [19]  125 	ld	a,-5 (ix)
   00CC DD 9E 11      [19]  126 	sbc	a, 17 (ix)
   00CF DD 77 FB      [19]  127 	ld	-5 (ix),a
   00D2 DD 7E FC      [19]  128 	ld	a,-4 (ix)
   00D5 DD 9E 12      [19]  129 	sbc	a, 18 (ix)
   00D8 DD 77 FC      [19]  130 	ld	-4 (ix),a
   00DB DD 7E FD      [19]  131 	ld	a,-3 (ix)
   00DE DD 9E 13      [19]  132 	sbc	a, 19 (ix)
   00E1 DD 77 FD      [19]  133 	ld	-3 (ix),a
   00E4 DD 7E FE      [19]  134 	ld	a,-2 (ix)
   00E7 DD 9E 14      [19]  135 	sbc	a, 20 (ix)
   00EA DD 77 FE      [19]  136 	ld	-2 (ix),a
   00ED DD 7E FF      [19]  137 	ld	a,-1 (ix)
   00F0 DD 9E 15      [19]  138 	sbc	a, 21 (ix)
   00F3 DD 77 FF      [19]  139 	ld	-1 (ix),a
                            140 ;../_divulonglong.c:58: x |= 1L;
   00F6 DD CB 06 C6   [23]  141 	set	0, 6 (ix)
   00FA                     142 00106$:
                            143 ;../_divulonglong.c:61: while (--count);
   00FA 7A            [ 4]  144 	ld	a,d
   00FB C6 FF         [ 7]  145 	add	a,#0xFF
   00FD 57            [ 4]  146 	ld	d,a
   00FE B7            [ 4]  147 	or	a, a
   00FF C2r28r00      [10]  148 	jp	NZ,00105$
                            149 ;../_divulonglong.c:62: return x;
   0102 21 0C 00      [10]  150 	ld	hl, #12
   0105 39            [11]  151 	add	hl, sp
   0106 5E            [ 7]  152 	ld	e, (hl)
   0107 23            [ 6]  153 	inc	hl
   0108 56            [ 7]  154 	ld	d, (hl)
   0109 21 0E 00      [10]  155 	ld	hl, #14
   010C 39            [11]  156 	add	hl, sp
   010D 01 08 00      [10]  157 	ld	bc, #8
   0110 ED B0         [21]  158 	ldir
   0112 DD F9         [10]  159 	ld	sp, ix
   0114 DD E1         [14]  160 	pop	ix
   0116 C9            [10]  161 	ret
                            162 	.area _HOME
                            163 ;--------------------------------------------------------
                            164 ; code
                            165 ;--------------------------------------------------------
                            166 	.area _CODE
                            167 	.area _CODE
                            168 	.area _INITIALIZER
                            169 	.area _CABS (ABS)
