                              1 ;--------------------------------------------------------
                              2 ; File Created by SDCC : free open source ANSI-C Compiler
                              3 ; Version 3.5.0 #9253 (Apr  4 2022) (Linux)
                              4 ; This file was generated Mon Apr  4 14:15:18 2022
                              5 ;--------------------------------------------------------
                              6 	.module _fs2schar
                              7 	.optsdcc -mz80
                              8 	
                              9 ;--------------------------------------------------------
                             10 ; Public variables in this module
                             11 ;--------------------------------------------------------
                             12 	.globl ___fs2slong
                             13 	.globl ___fs2schar
                             14 ;--------------------------------------------------------
                             15 ; special function registers
                             16 ;--------------------------------------------------------
                             17 ;--------------------------------------------------------
                             18 ; ram data
                             19 ;--------------------------------------------------------
                             20 	.area _DATA
                             21 ;--------------------------------------------------------
                             22 ; ram data
                             23 ;--------------------------------------------------------
                             24 	.area _INITIALIZED
                             25 ;--------------------------------------------------------
                             26 ; absolute external ram data
                             27 ;--------------------------------------------------------
                             28 	.area _DABS (ABS)
                             29 ;--------------------------------------------------------
                             30 ; global & static initialisations
                             31 ;--------------------------------------------------------
                             32 	.area _HOME
                             33 	.area _GSINIT
                             34 	.area _GSFINAL
                             35 	.area _GSINIT
                             36 ;--------------------------------------------------------
                             37 ; Home
                             38 ;--------------------------------------------------------
                             39 	.area _HOME
                             40 ;../_fs2schar.c:87: signed char __fs2schar (float f)
                             41 ;	---------------------------------
                             42 ; Function __fs2schar
                             43 ; ---------------------------------
   0000                      44 ___fs2schar::
   0000 DD E5         [15]   45 	push	ix
   0002 DD 21 00 00   [14]   46 	ld	ix,#0
   0006 DD 39         [15]   47 	add	ix,sp
                             48 ;../_fs2schar.c:89: signed long sl=__fs2slong(f);
   0008 DD 6E 06      [19]   49 	ld	l,6 (ix)
   000B DD 66 07      [19]   50 	ld	h,7 (ix)
   000E E5            [11]   51 	push	hl
   000F DD 6E 04      [19]   52 	ld	l,4 (ix)
   0012 DD 66 05      [19]   53 	ld	h,5 (ix)
   0015 E5            [11]   54 	push	hl
   0016 CDr00r00      [17]   55 	call	___fs2slong
   0019 F1            [10]   56 	pop	af
   001A F1            [10]   57 	pop	af
   001B 4D            [ 4]   58 	ld	c,l
   001C 44            [ 4]   59 	ld	b,h
                             60 ;../_fs2schar.c:90: if (sl>=SCHAR_MAX)
   001D 79            [ 4]   61 	ld	a,c
   001E D6 7F         [ 7]   62 	sub	a, #0x7F
   0020 78            [ 4]   63 	ld	a,b
   0021 DE 00         [ 7]   64 	sbc	a, #0x00
   0023 7B            [ 4]   65 	ld	a,e
   0024 DE 00         [ 7]   66 	sbc	a, #0x00
   0026 7A            [ 4]   67 	ld	a,d
   0027 17            [ 4]   68 	rla
   0028 3F            [ 4]   69 	ccf
   0029 1F            [ 4]   70 	rra
   002A DE 80         [ 7]   71 	sbc	a, #0x80
   002C 38 04         [12]   72 	jr	C,00102$
                             73 ;../_fs2schar.c:91: return SCHAR_MAX;
   002E 2E 7F         [ 7]   74 	ld	l,#0x7F
   0030 18 19         [12]   75 	jr	00105$
   0032                      76 00102$:
                             77 ;../_fs2schar.c:92: if (sl<=SCHAR_MIN)
   0032 3E 80         [ 7]   78 	ld	a,#0x80
   0034 B9            [ 4]   79 	cp	a, c
   0035 3E FF         [ 7]   80 	ld	a,#0xFF
   0037 98            [ 4]   81 	sbc	a, b
   0038 3E FF         [ 7]   82 	ld	a,#0xFF
   003A 9B            [ 4]   83 	sbc	a, e
   003B 3E FF         [ 7]   84 	ld	a,#0xFF
   003D 9A            [ 4]   85 	sbc	a, d
   003E E2r43r00      [10]   86 	jp	PO, 00115$
   0041 EE 80         [ 7]   87 	xor	a, #0x80
   0043                      88 00115$:
   0043 FAr4Ar00      [10]   89 	jp	M,00104$
                             90 ;../_fs2schar.c:93: return -SCHAR_MIN;
   0046 2E 80         [ 7]   91 	ld	l,#0x80
   0048 18 01         [12]   92 	jr	00105$
   004A                      93 00104$:
                             94 ;../_fs2schar.c:94: return sl;
   004A 69            [ 4]   95 	ld	l,c
   004B                      96 00105$:
   004B DD E1         [14]   97 	pop	ix
   004D C9            [10]   98 	ret
                             99 	.area _HOME
                            100 ;--------------------------------------------------------
                            101 ; code
                            102 ;--------------------------------------------------------
                            103 	.area _CODE
                            104 	.area _CODE
                            105 	.area _INITIALIZER
                            106 	.area _CABS (ABS)
