                              1 ;--------------------------------------------------------
                              2 ; File Created by SDCC : free open source ANSI-C Compiler
                              3 ; Version 3.5.0 #9253 (Apr  4 2022) (Linux)
                              4 ; This file was generated Mon Apr  4 14:15:32 2022
                              5 ;--------------------------------------------------------
                              6 	.module assert
                              7 	.optsdcc -mz80
                              8 	
                              9 ;--------------------------------------------------------
                             10 ; Public variables in this module
                             11 ;--------------------------------------------------------
                             12 	.globl __assert
                             13 	.globl _printf
                             14 ;--------------------------------------------------------
                             15 ; special function registers
                             16 ;--------------------------------------------------------
                             17 ;--------------------------------------------------------
                             18 ; ram data
                             19 ;--------------------------------------------------------
                             20 	.area _DATA
                             21 ;--------------------------------------------------------
                             22 ; ram data
                             23 ;--------------------------------------------------------
                             24 	.area _INITIALIZED
                             25 ;--------------------------------------------------------
                             26 ; absolute external ram data
                             27 ;--------------------------------------------------------
                             28 	.area _DABS (ABS)
                             29 ;--------------------------------------------------------
                             30 ; global & static initialisations
                             31 ;--------------------------------------------------------
                             32 	.area _HOME
                             33 	.area _GSINIT
                             34 	.area _GSFINAL
                             35 	.area _GSINIT
                             36 ;--------------------------------------------------------
                             37 ; Home
                             38 ;--------------------------------------------------------
                             39 	.area _HOME
                             40 	.area _HOME
                             41 ;--------------------------------------------------------
                             42 ; code
                             43 ;--------------------------------------------------------
                             44 	.area _CODE
                             45 ;../assert.c:32: void _assert(char *expr, const char *filename, unsigned int linenumber)
                             46 ;	---------------------------------
                             47 ; Function _assert
                             48 ; ---------------------------------
   0000                      49 __assert::
                             50 ;../assert.c:34: printf("Assert(%s) failed at line %u in file %s.\n",
   0000 21r35r00      [10]   51 	ld	hl,#___str_0
   0003 FD 21 04 00   [14]   52 	ld	iy,#4
   0007 FD 39         [15]   53 	add	iy,sp
   0009 FD 4E 00      [19]   54 	ld	c,0 (iy)
   000C FD 46 01      [19]   55 	ld	b,1 (iy)
   000F C5            [11]   56 	push	bc
   0010 FD 21 08 00   [14]   57 	ld	iy,#8
   0014 FD 39         [15]   58 	add	iy,sp
   0016 FD 4E 00      [19]   59 	ld	c,0 (iy)
   0019 FD 46 01      [19]   60 	ld	b,1 (iy)
   001C C5            [11]   61 	push	bc
   001D FD 21 06 00   [14]   62 	ld	iy,#6
   0021 FD 39         [15]   63 	add	iy,sp
   0023 FD 4E 00      [19]   64 	ld	c,0 (iy)
   0026 FD 46 01      [19]   65 	ld	b,1 (iy)
   0029 C5            [11]   66 	push	bc
   002A E5            [11]   67 	push	hl
   002B CDr00r00      [17]   68 	call	_printf
   002E 21 08 00      [10]   69 	ld	hl,#8
   0031 39            [11]   70 	add	hl,sp
   0032 F9            [ 6]   71 	ld	sp,hl
                             72 ;../assert.c:36: while(1);
   0033                      73 00102$:
   0033 18 FE         [12]   74 	jr	00102$
   0035                      75 ___str_0:
   0035 41 73 73 65 72 74    76 	.ascii "Assert(%s) failed at line %u in file %s."
        28 25 73 29 20 66
        61 69 6C 65 64 20
        61 74 20 6C 69 6E
        65 20 25 75 20 69
        6E 20 66 69 6C 65
        20 25 73 2E
   005D 0A                   77 	.db 0x0A
   005E 00                   78 	.db 0x00
                             79 	.area _CODE
                             80 	.area _INITIALIZER
                             81 	.area _CABS (ABS)
