                              1 ;--------------------------------------------------------
                              2 ; File Created by SDCC : free open source ANSI-C Compiler
                              3 ; Version 3.5.0 #9253 (Apr  4 2022) (Linux)
                              4 ; This file was generated Mon Apr  4 14:15:24 2022
                              5 ;--------------------------------------------------------
                              6 	.module ceilf
                              7 	.optsdcc -mz80
                              8 	
                              9 ;--------------------------------------------------------
                             10 ; Public variables in this module
                             11 ;--------------------------------------------------------
                             12 	.globl _ceilf
                             13 ;--------------------------------------------------------
                             14 ; special function registers
                             15 ;--------------------------------------------------------
                             16 ;--------------------------------------------------------
                             17 ; ram data
                             18 ;--------------------------------------------------------
                             19 	.area _DATA
                             20 ;--------------------------------------------------------
                             21 ; ram data
                             22 ;--------------------------------------------------------
                             23 	.area _INITIALIZED
                             24 ;--------------------------------------------------------
                             25 ; absolute external ram data
                             26 ;--------------------------------------------------------
                             27 	.area _DABS (ABS)
                             28 ;--------------------------------------------------------
                             29 ; global & static initialisations
                             30 ;--------------------------------------------------------
                             31 	.area _HOME
                             32 	.area _GSINIT
                             33 	.area _GSFINAL
                             34 	.area _GSINIT
                             35 ;--------------------------------------------------------
                             36 ; Home
                             37 ;--------------------------------------------------------
                             38 	.area _HOME
                             39 	.area _HOME
                             40 ;--------------------------------------------------------
                             41 ; code
                             42 ;--------------------------------------------------------
                             43 	.area _CODE
                             44 ;../ceilf.c:33: float ceilf(float x) _FLOAT_FUNC_REENTRANT
                             45 ;	---------------------------------
                             46 ; Function ceilf
                             47 ; ---------------------------------
   0000                      48 _ceilf::
   0000 DD E5         [15]   49 	push	ix
   0002 DD 21 00 00   [14]   50 	ld	ix,#0
   0006 DD 39         [15]   51 	add	ix,sp
   0008 21 F8 FF      [10]   52 	ld	hl,#-8
   000B 39            [11]   53 	add	hl,sp
   000C F9            [ 6]   54 	ld	sp,hl
                             55 ;../ceilf.c:36: r=x;
   000D DD 6E 06      [19]   56 	ld	l,6 (ix)
   0010 DD 66 07      [19]   57 	ld	h,7 (ix)
   0013 E5            [11]   58 	push	hl
   0014 DD 6E 04      [19]   59 	ld	l,4 (ix)
   0017 DD 66 05      [19]   60 	ld	h,5 (ix)
   001A E5            [11]   61 	push	hl
   001B CDr00r00      [17]   62 	call	___fs2slong
   001E F1            [10]   63 	pop	af
   001F F1            [10]   64 	pop	af
   0020 DD 75 F8      [19]   65 	ld	-8 (ix),l
   0023 DD 74 F9      [19]   66 	ld	-7 (ix),h
   0026 DD 73 FA      [19]   67 	ld	-6 (ix),e
   0029 DD 72 FB      [19]   68 	ld	-5 (ix),d
                             69 ;../ceilf.c:38: return r;
   002C DD 6E FA      [19]   70 	ld	l,-6 (ix)
   002F DD 66 FB      [19]   71 	ld	h,-5 (ix)
   0032 E5            [11]   72 	push	hl
   0033 DD 6E F8      [19]   73 	ld	l,-8 (ix)
   0036 DD 66 F9      [19]   74 	ld	h,-7 (ix)
   0039 E5            [11]   75 	push	hl
   003A CDr00r00      [17]   76 	call	___slong2fs
   003D F1            [10]   77 	pop	af
   003E F1            [10]   78 	pop	af
   003F DD 72 FF      [19]   79 	ld	-1 (ix),d
   0042 DD 73 FE      [19]   80 	ld	-2 (ix),e
   0045 DD 74 FD      [19]   81 	ld	-3 (ix),h
   0048 DD 75 FC      [19]   82 	ld	-4 (ix),l
                             83 ;../ceilf.c:37: if (r<0)
   004B DD CB FB 7E   [20]   84 	bit	7, -5 (ix)
   004F 28 0E         [12]   85 	jr	Z,00102$
                             86 ;../ceilf.c:38: return r;
   0051 DD 6E FC      [19]   87 	ld	l,-4 (ix)
   0054 DD 66 FD      [19]   88 	ld	h,-3 (ix)
   0057 DD 5E FE      [19]   89 	ld	e,-2 (ix)
   005A DD 56 FF      [19]   90 	ld	d,-1 (ix)
   005D 18 59         [12]   91 	jr	00104$
   005F                      92 00102$:
                             93 ;../ceilf.c:40: return (r+((r<x)?1:0));
   005F DD 6E 06      [19]   94 	ld	l,6 (ix)
   0062 DD 66 07      [19]   95 	ld	h,7 (ix)
   0065 E5            [11]   96 	push	hl
   0066 DD 6E 04      [19]   97 	ld	l,4 (ix)
   0069 DD 66 05      [19]   98 	ld	h,5 (ix)
   006C E5            [11]   99 	push	hl
   006D DD 6E FE      [19]  100 	ld	l,-2 (ix)
   0070 DD 66 FF      [19]  101 	ld	h,-1 (ix)
   0073 E5            [11]  102 	push	hl
   0074 DD 6E FC      [19]  103 	ld	l,-4 (ix)
   0077 DD 66 FD      [19]  104 	ld	h,-3 (ix)
   007A E5            [11]  105 	push	hl
   007B CDr00r00      [17]  106 	call	___fslt
   007E F1            [10]  107 	pop	af
   007F F1            [10]  108 	pop	af
   0080 F1            [10]  109 	pop	af
   0081 F1            [10]  110 	pop	af
   0082 DD 75 FC      [19]  111 	ld	-4 (ix), l
   0085 7D            [ 4]  112 	ld	a, l
   0086 B7            [ 4]  113 	or	a, a
   0087 28 06         [12]  114 	jr	Z,00106$
   0089 DD 36 FC 01   [19]  115 	ld	-4 (ix),#0x01
   008D 18 04         [12]  116 	jr	00107$
   008F                     117 00106$:
   008F DD 36 FC 00   [19]  118 	ld	-4 (ix),#0x00
   0093                     119 00107$:
   0093 DD 6E FC      [19]  120 	ld	l,-4 (ix)
   0096 26 00         [ 7]  121 	ld	h,#0x00
   0098 7C            [ 4]  122 	ld	a,h
   0099 17            [ 4]  123 	rla
   009A 9F            [ 4]  124 	sbc	a, a
   009B 5F            [ 4]  125 	ld	e,a
   009C 57            [ 4]  126 	ld	d,a
   009D DD 7E F8      [19]  127 	ld	a,-8 (ix)
   00A0 85            [ 4]  128 	add	a, l
   00A1 6F            [ 4]  129 	ld	l,a
   00A2 DD 7E F9      [19]  130 	ld	a,-7 (ix)
   00A5 8C            [ 4]  131 	adc	a, h
   00A6 67            [ 4]  132 	ld	h,a
   00A7 DD 7E FA      [19]  133 	ld	a,-6 (ix)
   00AA 8B            [ 4]  134 	adc	a, e
   00AB 5F            [ 4]  135 	ld	e,a
   00AC DD 7E FB      [19]  136 	ld	a,-5 (ix)
   00AF 8A            [ 4]  137 	adc	a, d
   00B0 57            [ 4]  138 	ld	d,a
   00B1 D5            [11]  139 	push	de
   00B2 E5            [11]  140 	push	hl
   00B3 CDr00r00      [17]  141 	call	___slong2fs
   00B6 F1            [10]  142 	pop	af
   00B7 F1            [10]  143 	pop	af
   00B8                     144 00104$:
   00B8 DD F9         [10]  145 	ld	sp, ix
   00BA DD E1         [14]  146 	pop	ix
   00BC C9            [10]  147 	ret
                            148 	.area _CODE
                            149 	.area _INITIALIZER
                            150 	.area _CABS (ABS)
