                              1 ;--------------------------------------------------------
                              2 ; File Created by SDCC : free open source ANSI-C Compiler
                              3 ; Version 3.5.0 #9253 (Apr  4 2022) (Linux)
                              4 ; This file was generated Mon Apr  4 14:15:22 2022
                              5 ;--------------------------------------------------------
                              6 	.module cosf
                              7 	.optsdcc -mz80
                              8 	
                              9 ;--------------------------------------------------------
                             10 ; Public variables in this module
                             11 ;--------------------------------------------------------
                             12 	.globl _sincosf
                             13 	.globl _cosf
                             14 ;--------------------------------------------------------
                             15 ; special function registers
                             16 ;--------------------------------------------------------
                             17 ;--------------------------------------------------------
                             18 ; ram data
                             19 ;--------------------------------------------------------
                             20 	.area _DATA
                             21 ;--------------------------------------------------------
                             22 ; ram data
                             23 ;--------------------------------------------------------
                             24 	.area _INITIALIZED
                             25 ;--------------------------------------------------------
                             26 ; absolute external ram data
                             27 ;--------------------------------------------------------
                             28 	.area _DABS (ABS)
                             29 ;--------------------------------------------------------
                             30 ; global & static initialisations
                             31 ;--------------------------------------------------------
                             32 	.area _HOME
                             33 	.area _GSINIT
                             34 	.area _GSFINAL
                             35 	.area _GSINIT
                             36 ;--------------------------------------------------------
                             37 ; Home
                             38 ;--------------------------------------------------------
                             39 	.area _HOME
                             40 	.area _HOME
                             41 ;--------------------------------------------------------
                             42 ; code
                             43 ;--------------------------------------------------------
                             44 	.area _CODE
                             45 ;../cosf.c:36: float cosf(float x) _FLOAT_FUNC_REENTRANT
                             46 ;	---------------------------------
                             47 ; Function cosf
                             48 ; ---------------------------------
   0000                      49 _cosf::
                             50 ;../cosf.c:38: if (x==0.0) return 1.0;
   0000 FD 21 02 00   [14]   51 	ld	iy,#2
   0004 FD 39         [15]   52 	add	iy,sp
   0006 FD 7E 03      [19]   53 	ld	a,3 (iy)
   0009 CB BF         [ 8]   54 	res	7, a
   000B FD B6 02      [19]   55 	or	a, 2 (iy)
   000E FD B6 01      [19]   56 	or	a, 1 (iy)
   0011 FD B6 00      [19]   57 	or	a,0 (iy)
   0014 20 07         [12]   58 	jr	NZ,00102$
   0016 21 00 00      [10]   59 	ld	hl,#0x0000
   0019 11 80 3F      [10]   60 	ld	de,#0x3F80
   001C C9            [10]   61 	ret
   001D                      62 00102$:
                             63 ;../cosf.c:39: return sincosf(x, 1);
   001D 3E 01         [ 7]   64 	ld	a,#0x01
   001F F5            [11]   65 	push	af
   0020 33            [ 6]   66 	inc	sp
   0021 FD 21 03 00   [14]   67 	ld	iy,#3
   0025 FD 39         [15]   68 	add	iy,sp
   0027 FD 6E 02      [19]   69 	ld	l,2 (iy)
   002A FD 66 03      [19]   70 	ld	h,3 (iy)
   002D E5            [11]   71 	push	hl
   002E FD 6E 00      [19]   72 	ld	l,0 (iy)
   0031 FD 66 01      [19]   73 	ld	h,1 (iy)
   0034 E5            [11]   74 	push	hl
   0035 CDr00r00      [17]   75 	call	_sincosf
   0038 F1            [10]   76 	pop	af
   0039 F1            [10]   77 	pop	af
   003A 33            [ 6]   78 	inc	sp
   003B C9            [10]   79 	ret
                             80 	.area _CODE
                             81 	.area _INITIALIZER
                             82 	.area _CABS (ABS)
