                              1 ;--------------------------------------------------------
                              2 ; File Created by SDCC : free open source ANSI-C Compiler
                              3 ; Version 3.5.0 #9253 (Apr  4 2022) (Linux)
                              4 ; This file was generated Mon Apr  4 14:15:26 2022
                              5 ;--------------------------------------------------------
                              6 	.module isalnum
                              7 	.optsdcc -mz80
                              8 	
                              9 ;--------------------------------------------------------
                             10 ; Public variables in this module
                             11 ;--------------------------------------------------------
                             12 	.globl _isalpha
                             13 	.globl _isalnum
                             14 ;--------------------------------------------------------
                             15 ; special function registers
                             16 ;--------------------------------------------------------
                             17 ;--------------------------------------------------------
                             18 ; ram data
                             19 ;--------------------------------------------------------
                             20 	.area _DATA
                             21 ;--------------------------------------------------------
                             22 ; ram data
                             23 ;--------------------------------------------------------
                             24 	.area _INITIALIZED
                             25 ;--------------------------------------------------------
                             26 ; absolute external ram data
                             27 ;--------------------------------------------------------
                             28 	.area _DABS (ABS)
                             29 ;--------------------------------------------------------
                             30 ; global & static initialisations
                             31 ;--------------------------------------------------------
                             32 	.area _HOME
                             33 	.area _GSINIT
                             34 	.area _GSFINAL
                             35 	.area _GSINIT
                             36 ;--------------------------------------------------------
                             37 ; Home
                             38 ;--------------------------------------------------------
                             39 	.area _HOME
                             40 	.area _HOME
                             41 ;--------------------------------------------------------
                             42 ; code
                             43 ;--------------------------------------------------------
                             44 	.area _CODE
                             45 ;../isalnum.c:37: int isalnum (int c)
                             46 ;	---------------------------------
                             47 ; Function isalnum
                             48 ; ---------------------------------
   0000                      49 _isalnum::
   0000 3B            [ 6]   50 	dec	sp
                             51 ;../isalnum.c:39: return (isalpha (c) || isdigit (c));
   0001 21 03 00      [10]   52 	ld	hl, #3
   0004 39            [11]   53 	add	hl, sp
   0005 4E            [ 7]   54 	ld	c, (hl)
   0006 23            [ 6]   55 	inc	hl
   0007 46            [ 7]   56 	ld	b, (hl)
   0008 C5            [11]   57 	push	bc
   0009 CDr00r00      [17]   58 	call	_isalpha
   000C F1            [10]   59 	pop	af
   000D 7C            [ 4]   60 	ld	a,h
   000E B5            [ 4]   61 	or	a,l
   000F 20 17         [12]   62 	jr	NZ,00105$
   0011 FD 21 03 00   [14]   63 	ld	iy,#3
   0015 FD 39         [15]   64 	add	iy,sp
   0017 FD 6E 00      [19]   65 	ld	l,0 (iy)
                             66 ;./../../include/ctype.h:62: return ((unsigned char)c >= '0' && (unsigned char)c <= '9');
   001A 7D            [ 4]   67 	ld	a,l
   001B D6 30         [ 7]   68 	sub	a, #0x30
   001D 38 05         [12]   69 	jr	C,00109$
   001F 3E 39         [ 7]   70 	ld	a,#0x39
   0021 95            [ 4]   71 	sub	a, l
   0022 30 04         [12]   72 	jr	NC,00105$
   0024                      73 00109$:
                             74 ;../isalnum.c:39: return (isalpha (c) || isdigit (c));
   0024 3E 00         [ 7]   75 	ld	a,#0x00
   0026 18 02         [12]   76 	jr	00106$
   0028                      77 00105$:
   0028 3E 01         [ 7]   78 	ld	a,#0x01
   002A                      79 00106$:
   002A 6F            [ 4]   80 	ld	l,a
   002B 17            [ 4]   81 	rla
   002C 9F            [ 4]   82 	sbc	a, a
   002D 67            [ 4]   83 	ld	h,a
   002E 33            [ 6]   84 	inc	sp
   002F C9            [10]   85 	ret
                             86 	.area _CODE
                             87 	.area _INITIALIZER
                             88 	.area _CABS (ABS)
