                              1 ;--------------------------------------------------------
                              2 ; File Created by SDCC : free open source ANSI-C Compiler
                              3 ; Version 3.5.0 #9253 (Apr  4 2022) (Linux)
                              4 ; This file was generated Mon Apr  4 14:15:26 2022
                              5 ;--------------------------------------------------------
                              6 	.module isprint
                              7 	.optsdcc -mz80
                              8 	
                              9 ;--------------------------------------------------------
                             10 ; Public variables in this module
                             11 ;--------------------------------------------------------
                             12 	.globl _isprint
                             13 ;--------------------------------------------------------
                             14 ; special function registers
                             15 ;--------------------------------------------------------
                             16 ;--------------------------------------------------------
                             17 ; ram data
                             18 ;--------------------------------------------------------
                             19 	.area _DATA
                             20 ;--------------------------------------------------------
                             21 ; ram data
                             22 ;--------------------------------------------------------
                             23 	.area _INITIALIZED
                             24 ;--------------------------------------------------------
                             25 ; absolute external ram data
                             26 ;--------------------------------------------------------
                             27 	.area _DABS (ABS)
                             28 ;--------------------------------------------------------
                             29 ; global & static initialisations
                             30 ;--------------------------------------------------------
                             31 	.area _HOME
                             32 	.area _GSINIT
                             33 	.area _GSFINAL
                             34 	.area _GSINIT
                             35 ;--------------------------------------------------------
                             36 ; Home
                             37 ;--------------------------------------------------------
                             38 	.area _HOME
                             39 	.area _HOME
                             40 ;--------------------------------------------------------
                             41 ; code
                             42 ;--------------------------------------------------------
                             43 	.area _CODE
                             44 ;../isprint.c:33: int isprint (int c)
                             45 ;	---------------------------------
                             46 ; Function isprint
                             47 ; ---------------------------------
   0000                      48 _isprint::
   0000 3B            [ 6]   49 	dec	sp
                             50 ;../isprint.c:35: return (c >= ' ' && c <= '~');
   0001 FD 21 03 00   [14]   51 	ld	iy,#3
   0005 FD 39         [15]   52 	add	iy,sp
   0007 FD 7E 00      [19]   53 	ld	a,0 (iy)
   000A D6 20         [ 7]   54 	sub	a, #0x20
   000C FD 7E 01      [19]   55 	ld	a,1 (iy)
   000F 17            [ 4]   56 	rla
   0010 3F            [ 4]   57 	ccf
   0011 1F            [ 4]   58 	rra
   0012 DE 80         [ 7]   59 	sbc	a, #0x80
   0014 38 12         [12]   60 	jr	C,00103$
   0016 3E 7E         [ 7]   61 	ld	a,#0x7E
   0018 FD BE 00      [19]   62 	cp	a, 0 (iy)
   001B 3E 00         [ 7]   63 	ld	a,#0x00
   001D FD 9E 01      [19]   64 	sbc	a, 1 (iy)
   0020 E2r25r00      [10]   65 	jp	PO, 00110$
   0023 EE 80         [ 7]   66 	xor	a, #0x80
   0025                      67 00110$:
   0025 F2r2Cr00      [10]   68 	jp	P,00104$
   0028                      69 00103$:
   0028 3E 00         [ 7]   70 	ld	a,#0x00
   002A 18 02         [12]   71 	jr	00105$
   002C                      72 00104$:
   002C 3E 01         [ 7]   73 	ld	a,#0x01
   002E                      74 00105$:
   002E 6F            [ 4]   75 	ld	l,a
   002F 17            [ 4]   76 	rla
   0030 9F            [ 4]   77 	sbc	a, a
   0031 67            [ 4]   78 	ld	h,a
   0032 33            [ 6]   79 	inc	sp
   0033 C9            [10]   80 	ret
                             81 	.area _CODE
                             82 	.area _INITIALIZER
                             83 	.area _CABS (ABS)
