                              1 ;--------------------------------------------------------
                              2 ; File Created by SDCC : free open source ANSI-C Compiler
                              3 ; Version 3.5.0 #9253 (Apr  4 2022) (Linux)
                              4 ; This file was generated Mon Apr  4 14:15:22 2022
                              5 ;--------------------------------------------------------
                              6 	.module sinf
                              7 	.optsdcc -mz80
                              8 	
                              9 ;--------------------------------------------------------
                             10 ; Public variables in this module
                             11 ;--------------------------------------------------------
                             12 	.globl _sincosf
                             13 	.globl _sinf
                             14 ;--------------------------------------------------------
                             15 ; special function registers
                             16 ;--------------------------------------------------------
                             17 ;--------------------------------------------------------
                             18 ; ram data
                             19 ;--------------------------------------------------------
                             20 	.area _DATA
                             21 ;--------------------------------------------------------
                             22 ; ram data
                             23 ;--------------------------------------------------------
                             24 	.area _INITIALIZED
                             25 ;--------------------------------------------------------
                             26 ; absolute external ram data
                             27 ;--------------------------------------------------------
                             28 	.area _DABS (ABS)
                             29 ;--------------------------------------------------------
                             30 ; global & static initialisations
                             31 ;--------------------------------------------------------
                             32 	.area _HOME
                             33 	.area _GSINIT
                             34 	.area _GSFINAL
                             35 	.area _GSINIT
                             36 ;--------------------------------------------------------
                             37 ; Home
                             38 ;--------------------------------------------------------
                             39 	.area _HOME
                             40 	.area _HOME
                             41 ;--------------------------------------------------------
                             42 ; code
                             43 ;--------------------------------------------------------
                             44 	.area _CODE
                             45 ;../sinf.c:36: float sinf(float x) _FLOAT_FUNC_REENTRANT
                             46 ;	---------------------------------
                             47 ; Function sinf
                             48 ; ---------------------------------
   0000                      49 _sinf::
                             50 ;../sinf.c:38: if (x==0.0) return 0.0;
   0000 FD 21 02 00   [14]   51 	ld	iy,#2
   0004 FD 39         [15]   52 	add	iy,sp
   0006 FD 7E 03      [19]   53 	ld	a,3 (iy)
   0009 CB BF         [ 8]   54 	res	7, a
   000B FD B6 02      [19]   55 	or	a, 2 (iy)
   000E FD B6 01      [19]   56 	or	a, 1 (iy)
   0011 FD B6 00      [19]   57 	or	a,0 (iy)
   0014 20 06         [12]   58 	jr	NZ,00102$
   0016 21 00 00      [10]   59 	ld	hl,#0x0000
   0019 5D            [ 4]   60 	ld	e,l
   001A 54            [ 4]   61 	ld	d,h
   001B C9            [10]   62 	ret
   001C                      63 00102$:
                             64 ;../sinf.c:39: return sincosf(x, 0);
   001C AF            [ 4]   65 	xor	a, a
   001D F5            [11]   66 	push	af
   001E 33            [ 6]   67 	inc	sp
   001F FD 21 03 00   [14]   68 	ld	iy,#3
   0023 FD 39         [15]   69 	add	iy,sp
   0025 FD 6E 02      [19]   70 	ld	l,2 (iy)
   0028 FD 66 03      [19]   71 	ld	h,3 (iy)
   002B E5            [11]   72 	push	hl
   002C FD 6E 00      [19]   73 	ld	l,0 (iy)
   002F FD 66 01      [19]   74 	ld	h,1 (iy)
   0032 E5            [11]   75 	push	hl
   0033 CDr00r00      [17]   76 	call	_sincosf
   0036 F1            [10]   77 	pop	af
   0037 F1            [10]   78 	pop	af
   0038 33            [ 6]   79 	inc	sp
   0039 C9            [10]   80 	ret
                             81 	.area _CODE
                             82 	.area _INITIALIZER
                             83 	.area _CABS (ABS)
