                              1 ;--------------------------------------------------------
                              2 ; File Created by SDCC : free open source ANSI-C Compiler
                              3 ; Version 3.5.0 #9253 (Apr  4 2022) (Linux)
                              4 ; This file was generated Mon Apr  4 14:15:27 2022
                              5 ;--------------------------------------------------------
                              6 	.module strxfrm
                              7 	.optsdcc -mz80
                              8 	
                              9 ;--------------------------------------------------------
                             10 ; Public variables in this module
                             11 ;--------------------------------------------------------
                             12 	.globl _strlen
                             13 	.globl _strxfrm
                             14 ;--------------------------------------------------------
                             15 ; special function registers
                             16 ;--------------------------------------------------------
                             17 ;--------------------------------------------------------
                             18 ; ram data
                             19 ;--------------------------------------------------------
                             20 	.area _DATA
                             21 ;--------------------------------------------------------
                             22 ; ram data
                             23 ;--------------------------------------------------------
                             24 	.area _INITIALIZED
                             25 ;--------------------------------------------------------
                             26 ; absolute external ram data
                             27 ;--------------------------------------------------------
                             28 	.area _DABS (ABS)
                             29 ;--------------------------------------------------------
                             30 ; global & static initialisations
                             31 ;--------------------------------------------------------
                             32 	.area _HOME
                             33 	.area _GSINIT
                             34 	.area _GSFINAL
                             35 	.area _GSINIT
                             36 ;--------------------------------------------------------
                             37 ; Home
                             38 ;--------------------------------------------------------
                             39 	.area _HOME
                             40 	.area _HOME
                             41 ;--------------------------------------------------------
                             42 ; code
                             43 ;--------------------------------------------------------
                             44 	.area _CODE
                             45 ;../strxfrm.c:31: size_t strxfrm(char *dest, const char *src, size_t n)
                             46 ;	---------------------------------
                             47 ; Function strxfrm
                             48 ; ---------------------------------
   0000                      49 _strxfrm::
                             50 ;../strxfrm.c:33: strncpy(dest, src, n);
   0000 21 06 00      [10]   51 	ld	hl, #6
   0003 39            [11]   52 	add	hl, sp
   0004 4E            [ 7]   53 	ld	c, (hl)
   0005 23            [ 6]   54 	inc	hl
   0006 46            [ 7]   55 	ld	b, (hl)
   0007 C5            [11]   56 	push	bc
   0008 21 06 00      [10]   57 	ld	hl, #6
   000B 39            [11]   58 	add	hl, sp
   000C 4E            [ 7]   59 	ld	c, (hl)
   000D 23            [ 6]   60 	inc	hl
   000E 46            [ 7]   61 	ld	b, (hl)
   000F C5            [11]   62 	push	bc
   0010 21 06 00      [10]   63 	ld	hl, #6
   0013 39            [11]   64 	add	hl, sp
   0014 4E            [ 7]   65 	ld	c, (hl)
   0015 23            [ 6]   66 	inc	hl
   0016 46            [ 7]   67 	ld	b, (hl)
   0017 C5            [11]   68 	push	bc
   0018 CDr00r00      [17]   69 	call	_strncpy
   001B 21 06 00      [10]   70 	ld	hl,#6
   001E 39            [11]   71 	add	hl,sp
   001F F9            [ 6]   72 	ld	sp,hl
                             73 ;../strxfrm.c:34: return(strlen(src) + 1);
   0020 21 04 00      [10]   74 	ld	hl, #4
   0023 39            [11]   75 	add	hl, sp
   0024 4E            [ 7]   76 	ld	c, (hl)
   0025 23            [ 6]   77 	inc	hl
   0026 46            [ 7]   78 	ld	b, (hl)
   0027 C5            [11]   79 	push	bc
   0028 CDr00r00      [17]   80 	call	_strlen
   002B F1            [10]   81 	pop	af
   002C 23            [ 6]   82 	inc	hl
   002D C9            [10]   83 	ret
                             84 	.area _CODE
                             85 	.area _INITIALIZER
                             86 	.area _CABS (ABS)
