                              1 ;--------------------------------------------------------
                              2 ; File Created by SDCC : free open source ANSI-C Compiler
                              3 ; Version 3.5.0 #9253 (Apr  4 2022) (Linux)
                              4 ; This file was generated Mon Apr  4 14:10:35 2022
                              5 ;--------------------------------------------------------
                              6 	.cs08
                              7 	.module _fs2slong
                              8 	.optsdcc -ms08
                              9 	
                             10 	.area HOME    (CODE)
                             11 	.area GSINIT0 (CODE)
                             12 	.area GSINIT  (CODE)
                             13 	.area GSFINAL (CODE)
                             14 	.area CSEG    (CODE)
                             15 	.area XINIT   (CODE)
                             16 	.area CONST   (CODE)
                             17 	.area DSEG    (PAG)
                             18 	.area OSEG    (PAG, OVR)
                             19 	.area XSEG
                             20 	.area XISEG
                             21 ;--------------------------------------------------------
                             22 ; Public variables in this module
                             23 ;--------------------------------------------------------
                             24 	.globl ___fs2ulong
                             25 	.globl ___fs2slong_PARM_1
                             26 	.globl ___fs2slong
                             27 ;--------------------------------------------------------
                             28 ; ram data
                             29 ;--------------------------------------------------------
                             30 	.area DSEG    (PAG)
   0000                      31 ___fs2slong_sloc0_1_0:
   0000                      32 	.ds 4
                             33 ;--------------------------------------------------------
                             34 ; overlayable items in ram 
                             35 ;--------------------------------------------------------
                             36 ;--------------------------------------------------------
                             37 ; absolute ram data
                             38 ;--------------------------------------------------------
                             39 	.area IABS    (ABS)
                             40 	.area IABS    (ABS)
                             41 ;--------------------------------------------------------
                             42 ; absolute external ram data
                             43 ;--------------------------------------------------------
                             44 	.area XABS    (ABS)
                             45 ;--------------------------------------------------------
                             46 ; external initialized ram data
                             47 ;--------------------------------------------------------
                             48 	.area XISEG
                             49 ;--------------------------------------------------------
                             50 ; extended address mode data
                             51 ;--------------------------------------------------------
                             52 	.area XSEG
   0000                      53 ___fs2slong_PARM_1:
   0000                      54 	.ds 4
                             55 ;--------------------------------------------------------
                             56 ; global & static initialisations
                             57 ;--------------------------------------------------------
                             58 	.area HOME    (CODE)
                             59 	.area GSINIT  (CODE)
                             60 	.area GSFINAL (CODE)
                             61 	.area GSINIT  (CODE)
                             62 ;--------------------------------------------------------
                             63 ; Home
                             64 ;--------------------------------------------------------
                             65 	.area HOME    (CODE)
                             66 	.area HOME    (CODE)
                             67 ;--------------------------------------------------------
                             68 ; code
                             69 ;--------------------------------------------------------
                             70 	.area CSEG    (CODE)
                             71 ;------------------------------------------------------------
                             72 ;Allocation info for local variables in function '__fs2slong'
                             73 ;------------------------------------------------------------
                             74 ;sloc0                     Allocated with name '___fs2slong_sloc0_1_0'
                             75 ;f                         Allocated with name '___fs2slong_PARM_1'
                             76 ;------------------------------------------------------------
                             77 ;../_fs2slong.c:108: signed long __fs2slong (float f)
                             78 ;	-----------------------------------------
                             79 ;	 function __fs2slong
                             80 ;	-----------------------------------------
                             81 ;	Register assignment is optimal.
                             82 ;	Stack space usage: 0 bytes.
   0000                      83 ___fs2slong:
                             84 ;../_fs2slong.c:111: if (!f)
   0000 C6r00r00      [ 4]   85 	lda	___fs2slong_PARM_1
   0003 A4 7F         [ 2]   86 	and	#0x7F
   0005 CAr00r01      [ 4]   87 	ora	(___fs2slong_PARM_1 + 1)
   0008 CAr00r02      [ 4]   88 	ora	(___fs2slong_PARM_1 + 2)
   000B CAr00r03      [ 4]   89 	ora	(___fs2slong_PARM_1 + 3)
   000E 26 07         [ 3]   90 	bne	00102$
                             91 ;../_fs2slong.c:112: return 0;
   0010 4F            [ 1]   92 	clra
   0011 97            [ 1]   93 	tax
   0012 B7*00         [ 3]   94 	sta	*___SDCC_hc08_ret2
   0014 B7*00         [ 3]   95 	sta	*___SDCC_hc08_ret3
   0016 81            [ 6]   96 	rts
   0017                      97 00102$:
                             98 ;../_fs2slong.c:114: if (f<0) {
   0017 32r00r00      [ 5]   99 	ldhx	___fs2slong_PARM_1
   001A 96r00r00      [ 5]  100 	sthx	___fslt_PARM_1
   001D 32r00r02      [ 5]  101 	ldhx	(___fs2slong_PARM_1 + 2)
   0020 96r00r02      [ 5]  102 	sthx	(___fslt_PARM_1 + 2)
   0023 8C            [ 1]  103 	clrh
   0024 5F            [ 1]  104 	clrx
   0025 96r00r00      [ 5]  105 	sthx	___fslt_PARM_2
   0028 96r00r02      [ 5]  106 	sthx	(___fslt_PARM_2 + 2)
   002B CDr00r00      [ 6]  107 	jsr	___fslt
   002E 4D            [ 1]  108 	tsta
   002F 27 46         [ 3]  109 	beq	00104$
                            110 ;../_fs2slong.c:115: return -__fs2ulong(-f);
   0031 C6r00r03      [ 4]  111 	lda	(___fs2slong_PARM_1 + 3)
   0034 C7r00r03      [ 4]  112 	sta	(___fs2ulong_PARM_1 + 3)
   0037 C6r00r02      [ 4]  113 	lda	(___fs2slong_PARM_1 + 2)
   003A C7r00r02      [ 4]  114 	sta	(___fs2ulong_PARM_1 + 2)
   003D C6r00r01      [ 4]  115 	lda	(___fs2slong_PARM_1 + 1)
   0040 C7r00r01      [ 4]  116 	sta	(___fs2ulong_PARM_1 + 1)
   0043 C6r00r00      [ 4]  117 	lda	___fs2slong_PARM_1
   0046 A8 80         [ 2]  118 	eor	#0x80
   0048 C7r00r00      [ 4]  119 	sta	___fs2ulong_PARM_1
   004B CDr00r00      [ 6]  120 	jsr	___fs2ulong
   004E B7*03         [ 3]  121 	sta	*(___fs2slong_sloc0_1_0 + 3)
   0050 BF*02         [ 3]  122 	stx	*(___fs2slong_sloc0_1_0 + 2)
   0052 4E*00*01      [ 6]  123 	mov	*___SDCC_hc08_ret2,*(___fs2slong_sloc0_1_0 + 1)
   0055 4E*00*00      [ 6]  124 	mov	*___SDCC_hc08_ret3,*___fs2slong_sloc0_1_0
   0058 4F            [ 1]  125 	clra
   0059 B0*03         [ 3]  126 	sub	*(___fs2slong_sloc0_1_0 + 3)
   005B B7*03         [ 3]  127 	sta	*(___fs2slong_sloc0_1_0 + 3)
   005D 4F            [ 1]  128 	clra
   005E B2*02         [ 3]  129 	sbc	*(___fs2slong_sloc0_1_0 + 2)
   0060 B7*02         [ 3]  130 	sta	*(___fs2slong_sloc0_1_0 + 2)
   0062 4F            [ 1]  131 	clra
   0063 B2*01         [ 3]  132 	sbc	*(___fs2slong_sloc0_1_0 + 1)
   0065 B7*01         [ 3]  133 	sta	*(___fs2slong_sloc0_1_0 + 1)
   0067 4F            [ 1]  134 	clra
   0068 B2*00         [ 3]  135 	sbc	*___fs2slong_sloc0_1_0
   006A B7*00         [ 3]  136 	sta	*___fs2slong_sloc0_1_0
   006C 4E*00*00      [ 6]  137 	mov	*___fs2slong_sloc0_1_0,*___SDCC_hc08_ret3
   006F 4E*01*00      [ 6]  138 	mov	*(___fs2slong_sloc0_1_0 + 1),*___SDCC_hc08_ret2
   0072 BE*02         [ 3]  139 	ldx	*(___fs2slong_sloc0_1_0 + 2)
   0074 B6*03         [ 3]  140 	lda	*(___fs2slong_sloc0_1_0 + 3)
   0076 81            [ 6]  141 	rts
   0077                     142 00104$:
                            143 ;../_fs2slong.c:117: return __fs2ulong(f);
   0077 32r00r00      [ 5]  144 	ldhx	___fs2slong_PARM_1
   007A 96r00r00      [ 5]  145 	sthx	___fs2ulong_PARM_1
   007D 32r00r02      [ 5]  146 	ldhx	(___fs2slong_PARM_1 + 2)
   0080 96r00r02      [ 5]  147 	sthx	(___fs2ulong_PARM_1 + 2)
   0083 CDr00r00      [ 6]  148 	jsr	___fs2ulong
   0086 B7*03         [ 3]  149 	sta	*(___fs2slong_sloc0_1_0 + 3)
   0088 BF*02         [ 3]  150 	stx	*(___fs2slong_sloc0_1_0 + 2)
   008A 4E*00*01      [ 6]  151 	mov	*___SDCC_hc08_ret2,*(___fs2slong_sloc0_1_0 + 1)
   008D 4E*00*00      [ 6]  152 	mov	*___SDCC_hc08_ret3,*___fs2slong_sloc0_1_0
   0090 4E*00*00      [ 6]  153 	mov	*___fs2slong_sloc0_1_0,*___SDCC_hc08_ret3
   0093 4E*01*00      [ 6]  154 	mov	*(___fs2slong_sloc0_1_0 + 1),*___SDCC_hc08_ret2
   0096 BE*02         [ 3]  155 	ldx	*(___fs2slong_sloc0_1_0 + 2)
   0098 B6*03         [ 3]  156 	lda	*(___fs2slong_sloc0_1_0 + 3)
   009A 81            [ 6]  157 	rts
                            158 	.area CSEG    (CODE)
                            159 	.area CONST   (CODE)
                            160 	.area XINIT   (CODE)
                            161 	.area CABS    (ABS,CODE)
