                              1 ;--------------------------------------------------------
                              2 ; File Created by SDCC : free open source ANSI-C Compiler
                              3 ; Version 3.5.0 #9253 (Apr  4 2022) (Linux)
                              4 ; This file was generated Mon Apr  4 14:10:35 2022
                              5 ;--------------------------------------------------------
                              6 	.cs08
                              7 	.module _fs2ulong
                              8 	.optsdcc -ms08
                              9 	
                             10 	.area HOME    (CODE)
                             11 	.area GSINIT0 (CODE)
                             12 	.area GSINIT  (CODE)
                             13 	.area GSFINAL (CODE)
                             14 	.area CSEG    (CODE)
                             15 	.area XINIT   (CODE)
                             16 	.area CONST   (CODE)
                             17 	.area DSEG    (PAG)
                             18 	.area OSEG    (PAG, OVR)
                             19 	.area XSEG
                             20 	.area XISEG
                             21 ;--------------------------------------------------------
                             22 ; Public variables in this module
                             23 ;--------------------------------------------------------
                             24 	.globl ___fs2ulong_PARM_1
                             25 	.globl ___fs2ulong
                             26 ;--------------------------------------------------------
                             27 ; ram data
                             28 ;--------------------------------------------------------
                             29 	.area DSEG    (PAG)
                             30 ;--------------------------------------------------------
                             31 ; overlayable items in ram 
                             32 ;--------------------------------------------------------
                             33 	.area	OSEG    (PAG, OVR)
   0000                      34 ___fs2ulong_sloc0_1_0:
   0000                      35 	.ds 4
                             36 ;--------------------------------------------------------
                             37 ; absolute ram data
                             38 ;--------------------------------------------------------
                             39 	.area IABS    (ABS)
                             40 	.area IABS    (ABS)
                             41 ;--------------------------------------------------------
                             42 ; absolute external ram data
                             43 ;--------------------------------------------------------
                             44 	.area XABS    (ABS)
                             45 ;--------------------------------------------------------
                             46 ; external initialized ram data
                             47 ;--------------------------------------------------------
                             48 	.area XISEG
                             49 ;--------------------------------------------------------
                             50 ; extended address mode data
                             51 ;--------------------------------------------------------
                             52 	.area XSEG
   0000                      53 ___fs2ulong_PARM_1:
   0000                      54 	.ds 4
   0004                      55 ___fs2ulong_fl1_1_21:
   0004                      56 	.ds 4
   0008                      57 ___fs2ulong_exp_1_21:
   0008                      58 	.ds 2
   000A                      59 ___fs2ulong_l_1_21:
   000A                      60 	.ds 4
                             61 ;--------------------------------------------------------
                             62 ; global & static initialisations
                             63 ;--------------------------------------------------------
                             64 	.area HOME    (CODE)
                             65 	.area GSINIT  (CODE)
                             66 	.area GSFINAL (CODE)
                             67 	.area GSINIT  (CODE)
                             68 ;--------------------------------------------------------
                             69 ; Home
                             70 ;--------------------------------------------------------
                             71 	.area HOME    (CODE)
                             72 	.area HOME    (CODE)
                             73 ;--------------------------------------------------------
                             74 ; code
                             75 ;--------------------------------------------------------
                             76 	.area CSEG    (CODE)
                             77 ;------------------------------------------------------------
                             78 ;Allocation info for local variables in function '__fs2ulong'
                             79 ;------------------------------------------------------------
                             80 ;a1                        Allocated with name '___fs2ulong_PARM_1'
                             81 ;fl1                       Allocated with name '___fs2ulong_fl1_1_21'
                             82 ;exp                       Allocated with name '___fs2ulong_exp_1_21'
                             83 ;l                         Allocated with name '___fs2ulong_l_1_21'
                             84 ;sloc0                     Allocated with name '___fs2ulong_sloc0_1_0'
                             85 ;------------------------------------------------------------
                             86 ;../_fs2ulong.c:103: __fs2ulong (float a1)
                             87 ;	-----------------------------------------
                             88 ;	 function __fs2ulong
                             89 ;	-----------------------------------------
                             90 ;	Register assignment is optimal.
                             91 ;	Stack space usage: 0 bytes.
   0000                      92 ___fs2ulong:
                             93 ;../_fs2ulong.c:109: fl1.f = a1;
   0000 C6r00r00      [ 4]   94 	lda	___fs2ulong_PARM_1
   0003 C7r00r04      [ 4]   95 	sta	___fs2ulong_fl1_1_21
   0006 C6r00r01      [ 4]   96 	lda	(___fs2ulong_PARM_1 + 1)
   0009 C7r00r05      [ 4]   97 	sta	(___fs2ulong_fl1_1_21 + 1)
   000C C6r00r02      [ 4]   98 	lda	(___fs2ulong_PARM_1 + 2)
   000F C7r00r06      [ 4]   99 	sta	(___fs2ulong_fl1_1_21 + 2)
   0012 C6r00r03      [ 4]  100 	lda	(___fs2ulong_PARM_1 + 3)
   0015 C7r00r07      [ 4]  101 	sta	(___fs2ulong_fl1_1_21 + 3)
                            102 ;../_fs2ulong.c:111: if (!fl1.l || SIGN(fl1.l))
   0018 C6r00r04      [ 4]  103 	lda	___fs2ulong_fl1_1_21
   001B B7*00         [ 3]  104 	sta	*___fs2ulong_sloc0_1_0
   001D C6r00r05      [ 4]  105 	lda	(___fs2ulong_fl1_1_21 + 1)
   0020 B7*01         [ 3]  106 	sta	*(___fs2ulong_sloc0_1_0 + 1)
   0022 C6r00r06      [ 4]  107 	lda	(___fs2ulong_fl1_1_21 + 2)
   0025 B7*02         [ 3]  108 	sta	*(___fs2ulong_sloc0_1_0 + 2)
   0027 C6r00r07      [ 4]  109 	lda	(___fs2ulong_fl1_1_21 + 3)
   002A B7*03         [ 3]  110 	sta	*(___fs2ulong_sloc0_1_0 + 3)
   002C B6*00         [ 3]  111 	lda	*___fs2ulong_sloc0_1_0
   002E BA*01         [ 3]  112 	ora	*(___fs2ulong_sloc0_1_0 + 1)
   0030 BA*02         [ 3]  113 	ora	*(___fs2ulong_sloc0_1_0 + 2)
   0032 BA*03         [ 3]  114 	ora	*(___fs2ulong_sloc0_1_0 + 3)
   0034 27 1C         [ 3]  115 	beq	00101$
   0036 C6r00r04      [ 4]  116 	lda	___fs2ulong_fl1_1_21
   0039 B7*00         [ 3]  117 	sta	*___fs2ulong_sloc0_1_0
   003B C6r00r05      [ 4]  118 	lda	(___fs2ulong_fl1_1_21 + 1)
   003E B7*01         [ 3]  119 	sta	*(___fs2ulong_sloc0_1_0 + 1)
   0040 C6r00r06      [ 4]  120 	lda	(___fs2ulong_fl1_1_21 + 2)
   0043 B7*02         [ 3]  121 	sta	*(___fs2ulong_sloc0_1_0 + 2)
   0045 C6r00r07      [ 4]  122 	lda	(___fs2ulong_fl1_1_21 + 3)
   0048 B7*03         [ 3]  123 	sta	*(___fs2ulong_sloc0_1_0 + 3)
   004A B6*00         [ 3]  124 	lda	*___fs2ulong_sloc0_1_0
   004C 49            [ 1]  125 	rola
   004D 4F            [ 1]  126 	clra
   004E 49            [ 1]  127 	rola
   004F 4D            [ 1]  128 	tsta
   0050 27 07         [ 3]  129 	beq	00102$
   0052                     130 00101$:
                            131 ;../_fs2ulong.c:112: return (0);
   0052 4F            [ 1]  132 	clra
   0053 97            [ 1]  133 	tax
   0054 B7*00         [ 3]  134 	sta	*___SDCC_hc08_ret2
   0056 B7*00         [ 3]  135 	sta	*___SDCC_hc08_ret3
   0058 81            [ 6]  136 	rts
   0059                     137 00102$:
                            138 ;../_fs2ulong.c:114: exp = EXP (fl1.l) - EXCESS - 24;
   0059 C6r00r04      [ 4]  139 	lda	___fs2ulong_fl1_1_21
   005C B7*00         [ 3]  140 	sta	*___fs2ulong_sloc0_1_0
   005E C6r00r05      [ 4]  141 	lda	(___fs2ulong_fl1_1_21 + 1)
   0061 B7*01         [ 3]  142 	sta	*(___fs2ulong_sloc0_1_0 + 1)
   0063 C6r00r06      [ 4]  143 	lda	(___fs2ulong_fl1_1_21 + 2)
   0066 B7*02         [ 3]  144 	sta	*(___fs2ulong_sloc0_1_0 + 2)
   0068 C6r00r07      [ 4]  145 	lda	(___fs2ulong_fl1_1_21 + 3)
   006B B7*03         [ 3]  146 	sta	*(___fs2ulong_sloc0_1_0 + 3)
   006D B6*01         [ 3]  147 	lda	*(___fs2ulong_sloc0_1_0 + 1)
   006F BE*00         [ 3]  148 	ldx	*___fs2ulong_sloc0_1_0
   0071 48            [ 1]  149 	lsla
   0072 9F            [ 1]  150 	txa
   0073 49            [ 1]  151 	rola
   0074 5F            [ 1]  152 	clrx
   0075 59            [ 1]  153 	rolx
   0076 B7*03         [ 3]  154 	sta	*(___fs2ulong_sloc0_1_0 + 3)
   0078 BF*02         [ 3]  155 	stx	*(___fs2ulong_sloc0_1_0 + 2)
   007A 6E 00*01      [ 4]  156 	mov	#0x00,*(___fs2ulong_sloc0_1_0 + 1)
   007D 6E 00*00      [ 4]  157 	mov	#0x00,*___fs2ulong_sloc0_1_0
   0080 6E 00*02      [ 4]  158 	mov	#0x00,*(___fs2ulong_sloc0_1_0 + 2)
   0083 6E 00*01      [ 4]  159 	mov	#0x00,*(___fs2ulong_sloc0_1_0 + 1)
   0086 6E 00*00      [ 4]  160 	mov	#0x00,*___fs2ulong_sloc0_1_0
   0089 B6*03         [ 3]  161 	lda	*(___fs2ulong_sloc0_1_0 + 3)
   008B A0 96         [ 2]  162 	sub	#0x96
   008D B7*03         [ 3]  163 	sta	*(___fs2ulong_sloc0_1_0 + 3)
   008F B6*02         [ 3]  164 	lda	*(___fs2ulong_sloc0_1_0 + 2)
   0091 A2 00         [ 2]  165 	sbc	#0x00
   0093 B7*02         [ 3]  166 	sta	*(___fs2ulong_sloc0_1_0 + 2)
   0095 B6*01         [ 3]  167 	lda	*(___fs2ulong_sloc0_1_0 + 1)
   0097 A2 00         [ 2]  168 	sbc	#0x00
   0099 B7*01         [ 3]  169 	sta	*(___fs2ulong_sloc0_1_0 + 1)
   009B B6*00         [ 3]  170 	lda	*___fs2ulong_sloc0_1_0
   009D A2 00         [ 2]  171 	sbc	#0x00
   009F B7*00         [ 3]  172 	sta	*___fs2ulong_sloc0_1_0
   00A1 B6*03         [ 3]  173 	lda	*(___fs2ulong_sloc0_1_0 + 3)
   00A3 C7r00r09      [ 4]  174 	sta	(___fs2ulong_exp_1_21 + 1)
   00A6 B6*02         [ 3]  175 	lda	*(___fs2ulong_sloc0_1_0 + 2)
   00A8 C7r00r08      [ 4]  176 	sta	___fs2ulong_exp_1_21
                            177 ;../_fs2ulong.c:115: l = MANT (fl1.l);
   00AB C6r00r04      [ 4]  178 	lda	___fs2ulong_fl1_1_21
   00AE B7*00         [ 3]  179 	sta	*___fs2ulong_sloc0_1_0
   00B0 C6r00r05      [ 4]  180 	lda	(___fs2ulong_fl1_1_21 + 1)
   00B3 B7*01         [ 3]  181 	sta	*(___fs2ulong_sloc0_1_0 + 1)
   00B5 C6r00r06      [ 4]  182 	lda	(___fs2ulong_fl1_1_21 + 2)
   00B8 B7*02         [ 3]  183 	sta	*(___fs2ulong_sloc0_1_0 + 2)
   00BA C6r00r07      [ 4]  184 	lda	(___fs2ulong_fl1_1_21 + 3)
   00BD B7*03         [ 3]  185 	sta	*(___fs2ulong_sloc0_1_0 + 3)
   00BF B6*01         [ 3]  186 	lda	*(___fs2ulong_sloc0_1_0 + 1)
   00C1 A4 7F         [ 2]  187 	and	#0x7F
   00C3 B7*01         [ 3]  188 	sta	*(___fs2ulong_sloc0_1_0 + 1)
   00C5 6E 00*00      [ 4]  189 	mov	#0x00,*___fs2ulong_sloc0_1_0
   00C8 B6*03         [ 3]  190 	lda	*(___fs2ulong_sloc0_1_0 + 3)
   00CA C7r00r0D      [ 4]  191 	sta	(___fs2ulong_l_1_21 + 3)
   00CD B6*02         [ 3]  192 	lda	*(___fs2ulong_sloc0_1_0 + 2)
   00CF C7r00r0C      [ 4]  193 	sta	(___fs2ulong_l_1_21 + 2)
   00D2 B6*01         [ 3]  194 	lda	*(___fs2ulong_sloc0_1_0 + 1)
   00D4 AA 80         [ 2]  195 	ora	#0x80
   00D6 C7r00r0B      [ 4]  196 	sta	(___fs2ulong_l_1_21 + 1)
   00D9 B6*00         [ 3]  197 	lda	*___fs2ulong_sloc0_1_0
   00DB C7r00r0A      [ 4]  198 	sta	___fs2ulong_l_1_21
                            199 ;../_fs2ulong.c:117: l >>= -exp;
   00DE 4F            [ 1]  200 	clra
   00DF C0r00r09      [ 4]  201 	sub	(___fs2ulong_exp_1_21 + 1)
   00E2 97            [ 1]  202 	tax
   00E3 4F            [ 1]  203 	clra
   00E4 C2r00r08      [ 4]  204 	sbc	___fs2ulong_exp_1_21
   00E7 87            [ 2]  205 	psha
   00E8 8A            [ 3]  206 	pulh
   00E9 C6r00r0D      [ 4]  207 	lda	(___fs2ulong_l_1_21 + 3)
   00EC 87            [ 2]  208 	psha
   00ED C6r00r0C      [ 4]  209 	lda	(___fs2ulong_l_1_21 + 2)
   00F0 87            [ 2]  210 	psha
   00F1 C6r00r0B      [ 4]  211 	lda	(___fs2ulong_l_1_21 + 1)
   00F4 87            [ 2]  212 	psha
   00F5 C6r00r0A      [ 4]  213 	lda	___fs2ulong_l_1_21
   00F8 87            [ 2]  214 	psha
   00F9 5D            [ 1]  215 	tstx
   00FA 27 0E         [ 3]  216 	beq	00113$
   00FC                     217 00112$:
   00FC 9E 67 01      [ 6]  218 	asr	1,s
   00FF 9E 66 02      [ 6]  219 	ror	2,s
   0102 9E 66 03      [ 6]  220 	ror	3,s
   0105 9E 66 04      [ 6]  221 	ror	4,s
   0108 5B F2         [ 4]  222 	dbnzx	00112$
   010A                     223 00113$:
   010A 9E EE 04      [ 4]  224 	ldx	4,s
   010D CFr00r0D      [ 4]  225 	stx	(___fs2ulong_l_1_21 + 3)
   0110 87            [ 2]  226 	psha
   0111 9E E6 04      [ 4]  227 	lda	4,s
   0114 C7r00r0C      [ 4]  228 	sta	(___fs2ulong_l_1_21 + 2)
   0117 9E E6 03      [ 4]  229 	lda	3,s
   011A C7r00r0B      [ 4]  230 	sta	(___fs2ulong_l_1_21 + 1)
   011D 9E E6 02      [ 4]  231 	lda	2,s
   0120 C7r00r0A      [ 4]  232 	sta	___fs2ulong_l_1_21
   0123 86            [ 3]  233 	pula
   0124 A7 04         [ 2]  234 	ais	#4
                            235 ;../_fs2ulong.c:119: return l;
   0126 C6r00r0A      [ 4]  236 	lda	___fs2ulong_l_1_21
   0129 B7*00         [ 3]  237 	sta	*___SDCC_hc08_ret3
   012B C6r00r0B      [ 4]  238 	lda	(___fs2ulong_l_1_21 + 1)
   012E B7*00         [ 3]  239 	sta	*___SDCC_hc08_ret2
   0130 CEr00r0C      [ 4]  240 	ldx	(___fs2ulong_l_1_21 + 2)
   0133 C6r00r0D      [ 4]  241 	lda	(___fs2ulong_l_1_21 + 3)
   0136 81            [ 6]  242 	rts
                            243 	.area CSEG    (CODE)
                            244 	.area CONST   (CODE)
                            245 	.area XINIT   (CODE)
                            246 	.area CABS    (ABS,CODE)
