                              1 ;--------------------------------------------------------
                              2 ; File Created by SDCC : free open source ANSI-C Compiler
                              3 ; Version 3.5.0 #9253 (Apr  4 2022) (Linux)
                              4 ; This file was generated Mon Apr  4 14:10:36 2022
                              5 ;--------------------------------------------------------
                              6 	.cs08
                              7 	.module _fsneq
                              8 	.optsdcc -ms08
                              9 	
                             10 	.area HOME    (CODE)
                             11 	.area GSINIT0 (CODE)
                             12 	.area GSINIT  (CODE)
                             13 	.area GSFINAL (CODE)
                             14 	.area CSEG    (CODE)
                             15 	.area XINIT   (CODE)
                             16 	.area CONST   (CODE)
                             17 	.area DSEG    (PAG)
                             18 	.area OSEG    (PAG, OVR)
                             19 	.area XSEG
                             20 	.area XISEG
                             21 ;--------------------------------------------------------
                             22 ; Public variables in this module
                             23 ;--------------------------------------------------------
                             24 	.globl ___fsneq_PARM_2
                             25 	.globl ___fsneq_PARM_1
                             26 	.globl ___fsneq
                             27 ;--------------------------------------------------------
                             28 ; ram data
                             29 ;--------------------------------------------------------
                             30 	.area DSEG    (PAG)
                             31 ;--------------------------------------------------------
                             32 ; overlayable items in ram 
                             33 ;--------------------------------------------------------
                             34 	.area	OSEG    (PAG, OVR)
   0000                      35 ___fsneq_sloc0_1_0:
   0000                      36 	.ds 4
   0004                      37 ___fsneq_sloc1_1_0:
   0004                      38 	.ds 4
                             39 ;--------------------------------------------------------
                             40 ; absolute ram data
                             41 ;--------------------------------------------------------
                             42 	.area IABS    (ABS)
                             43 	.area IABS    (ABS)
                             44 ;--------------------------------------------------------
                             45 ; absolute external ram data
                             46 ;--------------------------------------------------------
                             47 	.area XABS    (ABS)
                             48 ;--------------------------------------------------------
                             49 ; external initialized ram data
                             50 ;--------------------------------------------------------
                             51 	.area XISEG
                             52 ;--------------------------------------------------------
                             53 ; extended address mode data
                             54 ;--------------------------------------------------------
                             55 	.area XSEG
   0000                      56 ___fsneq_PARM_1:
   0000                      57 	.ds 4
   0004                      58 ___fsneq_PARM_2:
   0004                      59 	.ds 4
   0008                      60 ___fsneq_fl1_1_21:
   0008                      61 	.ds 4
   000C                      62 ___fsneq_fl2_1_21:
   000C                      63 	.ds 4
                             64 ;--------------------------------------------------------
                             65 ; global & static initialisations
                             66 ;--------------------------------------------------------
                             67 	.area HOME    (CODE)
                             68 	.area GSINIT  (CODE)
                             69 	.area GSFINAL (CODE)
                             70 	.area GSINIT  (CODE)
                             71 ;--------------------------------------------------------
                             72 ; Home
                             73 ;--------------------------------------------------------
                             74 	.area HOME    (CODE)
                             75 	.area HOME    (CODE)
                             76 ;--------------------------------------------------------
                             77 ; code
                             78 ;--------------------------------------------------------
                             79 	.area CSEG    (CODE)
                             80 ;------------------------------------------------------------
                             81 ;Allocation info for local variables in function '__fsneq'
                             82 ;------------------------------------------------------------
                             83 ;a1                        Allocated with name '___fsneq_PARM_1'
                             84 ;a2                        Allocated with name '___fsneq_PARM_2'
                             85 ;fl1                       Allocated with name '___fsneq_fl1_1_21'
                             86 ;fl2                       Allocated with name '___fsneq_fl2_1_21'
                             87 ;sloc0                     Allocated with name '___fsneq_sloc0_1_0'
                             88 ;sloc1                     Allocated with name '___fsneq_sloc1_1_0'
                             89 ;------------------------------------------------------------
                             90 ;../_fsneq.c:80: char __fsneq (float a1, float a2)
                             91 ;	-----------------------------------------
                             92 ;	 function __fsneq
                             93 ;	-----------------------------------------
                             94 ;	Register assignment is optimal.
                             95 ;	Stack space usage: 0 bytes.
   0000                      96 ___fsneq:
                             97 ;../_fsneq.c:84: fl1.f = a1;
   0000 C6r00r00      [ 4]   98 	lda	___fsneq_PARM_1
   0003 C7r00r08      [ 4]   99 	sta	___fsneq_fl1_1_21
   0006 C6r00r01      [ 4]  100 	lda	(___fsneq_PARM_1 + 1)
   0009 C7r00r09      [ 4]  101 	sta	(___fsneq_fl1_1_21 + 1)
   000C C6r00r02      [ 4]  102 	lda	(___fsneq_PARM_1 + 2)
   000F C7r00r0A      [ 4]  103 	sta	(___fsneq_fl1_1_21 + 2)
   0012 C6r00r03      [ 4]  104 	lda	(___fsneq_PARM_1 + 3)
   0015 C7r00r0B      [ 4]  105 	sta	(___fsneq_fl1_1_21 + 3)
                            106 ;../_fsneq.c:85: fl2.f = a2;
   0018 C6r00r04      [ 4]  107 	lda	___fsneq_PARM_2
   001B C7r00r0C      [ 4]  108 	sta	___fsneq_fl2_1_21
   001E C6r00r05      [ 4]  109 	lda	(___fsneq_PARM_2 + 1)
   0021 C7r00r0D      [ 4]  110 	sta	(___fsneq_fl2_1_21 + 1)
   0024 C6r00r06      [ 4]  111 	lda	(___fsneq_PARM_2 + 2)
   0027 C7r00r0E      [ 4]  112 	sta	(___fsneq_fl2_1_21 + 2)
   002A C6r00r07      [ 4]  113 	lda	(___fsneq_PARM_2 + 3)
   002D C7r00r0F      [ 4]  114 	sta	(___fsneq_fl2_1_21 + 3)
                            115 ;../_fsneq.c:87: if (fl1.l == fl2.l)
   0030 C6r00r08      [ 4]  116 	lda	___fsneq_fl1_1_21
   0033 B7*00         [ 3]  117 	sta	*___fsneq_sloc0_1_0
   0035 C6r00r09      [ 4]  118 	lda	(___fsneq_fl1_1_21 + 1)
   0038 B7*01         [ 3]  119 	sta	*(___fsneq_sloc0_1_0 + 1)
   003A C6r00r0A      [ 4]  120 	lda	(___fsneq_fl1_1_21 + 2)
   003D B7*02         [ 3]  121 	sta	*(___fsneq_sloc0_1_0 + 2)
   003F C6r00r0B      [ 4]  122 	lda	(___fsneq_fl1_1_21 + 3)
   0042 B7*03         [ 3]  123 	sta	*(___fsneq_sloc0_1_0 + 3)
   0044 C6r00r0C      [ 4]  124 	lda	___fsneq_fl2_1_21
   0047 B7*04         [ 3]  125 	sta	*___fsneq_sloc1_1_0
   0049 C6r00r0D      [ 4]  126 	lda	(___fsneq_fl2_1_21 + 1)
   004C B7*05         [ 3]  127 	sta	*(___fsneq_sloc1_1_0 + 1)
   004E C6r00r0E      [ 4]  128 	lda	(___fsneq_fl2_1_21 + 2)
   0051 B7*06         [ 3]  129 	sta	*(___fsneq_sloc1_1_0 + 2)
   0053 C6r00r0F      [ 4]  130 	lda	(___fsneq_fl2_1_21 + 3)
   0056 B7*07         [ 3]  131 	sta	*(___fsneq_sloc1_1_0 + 3)
   0058 B6*03         [ 3]  132 	lda	*(___fsneq_sloc0_1_0 + 3)
   005A B1*07         [ 3]  133 	cmp	*(___fsneq_sloc1_1_0 + 3)
   005C 26 11         [ 3]  134 	bne	00115$
   005E B6*02         [ 3]  135 	lda	*(___fsneq_sloc0_1_0 + 2)
   0060 B1*06         [ 3]  136 	cmp	*(___fsneq_sloc1_1_0 + 2)
   0062 26 0B         [ 3]  137 	bne	00115$
   0064 B6*01         [ 3]  138 	lda	*(___fsneq_sloc0_1_0 + 1)
   0066 B1*05         [ 3]  139 	cmp	*(___fsneq_sloc1_1_0 + 1)
   0068 26 05         [ 3]  140 	bne	00115$
   006A B6*00         [ 3]  141 	lda	*___fsneq_sloc0_1_0
   006C 31*04 02      [ 5]  142 	cbeq	*___fsneq_sloc1_1_0,00116$
   006F                     143 00115$:
   006F 20 02         [ 3]  144 	bra	00102$
   0071                     145 00116$:
                            146 ;../_fsneq.c:88: return (0);
   0071 4F            [ 1]  147 	clra
   0072 81            [ 6]  148 	rts
   0073                     149 00102$:
                            150 ;../_fsneq.c:89: if (((fl1.l | fl2.l) & 0x7FFFFFFF) == 0)
   0073 C6r00r08      [ 4]  151 	lda	___fsneq_fl1_1_21
   0076 B7*04         [ 3]  152 	sta	*___fsneq_sloc1_1_0
   0078 C6r00r09      [ 4]  153 	lda	(___fsneq_fl1_1_21 + 1)
   007B B7*05         [ 3]  154 	sta	*(___fsneq_sloc1_1_0 + 1)
   007D C6r00r0A      [ 4]  155 	lda	(___fsneq_fl1_1_21 + 2)
   0080 B7*06         [ 3]  156 	sta	*(___fsneq_sloc1_1_0 + 2)
   0082 C6r00r0B      [ 4]  157 	lda	(___fsneq_fl1_1_21 + 3)
   0085 B7*07         [ 3]  158 	sta	*(___fsneq_sloc1_1_0 + 3)
   0087 C6r00r0C      [ 4]  159 	lda	___fsneq_fl2_1_21
   008A B7*00         [ 3]  160 	sta	*___fsneq_sloc0_1_0
   008C C6r00r0D      [ 4]  161 	lda	(___fsneq_fl2_1_21 + 1)
   008F B7*01         [ 3]  162 	sta	*(___fsneq_sloc0_1_0 + 1)
   0091 C6r00r0E      [ 4]  163 	lda	(___fsneq_fl2_1_21 + 2)
   0094 B7*02         [ 3]  164 	sta	*(___fsneq_sloc0_1_0 + 2)
   0096 C6r00r0F      [ 4]  165 	lda	(___fsneq_fl2_1_21 + 3)
   0099 B7*03         [ 3]  166 	sta	*(___fsneq_sloc0_1_0 + 3)
   009B B6*07         [ 3]  167 	lda	*(___fsneq_sloc1_1_0 + 3)
   009D BA*03         [ 3]  168 	ora	*(___fsneq_sloc0_1_0 + 3)
   009F B7*07         [ 3]  169 	sta	*(___fsneq_sloc1_1_0 + 3)
   00A1 B6*06         [ 3]  170 	lda	*(___fsneq_sloc1_1_0 + 2)
   00A3 BA*02         [ 3]  171 	ora	*(___fsneq_sloc0_1_0 + 2)
   00A5 B7*06         [ 3]  172 	sta	*(___fsneq_sloc1_1_0 + 2)
   00A7 B6*05         [ 3]  173 	lda	*(___fsneq_sloc1_1_0 + 1)
   00A9 BA*01         [ 3]  174 	ora	*(___fsneq_sloc0_1_0 + 1)
   00AB B7*05         [ 3]  175 	sta	*(___fsneq_sloc1_1_0 + 1)
   00AD B6*04         [ 3]  176 	lda	*___fsneq_sloc1_1_0
   00AF BA*00         [ 3]  177 	ora	*___fsneq_sloc0_1_0
   00B1 B7*04         [ 3]  178 	sta	*___fsneq_sloc1_1_0
   00B3 3D*07         [ 4]  179 	tst	*(___fsneq_sloc1_1_0 + 3)
   00B5 26 0C         [ 3]  180 	bne	00117$
   00B7 3D*06         [ 4]  181 	tst	*(___fsneq_sloc1_1_0 + 2)
   00B9 26 08         [ 3]  182 	bne	00117$
   00BB 3D*05         [ 4]  183 	tst	*(___fsneq_sloc1_1_0 + 1)
   00BD 26 04         [ 3]  184 	bne	00117$
   00BF B6*04         [ 3]  185 	lda	*___fsneq_sloc1_1_0
   00C1 A5 7F         [ 2]  186 	bit	#0x7F
   00C3                     187 00117$:
   00C3 26 02         [ 3]  188 	bne	00104$
                            189 ;../_fsneq.c:90: return (0);
   00C5 4F            [ 1]  190 	clra
   00C6 81            [ 6]  191 	rts
   00C7                     192 00104$:
                            193 ;../_fsneq.c:91: return (1);
   00C7 A6 01         [ 2]  194 	lda	#0x01
   00C9 81            [ 6]  195 	rts
                            196 	.area CSEG    (CODE)
                            197 	.area CONST   (CODE)
                            198 	.area XINIT   (CODE)
                            199 	.area CABS    (ABS,CODE)
