                              1 ;--------------------------------------------------------
                              2 ; File Created by SDCC : free open source ANSI-C Compiler
                              3 ; Version 3.5.0 #9253 (Apr  4 2022) (Linux)
                              4 ; This file was generated Mon Apr  4 14:10:39 2022
                              5 ;--------------------------------------------------------
                              6 	.cs08
                              7 	.module _itoa
                              8 	.optsdcc -ms08
                              9 	
                             10 	.area HOME    (CODE)
                             11 	.area GSINIT0 (CODE)
                             12 	.area GSINIT  (CODE)
                             13 	.area GSFINAL (CODE)
                             14 	.area CSEG    (CODE)
                             15 	.area XINIT   (CODE)
                             16 	.area CONST   (CODE)
                             17 	.area DSEG    (PAG)
                             18 	.area OSEG    (PAG, OVR)
                             19 	.area XSEG
                             20 	.area XISEG
                             21 ;--------------------------------------------------------
                             22 ; Public variables in this module
                             23 ;--------------------------------------------------------
                             24 	.globl __itoa
                             25 	.globl __uitoa
                             26 	.globl __itoa_PARM_3
                             27 	.globl __itoa_PARM_2
                             28 	.globl __uitoa_PARM_3
                             29 	.globl __uitoa_PARM_2
                             30 ;--------------------------------------------------------
                             31 ; ram data
                             32 ;--------------------------------------------------------
                             33 	.area DSEG    (PAG)
   0000                      34 __uitoa_sloc0_1_0:
   0000                      35 	.ds 2
   0002                      36 __uitoa_sloc1_1_0:
   0002                      37 	.ds 2
   0004                      38 __uitoa_sloc2_1_0:
   0004                      39 	.ds 2
                             40 ;--------------------------------------------------------
                             41 ; overlayable items in ram 
                             42 ;--------------------------------------------------------
                             43 ;--------------------------------------------------------
                             44 ; absolute ram data
                             45 ;--------------------------------------------------------
                             46 	.area IABS    (ABS)
                             47 	.area IABS    (ABS)
                             48 ;--------------------------------------------------------
                             49 ; absolute external ram data
                             50 ;--------------------------------------------------------
                             51 	.area XABS    (ABS)
                             52 ;--------------------------------------------------------
                             53 ; external initialized ram data
                             54 ;--------------------------------------------------------
                             55 	.area XISEG
                             56 ;--------------------------------------------------------
                             57 ; extended address mode data
                             58 ;--------------------------------------------------------
                             59 	.area XSEG
   0000                      60 __uitoa_PARM_2:
   0000                      61 	.ds 2
   0002                      62 __uitoa_PARM_3:
   0002                      63 	.ds 1
   0003                      64 __uitoa_value_1_1:
   0003                      65 	.ds 2
   0005                      66 __uitoa_tmp_2_4:
   0005                      67 	.ds 1
   0006                      68 __itoa_PARM_2:
   0006                      69 	.ds 2
   0008                      70 __itoa_PARM_3:
   0008                      71 	.ds 1
   0009                      72 __itoa_value_1_5:
   0009                      73 	.ds 2
                             74 ;--------------------------------------------------------
                             75 ; global & static initialisations
                             76 ;--------------------------------------------------------
                             77 	.area HOME    (CODE)
                             78 	.area GSINIT  (CODE)
                             79 	.area GSFINAL (CODE)
                             80 	.area GSINIT  (CODE)
                             81 ;--------------------------------------------------------
                             82 ; Home
                             83 ;--------------------------------------------------------
                             84 	.area HOME    (CODE)
                             85 	.area HOME    (CODE)
                             86 ;--------------------------------------------------------
                             87 ; code
                             88 ;--------------------------------------------------------
                             89 	.area CSEG    (CODE)
                             90 ;------------------------------------------------------------
                             91 ;Allocation info for local variables in function '_uitoa'
                             92 ;------------------------------------------------------------
                             93 ;sloc0                     Allocated with name '__uitoa_sloc0_1_0'
                             94 ;sloc1                     Allocated with name '__uitoa_sloc1_1_0'
                             95 ;sloc2                     Allocated with name '__uitoa_sloc2_1_0'
                             96 ;string                    Allocated with name '__uitoa_PARM_2'
                             97 ;radix                     Allocated with name '__uitoa_PARM_3'
                             98 ;value                     Allocated with name '__uitoa_value_1_1'
                             99 ;index                     Allocated to registers 
                            100 ;i                         Allocated to registers 
                            101 ;tmp                       Allocated with name '__uitoa_tmp_2_4'
                            102 ;------------------------------------------------------------
                            103 ;../_itoa.c:40: void _uitoa(unsigned int value, char* string, unsigned char radix)
                            104 ;	-----------------------------------------
                            105 ;	 function _uitoa
                            106 ;	-----------------------------------------
                            107 ;	Register assignment is optimal.
                            108 ;	Stack space usage: 0 bytes.
   0000                     109 __uitoa:
   0000 C7r00r04      [ 4]  110 	sta	(__uitoa_value_1_1 + 1)
   0003 CFr00r03      [ 4]  111 	stx	__uitoa_value_1_1
                            112 ;../_itoa.c:45: do {
   0006 8C            [ 1]  113 	clrh
   0007                     114 00103$:
                            115 ;../_itoa.c:46: string[index] = '0' + (value % radix);
   0007 8B            [ 2]  116 	pshh
   0008 86            [ 3]  117 	pula
   0009 CBr00r01      [ 4]  118 	add	(__uitoa_PARM_2 + 1)
   000C B7*01         [ 3]  119 	sta	*(__uitoa_sloc0_1_0 + 1)
   000E 4F            [ 1]  120 	clra
   000F C9r00r00      [ 4]  121 	adc	__uitoa_PARM_2
   0012 B7*00         [ 3]  122 	sta	*__uitoa_sloc0_1_0
   0014 C6r00r02      [ 4]  123 	lda	__uitoa_PARM_3
   0017 B7*03         [ 3]  124 	sta	*(__uitoa_sloc1_1_0 + 1)
   0019 6E 00*02      [ 4]  125 	mov	#0x00,*__uitoa_sloc1_1_0
   001C B6*02         [ 3]  126 	lda	*__uitoa_sloc1_1_0
   001E C7r00r00      [ 4]  127 	sta	__moduint_PARM_2
   0021 B6*03         [ 3]  128 	lda	*(__uitoa_sloc1_1_0 + 1)
   0023 C7r00r01      [ 4]  129 	sta	(__moduint_PARM_2 + 1)
   0026 8B            [ 2]  130 	pshh
   0027 C6r00r04      [ 4]  131 	lda	(__uitoa_value_1_1 + 1)
   002A CEr00r03      [ 4]  132 	ldx	__uitoa_value_1_1
   002D CDr00r00      [ 6]  133 	jsr	__moduint
   0030 8A            [ 3]  134 	pulh
   0031 AB 30         [ 2]  135 	add	#0x30
   0033 8B            [ 2]  136 	pshh
   0034 55*00         [ 4]  137 	ldhx	*__uitoa_sloc0_1_0
   0036 F7            [ 2]  138 	sta	,x
   0037 8A            [ 3]  139 	pulh
                            140 ;../_itoa.c:47: if (string[index] > '9')
   0038 A1 39         [ 2]  141 	cmp	#0x39
   003A 93 0C         [ 3]  142 	ble	00102$
                            143 ;../_itoa.c:48: string[index] += 'A' - '9' - 1;
   003C 8B            [ 2]  144 	pshh
   003D 55*00         [ 4]  145 	ldhx	*__uitoa_sloc0_1_0
   003F F6            [ 3]  146 	lda	,x
   0040 8A            [ 3]  147 	pulh
   0041 AB 07         [ 2]  148 	add	#0x07
   0043 8B            [ 2]  149 	pshh
   0044 55*00         [ 4]  150 	ldhx	*__uitoa_sloc0_1_0
   0046 F7            [ 2]  151 	sta	,x
   0047 8A            [ 3]  152 	pulh
   0048                     153 00102$:
                            154 ;../_itoa.c:49: value /= radix;
   0048 B6*02         [ 3]  155 	lda	*__uitoa_sloc1_1_0
   004A C7r00r00      [ 4]  156 	sta	__divuint_PARM_2
   004D B6*03         [ 3]  157 	lda	*(__uitoa_sloc1_1_0 + 1)
   004F C7r00r01      [ 4]  158 	sta	(__divuint_PARM_2 + 1)
   0052 8B            [ 2]  159 	pshh
   0053 C6r00r04      [ 4]  160 	lda	(__uitoa_value_1_1 + 1)
   0056 CEr00r03      [ 4]  161 	ldx	__uitoa_value_1_1
   0059 CDr00r00      [ 6]  162 	jsr	__divuint
   005C C7r00r04      [ 4]  163 	sta	(__uitoa_value_1_1 + 1)
   005F CFr00r03      [ 4]  164 	stx	__uitoa_value_1_1
   0062 8A            [ 3]  165 	pulh
                            166 ;../_itoa.c:50: ++index;
   0063 8B            [ 2]  167 	pshh
   0064 9E 6C 01      [ 6]  168 	inc	1,s
   0067 8A            [ 3]  169 	pulh
                            170 ;../_itoa.c:51: } while (value != 0);
   0068 C6r00r03      [ 4]  171 	lda	__uitoa_value_1_1
   006B CAr00r04      [ 4]  172 	ora	(__uitoa_value_1_1 + 1)
   006E 26 97         [ 3]  173 	bne	00103$
                            174 ;../_itoa.c:54: string[index--] = '\0';
   0070 8B            [ 2]  175 	pshh
   0071 86            [ 3]  176 	pula
   0072 A0 01         [ 2]  177 	sub	#0x01
   0074 B7*02         [ 3]  178 	sta	*__uitoa_sloc1_1_0
   0076 8B            [ 2]  179 	pshh
   0077 86            [ 3]  180 	pula
   0078 CBr00r01      [ 4]  181 	add	(__uitoa_PARM_2 + 1)
   007B 97            [ 1]  182 	tax
   007C 4F            [ 1]  183 	clra
   007D C9r00r00      [ 4]  184 	adc	__uitoa_PARM_2
   0080 87            [ 2]  185 	psha
   0081 8A            [ 3]  186 	pulh
   0082 4F            [ 1]  187 	clra
   0083 F7            [ 2]  188 	sta	,x
                            189 ;../_itoa.c:57: while (index > i) {
   0084 97            [ 1]  190 	tax
   0085                     191 00106$:
   0085 B3*02         [ 3]  192 	cpx	*__uitoa_sloc1_1_0
   0087 90 3A         [ 3]  193 	bge	00109$
                            194 ;../_itoa.c:58: char tmp = string[i];
   0089 9F            [ 1]  195 	txa
   008A CBr00r01      [ 4]  196 	add	(__uitoa_PARM_2 + 1)
   008D B7*01         [ 3]  197 	sta	*(__uitoa_sloc0_1_0 + 1)
   008F 4F            [ 1]  198 	clra
   0090 C9r00r00      [ 4]  199 	adc	__uitoa_PARM_2
   0093 B7*00         [ 3]  200 	sta	*__uitoa_sloc0_1_0
   0095 89            [ 2]  201 	pshx
   0096 55*00         [ 4]  202 	ldhx	*__uitoa_sloc0_1_0
   0098 F6            [ 3]  203 	lda	,x
   0099 C7r00r05      [ 4]  204 	sta	__uitoa_tmp_2_4
   009C 88            [ 3]  205 	pulx
                            206 ;../_itoa.c:59: string[i] = string[index];
   009D B6*02         [ 3]  207 	lda	*__uitoa_sloc1_1_0
   009F CBr00r01      [ 4]  208 	add	(__uitoa_PARM_2 + 1)
   00A2 B7*05         [ 3]  209 	sta	*(__uitoa_sloc2_1_0 + 1)
   00A4 A6 00         [ 2]  210 	lda	#0x00
   00A6 C9r00r00      [ 4]  211 	adc	__uitoa_PARM_2
   00A9 B7*04         [ 3]  212 	sta	*__uitoa_sloc2_1_0
   00AB 89            [ 2]  213 	pshx
   00AC 55*04         [ 4]  214 	ldhx	*__uitoa_sloc2_1_0
   00AE F6            [ 3]  215 	lda	,x
   00AF 88            [ 3]  216 	pulx
   00B0 89            [ 2]  217 	pshx
   00B1 55*00         [ 4]  218 	ldhx	*__uitoa_sloc0_1_0
   00B3 F7            [ 2]  219 	sta	,x
   00B4 88            [ 3]  220 	pulx
                            221 ;../_itoa.c:60: string[index] = tmp;
   00B5 89            [ 2]  222 	pshx
   00B6 55*04         [ 4]  223 	ldhx	*__uitoa_sloc2_1_0
   00B8 C6r00r05      [ 4]  224 	lda	__uitoa_tmp_2_4
   00BB F7            [ 2]  225 	sta	,x
   00BC 88            [ 3]  226 	pulx
                            227 ;../_itoa.c:61: ++i;
   00BD AF 01         [ 2]  228 	aix	#1
                            229 ;../_itoa.c:62: --index;
   00BF 3A*02         [ 5]  230 	dec	*__uitoa_sloc1_1_0
   00C1 20 C2         [ 3]  231 	bra	00106$
   00C3                     232 00109$:
   00C3 81            [ 6]  233 	rts
                            234 ;------------------------------------------------------------
                            235 ;Allocation info for local variables in function '_itoa'
                            236 ;------------------------------------------------------------
                            237 ;string                    Allocated with name '__itoa_PARM_2'
                            238 ;radix                     Allocated with name '__itoa_PARM_3'
                            239 ;value                     Allocated with name '__itoa_value_1_5'
                            240 ;------------------------------------------------------------
                            241 ;../_itoa.c:66: void _itoa(int value, char* string, unsigned char radix)
                            242 ;	-----------------------------------------
                            243 ;	 function _itoa
                            244 ;	-----------------------------------------
                            245 ;	Register assignment is optimal.
                            246 ;	Stack space usage: 0 bytes.
   00C4                     247 __itoa:
   00C4 C7r00r0A      [ 4]  248 	sta	(__itoa_value_1_5 + 1)
   00C7 CFr00r09      [ 4]  249 	stx	__itoa_value_1_5
                            250 ;../_itoa.c:68: if (value < 0 && radix == 10) {
   00CA C6r00r09      [ 4]  251 	lda	__itoa_value_1_5
   00CD A0 00         [ 2]  252 	sub	#0x00
   00CF 90 24         [ 3]  253 	bge	00102$
   00D1 C6r00r08      [ 4]  254 	lda	__itoa_PARM_3
   00D4 A1 0A         [ 2]  255 	cmp	#0x0A
   00D6 26 1D         [ 3]  256 	bne	00102$
                            257 ;../_itoa.c:69: *string++ = '-';
   00D8 32r00r06      [ 5]  258 	ldhx	__itoa_PARM_2
   00DB 89            [ 2]  259 	pshx
   00DC 8B            [ 2]  260 	pshh
   00DD A6 2D         [ 2]  261 	lda	#0x2D
   00DF F7            [ 2]  262 	sta	,x
   00E0 8A            [ 3]  263 	pulh
   00E1 88            [ 3]  264 	pulx
   00E2 AF 01         [ 2]  265 	aix	#1
   00E4 96r00r06      [ 5]  266 	sthx	__itoa_PARM_2
                            267 ;../_itoa.c:70: value = -value;
   00E7 4F            [ 1]  268 	clra
   00E8 C0r00r0A      [ 4]  269 	sub	(__itoa_value_1_5 + 1)
   00EB C7r00r0A      [ 4]  270 	sta	(__itoa_value_1_5 + 1)
   00EE 4F            [ 1]  271 	clra
   00EF C2r00r09      [ 4]  272 	sbc	__itoa_value_1_5
   00F2 C7r00r09      [ 4]  273 	sta	__itoa_value_1_5
   00F5                     274 00102$:
                            275 ;../_itoa.c:72: _uitoa(value, string, radix);
   00F5 32r00r06      [ 5]  276 	ldhx	__itoa_PARM_2
   00F8 96r00r00      [ 5]  277 	sthx	__uitoa_PARM_2
   00FB C6r00r08      [ 4]  278 	lda	__itoa_PARM_3
   00FE C7r00r02      [ 4]  279 	sta	__uitoa_PARM_3
   0101 C6r00r0A      [ 4]  280 	lda	(__itoa_value_1_5 + 1)
   0104 CEr00r09      [ 4]  281 	ldx	__itoa_value_1_5
   0107 CCr00r00      [ 4]  282 	jmp	__uitoa
                            283 	.area CSEG    (CODE)
                            284 	.area CONST   (CODE)
                            285 	.area XINIT   (CODE)
                            286 	.area CABS    (ABS,CODE)
