                              1 ;--------------------------------------------------------
                              2 ; File Created by SDCC : free open source ANSI-C Compiler
                              3 ; Version 3.5.0 #9253 (Apr  4 2022) (Linux)
                              4 ; This file was generated Mon Apr  4 14:10:37 2022
                              5 ;--------------------------------------------------------
                              6 	.cs08
                              7 	.module _memset
                              8 	.optsdcc -ms08
                              9 	
                             10 	.area HOME    (CODE)
                             11 	.area GSINIT0 (CODE)
                             12 	.area GSINIT  (CODE)
                             13 	.area GSFINAL (CODE)
                             14 	.area CSEG    (CODE)
                             15 	.area XINIT   (CODE)
                             16 	.area CONST   (CODE)
                             17 	.area DSEG    (PAG)
                             18 	.area OSEG    (PAG, OVR)
                             19 	.area XSEG
                             20 	.area XISEG
                             21 ;--------------------------------------------------------
                             22 ; Public variables in this module
                             23 ;--------------------------------------------------------
                             24 	.globl _memset_PARM_3
                             25 	.globl _memset_PARM_2
                             26 	.globl _memset
                             27 ;--------------------------------------------------------
                             28 ; ram data
                             29 ;--------------------------------------------------------
                             30 	.area DSEG    (PAG)
                             31 ;--------------------------------------------------------
                             32 ; overlayable items in ram 
                             33 ;--------------------------------------------------------
                             34 	.area	OSEG    (PAG, OVR)
   0000                      35 _memset_sloc0_1_0:
   0000                      36 	.ds 2
   0002                      37 _memset_sloc1_1_0:
   0002                      38 	.ds 2
                             39 ;--------------------------------------------------------
                             40 ; absolute ram data
                             41 ;--------------------------------------------------------
                             42 	.area IABS    (ABS)
                             43 	.area IABS    (ABS)
                             44 ;--------------------------------------------------------
                             45 ; absolute external ram data
                             46 ;--------------------------------------------------------
                             47 	.area XABS    (ABS)
                             48 ;--------------------------------------------------------
                             49 ; external initialized ram data
                             50 ;--------------------------------------------------------
                             51 	.area XISEG
                             52 ;--------------------------------------------------------
                             53 ; extended address mode data
                             54 ;--------------------------------------------------------
                             55 	.area XSEG
   0000                      56 _memset_PARM_2:
   0000                      57 	.ds 2
   0002                      58 _memset_PARM_3:
   0002                      59 	.ds 2
   0004                      60 _memset_s_1_21:
   0004                      61 	.ds 2
                             62 ;--------------------------------------------------------
                             63 ; global & static initialisations
                             64 ;--------------------------------------------------------
                             65 	.area HOME    (CODE)
                             66 	.area GSINIT  (CODE)
                             67 	.area GSFINAL (CODE)
                             68 	.area GSINIT  (CODE)
                             69 ;--------------------------------------------------------
                             70 ; Home
                             71 ;--------------------------------------------------------
                             72 	.area HOME    (CODE)
                             73 	.area HOME    (CODE)
                             74 ;--------------------------------------------------------
                             75 ; code
                             76 ;--------------------------------------------------------
                             77 	.area CSEG    (CODE)
                             78 ;------------------------------------------------------------
                             79 ;Allocation info for local variables in function 'memset'
                             80 ;------------------------------------------------------------
                             81 ;c                         Allocated with name '_memset_PARM_2'
                             82 ;n                         Allocated with name '_memset_PARM_3'
                             83 ;s                         Allocated with name '_memset_s_1_21'
                             84 ;ret                       Allocated to registers 
                             85 ;sloc0                     Allocated with name '_memset_sloc0_1_0'
                             86 ;sloc1                     Allocated with name '_memset_sloc1_1_0'
                             87 ;------------------------------------------------------------
                             88 ;../_memset.c:41: void *memset (void *s, int c, size_t n)
                             89 ;	-----------------------------------------
                             90 ;	 function memset
                             91 ;	-----------------------------------------
                             92 ;	Register assignment is optimal.
                             93 ;	Stack space usage: 0 bytes.
   0000                      94 _memset:
   0000 C7r00r05      [ 4]   95 	sta	(_memset_s_1_21 + 1)
   0003 CFr00r04      [ 4]   96 	stx	_memset_s_1_21
                             97 ;../_memset.c:44: register unsigned char *ret = s;
   0006 32r00r04      [ 5]   98 	ldhx	_memset_s_1_21
                             99 ;../_memset.c:46: while (n--)
   0009 C6r00r02      [ 4]  100 	lda	_memset_PARM_3
   000C B7*00         [ 3]  101 	sta	*_memset_sloc0_1_0
   000E C6r00r03      [ 4]  102 	lda	(_memset_PARM_3 + 1)
   0011 B7*01         [ 3]  103 	sta	*(_memset_sloc0_1_0 + 1)
   0013                     104 00101$:
   0013 4E*00*02      [ 6]  105 	mov	*_memset_sloc0_1_0,*_memset_sloc1_1_0
   0016 4E*01*03      [ 6]  106 	mov	*(_memset_sloc0_1_0 + 1),*(_memset_sloc1_1_0 + 1)
   0019 89            [ 2]  107 	pshx
   001A 8B            [ 2]  108 	pshh
   001B 55*00         [ 4]  109 	ldhx	*_memset_sloc0_1_0
   001D AF FF         [ 2]  110 	aix	#-1
   001F 35*00         [ 4]  111 	sthx	*_memset_sloc0_1_0
   0021 8A            [ 3]  112 	pulh
   0022 88            [ 3]  113 	pulx
   0023 B6*03         [ 3]  114 	lda	*(_memset_sloc1_1_0 + 1)
   0025 BA*02         [ 3]  115 	ora	*_memset_sloc1_1_0
   0027 27 08         [ 3]  116 	beq	00103$
                            117 ;../_memset.c:48: *(unsigned char *) ret = c;
   0029 C6r00r01      [ 4]  118 	lda	(_memset_PARM_2 + 1)
   002C F7            [ 2]  119 	sta	,x
   002D AF 01         [ 2]  120 	aix	#1
                            121 ;../_memset.c:49: ret = ((unsigned char *) ret) + 1;
   002F 20 E2         [ 3]  122 	bra	00101$
   0031                     123 00103$:
                            124 ;../_memset.c:52: return s;
   0031 CEr00r04      [ 4]  125 	ldx	_memset_s_1_21
   0034 C6r00r05      [ 4]  126 	lda	(_memset_s_1_21 + 1)
   0037 81            [ 6]  127 	rts
                            128 	.area CSEG    (CODE)
                            129 	.area CONST   (CODE)
                            130 	.area XINIT   (CODE)
                            131 	.area CABS    (ABS,CODE)
