                              1 ;--------------------------------------------------------
                              2 ; File Created by SDCC : free open source ANSI-C Compiler
                              3 ; Version 3.5.0 #9253 (Apr  4 2022) (Linux)
                              4 ; This file was generated Mon Apr  4 14:10:35 2022
                              5 ;--------------------------------------------------------
                              6 	.cs08
                              7 	.module _schar2fs
                              8 	.optsdcc -ms08
                              9 	
                             10 	.area HOME    (CODE)
                             11 	.area GSINIT0 (CODE)
                             12 	.area GSINIT  (CODE)
                             13 	.area GSFINAL (CODE)
                             14 	.area CSEG    (CODE)
                             15 	.area XINIT   (CODE)
                             16 	.area CONST   (CODE)
                             17 	.area DSEG    (PAG)
                             18 	.area OSEG    (PAG, OVR)
                             19 	.area XSEG
                             20 	.area XISEG
                             21 ;--------------------------------------------------------
                             22 ; Public variables in this module
                             23 ;--------------------------------------------------------
                             24 	.globl ___slong2fs
                             25 	.globl ___schar2fs
                             26 ;--------------------------------------------------------
                             27 ; ram data
                             28 ;--------------------------------------------------------
                             29 	.area DSEG    (PAG)
   0000                      30 ___schar2fs_sloc0_1_0:
   0000                      31 	.ds 4
                             32 ;--------------------------------------------------------
                             33 ; overlayable items in ram 
                             34 ;--------------------------------------------------------
                             35 ;--------------------------------------------------------
                             36 ; absolute ram data
                             37 ;--------------------------------------------------------
                             38 	.area IABS    (ABS)
                             39 	.area IABS    (ABS)
                             40 ;--------------------------------------------------------
                             41 ; absolute external ram data
                             42 ;--------------------------------------------------------
                             43 	.area XABS    (ABS)
                             44 ;--------------------------------------------------------
                             45 ; external initialized ram data
                             46 ;--------------------------------------------------------
                             47 	.area XISEG
                             48 ;--------------------------------------------------------
                             49 ; extended address mode data
                             50 ;--------------------------------------------------------
                             51 	.area XSEG
                             52 ;--------------------------------------------------------
                             53 ; global & static initialisations
                             54 ;--------------------------------------------------------
                             55 	.area HOME    (CODE)
                             56 	.area GSINIT  (CODE)
                             57 	.area GSFINAL (CODE)
                             58 	.area GSINIT  (CODE)
                             59 ;--------------------------------------------------------
                             60 ; Home
                             61 ;--------------------------------------------------------
                             62 	.area HOME    (CODE)
                             63 	.area HOME    (CODE)
                             64 ;--------------------------------------------------------
                             65 ; code
                             66 ;--------------------------------------------------------
                             67 	.area CSEG    (CODE)
                             68 ;------------------------------------------------------------
                             69 ;Allocation info for local variables in function '__schar2fs'
                             70 ;------------------------------------------------------------
                             71 ;sloc0                     Allocated with name '___schar2fs_sloc0_1_0'
                             72 ;sc                        Allocated to registers a 
                             73 ;------------------------------------------------------------
                             74 ;../_schar2fs.c:55: float __schar2fs (signed char sc) {
                             75 ;	-----------------------------------------
                             76 ;	 function __schar2fs
                             77 ;	-----------------------------------------
                             78 ;	Register assignment is optimal.
                             79 ;	Stack space usage: 0 bytes.
   0000                      80 ___schar2fs:
                             81 ;../_schar2fs.c:56: return __slong2fs(sc);
   0000 C7r00r03      [ 4]   82 	sta	(___slong2fs_PARM_1 + 3)
   0003 49            [ 1]   83 	rola	
   0004 4F            [ 1]   84 	clra	
   0005 A2 00         [ 2]   85 	sbc	#0x00
   0007 C7r00r02      [ 4]   86 	sta	(___slong2fs_PARM_1 + 2)
   000A C7r00r01      [ 4]   87 	sta	(___slong2fs_PARM_1 + 1)
   000D C7r00r00      [ 4]   88 	sta	___slong2fs_PARM_1
   0010 CDr00r00      [ 6]   89 	jsr	___slong2fs
   0013 B7*03         [ 3]   90 	sta	*(___schar2fs_sloc0_1_0 + 3)
   0015 BF*02         [ 3]   91 	stx	*(___schar2fs_sloc0_1_0 + 2)
   0017 4E*00*01      [ 6]   92 	mov	*___SDCC_hc08_ret2,*(___schar2fs_sloc0_1_0 + 1)
   001A 4E*00*00      [ 6]   93 	mov	*___SDCC_hc08_ret3,*___schar2fs_sloc0_1_0
   001D 4E*00*00      [ 6]   94 	mov	*___schar2fs_sloc0_1_0,*___SDCC_hc08_ret3
   0020 4E*01*00      [ 6]   95 	mov	*(___schar2fs_sloc0_1_0 + 1),*___SDCC_hc08_ret2
   0023 BE*02         [ 3]   96 	ldx	*(___schar2fs_sloc0_1_0 + 2)
   0025 B6*03         [ 3]   97 	lda	*(___schar2fs_sloc0_1_0 + 3)
   0027 81            [ 6]   98 	rts
                             99 	.area CSEG    (CODE)
                            100 	.area CONST   (CODE)
                            101 	.area XINIT   (CODE)
                            102 	.area CABS    (ABS,CODE)
