                              1 ;--------------------------------------------------------
                              2 ; File Created by SDCC : free open source ANSI-C Compiler
                              3 ; Version 3.5.0 #9253 (Apr  4 2022) (Linux)
                              4 ; This file was generated Mon Apr  4 14:10:37 2022
                              5 ;--------------------------------------------------------
                              6 	.cs08
                              7 	.module _strncmp
                              8 	.optsdcc -ms08
                              9 	
                             10 	.area HOME    (CODE)
                             11 	.area GSINIT0 (CODE)
                             12 	.area GSINIT  (CODE)
                             13 	.area GSFINAL (CODE)
                             14 	.area CSEG    (CODE)
                             15 	.area XINIT   (CODE)
                             16 	.area CONST   (CODE)
                             17 	.area DSEG    (PAG)
                             18 	.area OSEG    (PAG, OVR)
                             19 	.area XSEG
                             20 	.area XISEG
                             21 ;--------------------------------------------------------
                             22 ; Public variables in this module
                             23 ;--------------------------------------------------------
                             24 	.globl _strncmp_PARM_3
                             25 	.globl _strncmp_PARM_2
                             26 	.globl _strncmp
                             27 ;--------------------------------------------------------
                             28 ; ram data
                             29 ;--------------------------------------------------------
                             30 	.area DSEG    (PAG)
                             31 ;--------------------------------------------------------
                             32 ; overlayable items in ram 
                             33 ;--------------------------------------------------------
                             34 	.area	OSEG    (PAG, OVR)
   0000                      35 _strncmp_sloc0_1_0:
   0000                      36 	.ds 2
   0002                      37 _strncmp_sloc1_1_0:
   0002                      38 	.ds 2
   0004                      39 _strncmp_sloc2_1_0:
   0004                      40 	.ds 2
   0006                      41 _strncmp_sloc3_1_0:
   0006                      42 	.ds 1
                             43 ;--------------------------------------------------------
                             44 ; absolute ram data
                             45 ;--------------------------------------------------------
                             46 	.area IABS    (ABS)
                             47 	.area IABS    (ABS)
                             48 ;--------------------------------------------------------
                             49 ; absolute external ram data
                             50 ;--------------------------------------------------------
                             51 	.area XABS    (ABS)
                             52 ;--------------------------------------------------------
                             53 ; external initialized ram data
                             54 ;--------------------------------------------------------
                             55 	.area XISEG
                             56 ;--------------------------------------------------------
                             57 ; extended address mode data
                             58 ;--------------------------------------------------------
                             59 	.area XSEG
   0000                      60 _strncmp_PARM_2:
   0000                      61 	.ds 2
   0002                      62 _strncmp_PARM_3:
   0002                      63 	.ds 2
                             64 ;--------------------------------------------------------
                             65 ; global & static initialisations
                             66 ;--------------------------------------------------------
                             67 	.area HOME    (CODE)
                             68 	.area GSINIT  (CODE)
                             69 	.area GSFINAL (CODE)
                             70 	.area GSINIT  (CODE)
                             71 ;--------------------------------------------------------
                             72 ; Home
                             73 ;--------------------------------------------------------
                             74 	.area HOME    (CODE)
                             75 	.area HOME    (CODE)
                             76 ;--------------------------------------------------------
                             77 ; code
                             78 ;--------------------------------------------------------
                             79 	.area CSEG    (CODE)
                             80 ;------------------------------------------------------------
                             81 ;Allocation info for local variables in function 'strncmp'
                             82 ;------------------------------------------------------------
                             83 ;last                      Allocated with name '_strncmp_PARM_2'
                             84 ;count                     Allocated with name '_strncmp_PARM_3'
                             85 ;first                     Allocated to registers a x 
                             86 ;sloc0                     Allocated with name '_strncmp_sloc0_1_0'
                             87 ;sloc1                     Allocated with name '_strncmp_sloc1_1_0'
                             88 ;sloc2                     Allocated with name '_strncmp_sloc2_1_0'
                             89 ;sloc3                     Allocated with name '_strncmp_sloc3_1_0'
                             90 ;------------------------------------------------------------
                             91 ;../_strncmp.c:31: int strncmp ( const char * first, const char * last, size_t count )
                             92 ;	-----------------------------------------
                             93 ;	 function strncmp
                             94 ;	-----------------------------------------
                             95 ;	Register assignment might be sub-optimal.
                             96 ;	Stack space usage: 0 bytes.
   0000                      97 _strncmp:
                             98 ;../_strncmp.c:33: if (!count)
   0000 87            [ 2]   99 	psha
   0001 C6r00r02      [ 4]  100 	lda	_strncmp_PARM_3
   0004 CAr00r03      [ 4]  101 	ora	(_strncmp_PARM_3 + 1)
   0007 86            [ 3]  102 	pula
   0008 26 03         [ 3]  103 	bne	00114$
                            104 ;../_strncmp.c:34: return(0);
   000A 4F            [ 1]  105 	clra
   000B 97            [ 1]  106 	tax
   000C 81            [ 6]  107 	rts
                            108 ;../_strncmp.c:36: while (--count && *first && *first == *last) {
   000D                     109 00114$:
   000D BF*00         [ 3]  110 	stx	*_strncmp_sloc0_1_0
   000F B7*01         [ 3]  111 	sta	*(_strncmp_sloc0_1_0 + 1)
   0011 32r00r00      [ 5]  112 	ldhx	_strncmp_PARM_2
   0014 35*02         [ 4]  113 	sthx	*_strncmp_sloc1_1_0
   0016 32r00r02      [ 5]  114 	ldhx	_strncmp_PARM_3
   0019 35*04         [ 4]  115 	sthx	*_strncmp_sloc2_1_0
   001B                     116 00105$:
   001B 55*04         [ 4]  117 	ldhx	*_strncmp_sloc2_1_0
   001D AF FF         [ 2]  118 	aix	#-1
   001F 35*04         [ 4]  119 	sthx	*_strncmp_sloc2_1_0
   0021 55*00         [ 4]  120 	ldhx	*_strncmp_sloc0_1_0
   0023 F6            [ 3]  121 	lda	,x
   0024 55*02         [ 4]  122 	ldhx	*_strncmp_sloc1_1_0
   0026 FE            [ 3]  123 	ldx	,x
   0027 BF*06         [ 3]  124 	stx	*_strncmp_sloc3_1_0
   0029 3D*05         [ 4]  125 	tst	*(_strncmp_sloc2_1_0 + 1)
   002B 26 02         [ 3]  126 	bne	00132$
   002D 3D*04         [ 4]  127 	tst	*_strncmp_sloc2_1_0
   002F                     128 00132$:
   002F 27 15         [ 3]  129 	beq	00107$
   0031 4D            [ 1]  130 	tsta
   0032 27 12         [ 3]  131 	beq	00107$
   0034 B1*06         [ 3]  132 	cmp	*_strncmp_sloc3_1_0
   0036 26 0E         [ 3]  133 	bne	00107$
                            134 ;../_strncmp.c:37: first++;
   0038 55*00         [ 4]  135 	ldhx	*_strncmp_sloc0_1_0
   003A AF 01         [ 2]  136 	aix	#1
   003C 35*00         [ 4]  137 	sthx	*_strncmp_sloc0_1_0
                            138 ;../_strncmp.c:38: last++;
   003E 55*02         [ 4]  139 	ldhx	*_strncmp_sloc1_1_0
   0040 AF 01         [ 2]  140 	aix	#1
   0042 35*02         [ 4]  141 	sthx	*_strncmp_sloc1_1_0
   0044 20 D5         [ 3]  142 	bra	00105$
   0046                     143 00107$:
                            144 ;../_strncmp.c:41: return( *first - *last );
   0046 97            [ 1]  145 	tax
   0047 49            [ 1]  146 	rola	
   0048 4F            [ 1]  147 	clra	
   0049 A2 00         [ 2]  148 	sbc	#0x00
   004B 87            [ 2]  149 	psha
   004C 8A            [ 3]  150 	pulh
   004D B6*06         [ 3]  151 	lda	*_strncmp_sloc3_1_0
   004F B7*05         [ 3]  152 	sta	*(_strncmp_sloc2_1_0 + 1)
   0051 49            [ 1]  153 	rola	
   0052 4F            [ 1]  154 	clra	
   0053 A2 00         [ 2]  155 	sbc	#0x00
   0055 B7*04         [ 3]  156 	sta	*_strncmp_sloc2_1_0
   0057 9F            [ 1]  157 	txa
   0058 B0*05         [ 3]  158 	sub	*(_strncmp_sloc2_1_0 + 1)
   005A 87            [ 2]  159 	psha
   005B 8B            [ 2]  160 	pshh
   005C 86            [ 3]  161 	pula
   005D B2*04         [ 3]  162 	sbc	*_strncmp_sloc2_1_0
   005F 97            [ 1]  163 	tax
   0060 86            [ 3]  164 	pula
   0061 81            [ 6]  165 	rts
                            166 	.area CSEG    (CODE)
                            167 	.area CONST   (CODE)
                            168 	.area XINIT   (CODE)
                            169 	.area CABS    (ABS,CODE)
