                              1 ;--------------------------------------------------------
                              2 ; File Created by SDCC : free open source ANSI-C Compiler
                              3 ; Version 3.5.0 #9253 (Apr  4 2022) (Linux)
                              4 ; This file was generated Mon Apr  4 14:10:39 2022
                              5 ;--------------------------------------------------------
                              6 	.cs08
                              7 	.module _strcpy
                              8 	.optsdcc -ms08
                              9 	
                             10 	.area HOME    (CODE)
                             11 	.area GSINIT0 (CODE)
                             12 	.area GSINIT  (CODE)
                             13 	.area GSFINAL (CODE)
                             14 	.area CSEG    (CODE)
                             15 	.area XINIT   (CODE)
                             16 	.area CONST   (CODE)
                             17 	.area DSEG    (PAG)
                             18 	.area OSEG    (PAG, OVR)
                             19 	.area XSEG
                             20 	.area XISEG
                             21 ;--------------------------------------------------------
                             22 ; Public variables in this module
                             23 ;--------------------------------------------------------
                             24 	.globl _strcpy_PARM_2
                             25 	.globl _strcpy
                             26 ;--------------------------------------------------------
                             27 ; ram data
                             28 ;--------------------------------------------------------
                             29 	.area DSEG    (PAG)
                             30 ;--------------------------------------------------------
                             31 ; overlayable items in ram 
                             32 ;--------------------------------------------------------
                             33 	.area	OSEG    (PAG, OVR)
   0000                      34 _strcpy_sloc0_1_0:
   0000                      35 	.ds 2
                             36 ;--------------------------------------------------------
                             37 ; absolute ram data
                             38 ;--------------------------------------------------------
                             39 	.area IABS    (ABS)
                             40 	.area IABS    (ABS)
                             41 ;--------------------------------------------------------
                             42 ; absolute external ram data
                             43 ;--------------------------------------------------------
                             44 	.area XABS    (ABS)
                             45 ;--------------------------------------------------------
                             46 ; external initialized ram data
                             47 ;--------------------------------------------------------
                             48 	.area XISEG
                             49 ;--------------------------------------------------------
                             50 ; extended address mode data
                             51 ;--------------------------------------------------------
                             52 	.area XSEG
   0000                      53 _strcpy_PARM_2:
   0000                      54 	.ds 2
   0002                      55 _strcpy_d_1_21:
   0002                      56 	.ds 2
                             57 ;--------------------------------------------------------
                             58 ; global & static initialisations
                             59 ;--------------------------------------------------------
                             60 	.area HOME    (CODE)
                             61 	.area GSINIT  (CODE)
                             62 	.area GSFINAL (CODE)
                             63 	.area GSINIT  (CODE)
                             64 ;--------------------------------------------------------
                             65 ; Home
                             66 ;--------------------------------------------------------
                             67 	.area HOME    (CODE)
                             68 	.area HOME    (CODE)
                             69 ;--------------------------------------------------------
                             70 ; code
                             71 ;--------------------------------------------------------
                             72 	.area CSEG    (CODE)
                             73 ;------------------------------------------------------------
                             74 ;Allocation info for local variables in function 'strcpy'
                             75 ;------------------------------------------------------------
                             76 ;s                         Allocated with name '_strcpy_PARM_2'
                             77 ;d                         Allocated with name '_strcpy_d_1_21'
                             78 ;d1                        Allocated to registers 
                             79 ;sloc0                     Allocated with name '_strcpy_sloc0_1_0'
                             80 ;------------------------------------------------------------
                             81 ;../_strcpy.c:34: char * strcpy ( char * d, const char * s )
                             82 ;	-----------------------------------------
                             83 ;	 function strcpy
                             84 ;	-----------------------------------------
                             85 ;	Register assignment is optimal.
                             86 ;	Stack space usage: 0 bytes.
   0000                      87 _strcpy:
   0000 C7r00r03      [ 4]   88 	sta	(_strcpy_d_1_21 + 1)
   0003 CFr00r02      [ 4]   89 	stx	_strcpy_d_1_21
                             90 ;../_strcpy.c:46: while (*d1++ = *s++) ;
   0006 32r00r00      [ 5]   91 	ldhx	_strcpy_PARM_2
   0009 35*00         [ 4]   92 	sthx	*_strcpy_sloc0_1_0
   000B 32r00r02      [ 5]   93 	ldhx	_strcpy_d_1_21
   000E                      94 00101$:
   000E 89            [ 2]   95 	pshx
   000F 8B            [ 2]   96 	pshh
   0010 55*00         [ 4]   97 	ldhx	*_strcpy_sloc0_1_0
   0012 F6            [ 3]   98 	lda	,x
   0013 AF 01         [ 2]   99 	aix	#1
   0015 35*00         [ 4]  100 	sthx	*_strcpy_sloc0_1_0
   0017 8A            [ 3]  101 	pulh
   0018 88            [ 3]  102 	pulx
   0019 F7            [ 2]  103 	sta	,x
   001A AF 01         [ 2]  104 	aix	#1
   001C 4D            [ 1]  105 	tsta
   001D 26 EF         [ 3]  106 	bne	00101$
                            107 ;../_strcpy.c:48: return d;
   001F CEr00r02      [ 4]  108 	ldx	_strcpy_d_1_21
   0022 C6r00r03      [ 4]  109 	lda	(_strcpy_d_1_21 + 1)
   0025 81            [ 6]  110 	rts
                            111 	.area CSEG    (CODE)
                            112 	.area CONST   (CODE)
                            113 	.area XINIT   (CODE)
                            114 	.area CABS    (ABS,CODE)
