                              1 ;--------------------------------------------------------
                              2 ; File Created by SDCC : free open source ANSI-C Compiler
                              3 ; Version 3.5.0 #9253 (Apr  4 2022) (Linux)
                              4 ; This file was generated Mon Apr  4 14:10:36 2022
                              5 ;--------------------------------------------------------
                              6 	.cs08
                              7 	.module atanf
                              8 	.optsdcc -ms08
                              9 	
                             10 	.area HOME    (CODE)
                             11 	.area GSINIT0 (CODE)
                             12 	.area GSINIT  (CODE)
                             13 	.area GSFINAL (CODE)
                             14 	.area CSEG    (CODE)
                             15 	.area XINIT   (CODE)
                             16 	.area CONST   (CODE)
                             17 	.area DSEG    (PAG)
                             18 	.area OSEG    (PAG, OVR)
                             19 	.area XSEG
                             20 	.area XISEG
                             21 ;--------------------------------------------------------
                             22 ; Public variables in this module
                             23 ;--------------------------------------------------------
                             24 	.globl _fabsf
                             25 	.globl _atanf
                             26 ;--------------------------------------------------------
                             27 ; ram data
                             28 ;--------------------------------------------------------
                             29 	.area DSEG    (PAG)
                             30 ;--------------------------------------------------------
                             31 ; overlayable items in ram 
                             32 ;--------------------------------------------------------
                             33 ;--------------------------------------------------------
                             34 ; absolute ram data
                             35 ;--------------------------------------------------------
                             36 	.area IABS    (ABS)
                             37 	.area IABS    (ABS)
                             38 ;--------------------------------------------------------
                             39 ; absolute external ram data
                             40 ;--------------------------------------------------------
                             41 	.area XABS    (ABS)
                             42 ;--------------------------------------------------------
                             43 ; external initialized ram data
                             44 ;--------------------------------------------------------
                             45 	.area XISEG
                             46 ;--------------------------------------------------------
                             47 ; extended address mode data
                             48 ;--------------------------------------------------------
                             49 	.area XSEG
                             50 ;--------------------------------------------------------
                             51 ; global & static initialisations
                             52 ;--------------------------------------------------------
                             53 	.area HOME    (CODE)
                             54 	.area GSINIT  (CODE)
                             55 	.area GSFINAL (CODE)
                             56 	.area GSINIT  (CODE)
                             57 ;--------------------------------------------------------
                             58 ; Home
                             59 ;--------------------------------------------------------
                             60 	.area HOME    (CODE)
                             61 	.area HOME    (CODE)
                             62 ;--------------------------------------------------------
                             63 ; code
                             64 ;--------------------------------------------------------
                             65 	.area CSEG    (CODE)
                             66 ;------------------------------------------------------------
                             67 ;Allocation info for local variables in function 'atanf'
                             68 ;------------------------------------------------------------
                             69 ;x                         Allocated to stack - sp -16
                             70 ;f                         Allocated to stack - sp -30
                             71 ;r                         Allocated to stack - sp -34
                             72 ;g                         Allocated to stack - sp -30
                             73 ;n                         Allocated to stack - sp -36
                             74 ;sloc0                     Allocated to stack - sp -22
                             75 ;sloc1                     Allocated to stack - sp -26
                             76 ;------------------------------------------------------------
                             77 ;../atanf.c:55: float atanf(float x) _FLOAT_FUNC_REENTRANT
                             78 ;	-----------------------------------------
                             79 ;	 function atanf
                             80 ;	-----------------------------------------
                             81 ;	Register assignment is optimal.
                             82 ;	Stack space usage: 18 bytes.
   0000                      83 _atanf:
   0000 A7 EE         [ 2]   84 	ais	#-18
                             85 ;../atanf.c:58: int n=0;
   0002 95            [ 2]   86 	tsx
   0003 8C            [ 1]   87 	clrh
   0004 5F            [ 1]   88 	clrx
   0005 9E FF 01      [ 5]   89 	sthx	1,s
                             90 ;../atanf.c:61: f=fabsf(x);
   0008 95            [ 2]   91 	tsx
   0009 E6 17         [ 3]   92 	lda	23,x
   000B 87            [ 2]   93 	psha
   000C E6 16         [ 3]   94 	lda	22,x
   000E 87            [ 2]   95 	psha
   000F E6 15         [ 3]   96 	lda	21,x
   0011 87            [ 2]   97 	psha
   0012 E6 14         [ 3]   98 	lda	20,x
   0014 87            [ 2]   99 	psha
   0015 CDr00r00      [ 6]  100 	jsr	_fabsf
   0018 9E E7 16      [ 4]  101 	sta	22,s
   001B 9E EF 15      [ 4]  102 	stx	21,s
   001E B6*00         [ 3]  103 	lda	*___SDCC_hc08_ret2
   0020 9E E7 14      [ 4]  104 	sta	20,s
   0023 B6*00         [ 3]  105 	lda	*___SDCC_hc08_ret3
   0025 9E E7 13      [ 4]  106 	sta	19,s
   0028 A7 04         [ 2]  107 	ais	#4
   002A 95            [ 2]  108 	tsx
   002B E6 0E         [ 3]  109 	lda	14,x
   002D E7 06         [ 3]  110 	sta	6,x
   002F E6 0F         [ 3]  111 	lda	15,x
   0031 E7 07         [ 3]  112 	sta	7,x
   0033 E6 10         [ 3]  113 	lda	16,x
   0035 E7 08         [ 3]  114 	sta	8,x
   0037 E6 11         [ 3]  115 	lda	17,x
   0039 E7 09         [ 3]  116 	sta	9,x
                            117 ;../atanf.c:62: if(f>1.0)
   003B E6 0E         [ 3]  118 	lda	14,x
   003D C7r00r00      [ 4]  119 	sta	___fsgt_PARM_1
   0040 E6 0F         [ 3]  120 	lda	15,x
   0042 C7r00r01      [ 4]  121 	sta	(___fsgt_PARM_1 + 1)
   0045 E6 10         [ 3]  122 	lda	16,x
   0047 C7r00r02      [ 4]  123 	sta	(___fsgt_PARM_1 + 2)
   004A E6 11         [ 3]  124 	lda	17,x
   004C C7r00r03      [ 4]  125 	sta	(___fsgt_PARM_1 + 3)
   004F 45 3F 80      [ 3]  126 	ldhx	#0x3F80
   0052 96r00r00      [ 5]  127 	sthx	___fsgt_PARM_2
   0055 8C            [ 1]  128 	clrh
   0056 5F            [ 1]  129 	clrx
   0057 96r00r02      [ 5]  130 	sthx	(___fsgt_PARM_2 + 2)
   005A CDr00r00      [ 6]  131 	jsr	___fsgt
   005D 4D            [ 1]  132 	tsta
   005E 27 3A         [ 3]  133 	beq	00102$
                            134 ;../atanf.c:64: f=1.0/f;
   0060 45 3F 80      [ 3]  135 	ldhx	#0x3F80
   0063 96r00r00      [ 5]  136 	sthx	___fsdiv_PARM_1
   0066 8C            [ 1]  137 	clrh
   0067 5F            [ 1]  138 	clrx
   0068 96r00r02      [ 5]  139 	sthx	(___fsdiv_PARM_1 + 2)
   006B 95            [ 2]  140 	tsx
   006C E6 0E         [ 3]  141 	lda	14,x
   006E C7r00r00      [ 4]  142 	sta	___fsdiv_PARM_2
   0071 E6 0F         [ 3]  143 	lda	15,x
   0073 C7r00r01      [ 4]  144 	sta	(___fsdiv_PARM_2 + 1)
   0076 E6 10         [ 3]  145 	lda	16,x
   0078 C7r00r02      [ 4]  146 	sta	(___fsdiv_PARM_2 + 2)
   007B E6 11         [ 3]  147 	lda	17,x
   007D C7r00r03      [ 4]  148 	sta	(___fsdiv_PARM_2 + 3)
   0080 CDr00r00      [ 6]  149 	jsr	___fsdiv
   0083 9E E7 0A      [ 4]  150 	sta	10,s
   0086 9E EF 09      [ 4]  151 	stx	9,s
   0089 B6*00         [ 3]  152 	lda	*___SDCC_hc08_ret2
   008B 9E E7 08      [ 4]  153 	sta	8,s
   008E B6*00         [ 3]  154 	lda	*___SDCC_hc08_ret3
   0090 9E E7 07      [ 4]  155 	sta	7,s
                            156 ;../atanf.c:65: n=2;
   0093 95            [ 2]  157 	tsx
   0094 45 00 02      [ 3]  158 	ldhx	#0x0002
   0097 9E FF 01      [ 5]  159 	sthx	1,s
   009A                     160 00102$:
                            161 ;../atanf.c:67: if(f>K1)
   009A 95            [ 2]  162 	tsx
   009B E6 06         [ 3]  163 	lda	6,x
   009D C7r00r00      [ 4]  164 	sta	___fsgt_PARM_1
   00A0 E6 07         [ 3]  165 	lda	7,x
   00A2 C7r00r01      [ 4]  166 	sta	(___fsgt_PARM_1 + 1)
   00A5 E6 08         [ 3]  167 	lda	8,x
   00A7 C7r00r02      [ 4]  168 	sta	(___fsgt_PARM_1 + 2)
   00AA E6 09         [ 3]  169 	lda	9,x
   00AC C7r00r03      [ 4]  170 	sta	(___fsgt_PARM_1 + 3)
   00AF 45 3E 89      [ 3]  171 	ldhx	#0x3E89
   00B2 96r00r00      [ 5]  172 	sthx	___fsgt_PARM_2
   00B5 45 30 A3      [ 3]  173 	ldhx	#0x30A3
   00B8 96r00r02      [ 5]  174 	sthx	(___fsgt_PARM_2 + 2)
   00BB CDr00r00      [ 6]  175 	jsr	___fsgt
   00BE 4D            [ 1]  176 	tsta
   00BF 26 03         [ 3]  177 	bne	00135$
   00C1 CCr01rA0      [ 4]  178 	jmp	00104$
   00C4                     179 00135$:
                            180 ;../atanf.c:69: f=((K2*f-1.0)+f)/(K3+f);
   00C4 45 3F 3B      [ 3]  181 	ldhx	#0x3F3B
   00C7 96r00r00      [ 5]  182 	sthx	___fsmul_PARM_1
   00CA 45 67 AF      [ 3]  183 	ldhx	#0x67AF
   00CD 96r00r02      [ 5]  184 	sthx	(___fsmul_PARM_1 + 2)
   00D0 95            [ 2]  185 	tsx
   00D1 E6 06         [ 3]  186 	lda	6,x
   00D3 C7r00r00      [ 4]  187 	sta	___fsmul_PARM_2
   00D6 E6 07         [ 3]  188 	lda	7,x
   00D8 C7r00r01      [ 4]  189 	sta	(___fsmul_PARM_2 + 1)
   00DB E6 08         [ 3]  190 	lda	8,x
   00DD C7r00r02      [ 4]  191 	sta	(___fsmul_PARM_2 + 2)
   00E0 E6 09         [ 3]  192 	lda	9,x
   00E2 C7r00r03      [ 4]  193 	sta	(___fsmul_PARM_2 + 3)
   00E5 CDr00r00      [ 6]  194 	jsr	___fsmul
   00E8 C7r00r03      [ 4]  195 	sta	(___fssub_PARM_1 + 3)
   00EB CFr00r02      [ 4]  196 	stx	(___fssub_PARM_1 + 2)
   00EE B6*00         [ 3]  197 	lda	*___SDCC_hc08_ret2
   00F0 C7r00r01      [ 4]  198 	sta	(___fssub_PARM_1 + 1)
   00F3 B6*00         [ 3]  199 	lda	*___SDCC_hc08_ret3
   00F5 C7r00r00      [ 4]  200 	sta	___fssub_PARM_1
   00F8 45 3F 80      [ 3]  201 	ldhx	#0x3F80
   00FB 96r00r00      [ 5]  202 	sthx	___fssub_PARM_2
   00FE 8C            [ 1]  203 	clrh
   00FF 5F            [ 1]  204 	clrx
   0100 96r00r02      [ 5]  205 	sthx	(___fssub_PARM_2 + 2)
   0103 CDr00r00      [ 6]  206 	jsr	___fssub
   0106 C7r00r03      [ 4]  207 	sta	(___fsadd_PARM_1 + 3)
   0109 CFr00r02      [ 4]  208 	stx	(___fsadd_PARM_1 + 2)
   010C B6*00         [ 3]  209 	lda	*___SDCC_hc08_ret2
   010E C7r00r01      [ 4]  210 	sta	(___fsadd_PARM_1 + 1)
   0111 B6*00         [ 3]  211 	lda	*___SDCC_hc08_ret3
   0113 C7r00r00      [ 4]  212 	sta	___fsadd_PARM_1
   0116 95            [ 2]  213 	tsx
   0117 E6 06         [ 3]  214 	lda	6,x
   0119 C7r00r00      [ 4]  215 	sta	___fsadd_PARM_2
   011C E6 07         [ 3]  216 	lda	7,x
   011E C7r00r01      [ 4]  217 	sta	(___fsadd_PARM_2 + 1)
   0121 E6 08         [ 3]  218 	lda	8,x
   0123 C7r00r02      [ 4]  219 	sta	(___fsadd_PARM_2 + 2)
   0126 E6 09         [ 3]  220 	lda	9,x
   0128 C7r00r03      [ 4]  221 	sta	(___fsadd_PARM_2 + 3)
   012B CDr00r00      [ 6]  222 	jsr	___fsadd
   012E 9E E7 12      [ 4]  223 	sta	18,s
   0131 9E EF 11      [ 4]  224 	stx	17,s
   0134 B6*00         [ 3]  225 	lda	*___SDCC_hc08_ret2
   0136 9E E7 10      [ 4]  226 	sta	16,s
   0139 B6*00         [ 3]  227 	lda	*___SDCC_hc08_ret3
   013B 9E E7 0F      [ 4]  228 	sta	15,s
   013E 95            [ 2]  229 	tsx
   013F E6 06         [ 3]  230 	lda	6,x
   0141 C7r00r00      [ 4]  231 	sta	___fsadd_PARM_1
   0144 E6 07         [ 3]  232 	lda	7,x
   0146 C7r00r01      [ 4]  233 	sta	(___fsadd_PARM_1 + 1)
   0149 E6 08         [ 3]  234 	lda	8,x
   014B C7r00r02      [ 4]  235 	sta	(___fsadd_PARM_1 + 2)
   014E E6 09         [ 3]  236 	lda	9,x
   0150 C7r00r03      [ 4]  237 	sta	(___fsadd_PARM_1 + 3)
   0153 45 3F DD      [ 3]  238 	ldhx	#0x3FDD
   0156 96r00r00      [ 5]  239 	sthx	___fsadd_PARM_2
   0159 45 B3 D7      [ 3]  240 	ldhx	#0xB3D7
   015C 96r00r02      [ 5]  241 	sthx	(___fsadd_PARM_2 + 2)
   015F CDr00r00      [ 6]  242 	jsr	___fsadd
   0162 C7r00r03      [ 4]  243 	sta	(___fsdiv_PARM_2 + 3)
   0165 CFr00r02      [ 4]  244 	stx	(___fsdiv_PARM_2 + 2)
   0168 B6*00         [ 3]  245 	lda	*___SDCC_hc08_ret2
   016A C7r00r01      [ 4]  246 	sta	(___fsdiv_PARM_2 + 1)
   016D B6*00         [ 3]  247 	lda	*___SDCC_hc08_ret3
   016F C7r00r00      [ 4]  248 	sta	___fsdiv_PARM_2
   0172 95            [ 2]  249 	tsx
   0173 E6 0E         [ 3]  250 	lda	14,x
   0175 C7r00r00      [ 4]  251 	sta	___fsdiv_PARM_1
   0178 E6 0F         [ 3]  252 	lda	15,x
   017A C7r00r01      [ 4]  253 	sta	(___fsdiv_PARM_1 + 1)
   017D E6 10         [ 3]  254 	lda	16,x
   017F C7r00r02      [ 4]  255 	sta	(___fsdiv_PARM_1 + 2)
   0182 E6 11         [ 3]  256 	lda	17,x
   0184 C7r00r03      [ 4]  257 	sta	(___fsdiv_PARM_1 + 3)
   0187 CDr00r00      [ 6]  258 	jsr	___fsdiv
   018A 9E E7 0A      [ 4]  259 	sta	10,s
   018D 9E EF 09      [ 4]  260 	stx	9,s
   0190 B6*00         [ 3]  261 	lda	*___SDCC_hc08_ret2
   0192 9E E7 08      [ 4]  262 	sta	8,s
   0195 B6*00         [ 3]  263 	lda	*___SDCC_hc08_ret3
   0197 9E E7 07      [ 4]  264 	sta	7,s
                            265 ;../atanf.c:73: n++;
   019A 95            [ 2]  266 	tsx
   019B 6C 01         [ 5]  267 	inc	1,x
   019D 26 01         [ 3]  268 	bne	00136$
   019F 7C            [ 4]  269 	inc	,x
   01A0                     270 00136$:
   01A0                     271 00104$:
                            272 ;../atanf.c:75: if(fabsf(f)<EPS) r=f;
   01A0 95            [ 2]  273 	tsx
   01A1 E6 09         [ 3]  274 	lda	9,x
   01A3 87            [ 2]  275 	psha
   01A4 E6 08         [ 3]  276 	lda	8,x
   01A6 87            [ 2]  277 	psha
   01A7 E6 07         [ 3]  278 	lda	7,x
   01A9 87            [ 2]  279 	psha
   01AA E6 06         [ 3]  280 	lda	6,x
   01AC 87            [ 2]  281 	psha
   01AD CDr00r00      [ 6]  282 	jsr	_fabsf
   01B0 C7r00r03      [ 4]  283 	sta	(___fslt_PARM_1 + 3)
   01B3 CFr00r02      [ 4]  284 	stx	(___fslt_PARM_1 + 2)
   01B6 B6*00         [ 3]  285 	lda	*___SDCC_hc08_ret2
   01B8 C7r00r01      [ 4]  286 	sta	(___fslt_PARM_1 + 1)
   01BB B6*00         [ 3]  287 	lda	*___SDCC_hc08_ret3
   01BD C7r00r00      [ 4]  288 	sta	___fslt_PARM_1
   01C0 A7 04         [ 2]  289 	ais	#4
   01C2 45 39 80      [ 3]  290 	ldhx	#0x3980
   01C5 96r00r00      [ 5]  291 	sthx	___fslt_PARM_2
   01C8 8C            [ 1]  292 	clrh
   01C9 5F            [ 1]  293 	clrx
   01CA 96r00r02      [ 5]  294 	sthx	(___fslt_PARM_2 + 2)
   01CD CDr00r00      [ 6]  295 	jsr	___fslt
   01D0 4D            [ 1]  296 	tsta
   01D1 27 14         [ 3]  297 	beq	00106$
   01D3 95            [ 2]  298 	tsx
   01D4 E6 06         [ 3]  299 	lda	6,x
   01D6 E7 02         [ 3]  300 	sta	2,x
   01D8 E6 07         [ 3]  301 	lda	7,x
   01DA E7 03         [ 3]  302 	sta	3,x
   01DC E6 08         [ 3]  303 	lda	8,x
   01DE E7 04         [ 3]  304 	sta	4,x
   01E0 E6 09         [ 3]  305 	lda	9,x
   01E2 E7 05         [ 3]  306 	sta	5,x
   01E4 CCr03r4A      [ 4]  307 	jmp	00107$
   01E7                     308 00106$:
                            309 ;../atanf.c:78: g=f*f;
   01E7 95            [ 2]  310 	tsx
   01E8 E6 06         [ 3]  311 	lda	6,x
   01EA C7r00r00      [ 4]  312 	sta	___fsmul_PARM_1
   01ED E6 07         [ 3]  313 	lda	7,x
   01EF C7r00r01      [ 4]  314 	sta	(___fsmul_PARM_1 + 1)
   01F2 E6 08         [ 3]  315 	lda	8,x
   01F4 C7r00r02      [ 4]  316 	sta	(___fsmul_PARM_1 + 2)
   01F7 E6 09         [ 3]  317 	lda	9,x
   01F9 C7r00r03      [ 4]  318 	sta	(___fsmul_PARM_1 + 3)
   01FC E6 06         [ 3]  319 	lda	6,x
   01FE C7r00r00      [ 4]  320 	sta	___fsmul_PARM_2
   0201 E6 07         [ 3]  321 	lda	7,x
   0203 C7r00r01      [ 4]  322 	sta	(___fsmul_PARM_2 + 1)
   0206 E6 08         [ 3]  323 	lda	8,x
   0208 C7r00r02      [ 4]  324 	sta	(___fsmul_PARM_2 + 2)
   020B E6 09         [ 3]  325 	lda	9,x
   020D C7r00r03      [ 4]  326 	sta	(___fsmul_PARM_2 + 3)
                            327 ;../atanf.c:79: r=f+P(g,f)/Q(g);
   0210 CDr00r00      [ 6]  328 	jsr	___fsmul
   0213 9E E7 12      [ 4]  329 	sta	18,s
   0216 9E EF 11      [ 4]  330 	stx	17,s
   0219 B6*00         [ 3]  331 	lda	*___SDCC_hc08_ret2
   021B 9E E7 10      [ 4]  332 	sta	16,s
   021E B6*00         [ 3]  333 	lda	*___SDCC_hc08_ret3
   0220 9E E7 0F      [ 4]  334 	sta	15,s
   0223 45 BD 50      [ 3]  335 	ldhx	#0xBD50
   0226 96r00r00      [ 5]  336 	sthx	___fsmul_PARM_1
   0229 45 86 91      [ 3]  337 	ldhx	#0x8691
   022C 96r00r02      [ 5]  338 	sthx	(___fsmul_PARM_1 + 2)
   022F 95            [ 2]  339 	tsx
   0230 E6 0E         [ 3]  340 	lda	14,x
   0232 C7r00r00      [ 4]  341 	sta	___fsmul_PARM_2
   0235 E6 0F         [ 3]  342 	lda	15,x
   0237 C7r00r01      [ 4]  343 	sta	(___fsmul_PARM_2 + 1)
   023A E6 10         [ 3]  344 	lda	16,x
   023C C7r00r02      [ 4]  345 	sta	(___fsmul_PARM_2 + 2)
   023F E6 11         [ 3]  346 	lda	17,x
   0241 C7r00r03      [ 4]  347 	sta	(___fsmul_PARM_2 + 3)
   0244 CDr00r00      [ 6]  348 	jsr	___fsmul
   0247 C7r00r03      [ 4]  349 	sta	(___fsadd_PARM_1 + 3)
   024A CFr00r02      [ 4]  350 	stx	(___fsadd_PARM_1 + 2)
   024D B6*00         [ 3]  351 	lda	*___SDCC_hc08_ret2
   024F C7r00r01      [ 4]  352 	sta	(___fsadd_PARM_1 + 1)
   0252 B6*00         [ 3]  353 	lda	*___SDCC_hc08_ret3
   0254 C7r00r00      [ 4]  354 	sta	___fsadd_PARM_1
   0257 45 BE F1      [ 3]  355 	ldhx	#0xBEF1
   025A 96r00r00      [ 5]  356 	sthx	___fsadd_PARM_2
   025D 45 10 F6      [ 3]  357 	ldhx	#0x10F6
   0260 96r00r02      [ 5]  358 	sthx	(___fsadd_PARM_2 + 2)
   0263 CDr00r00      [ 6]  359 	jsr	___fsadd
   0266 C7r00r03      [ 4]  360 	sta	(___fsmul_PARM_1 + 3)
   0269 CFr00r02      [ 4]  361 	stx	(___fsmul_PARM_1 + 2)
   026C B6*00         [ 3]  362 	lda	*___SDCC_hc08_ret2
   026E C7r00r01      [ 4]  363 	sta	(___fsmul_PARM_1 + 1)
   0271 B6*00         [ 3]  364 	lda	*___SDCC_hc08_ret3
   0273 C7r00r00      [ 4]  365 	sta	___fsmul_PARM_1
   0276 95            [ 2]  366 	tsx
   0277 E6 0E         [ 3]  367 	lda	14,x
   0279 C7r00r00      [ 4]  368 	sta	___fsmul_PARM_2
   027C E6 0F         [ 3]  369 	lda	15,x
   027E C7r00r01      [ 4]  370 	sta	(___fsmul_PARM_2 + 1)
   0281 E6 10         [ 3]  371 	lda	16,x
   0283 C7r00r02      [ 4]  372 	sta	(___fsmul_PARM_2 + 2)
   0286 E6 11         [ 3]  373 	lda	17,x
   0288 C7r00r03      [ 4]  374 	sta	(___fsmul_PARM_2 + 3)
   028B CDr00r00      [ 6]  375 	jsr	___fsmul
   028E C7r00r03      [ 4]  376 	sta	(___fsmul_PARM_1 + 3)
   0291 CFr00r02      [ 4]  377 	stx	(___fsmul_PARM_1 + 2)
   0294 B6*00         [ 3]  378 	lda	*___SDCC_hc08_ret2
   0296 C7r00r01      [ 4]  379 	sta	(___fsmul_PARM_1 + 1)
   0299 B6*00         [ 3]  380 	lda	*___SDCC_hc08_ret3
   029B C7r00r00      [ 4]  381 	sta	___fsmul_PARM_1
   029E 95            [ 2]  382 	tsx
   029F E6 06         [ 3]  383 	lda	6,x
   02A1 C7r00r00      [ 4]  384 	sta	___fsmul_PARM_2
   02A4 E6 07         [ 3]  385 	lda	7,x
   02A6 C7r00r01      [ 4]  386 	sta	(___fsmul_PARM_2 + 1)
   02A9 E6 08         [ 3]  387 	lda	8,x
   02AB C7r00r02      [ 4]  388 	sta	(___fsmul_PARM_2 + 2)
   02AE E6 09         [ 3]  389 	lda	9,x
   02B0 C7r00r03      [ 4]  390 	sta	(___fsmul_PARM_2 + 3)
   02B3 CDr00r00      [ 6]  391 	jsr	___fsmul
   02B6 9E E7 0E      [ 4]  392 	sta	14,s
   02B9 9E EF 0D      [ 4]  393 	stx	13,s
   02BC B6*00         [ 3]  394 	lda	*___SDCC_hc08_ret2
   02BE 9E E7 0C      [ 4]  395 	sta	12,s
   02C1 B6*00         [ 3]  396 	lda	*___SDCC_hc08_ret3
   02C3 9E E7 0B      [ 4]  397 	sta	11,s
   02C6 95            [ 2]  398 	tsx
   02C7 E6 0E         [ 3]  399 	lda	14,x
   02C9 C7r00r00      [ 4]  400 	sta	___fsadd_PARM_1
   02CC E6 0F         [ 3]  401 	lda	15,x
   02CE C7r00r01      [ 4]  402 	sta	(___fsadd_PARM_1 + 1)
   02D1 E6 10         [ 3]  403 	lda	16,x
   02D3 C7r00r02      [ 4]  404 	sta	(___fsadd_PARM_1 + 2)
   02D6 E6 11         [ 3]  405 	lda	17,x
   02D8 C7r00r03      [ 4]  406 	sta	(___fsadd_PARM_1 + 3)
   02DB 45 3F B4      [ 3]  407 	ldhx	#0x3FB4
   02DE 96r00r00      [ 5]  408 	sthx	___fsadd_PARM_2
   02E1 45 CC D3      [ 3]  409 	ldhx	#0xCCD3
   02E4 96r00r02      [ 5]  410 	sthx	(___fsadd_PARM_2 + 2)
   02E7 CDr00r00      [ 6]  411 	jsr	___fsadd
   02EA C7r00r03      [ 4]  412 	sta	(___fsdiv_PARM_2 + 3)
   02ED CFr00r02      [ 4]  413 	stx	(___fsdiv_PARM_2 + 2)
   02F0 B6*00         [ 3]  414 	lda	*___SDCC_hc08_ret2
   02F2 C7r00r01      [ 4]  415 	sta	(___fsdiv_PARM_2 + 1)
   02F5 B6*00         [ 3]  416 	lda	*___SDCC_hc08_ret3
   02F7 C7r00r00      [ 4]  417 	sta	___fsdiv_PARM_2
   02FA 95            [ 2]  418 	tsx
   02FB E6 0A         [ 3]  419 	lda	10,x
   02FD C7r00r00      [ 4]  420 	sta	___fsdiv_PARM_1
   0300 E6 0B         [ 3]  421 	lda	11,x
   0302 C7r00r01      [ 4]  422 	sta	(___fsdiv_PARM_1 + 1)
   0305 E6 0C         [ 3]  423 	lda	12,x
   0307 C7r00r02      [ 4]  424 	sta	(___fsdiv_PARM_1 + 2)
   030A E6 0D         [ 3]  425 	lda	13,x
   030C C7r00r03      [ 4]  426 	sta	(___fsdiv_PARM_1 + 3)
   030F CDr00r00      [ 6]  427 	jsr	___fsdiv
   0312 C7r00r03      [ 4]  428 	sta	(___fsadd_PARM_2 + 3)
   0315 CFr00r02      [ 4]  429 	stx	(___fsadd_PARM_2 + 2)
   0318 B6*00         [ 3]  430 	lda	*___SDCC_hc08_ret2
   031A C7r00r01      [ 4]  431 	sta	(___fsadd_PARM_2 + 1)
   031D B6*00         [ 3]  432 	lda	*___SDCC_hc08_ret3
   031F C7r00r00      [ 4]  433 	sta	___fsadd_PARM_2
   0322 95            [ 2]  434 	tsx
   0323 E6 06         [ 3]  435 	lda	6,x
   0325 C7r00r00      [ 4]  436 	sta	___fsadd_PARM_1
   0328 E6 07         [ 3]  437 	lda	7,x
   032A C7r00r01      [ 4]  438 	sta	(___fsadd_PARM_1 + 1)
   032D E6 08         [ 3]  439 	lda	8,x
   032F C7r00r02      [ 4]  440 	sta	(___fsadd_PARM_1 + 2)
   0332 E6 09         [ 3]  441 	lda	9,x
   0334 C7r00r03      [ 4]  442 	sta	(___fsadd_PARM_1 + 3)
   0337 CDr00r00      [ 6]  443 	jsr	___fsadd
   033A 9E E7 06      [ 4]  444 	sta	6,s
   033D 9E EF 05      [ 4]  445 	stx	5,s
   0340 B6*00         [ 3]  446 	lda	*___SDCC_hc08_ret2
   0342 9E E7 04      [ 4]  447 	sta	4,s
   0345 B6*00         [ 3]  448 	lda	*___SDCC_hc08_ret3
   0347 9E E7 03      [ 4]  449 	sta	3,s
   034A                     450 00107$:
                            451 ;../atanf.c:81: if(n>1) r=-r;
   034A 95            [ 2]  452 	tsx
   034B A6 01         [ 2]  453 	lda	#0x01
   034D E0 01         [ 3]  454 	sub	1,x
   034F 4F            [ 1]  455 	clra
   0350 F2            [ 3]  456 	sbc	,x
   0351 90 06         [ 3]  457 	bge	00109$
   0353 E6 02         [ 3]  458 	lda	2,x
   0355 A8 80         [ 2]  459 	eor	#0x80
   0357 E7 02         [ 3]  460 	sta	2,x
   0359                     461 00109$:
                            462 ;../atanf.c:82: r+=a[n];
   0359 9E E6 02      [ 4]  463 	lda	2,s
   035C 9E EE 01      [ 4]  464 	ldx	1,s
   035F 48            [ 1]  465 	lsla
   0360 59            [ 1]  466 	rolx
   0361 48            [ 1]  467 	lsla
   0362 59            [ 1]  468 	rolx
   0363 89            [ 2]  469 	pshx
   0364 8A            [ 3]  470 	pulh
   0365 97            [ 1]  471 	tax
   0366 D6r00r00      [ 4]  472 	lda	(_atanf_a_1_24),x
   0369 C7r00r00      [ 4]  473 	sta	___fsadd_PARM_2
   036C D6r00r01      [ 4]  474 	lda	(_atanf_a_1_24+1),x
   036F C7r00r01      [ 4]  475 	sta	(___fsadd_PARM_2 + 1)
   0372 D6r00r02      [ 4]  476 	lda	(_atanf_a_1_24+2),x
   0375 C7r00r02      [ 4]  477 	sta	(___fsadd_PARM_2 + 2)
   0378 D6r00r03      [ 4]  478 	lda	(_atanf_a_1_24+3),x
   037B C7r00r03      [ 4]  479 	sta	(___fsadd_PARM_2 + 3)
   037E 95            [ 2]  480 	tsx
   037F E6 02         [ 3]  481 	lda	2,x
   0381 C7r00r00      [ 4]  482 	sta	___fsadd_PARM_1
   0384 E6 03         [ 3]  483 	lda	3,x
   0386 C7r00r01      [ 4]  484 	sta	(___fsadd_PARM_1 + 1)
   0389 E6 04         [ 3]  485 	lda	4,x
   038B C7r00r02      [ 4]  486 	sta	(___fsadd_PARM_1 + 2)
   038E E6 05         [ 3]  487 	lda	5,x
   0390 C7r00r03      [ 4]  488 	sta	(___fsadd_PARM_1 + 3)
   0393 CDr00r00      [ 6]  489 	jsr	___fsadd
   0396 9E E7 06      [ 4]  490 	sta	6,s
   0399 9E EF 05      [ 4]  491 	stx	5,s
   039C B6*00         [ 3]  492 	lda	*___SDCC_hc08_ret2
   039E 9E E7 04      [ 4]  493 	sta	4,s
   03A1 B6*00         [ 3]  494 	lda	*___SDCC_hc08_ret3
   03A3 9E E7 03      [ 4]  495 	sta	3,s
                            496 ;../atanf.c:83: if(x<0.0) r=-r;
   03A6 95            [ 2]  497 	tsx
   03A7 E6 14         [ 3]  498 	lda	20,x
   03A9 C7r00r00      [ 4]  499 	sta	___fslt_PARM_1
   03AC E6 15         [ 3]  500 	lda	21,x
   03AE C7r00r01      [ 4]  501 	sta	(___fslt_PARM_1 + 1)
   03B1 E6 16         [ 3]  502 	lda	22,x
   03B3 C7r00r02      [ 4]  503 	sta	(___fslt_PARM_1 + 2)
   03B6 E6 17         [ 3]  504 	lda	23,x
   03B8 C7r00r03      [ 4]  505 	sta	(___fslt_PARM_1 + 3)
   03BB 8C            [ 1]  506 	clrh
   03BC 5F            [ 1]  507 	clrx
   03BD 96r00r00      [ 5]  508 	sthx	___fslt_PARM_2
   03C0 96r00r02      [ 5]  509 	sthx	(___fslt_PARM_2 + 2)
   03C3 CDr00r00      [ 6]  510 	jsr	___fslt
   03C6 4D            [ 1]  511 	tsta
   03C7 27 07         [ 3]  512 	beq	00111$
   03C9 95            [ 2]  513 	tsx
   03CA E6 02         [ 3]  514 	lda	2,x
   03CC A8 80         [ 2]  515 	eor	#0x80
   03CE E7 02         [ 3]  516 	sta	2,x
   03D0                     517 00111$:
                            518 ;../atanf.c:84: return r;
   03D0 95            [ 2]  519 	tsx
   03D1 E6 02         [ 3]  520 	lda	2,x
   03D3 B7*00         [ 3]  521 	sta	*___SDCC_hc08_ret3
   03D5 E6 03         [ 3]  522 	lda	3,x
   03D7 B7*00         [ 3]  523 	sta	*___SDCC_hc08_ret2
   03D9 EE 04         [ 3]  524 	ldx	4,x
   03DB 9E E6 06      [ 4]  525 	lda	6,s
   03DE A7 12         [ 2]  526 	ais	#18
   03E0 81            [ 6]  527 	rts
                            528 	.area CSEG    (CODE)
                            529 	.area CONST   (CODE)
   0000                     530 _atanf_a_1_24:
   0000 00 00 00 00         531 	.byte #0x00,#0x00,#0x00,#0x00	;  0.000000e+00
   0004 3F 06 0A 92         532 	.byte #0x3F,#0x06,#0x0A,#0x92	;  5.235988e-01
   0008 3F C9 0F DB         533 	.byte #0x3F,#0xC9,#0x0F,#0xDB	;  1.570796e+00
   000C 3F 86 0A 92         534 	.byte #0x3F,#0x86,#0x0A,#0x92	;  1.047198e+00
                            535 	.area XINIT   (CODE)
                            536 	.area CABS    (ABS,CODE)
