                              1 ;--------------------------------------------------------
                              2 ; File Created by SDCC : free open source ANSI-C Compiler
                              3 ; Version 3.5.0 #9253 (Apr  4 2022) (Linux)
                              4 ; This file was generated Mon Apr  4 14:10:36 2022
                              5 ;--------------------------------------------------------
                              6 	.cs08
                              7 	.module fabsf
                              8 	.optsdcc -ms08
                              9 	
                             10 	.area HOME    (CODE)
                             11 	.area GSINIT0 (CODE)
                             12 	.area GSINIT  (CODE)
                             13 	.area GSFINAL (CODE)
                             14 	.area CSEG    (CODE)
                             15 	.area XINIT   (CODE)
                             16 	.area CONST   (CODE)
                             17 	.area DSEG    (PAG)
                             18 	.area OSEG    (PAG, OVR)
                             19 	.area XSEG
                             20 	.area XISEG
                             21 ;--------------------------------------------------------
                             22 ; Public variables in this module
                             23 ;--------------------------------------------------------
                             24 	.globl _fabsf
                             25 ;--------------------------------------------------------
                             26 ; ram data
                             27 ;--------------------------------------------------------
                             28 	.area DSEG    (PAG)
                             29 ;--------------------------------------------------------
                             30 ; overlayable items in ram 
                             31 ;--------------------------------------------------------
                             32 ;--------------------------------------------------------
                             33 ; absolute ram data
                             34 ;--------------------------------------------------------
                             35 	.area IABS    (ABS)
                             36 	.area IABS    (ABS)
                             37 ;--------------------------------------------------------
                             38 ; absolute external ram data
                             39 ;--------------------------------------------------------
                             40 	.area XABS    (ABS)
                             41 ;--------------------------------------------------------
                             42 ; external initialized ram data
                             43 ;--------------------------------------------------------
                             44 	.area XISEG
                             45 ;--------------------------------------------------------
                             46 ; extended address mode data
                             47 ;--------------------------------------------------------
                             48 	.area XSEG
                             49 ;--------------------------------------------------------
                             50 ; global & static initialisations
                             51 ;--------------------------------------------------------
                             52 	.area HOME    (CODE)
                             53 	.area GSINIT  (CODE)
                             54 	.area GSFINAL (CODE)
                             55 	.area GSINIT  (CODE)
                             56 ;--------------------------------------------------------
                             57 ; Home
                             58 ;--------------------------------------------------------
                             59 	.area HOME    (CODE)
                             60 	.area HOME    (CODE)
                             61 ;--------------------------------------------------------
                             62 ; code
                             63 ;--------------------------------------------------------
                             64 	.area CSEG    (CODE)
                             65 ;------------------------------------------------------------
                             66 ;Allocation info for local variables in function 'fabsf'
                             67 ;------------------------------------------------------------
                             68 ;x                         Allocated to stack - sp -6
                             69 ;fl                        Allocated to stack - sp -16
                             70 ;sloc0                     Allocated to stack - sp -12
                             71 ;------------------------------------------------------------
                             72 ;../fabsf.c:34: float fabsf(float x) _FLOAT_FUNC_REENTRANT
                             73 ;	-----------------------------------------
                             74 ;	 function fabsf
                             75 ;	-----------------------------------------
                             76 ;	Register assignment is optimal.
                             77 ;	Stack space usage: 8 bytes.
   0000                      78 _fabsf:
   0000 A7 F8         [ 2]   79 	ais	#-8
                             80 ;../fabsf.c:38: fl.f = x;
   0002 95            [ 2]   81 	tsx
   0003 9E E6 0B      [ 4]   82 	lda	11,s
   0006 F7            [ 2]   83 	sta	,x
   0007 9E E6 0C      [ 4]   84 	lda	12,s
   000A E7 01         [ 3]   85 	sta	1,x
   000C 9E E6 0D      [ 4]   86 	lda	13,s
   000F E7 02         [ 3]   87 	sta	2,x
   0011 9E E6 0E      [ 4]   88 	lda	14,s
   0014 E7 03         [ 3]   89 	sta	3,x
                             90 ;../fabsf.c:39: fl.l &= 0x7fffffff;
   0016 95            [ 2]   91 	tsx
   0017 F6            [ 3]   92 	lda	,x
   0018 9E E7 05      [ 4]   93 	sta	5,s
   001B E6 01         [ 3]   94 	lda	1,x
   001D 9E E7 06      [ 4]   95 	sta	6,s
   0020 E6 02         [ 3]   96 	lda	2,x
   0022 9E E7 07      [ 4]   97 	sta	7,s
   0025 E6 03         [ 3]   98 	lda	3,x
   0027 9E E7 08      [ 4]   99 	sta	8,s
   002A 9E E6 05      [ 4]  100 	lda	5,s
   002D A4 7F         [ 2]  101 	and	#0x7F
   002F 9E E7 05      [ 4]  102 	sta	5,s
   0032 9E E6 05      [ 4]  103 	lda	5,s
   0035 F7            [ 2]  104 	sta	,x
   0036 9E E6 06      [ 4]  105 	lda	6,s
   0039 E7 01         [ 3]  106 	sta	1,x
   003B 9E E6 07      [ 4]  107 	lda	7,s
   003E E7 02         [ 3]  108 	sta	2,x
   0040 9E E6 08      [ 4]  109 	lda	8,s
   0043 E7 03         [ 3]  110 	sta	3,x
                            111 ;../fabsf.c:40: return fl.f;
   0045 95            [ 2]  112 	tsx
   0046 F6            [ 3]  113 	lda	,x
   0047 9E E7 05      [ 4]  114 	sta	5,s
   004A E6 01         [ 3]  115 	lda	1,x
   004C 9E E7 06      [ 4]  116 	sta	6,s
   004F E6 02         [ 3]  117 	lda	2,x
   0051 9E E7 07      [ 4]  118 	sta	7,s
   0054 E6 03         [ 3]  119 	lda	3,x
   0056 9E E7 08      [ 4]  120 	sta	8,s
   0059 95            [ 2]  121 	tsx
   005A E6 04         [ 3]  122 	lda	4,x
   005C B7*00         [ 3]  123 	sta	*___SDCC_hc08_ret3
   005E E6 05         [ 3]  124 	lda	5,x
   0060 B7*00         [ 3]  125 	sta	*___SDCC_hc08_ret2
   0062 EE 06         [ 3]  126 	ldx	6,x
   0064 9E E6 08      [ 4]  127 	lda	8,s
   0067 A7 08         [ 2]  128 	ais	#8
   0069 81            [ 6]  129 	rts
                            130 	.area CSEG    (CODE)
                            131 	.area CONST   (CODE)
                            132 	.area XINIT   (CODE)
                            133 	.area CABS    (ABS,CODE)
