                              1 ;--------------------------------------------------------
                              2 ; File Created by SDCC : free open source ANSI-C Compiler
                              3 ; Version 3.5.0 #9253 (Apr  4 2022) (Linux)
                              4 ; This file was generated Mon Apr  4 14:10:37 2022
                              5 ;--------------------------------------------------------
                              6 	.cs08
                              7 	.module isdigit
                              8 	.optsdcc -ms08
                              9 	
                             10 	.area HOME    (CODE)
                             11 	.area GSINIT0 (CODE)
                             12 	.area GSINIT  (CODE)
                             13 	.area GSFINAL (CODE)
                             14 	.area CSEG    (CODE)
                             15 	.area XINIT   (CODE)
                             16 	.area CONST   (CODE)
                             17 	.area DSEG    (PAG)
                             18 	.area OSEG    (PAG, OVR)
                             19 	.area XSEG
                             20 	.area XISEG
                             21 ;--------------------------------------------------------
                             22 ; Public variables in this module
                             23 ;--------------------------------------------------------
                             24 	.globl _isdigit
                             25 ;--------------------------------------------------------
                             26 ; ram data
                             27 ;--------------------------------------------------------
                             28 	.area DSEG    (PAG)
                             29 ;--------------------------------------------------------
                             30 ; overlayable items in ram 
                             31 ;--------------------------------------------------------
                             32 	.area	OSEG    (PAG, OVR)
   0000                      33 _isdigit_sloc0_1_0:
   0000                      34 	.ds 1
                             35 ;--------------------------------------------------------
                             36 ; absolute ram data
                             37 ;--------------------------------------------------------
                             38 	.area IABS    (ABS)
                             39 	.area IABS    (ABS)
                             40 ;--------------------------------------------------------
                             41 ; absolute external ram data
                             42 ;--------------------------------------------------------
                             43 	.area XABS    (ABS)
                             44 ;--------------------------------------------------------
                             45 ; external initialized ram data
                             46 ;--------------------------------------------------------
                             47 	.area XISEG
                             48 ;--------------------------------------------------------
                             49 ; extended address mode data
                             50 ;--------------------------------------------------------
                             51 	.area XSEG
                             52 ;--------------------------------------------------------
                             53 ; global & static initialisations
                             54 ;--------------------------------------------------------
                             55 	.area HOME    (CODE)
                             56 	.area GSINIT  (CODE)
                             57 	.area GSFINAL (CODE)
                             58 	.area GSINIT  (CODE)
                             59 ;--------------------------------------------------------
                             60 ; Home
                             61 ;--------------------------------------------------------
                             62 	.area HOME    (CODE)
                             63 	.area HOME    (CODE)
                             64 ;--------------------------------------------------------
                             65 ; code
                             66 ;--------------------------------------------------------
                             67 	.area CSEG    (CODE)
                             68 ;------------------------------------------------------------
                             69 ;Allocation info for local variables in function 'isdigit'
                             70 ;------------------------------------------------------------
                             71 ;c                         Allocated to registers a x 
                             72 ;sloc0                     Allocated with name '_isdigit_sloc0_1_0'
                             73 ;------------------------------------------------------------
                             74 ;./../../include/ctype.h:60: inline int isdigit (int c)
                             75 ;	-----------------------------------------
                             76 ;	 function isdigit
                             77 ;	-----------------------------------------
                             78 ;	Register assignment is optimal.
                             79 ;	Stack space usage: 0 bytes.
   0000                      80 _isdigit:
                             81 ;./../../include/ctype.h:62: return ((unsigned char)c >= '0' && (unsigned char)c <= '9');
   0000 A1 30         [ 2]   82 	cmp	#0x30
   0002 25 04         [ 3]   83 	bcs	00103$
   0004 A1 39         [ 2]   84 	cmp	#0x39
   0006 23 03         [ 3]   85 	bls	00104$
   0008                      86 00103$:
   0008 4F            [ 1]   87 	clra
   0009 20 02         [ 3]   88 	bra	00105$
   000B                      89 00104$:
   000B A6 01         [ 2]   90 	lda	#0x01
   000D                      91 00105$:
   000D 87            [ 2]   92 	psha
   000E 49            [ 1]   93 	rola	
   000F 4F            [ 1]   94 	clra	
   0010 A2 00         [ 2]   95 	sbc	#0x00
   0012 97            [ 1]   96 	tax
   0013 86            [ 3]   97 	pula
   0014 81            [ 6]   98 	rts
                             99 	.area CSEG    (CODE)
                            100 	.area CONST   (CODE)
                            101 	.area XINIT   (CODE)
                            102 	.area CABS    (ABS,CODE)
