                                      1 ;--------------------------------------------------------
                                      2 ; File Created by SDCC : free open source ANSI-C Compiler
                                      3 ; Version 3.5.0 #9253 (Apr  4 2022) (Linux)
                                      4 ; This file was generated Mon Apr  4 14:10:46 2022
                                      5 ;--------------------------------------------------------
                                      6 	.module isalpha
                                      7 	.optsdcc -mmcs51 --model-large
                                      8 	
                                      9 ;--------------------------------------------------------
                                     10 ; Public variables in this module
                                     11 ;--------------------------------------------------------
                                     12 	.globl _isalpha
                                     13 ;--------------------------------------------------------
                                     14 ; special function registers
                                     15 ;--------------------------------------------------------
                                     16 	.area RSEG    (ABS,DATA)
      000000                         17 	.org 0x0000
                                     18 ;--------------------------------------------------------
                                     19 ; special function bits
                                     20 ;--------------------------------------------------------
                                     21 	.area RSEG    (ABS,DATA)
      000000                         22 	.org 0x0000
                                     23 ;--------------------------------------------------------
                                     24 ; overlayable register banks
                                     25 ;--------------------------------------------------------
                                     26 	.area REG_BANK_0	(REL,OVR,DATA)
      000000                         27 	.ds 8
                                     28 ;--------------------------------------------------------
                                     29 ; internal ram data
                                     30 ;--------------------------------------------------------
                                     31 	.area DSEG    (DATA)
                                     32 ;--------------------------------------------------------
                                     33 ; overlayable items in internal ram 
                                     34 ;--------------------------------------------------------
                                     35 ;--------------------------------------------------------
                                     36 ; indirectly addressable internal ram data
                                     37 ;--------------------------------------------------------
                                     38 	.area ISEG    (DATA)
                                     39 ;--------------------------------------------------------
                                     40 ; absolute internal ram data
                                     41 ;--------------------------------------------------------
                                     42 	.area IABS    (ABS,DATA)
                                     43 	.area IABS    (ABS,DATA)
                                     44 ;--------------------------------------------------------
                                     45 ; bit data
                                     46 ;--------------------------------------------------------
                                     47 	.area BSEG    (BIT)
                                     48 ;--------------------------------------------------------
                                     49 ; paged external ram data
                                     50 ;--------------------------------------------------------
                                     51 	.area PSEG    (PAG,XDATA)
                                     52 ;--------------------------------------------------------
                                     53 ; external ram data
                                     54 ;--------------------------------------------------------
                                     55 	.area XSEG    (XDATA)
      000000                         56 _isalpha_c_1_21:
      000000                         57 	.ds 2
                                     58 ;--------------------------------------------------------
                                     59 ; absolute external ram data
                                     60 ;--------------------------------------------------------
                                     61 	.area XABS    (ABS,XDATA)
                                     62 ;--------------------------------------------------------
                                     63 ; external initialized ram data
                                     64 ;--------------------------------------------------------
                                     65 	.area XISEG   (XDATA)
                                     66 	.area HOME    (CODE)
                                     67 	.area GSINIT0 (CODE)
                                     68 	.area GSINIT1 (CODE)
                                     69 	.area GSINIT2 (CODE)
                                     70 	.area GSINIT3 (CODE)
                                     71 	.area GSINIT4 (CODE)
                                     72 	.area GSINIT5 (CODE)
                                     73 	.area GSINIT  (CODE)
                                     74 	.area GSFINAL (CODE)
                                     75 	.area CSEG    (CODE)
                                     76 ;--------------------------------------------------------
                                     77 ; global & static initialisations
                                     78 ;--------------------------------------------------------
                                     79 	.area HOME    (CODE)
                                     80 	.area GSINIT  (CODE)
                                     81 	.area GSFINAL (CODE)
                                     82 	.area GSINIT  (CODE)
                                     83 ;--------------------------------------------------------
                                     84 ; Home
                                     85 ;--------------------------------------------------------
                                     86 	.area HOME    (CODE)
                                     87 	.area HOME    (CODE)
                                     88 ;--------------------------------------------------------
                                     89 ; code
                                     90 ;--------------------------------------------------------
                                     91 	.area CSEG    (CODE)
                                     92 ;------------------------------------------------------------
                                     93 ;Allocation info for local variables in function 'isalpha'
                                     94 ;------------------------------------------------------------
                                     95 ;c                         Allocated with name '_isalpha_c_1_21'
                                     96 ;__00010004                Allocated with name '_isalpha___00010004_4_28'
                                     97 ;__00010001                Allocated with name '_isalpha___00010001_4_25'
                                     98 ;__00020002                Allocated with name '_isalpha___00020002_3_24'
                                     99 ;c                         Allocated with name '_isalpha_c_3_24'
                                    100 ;__00020005                Allocated with name '_isalpha___00020005_3_27'
                                    101 ;c                         Allocated with name '_isalpha_c_3_27'
                                    102 ;------------------------------------------------------------
                                    103 ;	isalpha.c:37: int isalpha (int c)
                                    104 ;	-----------------------------------------
                                    105 ;	 function isalpha
                                    106 ;	-----------------------------------------
      000000                        107 _isalpha:
                           000007   108 	ar7 = 0x07
                           000006   109 	ar6 = 0x06
                           000005   110 	ar5 = 0x05
                           000004   111 	ar4 = 0x04
                           000003   112 	ar3 = 0x03
                           000002   113 	ar2 = 0x02
                           000001   114 	ar1 = 0x01
                           000000   115 	ar0 = 0x00
      000000 AF 83            [24]  116 	mov	r7,dph
      000002 E5 82            [12]  117 	mov	a,dpl
      000004 90r00r00         [24]  118 	mov	dptr,#_isalpha_c_1_21
      000007 F0               [24]  119 	movx	@dptr,a
      000008 EF               [12]  120 	mov	a,r7
      000009 A3               [24]  121 	inc	dptr
      00000A F0               [24]  122 	movx	@dptr,a
                                    123 ;	isalpha.c:39: return (isupper (c) || islower (c));
      00000B 90r00r00         [24]  124 	mov	dptr,#_isalpha_c_1_21
      00000E E0               [24]  125 	movx	a,@dptr
      00000F FE               [12]  126 	mov	r6,a
      000010 A3               [24]  127 	inc	dptr
      000011 E0               [24]  128 	movx	a,@dptr
      000012 FF               [12]  129 	mov	r7,a
                                    130 ;	../../device/include/ctype.h:80: return ((unsigned char)c >= 'A' && (unsigned char)c <= 'Z');
      000013 BE 41 00         [24]  131 	cjne	r6,#0x41,00122$
      000016                        132 00122$:
      000016 40 05            [24]  133 	jc	00110$
      000018 EE               [12]  134 	mov	a,r6
      000019 24 A5            [12]  135 	add	a,#0xff - 0x5A
      00001B 50 0E            [24]  136 	jnc	00106$
      00001D                        137 00110$:
                                    138 ;	../../device/include/ctype.h:71: return ((unsigned char)c >= 'a' && (unsigned char)c <= 'z');
      00001D BE 61 00         [24]  139 	cjne	r6,#0x61,00125$
      000020                        140 00125$:
      000020 40 05            [24]  141 	jc	00113$
      000022 EE               [12]  142 	mov	a,r6
      000023 24 85            [12]  143 	add	a,#0xff - 0x7A
      000025 50 04            [24]  144 	jnc	00106$
      000027                        145 00113$:
                                    146 ;	isalpha.c:39: return (isupper (c) || islower (c));
      000027 7F 00            [12]  147 	mov	r7,#0x00
      000029 80 02            [24]  148 	sjmp	00107$
      00002B                        149 00106$:
      00002B 7F 01            [12]  150 	mov	r7,#0x01
      00002D                        151 00107$:
      00002D EF               [12]  152 	mov	a,r7
      00002E 33               [12]  153 	rlc	a
      00002F 95 E0            [12]  154 	subb	a,acc
      000031 8F 82            [24]  155 	mov	dpl,r7
      000033 F5 83            [12]  156 	mov	dph,a
      000035 22               [24]  157 	ret
                                    158 	.area CSEG    (CODE)
                                    159 	.area CONST   (CODE)
                                    160 	.area XINIT   (CODE)
                                    161 	.area CABS    (ABS,CODE)
