                                      1 ;--------------------------------------------------------
                                      2 ; File Created by SDCC : free open source ANSI-C Compiler
                                      3 ; Version 3.5.0 #9253 (Apr  4 2022) (Linux)
                                      4 ; This file was generated Mon Apr  4 14:10:46 2022
                                      5 ;--------------------------------------------------------
                                      6 	.module isblank
                                      7 	.optsdcc -mmcs51 --model-large
                                      8 	
                                      9 ;--------------------------------------------------------
                                     10 ; Public variables in this module
                                     11 ;--------------------------------------------------------
                                     12 	.globl _isblank
                                     13 ;--------------------------------------------------------
                                     14 ; special function registers
                                     15 ;--------------------------------------------------------
                                     16 	.area RSEG    (ABS,DATA)
      000000                         17 	.org 0x0000
                                     18 ;--------------------------------------------------------
                                     19 ; special function bits
                                     20 ;--------------------------------------------------------
                                     21 	.area RSEG    (ABS,DATA)
      000000                         22 	.org 0x0000
                                     23 ;--------------------------------------------------------
                                     24 ; overlayable register banks
                                     25 ;--------------------------------------------------------
                                     26 	.area REG_BANK_0	(REL,OVR,DATA)
      000000                         27 	.ds 8
                                     28 ;--------------------------------------------------------
                                     29 ; internal ram data
                                     30 ;--------------------------------------------------------
                                     31 	.area DSEG    (DATA)
                                     32 ;--------------------------------------------------------
                                     33 ; overlayable items in internal ram 
                                     34 ;--------------------------------------------------------
                                     35 ;--------------------------------------------------------
                                     36 ; indirectly addressable internal ram data
                                     37 ;--------------------------------------------------------
                                     38 	.area ISEG    (DATA)
                                     39 ;--------------------------------------------------------
                                     40 ; absolute internal ram data
                                     41 ;--------------------------------------------------------
                                     42 	.area IABS    (ABS,DATA)
                                     43 	.area IABS    (ABS,DATA)
                                     44 ;--------------------------------------------------------
                                     45 ; bit data
                                     46 ;--------------------------------------------------------
                                     47 	.area BSEG    (BIT)
                                     48 ;--------------------------------------------------------
                                     49 ; paged external ram data
                                     50 ;--------------------------------------------------------
                                     51 	.area PSEG    (PAG,XDATA)
                                     52 ;--------------------------------------------------------
                                     53 ; external ram data
                                     54 ;--------------------------------------------------------
                                     55 	.area XSEG    (XDATA)
      000000                         56 _isblank_c_1_28:
      000000                         57 	.ds 2
                                     58 ;--------------------------------------------------------
                                     59 ; absolute external ram data
                                     60 ;--------------------------------------------------------
                                     61 	.area XABS    (ABS,XDATA)
                                     62 ;--------------------------------------------------------
                                     63 ; external initialized ram data
                                     64 ;--------------------------------------------------------
                                     65 	.area XISEG   (XDATA)
                                     66 	.area HOME    (CODE)
                                     67 	.area GSINIT0 (CODE)
                                     68 	.area GSINIT1 (CODE)
                                     69 	.area GSINIT2 (CODE)
                                     70 	.area GSINIT3 (CODE)
                                     71 	.area GSINIT4 (CODE)
                                     72 	.area GSINIT5 (CODE)
                                     73 	.area GSINIT  (CODE)
                                     74 	.area GSFINAL (CODE)
                                     75 	.area CSEG    (CODE)
                                     76 ;--------------------------------------------------------
                                     77 ; global & static initialisations
                                     78 ;--------------------------------------------------------
                                     79 	.area HOME    (CODE)
                                     80 	.area GSINIT  (CODE)
                                     81 	.area GSFINAL (CODE)
                                     82 	.area GSINIT  (CODE)
                                     83 ;--------------------------------------------------------
                                     84 ; Home
                                     85 ;--------------------------------------------------------
                                     86 	.area HOME    (CODE)
                                     87 	.area HOME    (CODE)
                                     88 ;--------------------------------------------------------
                                     89 ; code
                                     90 ;--------------------------------------------------------
                                     91 	.area CSEG    (CODE)
                                     92 ;------------------------------------------------------------
                                     93 ;Allocation info for local variables in function 'isblank'
                                     94 ;------------------------------------------------------------
                                     95 ;c                         Allocated with name '_isblank_c_1_28'
                                     96 ;------------------------------------------------------------
                                     97 ;	../../device/include/ctype.h:51: inline int isblank (int c)
                                     98 ;	-----------------------------------------
                                     99 ;	 function isblank
                                    100 ;	-----------------------------------------
      000000                        101 _isblank:
                           000007   102 	ar7 = 0x07
                           000006   103 	ar6 = 0x06
                           000005   104 	ar5 = 0x05
                           000004   105 	ar4 = 0x04
                           000003   106 	ar3 = 0x03
                           000002   107 	ar2 = 0x02
                           000001   108 	ar1 = 0x01
                           000000   109 	ar0 = 0x00
      000000 AF 83            [24]  110 	mov	r7,dph
      000002 E5 82            [12]  111 	mov	a,dpl
      000004 90r00r00         [24]  112 	mov	dptr,#_isblank_c_1_28
      000007 F0               [24]  113 	movx	@dptr,a
      000008 EF               [12]  114 	mov	a,r7
      000009 A3               [24]  115 	inc	dptr
      00000A F0               [24]  116 	movx	@dptr,a
                                    117 ;	../../device/include/ctype.h:53: return ((unsigned char)c == ' ' || (unsigned char)c == '\t');
      00000B 90r00r00         [24]  118 	mov	dptr,#_isblank_c_1_28
      00000E E0               [24]  119 	movx	a,@dptr
      00000F FE               [12]  120 	mov	r6,a
      000010 A3               [24]  121 	inc	dptr
      000011 E0               [24]  122 	movx	a,@dptr
      000012 FF               [12]  123 	mov	r7,a
      000013 BE 20 02         [24]  124 	cjne	r6,#0x20,00112$
      000016 80 09            [24]  125 	sjmp	00104$
      000018                        126 00112$:
      000018 BE 09 02         [24]  127 	cjne	r6,#0x09,00113$
      00001B 80 04            [24]  128 	sjmp	00104$
      00001D                        129 00113$:
      00001D 7F 00            [12]  130 	mov	r7,#0x00
      00001F 80 02            [24]  131 	sjmp	00105$
      000021                        132 00104$:
      000021 7F 01            [12]  133 	mov	r7,#0x01
      000023                        134 00105$:
      000023 EF               [12]  135 	mov	a,r7
      000024 33               [12]  136 	rlc	a
      000025 95 E0            [12]  137 	subb	a,acc
      000027 8F 82            [24]  138 	mov	dpl,r7
      000029 F5 83            [12]  139 	mov	dph,a
      00002B 22               [24]  140 	ret
                                    141 	.area CSEG    (CODE)
                                    142 	.area CONST   (CODE)
                                    143 	.area XINIT   (CODE)
                                    144 	.area CABS    (ABS,CODE)
