                                      1 ;--------------------------------------------------------
                                      2 ; File Created by SDCC : free open source ANSI-C Compiler
                                      3 ; Version 3.5.0 #9253 (Apr  4 2022) (Linux)
                                      4 ; This file was generated Mon Apr  4 14:10:46 2022
                                      5 ;--------------------------------------------------------
                                      6 	.module isxdigit
                                      7 	.optsdcc -mmcs51 --model-large
                                      8 	
                                      9 ;--------------------------------------------------------
                                     10 ; Public variables in this module
                                     11 ;--------------------------------------------------------
                                     12 	.globl _isxdigit
                                     13 ;--------------------------------------------------------
                                     14 ; special function registers
                                     15 ;--------------------------------------------------------
                                     16 	.area RSEG    (ABS,DATA)
      000000                         17 	.org 0x0000
                                     18 ;--------------------------------------------------------
                                     19 ; special function bits
                                     20 ;--------------------------------------------------------
                                     21 	.area RSEG    (ABS,DATA)
      000000                         22 	.org 0x0000
                                     23 ;--------------------------------------------------------
                                     24 ; overlayable register banks
                                     25 ;--------------------------------------------------------
                                     26 	.area REG_BANK_0	(REL,OVR,DATA)
      000000                         27 	.ds 8
                                     28 ;--------------------------------------------------------
                                     29 ; internal ram data
                                     30 ;--------------------------------------------------------
                                     31 	.area DSEG    (DATA)
                                     32 ;--------------------------------------------------------
                                     33 ; overlayable items in internal ram 
                                     34 ;--------------------------------------------------------
                                     35 ;--------------------------------------------------------
                                     36 ; indirectly addressable internal ram data
                                     37 ;--------------------------------------------------------
                                     38 	.area ISEG    (DATA)
                                     39 ;--------------------------------------------------------
                                     40 ; absolute internal ram data
                                     41 ;--------------------------------------------------------
                                     42 	.area IABS    (ABS,DATA)
                                     43 	.area IABS    (ABS,DATA)
                                     44 ;--------------------------------------------------------
                                     45 ; bit data
                                     46 ;--------------------------------------------------------
                                     47 	.area BSEG    (BIT)
                                     48 ;--------------------------------------------------------
                                     49 ; paged external ram data
                                     50 ;--------------------------------------------------------
                                     51 	.area PSEG    (PAG,XDATA)
                                     52 ;--------------------------------------------------------
                                     53 ; external ram data
                                     54 ;--------------------------------------------------------
                                     55 	.area XSEG    (XDATA)
      000000                         56 _isxdigit_c_1_21:
      000000                         57 	.ds 2
                                     58 ;--------------------------------------------------------
                                     59 ; absolute external ram data
                                     60 ;--------------------------------------------------------
                                     61 	.area XABS    (ABS,XDATA)
                                     62 ;--------------------------------------------------------
                                     63 ; external initialized ram data
                                     64 ;--------------------------------------------------------
                                     65 	.area XISEG   (XDATA)
                                     66 	.area HOME    (CODE)
                                     67 	.area GSINIT0 (CODE)
                                     68 	.area GSINIT1 (CODE)
                                     69 	.area GSINIT2 (CODE)
                                     70 	.area GSINIT3 (CODE)
                                     71 	.area GSINIT4 (CODE)
                                     72 	.area GSINIT5 (CODE)
                                     73 	.area GSINIT  (CODE)
                                     74 	.area GSFINAL (CODE)
                                     75 	.area CSEG    (CODE)
                                     76 ;--------------------------------------------------------
                                     77 ; global & static initialisations
                                     78 ;--------------------------------------------------------
                                     79 	.area HOME    (CODE)
                                     80 	.area GSINIT  (CODE)
                                     81 	.area GSFINAL (CODE)
                                     82 	.area GSINIT  (CODE)
                                     83 ;--------------------------------------------------------
                                     84 ; Home
                                     85 ;--------------------------------------------------------
                                     86 	.area HOME    (CODE)
                                     87 	.area HOME    (CODE)
                                     88 ;--------------------------------------------------------
                                     89 ; code
                                     90 ;--------------------------------------------------------
                                     91 	.area CSEG    (CODE)
                                     92 ;------------------------------------------------------------
                                     93 ;Allocation info for local variables in function 'isxdigit'
                                     94 ;------------------------------------------------------------
                                     95 ;c                         Allocated with name '_isxdigit_c_1_21'
                                     96 ;------------------------------------------------------------
                                     97 ;	isxdigit.c:33: int isxdigit (int c)
                                     98 ;	-----------------------------------------
                                     99 ;	 function isxdigit
                                    100 ;	-----------------------------------------
      000000                        101 _isxdigit:
                           000007   102 	ar7 = 0x07
                           000006   103 	ar6 = 0x06
                           000005   104 	ar5 = 0x05
                           000004   105 	ar4 = 0x04
                           000003   106 	ar3 = 0x03
                           000002   107 	ar2 = 0x02
                           000001   108 	ar1 = 0x01
                           000000   109 	ar0 = 0x00
      000000 AF 83            [24]  110 	mov	r7,dph
      000002 E5 82            [12]  111 	mov	a,dpl
      000004 90r00r00         [24]  112 	mov	dptr,#_isxdigit_c_1_21
      000007 F0               [24]  113 	movx	@dptr,a
      000008 EF               [12]  114 	mov	a,r7
      000009 A3               [24]  115 	inc	dptr
      00000A F0               [24]  116 	movx	@dptr,a
                                    117 ;	isxdigit.c:35: return (c >= '0' && c <= '9' || c >= 'a' && c <= 'f' || c >= 'A' && c <= 'F');
      00000B 90r00r00         [24]  118 	mov	dptr,#_isxdigit_c_1_21
      00000E E0               [24]  119 	movx	a,@dptr
      00000F FE               [12]  120 	mov	r6,a
      000010 A3               [24]  121 	inc	dptr
      000011 E0               [24]  122 	movx	a,@dptr
      000012 FF               [12]  123 	mov	r7,a
      000013 C3               [12]  124 	clr	c
      000014 EE               [12]  125 	mov	a,r6
      000015 94 30            [12]  126 	subb	a,#0x30
      000017 EF               [12]  127 	mov	a,r7
      000018 64 80            [12]  128 	xrl	a,#0x80
      00001A 94 80            [12]  129 	subb	a,#0x80
      00001C 40 0E            [24]  130 	jc	00111$
      00001E 74 39            [12]  131 	mov	a,#0x39
      000020 9E               [12]  132 	subb	a,r6
      000021 74 80            [12]  133 	mov	a,#(0x00 ^ 0x80)
      000023 8F F0            [24]  134 	mov	b,r7
      000025 63 F0 80         [24]  135 	xrl	b,#0x80
      000028 95 F0            [12]  136 	subb	a,b
      00002A 50 36            [24]  137 	jnc	00104$
      00002C                        138 00111$:
      00002C C3               [12]  139 	clr	c
      00002D EE               [12]  140 	mov	a,r6
      00002E 94 61            [12]  141 	subb	a,#0x61
      000030 EF               [12]  142 	mov	a,r7
      000031 64 80            [12]  143 	xrl	a,#0x80
      000033 94 80            [12]  144 	subb	a,#0x80
      000035 40 0E            [24]  145 	jc	00108$
      000037 74 66            [12]  146 	mov	a,#0x66
      000039 9E               [12]  147 	subb	a,r6
      00003A 74 80            [12]  148 	mov	a,#(0x00 ^ 0x80)
      00003C 8F F0            [24]  149 	mov	b,r7
      00003E 63 F0 80         [24]  150 	xrl	b,#0x80
      000041 95 F0            [12]  151 	subb	a,b
      000043 50 1D            [24]  152 	jnc	00104$
      000045                        153 00108$:
      000045 C3               [12]  154 	clr	c
      000046 EE               [12]  155 	mov	a,r6
      000047 94 41            [12]  156 	subb	a,#0x41
      000049 EF               [12]  157 	mov	a,r7
      00004A 64 80            [12]  158 	xrl	a,#0x80
      00004C 94 80            [12]  159 	subb	a,#0x80
      00004E 40 0E            [24]  160 	jc	00103$
      000050 74 46            [12]  161 	mov	a,#0x46
      000052 9E               [12]  162 	subb	a,r6
      000053 74 80            [12]  163 	mov	a,#(0x00 ^ 0x80)
      000055 8F F0            [24]  164 	mov	b,r7
      000057 63 F0 80         [24]  165 	xrl	b,#0x80
      00005A 95 F0            [12]  166 	subb	a,b
      00005C 50 04            [24]  167 	jnc	00104$
      00005E                        168 00103$:
      00005E 7F 00            [12]  169 	mov	r7,#0x00
      000060 80 02            [24]  170 	sjmp	00105$
      000062                        171 00104$:
      000062 7F 01            [12]  172 	mov	r7,#0x01
      000064                        173 00105$:
      000064 EF               [12]  174 	mov	a,r7
      000065 33               [12]  175 	rlc	a
      000066 95 E0            [12]  176 	subb	a,acc
      000068 8F 82            [24]  177 	mov	dpl,r7
      00006A F5 83            [12]  178 	mov	dph,a
      00006C 22               [24]  179 	ret
                                    180 	.area CSEG    (CODE)
                                    181 	.area CONST   (CODE)
                                    182 	.area XINIT   (CODE)
                                    183 	.area CABS    (ABS,CODE)
