                                      1 ;--------------------------------------------------------
                                      2 ; File Created by SDCC : free open source ANSI-C Compiler
                                      3 ; Version 3.5.0 #9253 (Apr  4 2022) (Linux)
                                      4 ; This file was generated Mon Apr  4 14:10:46 2022
                                      5 ;--------------------------------------------------------
                                      6 	.module toupper
                                      7 	.optsdcc -mmcs51 --model-large
                                      8 	
                                      9 ;--------------------------------------------------------
                                     10 ; Public variables in this module
                                     11 ;--------------------------------------------------------
                                     12 	.globl _toupper
                                     13 ;--------------------------------------------------------
                                     14 ; special function registers
                                     15 ;--------------------------------------------------------
                                     16 	.area RSEG    (ABS,DATA)
      000000                         17 	.org 0x0000
                                     18 ;--------------------------------------------------------
                                     19 ; special function bits
                                     20 ;--------------------------------------------------------
                                     21 	.area RSEG    (ABS,DATA)
      000000                         22 	.org 0x0000
                                     23 ;--------------------------------------------------------
                                     24 ; overlayable register banks
                                     25 ;--------------------------------------------------------
                                     26 	.area REG_BANK_0	(REL,OVR,DATA)
      000000                         27 	.ds 8
                                     28 ;--------------------------------------------------------
                                     29 ; internal ram data
                                     30 ;--------------------------------------------------------
                                     31 	.area DSEG    (DATA)
                                     32 ;--------------------------------------------------------
                                     33 ; overlayable items in internal ram 
                                     34 ;--------------------------------------------------------
                                     35 ;--------------------------------------------------------
                                     36 ; indirectly addressable internal ram data
                                     37 ;--------------------------------------------------------
                                     38 	.area ISEG    (DATA)
                                     39 ;--------------------------------------------------------
                                     40 ; absolute internal ram data
                                     41 ;--------------------------------------------------------
                                     42 	.area IABS    (ABS,DATA)
                                     43 	.area IABS    (ABS,DATA)
                                     44 ;--------------------------------------------------------
                                     45 ; bit data
                                     46 ;--------------------------------------------------------
                                     47 	.area BSEG    (BIT)
                                     48 ;--------------------------------------------------------
                                     49 ; paged external ram data
                                     50 ;--------------------------------------------------------
                                     51 	.area PSEG    (PAG,XDATA)
                                     52 ;--------------------------------------------------------
                                     53 ; external ram data
                                     54 ;--------------------------------------------------------
                                     55 	.area XSEG    (XDATA)
      000000                         56 _toupper_c_1_21:
      000000                         57 	.ds 2
                                     58 ;--------------------------------------------------------
                                     59 ; absolute external ram data
                                     60 ;--------------------------------------------------------
                                     61 	.area XABS    (ABS,XDATA)
                                     62 ;--------------------------------------------------------
                                     63 ; external initialized ram data
                                     64 ;--------------------------------------------------------
                                     65 	.area XISEG   (XDATA)
                                     66 	.area HOME    (CODE)
                                     67 	.area GSINIT0 (CODE)
                                     68 	.area GSINIT1 (CODE)
                                     69 	.area GSINIT2 (CODE)
                                     70 	.area GSINIT3 (CODE)
                                     71 	.area GSINIT4 (CODE)
                                     72 	.area GSINIT5 (CODE)
                                     73 	.area GSINIT  (CODE)
                                     74 	.area GSFINAL (CODE)
                                     75 	.area CSEG    (CODE)
                                     76 ;--------------------------------------------------------
                                     77 ; global & static initialisations
                                     78 ;--------------------------------------------------------
                                     79 	.area HOME    (CODE)
                                     80 	.area GSINIT  (CODE)
                                     81 	.area GSFINAL (CODE)
                                     82 	.area GSINIT  (CODE)
                                     83 ;--------------------------------------------------------
                                     84 ; Home
                                     85 ;--------------------------------------------------------
                                     86 	.area HOME    (CODE)
                                     87 	.area HOME    (CODE)
                                     88 ;--------------------------------------------------------
                                     89 ; code
                                     90 ;--------------------------------------------------------
                                     91 	.area CSEG    (CODE)
                                     92 ;------------------------------------------------------------
                                     93 ;Allocation info for local variables in function 'toupper'
                                     94 ;------------------------------------------------------------
                                     95 ;c                         Allocated with name '_toupper_c_1_21'
                                     96 ;__00010001                Allocated with name '_toupper___00010001_4_25'
                                     97 ;__00020002                Allocated with name '_toupper___00020002_3_24'
                                     98 ;c                         Allocated with name '_toupper_c_3_24'
                                     99 ;------------------------------------------------------------
                                    100 ;	toupper.c:33: int toupper (int c)
                                    101 ;	-----------------------------------------
                                    102 ;	 function toupper
                                    103 ;	-----------------------------------------
      000000                        104 _toupper:
                           000007   105 	ar7 = 0x07
                           000006   106 	ar6 = 0x06
                           000005   107 	ar5 = 0x05
                           000004   108 	ar4 = 0x04
                           000003   109 	ar3 = 0x03
                           000002   110 	ar2 = 0x02
                           000001   111 	ar1 = 0x01
                           000000   112 	ar0 = 0x00
      000000 AF 83            [24]  113 	mov	r7,dph
      000002 E5 82            [12]  114 	mov	a,dpl
      000004 90r00r00         [24]  115 	mov	dptr,#_toupper_c_1_21
      000007 F0               [24]  116 	movx	@dptr,a
      000008 EF               [12]  117 	mov	a,r7
      000009 A3               [24]  118 	inc	dptr
      00000A F0               [24]  119 	movx	@dptr,a
                                    120 ;	toupper.c:35: return (islower (c) ? c + ('A' - 'a') : c);
      00000B 90r00r00         [24]  121 	mov	dptr,#_toupper_c_1_21
      00000E E0               [24]  122 	movx	a,@dptr
      00000F FE               [12]  123 	mov	r6,a
      000010 A3               [24]  124 	inc	dptr
      000011 E0               [24]  125 	movx	a,@dptr
      000012 FF               [12]  126 	mov	r7,a
                                    127 ;	../../device/include/ctype.h:71: return ((unsigned char)c >= 'a' && (unsigned char)c <= 'z');
      000013 8E 05            [24]  128 	mov	ar5,r6
      000015 BD 61 00         [24]  129 	cjne	r5,#0x61,00114$
      000018                        130 00114$:
      000018 40 0F            [24]  131 	jc	00104$
      00001A ED               [12]  132 	mov	a,r5
      00001B 24 85            [12]  133 	add	a,#0xff - 0x7A
      00001D 40 0A            [24]  134 	jc	00104$
                                    135 ;	toupper.c:35: return (islower (c) ? c + ('A' - 'a') : c);
      00001F 74 E0            [12]  136 	mov	a,#0xE0
      000021 2E               [12]  137 	add	a,r6
      000022 FC               [12]  138 	mov	r4,a
      000023 74 FF            [12]  139 	mov	a,#0xFF
      000025 3F               [12]  140 	addc	a,r7
      000026 FD               [12]  141 	mov	r5,a
      000027 80 04            [24]  142 	sjmp	00105$
      000029                        143 00104$:
      000029 8E 04            [24]  144 	mov	ar4,r6
      00002B 8F 05            [24]  145 	mov	ar5,r7
      00002D                        146 00105$:
      00002D 8C 82            [24]  147 	mov	dpl,r4
      00002F 8D 83            [24]  148 	mov	dph,r5
      000031 22               [24]  149 	ret
                                    150 	.area CSEG    (CODE)
                                    151 	.area CONST   (CODE)
                                    152 	.area XINIT   (CODE)
                                    153 	.area CABS    (ABS,CODE)
