                                      1 ;--------------------------------------------------------
                                      2 ; File Created by SDCC : free open source ANSI-C Compiler
                                      3 ; Version 3.5.0 #9253 (Apr  4 2022) (Linux)
                                      4 ; This file was generated Mon Apr  4 14:10:49 2022
                                      5 ;--------------------------------------------------------
                                      6 	.module isspace
                                      7 	.optsdcc -mmcs51 --model-small
                                      8 	
                                      9 ;--------------------------------------------------------
                                     10 ; Public variables in this module
                                     11 ;--------------------------------------------------------
                                     12 	.globl _isspace
                                     13 ;--------------------------------------------------------
                                     14 ; special function registers
                                     15 ;--------------------------------------------------------
                                     16 	.area RSEG    (ABS,DATA)
      000000                         17 	.org 0x0000
                                     18 ;--------------------------------------------------------
                                     19 ; special function bits
                                     20 ;--------------------------------------------------------
                                     21 	.area RSEG    (ABS,DATA)
      000000                         22 	.org 0x0000
                                     23 ;--------------------------------------------------------
                                     24 ; overlayable register banks
                                     25 ;--------------------------------------------------------
                                     26 	.area REG_BANK_0	(REL,OVR,DATA)
      000000                         27 	.ds 8
                                     28 ;--------------------------------------------------------
                                     29 ; internal ram data
                                     30 ;--------------------------------------------------------
                                     31 	.area DSEG    (DATA)
                                     32 ;--------------------------------------------------------
                                     33 ; overlayable items in internal ram 
                                     34 ;--------------------------------------------------------
                                     35 ;--------------------------------------------------------
                                     36 ; indirectly addressable internal ram data
                                     37 ;--------------------------------------------------------
                                     38 	.area ISEG    (DATA)
                                     39 ;--------------------------------------------------------
                                     40 ; absolute internal ram data
                                     41 ;--------------------------------------------------------
                                     42 	.area IABS    (ABS,DATA)
                                     43 	.area IABS    (ABS,DATA)
                                     44 ;--------------------------------------------------------
                                     45 ; bit data
                                     46 ;--------------------------------------------------------
                                     47 	.area BSEG    (BIT)
                                     48 ;--------------------------------------------------------
                                     49 ; paged external ram data
                                     50 ;--------------------------------------------------------
                                     51 	.area PSEG    (PAG,XDATA)
                                     52 ;--------------------------------------------------------
                                     53 ; external ram data
                                     54 ;--------------------------------------------------------
                                     55 	.area XSEG    (XDATA)
                                     56 ;--------------------------------------------------------
                                     57 ; absolute external ram data
                                     58 ;--------------------------------------------------------
                                     59 	.area XABS    (ABS,XDATA)
                                     60 ;--------------------------------------------------------
                                     61 ; external initialized ram data
                                     62 ;--------------------------------------------------------
                                     63 	.area XISEG   (XDATA)
                                     64 	.area HOME    (CODE)
                                     65 	.area GSINIT0 (CODE)
                                     66 	.area GSINIT1 (CODE)
                                     67 	.area GSINIT2 (CODE)
                                     68 	.area GSINIT3 (CODE)
                                     69 	.area GSINIT4 (CODE)
                                     70 	.area GSINIT5 (CODE)
                                     71 	.area GSINIT  (CODE)
                                     72 	.area GSFINAL (CODE)
                                     73 	.area CSEG    (CODE)
                                     74 ;--------------------------------------------------------
                                     75 ; global & static initialisations
                                     76 ;--------------------------------------------------------
                                     77 	.area HOME    (CODE)
                                     78 	.area GSINIT  (CODE)
                                     79 	.area GSFINAL (CODE)
                                     80 	.area GSINIT  (CODE)
                                     81 ;--------------------------------------------------------
                                     82 ; Home
                                     83 ;--------------------------------------------------------
                                     84 	.area HOME    (CODE)
                                     85 	.area HOME    (CODE)
                                     86 ;--------------------------------------------------------
                                     87 ; code
                                     88 ;--------------------------------------------------------
                                     89 	.area CSEG    (CODE)
                                     90 ;------------------------------------------------------------
                                     91 ;Allocation info for local variables in function 'isspace'
                                     92 ;------------------------------------------------------------
                                     93 ;c                         Allocated to registers r6 r7 
                                     94 ;------------------------------------------------------------
                                     95 ;	isspace.c:37: int isspace (int c)
                                     96 ;	-----------------------------------------
                                     97 ;	 function isspace
                                     98 ;	-----------------------------------------
      000000                         99 _isspace:
                           000007   100 	ar7 = 0x07
                           000006   101 	ar6 = 0x06
                           000005   102 	ar5 = 0x05
                           000004   103 	ar4 = 0x04
                           000003   104 	ar3 = 0x03
                           000002   105 	ar2 = 0x02
                           000001   106 	ar1 = 0x01
                           000000   107 	ar0 = 0x00
      000000 AE 82            [24]  108 	mov	r6,dpl
      000002 AF 83            [24]  109 	mov	r7,dph
                                    110 ;	isspace.c:39: return (c == ' ' || c == '\f' || c == '\n' || c == '\r' || c == '\t' || c == '\v');
      000004 BE 20 05         [24]  111 	cjne	r6,#0x20,00136$
      000007 BF 00 02         [24]  112 	cjne	r7,#0x00,00136$
      00000A 80 2C            [24]  113 	sjmp	00104$
      00000C                        114 00136$:
      00000C BE 0C 05         [24]  115 	cjne	r6,#0x0C,00137$
      00000F BF 00 02         [24]  116 	cjne	r7,#0x00,00137$
      000012 80 24            [24]  117 	sjmp	00104$
      000014                        118 00137$:
      000014 BE 0A 05         [24]  119 	cjne	r6,#0x0A,00138$
      000017 BF 00 02         [24]  120 	cjne	r7,#0x00,00138$
      00001A 80 1C            [24]  121 	sjmp	00104$
      00001C                        122 00138$:
      00001C BE 0D 05         [24]  123 	cjne	r6,#0x0D,00139$
      00001F BF 00 02         [24]  124 	cjne	r7,#0x00,00139$
      000022 80 14            [24]  125 	sjmp	00104$
      000024                        126 00139$:
      000024 BE 09 05         [24]  127 	cjne	r6,#0x09,00140$
      000027 BF 00 02         [24]  128 	cjne	r7,#0x00,00140$
      00002A 80 0C            [24]  129 	sjmp	00104$
      00002C                        130 00140$:
      00002C BE 0B 05         [24]  131 	cjne	r6,#0x0B,00141$
      00002F BF 00 02         [24]  132 	cjne	r7,#0x00,00141$
      000032 80 04            [24]  133 	sjmp	00104$
      000034                        134 00141$:
      000034 7F 00            [12]  135 	mov	r7,#0x00
      000036 80 02            [24]  136 	sjmp	00105$
      000038                        137 00104$:
      000038 7F 01            [12]  138 	mov	r7,#0x01
      00003A                        139 00105$:
      00003A EF               [12]  140 	mov	a,r7
      00003B 33               [12]  141 	rlc	a
      00003C 95 E0            [12]  142 	subb	a,acc
      00003E 8F 82            [24]  143 	mov	dpl,r7
      000040 F5 83            [12]  144 	mov	dph,a
      000042 22               [24]  145 	ret
                                    146 	.area CSEG    (CODE)
                                    147 	.area CONST   (CODE)
                                    148 	.area XINIT   (CODE)
                                    149 	.area CABS    (ABS,CODE)
