                                      1 ;--------------------------------------------------------
                                      2 ; File Created by SDCC : free open source ANSI-C Compiler
                                      3 ; Version 3.5.0 #9253 (Apr  4 2022) (Linux)
                                      4 ; This file was generated Mon Apr  4 14:10:49 2022
                                      5 ;--------------------------------------------------------
                                      6 	.module tolower
                                      7 	.optsdcc -mmcs51 --model-small
                                      8 	
                                      9 ;--------------------------------------------------------
                                     10 ; Public variables in this module
                                     11 ;--------------------------------------------------------
                                     12 	.globl _tolower
                                     13 ;--------------------------------------------------------
                                     14 ; special function registers
                                     15 ;--------------------------------------------------------
                                     16 	.area RSEG    (ABS,DATA)
      000000                         17 	.org 0x0000
                                     18 ;--------------------------------------------------------
                                     19 ; special function bits
                                     20 ;--------------------------------------------------------
                                     21 	.area RSEG    (ABS,DATA)
      000000                         22 	.org 0x0000
                                     23 ;--------------------------------------------------------
                                     24 ; overlayable register banks
                                     25 ;--------------------------------------------------------
                                     26 	.area REG_BANK_0	(REL,OVR,DATA)
      000000                         27 	.ds 8
                                     28 ;--------------------------------------------------------
                                     29 ; internal ram data
                                     30 ;--------------------------------------------------------
                                     31 	.area DSEG    (DATA)
                                     32 ;--------------------------------------------------------
                                     33 ; overlayable items in internal ram 
                                     34 ;--------------------------------------------------------
                                     35 ;--------------------------------------------------------
                                     36 ; indirectly addressable internal ram data
                                     37 ;--------------------------------------------------------
                                     38 	.area ISEG    (DATA)
                                     39 ;--------------------------------------------------------
                                     40 ; absolute internal ram data
                                     41 ;--------------------------------------------------------
                                     42 	.area IABS    (ABS,DATA)
                                     43 	.area IABS    (ABS,DATA)
                                     44 ;--------------------------------------------------------
                                     45 ; bit data
                                     46 ;--------------------------------------------------------
                                     47 	.area BSEG    (BIT)
                                     48 ;--------------------------------------------------------
                                     49 ; paged external ram data
                                     50 ;--------------------------------------------------------
                                     51 	.area PSEG    (PAG,XDATA)
                                     52 ;--------------------------------------------------------
                                     53 ; external ram data
                                     54 ;--------------------------------------------------------
                                     55 	.area XSEG    (XDATA)
                                     56 ;--------------------------------------------------------
                                     57 ; absolute external ram data
                                     58 ;--------------------------------------------------------
                                     59 	.area XABS    (ABS,XDATA)
                                     60 ;--------------------------------------------------------
                                     61 ; external initialized ram data
                                     62 ;--------------------------------------------------------
                                     63 	.area XISEG   (XDATA)
                                     64 	.area HOME    (CODE)
                                     65 	.area GSINIT0 (CODE)
                                     66 	.area GSINIT1 (CODE)
                                     67 	.area GSINIT2 (CODE)
                                     68 	.area GSINIT3 (CODE)
                                     69 	.area GSINIT4 (CODE)
                                     70 	.area GSINIT5 (CODE)
                                     71 	.area GSINIT  (CODE)
                                     72 	.area GSFINAL (CODE)
                                     73 	.area CSEG    (CODE)
                                     74 ;--------------------------------------------------------
                                     75 ; global & static initialisations
                                     76 ;--------------------------------------------------------
                                     77 	.area HOME    (CODE)
                                     78 	.area GSINIT  (CODE)
                                     79 	.area GSFINAL (CODE)
                                     80 	.area GSINIT  (CODE)
                                     81 ;--------------------------------------------------------
                                     82 ; Home
                                     83 ;--------------------------------------------------------
                                     84 	.area HOME    (CODE)
                                     85 	.area HOME    (CODE)
                                     86 ;--------------------------------------------------------
                                     87 ; code
                                     88 ;--------------------------------------------------------
                                     89 	.area CSEG    (CODE)
                                     90 ;------------------------------------------------------------
                                     91 ;Allocation info for local variables in function 'tolower'
                                     92 ;------------------------------------------------------------
                                     93 ;c                         Allocated to registers r6 r7 
                                     94 ;__00010001                Allocated to registers 
                                     95 ;__00020002                Allocated to registers 
                                     96 ;c                         Allocated to registers 
                                     97 ;------------------------------------------------------------
                                     98 ;	tolower.c:33: int tolower (int c)
                                     99 ;	-----------------------------------------
                                    100 ;	 function tolower
                                    101 ;	-----------------------------------------
      000000                        102 _tolower:
                           000007   103 	ar7 = 0x07
                           000006   104 	ar6 = 0x06
                           000005   105 	ar5 = 0x05
                           000004   106 	ar4 = 0x04
                           000003   107 	ar3 = 0x03
                           000002   108 	ar2 = 0x02
                           000001   109 	ar1 = 0x01
                           000000   110 	ar0 = 0x00
      000000 AE 82            [24]  111 	mov	r6,dpl
      000002 AF 83            [24]  112 	mov	r7,dph
                                    113 ;	../../device/include/ctype.h:80: return ((unsigned char)c >= 'A' && (unsigned char)c <= 'Z');
      000004 8E 05            [24]  114 	mov	ar5,r6
      000006 BD 41 00         [24]  115 	cjne	r5,#0x41,00114$
      000009                        116 00114$:
      000009 40 0E            [24]  117 	jc	00104$
      00000B ED               [12]  118 	mov	a,r5
      00000C 24 A5            [12]  119 	add	a,#0xff - 0x5A
      00000E 40 09            [24]  120 	jc	00104$
                                    121 ;	tolower.c:35: return (isupper (c) ? c + ('a' - 'A') : c);
      000010 74 20            [12]  122 	mov	a,#0x20
      000012 2E               [12]  123 	add	a,r6
      000013 FC               [12]  124 	mov	r4,a
      000014 E4               [12]  125 	clr	a
      000015 3F               [12]  126 	addc	a,r7
      000016 FD               [12]  127 	mov	r5,a
      000017 80 04            [24]  128 	sjmp	00105$
      000019                        129 00104$:
      000019 8E 04            [24]  130 	mov	ar4,r6
      00001B 8F 05            [24]  131 	mov	ar5,r7
      00001D                        132 00105$:
      00001D 8C 82            [24]  133 	mov	dpl,r4
      00001F 8D 83            [24]  134 	mov	dph,r5
      000021 22               [24]  135 	ret
                                    136 	.area CSEG    (CODE)
                                    137 	.area CONST   (CODE)
                                    138 	.area XINIT   (CODE)
                                    139 	.area CABS    (ABS,CODE)
