                                      1 ;--------------------------------------------------------
                                      2 ; File Created by SDCC : free open source ANSI-C Compiler
                                      3 ; Version 3.5.0 #9253 (Apr  4 2022) (Linux)
                                      4 ; This file was generated Mon Apr  4 14:10:30 2022
                                      5 ;--------------------------------------------------------
                                      6 	.module _bp
                                      7 	.optsdcc -mds400 --model-flat24
                                      8 	
                                      9 ;--------------------------------------------------------
                                     10 ; CPU specific extensions
                                     11 ;--------------------------------------------------------
                                     12 	.DS80C390
                                     13 	.amode	2	; 24 bit flat addressing
                           000082    14 dpl	=	0x82
                           000083    15 dph	=	0x83
                           000084    16 dpl1	=	0x84
                           000085    17 dph1	=	0x85
                           000086    18 dps	=	0x86
                           000093    19 dpx	=	0x93
                           000095    20 dpx1	=	0x95
                           00009B    21 esp	=	0x9B
                           00009C    22 ap	=	0x9C
                           00009C    23 acc1	=	0x9C
                           0000D1    24 mcnt0	=	0xD1
                           0000D2    25 mcnt1	=	0xD2
                           0000D3    26 ma	=	0xD3
                           0000D4    27 mb	=	0xD4
                           0000D5    28 mc	=	0xD5
                           00009D    29 acon	=	0x9D
                           0000D1    30 F1	=	0xD1	; user flag
                                     31 ;--------------------------------------------------------
                                     32 ; Public variables in this module
                                     33 ;--------------------------------------------------------
                                     34 	.globl _bp
                                     35 ;--------------------------------------------------------
                                     36 ; special function registers
                                     37 ;--------------------------------------------------------
                                     38 ;--------------------------------------------------------
                                     39 ; special function bits
                                     40 ;--------------------------------------------------------
                                     41 ;--------------------------------------------------------
                                     42 ; overlayable register banks
                                     43 ;--------------------------------------------------------
                                     44 	.area REG_BANK_0	(REL,OVR,DATA)
      000000                         45 	.ds 8
                                     46 	.area REG_BANK_3	(REL,OVR,DATA)
      000000                         47 	.ds 8
                                     48 ;--------------------------------------------------------
                                     49 ; internal ram data
                                     50 ;--------------------------------------------------------
                                     51 	.area DSEG    (DATA)
      000000                         52 _bp::
      000000                         53 	.ds 1
                                     54 ;--------------------------------------------------------
                                     55 ; overlayable items in internal ram 
                                     56 ;--------------------------------------------------------
                                     57 ;--------------------------------------------------------
                                     58 ; indirectly addressable internal ram data
                                     59 ;--------------------------------------------------------
                                     60 	.area ISEG    (DATA)
                                     61 ;--------------------------------------------------------
                                     62 ; absolute internal ram data
                                     63 ;--------------------------------------------------------
                                     64 	.area IABS    (ABS,DATA)
                                     65 	.area IABS    (ABS,DATA)
                                     66 ;--------------------------------------------------------
                                     67 ; bit data
                                     68 ;--------------------------------------------------------
                                     69 	.area BSEG    (BIT)
                                     70 ;--------------------------------------------------------
                                     71 ; paged external ram data
                                     72 ;--------------------------------------------------------
                                     73 	.area PSEG    (PAG,XDATA)
                                     74 ;--------------------------------------------------------
                                     75 ; external ram data
                                     76 ;--------------------------------------------------------
                                     77 	.area XSEG    (XDATA)
                                     78 ;--------------------------------------------------------
                                     79 ; absolute external ram data
                                     80 ;--------------------------------------------------------
                                     81 	.area XABS    (ABS,XDATA)
                                     82 ;--------------------------------------------------------
                                     83 ; external initialized ram data
                                     84 ;--------------------------------------------------------
                                     85 	.area XISEG   (XDATA)
                                     86 ;--------------------------------------------------------
                                     87 ; global & static initialisations
                                     88 ;--------------------------------------------------------
                                     89 	.area HOME    (CODE)
                                     90 	.area GSINIT  (CODE)
                                     91 	.area GSFINAL (CODE)
                                     92 	.area GSINIT  (CODE)
                                     93 ;--------------------------------------------------------
                                     94 ; Home
                                     95 ;--------------------------------------------------------
                                     96 	.area HOME    (CODE)
                                     97 	.area HOME    (CODE)
                                     98 ;--------------------------------------------------------
                                     99 ; code
                                    100 ;--------------------------------------------------------
                                    101 	.area CSEG    (CODE)
                                    102 	.area CSEG    (CODE)
                                    103 	.area CONST   (CODE)
                                    104 	.area XINIT   (CODE)
                                    105 	.area CABS    (ABS,CODE)
