                                      1 ;--------------------------------------------------------
                                      2 ; File Created by SDCC : free open source ANSI-C Compiler
                                      3 ; Version 3.5.0 #9253 (Apr  4 2022) (Linux)
                                      4 ; This file was generated Mon Apr  4 14:10:30 2022
                                      5 ;--------------------------------------------------------
                                      6 	.module _decdptr
                                      7 	.optsdcc -mds400 --model-flat24
                                      8 	
                                      9 ;--------------------------------------------------------
                                     10 ; CPU specific extensions
                                     11 ;--------------------------------------------------------
                                     12 	.DS80C390
                                     13 	.amode	2	; 24 bit flat addressing
                           000082    14 dpl	=	0x82
                           000083    15 dph	=	0x83
                           000084    16 dpl1	=	0x84
                           000085    17 dph1	=	0x85
                           000086    18 dps	=	0x86
                           000093    19 dpx	=	0x93
                           000095    20 dpx1	=	0x95
                           00009B    21 esp	=	0x9B
                           00009C    22 ap	=	0x9C
                           00009C    23 acc1	=	0x9C
                           0000D1    24 mcnt0	=	0xD1
                           0000D2    25 mcnt1	=	0xD2
                           0000D3    26 ma	=	0xD3
                           0000D4    27 mb	=	0xD4
                           0000D5    28 mc	=	0xD5
                           00009D    29 acon	=	0x9D
                           0000D1    30 F1	=	0xD1	; user flag
                                     31 ;--------------------------------------------------------
                                     32 ; Public variables in this module
                                     33 ;--------------------------------------------------------
                                     34 ;--------------------------------------------------------
                                     35 ; special function registers
                                     36 ;--------------------------------------------------------
                                     37 ;--------------------------------------------------------
                                     38 ; special function bits
                                     39 ;--------------------------------------------------------
                                     40 ;--------------------------------------------------------
                                     41 ; overlayable register banks
                                     42 ;--------------------------------------------------------
                                     43 	.area REG_BANK_0	(REL,OVR,DATA)
      000000                         44 	.ds 8
                                     45 	.area REG_BANK_3	(REL,OVR,DATA)
      000000                         46 	.ds 8
                                     47 ;--------------------------------------------------------
                                     48 ; internal ram data
                                     49 ;--------------------------------------------------------
                                     50 	.area DSEG    (DATA)
                                     51 ;--------------------------------------------------------
                                     52 ; overlayable items in internal ram 
                                     53 ;--------------------------------------------------------
                                     54 ;--------------------------------------------------------
                                     55 ; indirectly addressable internal ram data
                                     56 ;--------------------------------------------------------
                                     57 	.area ISEG    (DATA)
                                     58 ;--------------------------------------------------------
                                     59 ; absolute internal ram data
                                     60 ;--------------------------------------------------------
                                     61 	.area IABS    (ABS,DATA)
                                     62 	.area IABS    (ABS,DATA)
                                     63 ;--------------------------------------------------------
                                     64 ; bit data
                                     65 ;--------------------------------------------------------
                                     66 	.area BSEG    (BIT)
                                     67 ;--------------------------------------------------------
                                     68 ; paged external ram data
                                     69 ;--------------------------------------------------------
                                     70 	.area PSEG    (PAG,XDATA)
                                     71 ;--------------------------------------------------------
                                     72 ; external ram data
                                     73 ;--------------------------------------------------------
                                     74 	.area XSEG    (XDATA)
                                     75 ;--------------------------------------------------------
                                     76 ; absolute external ram data
                                     77 ;--------------------------------------------------------
                                     78 	.area XABS    (ABS,XDATA)
                                     79 ;--------------------------------------------------------
                                     80 ; external initialized ram data
                                     81 ;--------------------------------------------------------
                                     82 	.area XISEG   (XDATA)
                                     83 ;--------------------------------------------------------
                                     84 ; global & static initialisations
                                     85 ;--------------------------------------------------------
                                     86 	.area HOME    (CODE)
                                     87 	.area GSINIT  (CODE)
                                     88 	.area GSFINAL (CODE)
                                     89 	.area GSINIT  (CODE)
                                     90 ;--------------------------------------------------------
                                     91 ; Home
                                     92 ;--------------------------------------------------------
                                     93 	.area HOME    (CODE)
                                     94 	.area HOME    (CODE)
                                     95 ;--------------------------------------------------------
                                     96 ; code
                                     97 ;--------------------------------------------------------
                                     98 	.area CSEG    (CODE)
                                     99 ;------------------------------------------------------------
                                    100 ;Allocation info for local variables in function 'dummy'
                                    101 ;------------------------------------------------------------
                                    102 ;	_decdptr.c:30: dummy (void) __naked
                                    103 ;	-----------------------------------------
                                    104 ;	 function dummy
                                    105 ;	-----------------------------------------
      000000                        106 _dummy:
                                    107 ;	naked function: no prologue.
                                    108 ;	_decdptr.c:51: __endasm;
                                    109 	.globl __decdptr
      000000                        110 	__decdptr:
      000000 C5 82            [ 8]  111 	xch a,dpl
      000002 70 02            [12]  112 	jnz 00001$
      000004 15 83            [ 8]  113 	dec dph
      000006                        114 	00001$:
      000006 14               [ 4]  115 	dec a
      000007 C5 82            [ 8]  116 	xch a,dpl
      000009 22               [16]  117 	ret
      00000A                        118 00101$:
                                    119 ;	naked function: no epilogue.
                                    120 	.area CSEG    (CODE)
                                    121 	.area CONST   (CODE)
                                    122 	.area XINIT   (CODE)
                                    123 	.area CABS    (ABS,CODE)
