                                      1 ;--------------------------------------------------------
                                      2 ; File Created by SDCC : free open source ANSI-C Compiler
                                      3 ; Version 3.5.0 #9253 (Apr  4 2022) (Linux)
                                      4 ; This file was generated Mon Apr  4 14:10:28 2022
                                      5 ;--------------------------------------------------------
                                      6 	.module _fs2ulong
                                      7 	.optsdcc -mds400 --model-flat24
                                      8 	
                                      9 ;--------------------------------------------------------
                                     10 ; CPU specific extensions
                                     11 ;--------------------------------------------------------
                                     12 	.DS80C390
                                     13 	.amode	2	; 24 bit flat addressing
                           000082    14 dpl	=	0x82
                           000083    15 dph	=	0x83
                           000084    16 dpl1	=	0x84
                           000085    17 dph1	=	0x85
                           000086    18 dps	=	0x86
                           000093    19 dpx	=	0x93
                           000095    20 dpx1	=	0x95
                           00009B    21 esp	=	0x9B
                           00009C    22 ap	=	0x9C
                           00009C    23 acc1	=	0x9C
                           0000D1    24 mcnt0	=	0xD1
                           0000D2    25 mcnt1	=	0xD2
                           0000D3    26 ma	=	0xD3
                           0000D4    27 mb	=	0xD4
                           0000D5    28 mc	=	0xD5
                           00009D    29 acon	=	0x9D
                           0000D1    30 F1	=	0xD1	; user flag
                                     31 ;--------------------------------------------------------
                                     32 ; Public variables in this module
                                     33 ;--------------------------------------------------------
                                     34 	.globl ___fs2ulong
                                     35 ;--------------------------------------------------------
                                     36 ; special function registers
                                     37 ;--------------------------------------------------------
                                     38 ;--------------------------------------------------------
                                     39 ; special function bits
                                     40 ;--------------------------------------------------------
                                     41 ;--------------------------------------------------------
                                     42 ; overlayable register banks
                                     43 ;--------------------------------------------------------
                                     44 	.area REG_BANK_0	(REL,OVR,DATA)
      000000                         45 	.ds 8
                                     46 	.area REG_BANK_3	(REL,OVR,DATA)
      000000                         47 	.ds 8
                                     48 ;--------------------------------------------------------
                                     49 ; internal ram data
                                     50 ;--------------------------------------------------------
                                     51 	.area DSEG    (DATA)
                                     52 ;--------------------------------------------------------
                                     53 ; overlayable items in internal ram 
                                     54 ;--------------------------------------------------------
                                     55 ;--------------------------------------------------------
                                     56 ; indirectly addressable internal ram data
                                     57 ;--------------------------------------------------------
                                     58 	.area ISEG    (DATA)
                                     59 ;--------------------------------------------------------
                                     60 ; absolute internal ram data
                                     61 ;--------------------------------------------------------
                                     62 	.area IABS    (ABS,DATA)
                                     63 	.area IABS    (ABS,DATA)
                                     64 ;--------------------------------------------------------
                                     65 ; bit data
                                     66 ;--------------------------------------------------------
                                     67 	.area BSEG    (BIT)
                                     68 ;--------------------------------------------------------
                                     69 ; paged external ram data
                                     70 ;--------------------------------------------------------
                                     71 	.area PSEG    (PAG,XDATA)
                                     72 ;--------------------------------------------------------
                                     73 ; external ram data
                                     74 ;--------------------------------------------------------
                                     75 	.area XSEG    (XDATA)
      000000                         76 ___fs2ulong_fl1_1_21:
      000000                         77 	.ds 4
      000004                         78 ___fs2ulong_exp_1_21:
      000004                         79 	.ds 2
      000006                         80 ___fs2ulong_l_1_21:
      000006                         81 	.ds 4
                                     82 ;--------------------------------------------------------
                                     83 ; absolute external ram data
                                     84 ;--------------------------------------------------------
                                     85 	.area XABS    (ABS,XDATA)
                                     86 ;--------------------------------------------------------
                                     87 ; external initialized ram data
                                     88 ;--------------------------------------------------------
                                     89 	.area XISEG   (XDATA)
                                     90 ;--------------------------------------------------------
                                     91 ; global & static initialisations
                                     92 ;--------------------------------------------------------
                                     93 	.area HOME    (CODE)
                                     94 	.area GSINIT  (CODE)
                                     95 	.area GSFINAL (CODE)
                                     96 	.area GSINIT  (CODE)
                                     97 ;--------------------------------------------------------
                                     98 ; Home
                                     99 ;--------------------------------------------------------
                                    100 	.area HOME    (CODE)
                                    101 	.area HOME    (CODE)
                                    102 ;--------------------------------------------------------
                                    103 ; code
                                    104 ;--------------------------------------------------------
                                    105 	.area CSEG    (CODE)
                                    106 ;------------------------------------------------------------
                                    107 ;Allocation info for local variables in function '__fs2ulong'
                                    108 ;------------------------------------------------------------
                                    109 ;a1                        Allocated to registers r2 r3 r4 r5 
                                    110 ;fl1                       Allocated with name '___fs2ulong_fl1_1_21'
                                    111 ;exp                       Allocated with name '___fs2ulong_exp_1_21'
                                    112 ;l                         Allocated with name '___fs2ulong_l_1_21'
                                    113 ;------------------------------------------------------------
                                    114 ;	_fs2ulong.c:103: __fs2ulong (float a1)
                                    115 ;	-----------------------------------------
                                    116 ;	 function __fs2ulong
                                    117 ;	-----------------------------------------
      000000                        118 ___fs2ulong:
                           000002   119 	ar2 = 0x02
                           000003   120 	ar3 = 0x03
                           000004   121 	ar4 = 0x04
                           000005   122 	ar5 = 0x05
                           000006   123 	ar6 = 0x06
                           000007   124 	ar7 = 0x07
                           000000   125 	ar0 = 0x00
                           000001   126 	ar1 = 0x01
      000000 AA 82            [ 8]  127 	mov	r2,dpl
      000002 AB 83            [ 8]  128 	mov	r3,dph
      000004 AC 93            [ 8]  129 	mov	r4,dpx
      000006 AD F0            [ 8]  130 	mov	r5,b
                                    131 ;	_fs2ulong.c:109: fl1.f = a1;
      000008 90s00r00r00      [12]  132 	mov	dptr,#___fs2ulong_fl1_1_21
      00000C EA               [ 4]  133 	mov	a,r2
      00000D F0               [ 8]  134 	movx	@dptr,a
      00000E A3               [12]  135 	inc	dptr
      00000F EB               [ 4]  136 	mov	a,r3
      000010 F0               [ 8]  137 	movx	@dptr,a
      000011 A3               [12]  138 	inc	dptr
      000012 EC               [ 4]  139 	mov	a,r4
      000013 F0               [ 8]  140 	movx	@dptr,a
      000014 A3               [12]  141 	inc	dptr
      000015 ED               [ 4]  142 	mov	a,r5
      000016 F0               [ 8]  143 	movx	@dptr,a
                                    144 ;	_fs2ulong.c:111: if (!fl1.l || SIGN(fl1.l))
      000017 90s00r00r00      [12]  145 	mov	dptr,#___fs2ulong_fl1_1_21
      00001B E0               [ 8]  146 	movx	a,@dptr
      00001C A3               [12]  147 	inc	dptr
      00001D FA               [ 4]  148 	mov	r2,a
      00001E E0               [ 8]  149 	movx	a,@dptr
      00001F A3               [12]  150 	inc	dptr
      000020 FB               [ 4]  151 	mov	r3,a
      000021 E0               [ 8]  152 	movx	a,@dptr
      000022 A3               [12]  153 	inc	dptr
      000023 FC               [ 4]  154 	mov	r4,a
      000024 E0               [ 8]  155 	movx	a,@dptr
      000025 FD               [ 4]  156 	mov	r5,a
      000026 EA               [ 4]  157 	mov	a,r2
      000027 4B               [ 4]  158 	orl	a,r3
      000028 4C               [ 4]  159 	orl	a,r4
      000029 4D               [ 4]  160 	orl	a,r5
      00002A 60 15            [12]  161 	jz  00101$
      00002C                        162 00109$:
      00002C 90s00r00r00      [12]  163 	mov	dptr,#___fs2ulong_fl1_1_21
      000030 E0               [ 8]  164 	movx	a,@dptr
      000031 A3               [12]  165 	inc	dptr
      000032 FA               [ 4]  166 	mov	r2,a
      000033 E0               [ 8]  167 	movx	a,@dptr
      000034 A3               [12]  168 	inc	dptr
      000035 FB               [ 4]  169 	mov	r3,a
      000036 E0               [ 8]  170 	movx	a,@dptr
      000037 A3               [12]  171 	inc	dptr
      000038 FC               [ 4]  172 	mov	r4,a
      000039 E0               [ 8]  173 	movx	a,@dptr
      00003A FD               [ 4]  174 	mov  r5,a
      00003B 23               [ 4]  175 	rl	a
      00003C 54 01            [ 8]  176 	anl	a,#0x01
      00003E FA               [ 4]  177 	mov  r2,a
      00003F 60 0B            [12]  178 	jz  00102$
      000041                        179 00110$:
      000041                        180 00101$:
                                    181 ;	_fs2ulong.c:112: return (0);
      000041 90 00 00 00      [12]  182 	mov  dptr,#0x0000
      000045 75 F0 00         [12]  183 	mov	b,#0x00
      000048 02s00r01r0E      [16]  184 	ljmp	00104$
      00004C                        185 00102$:
                                    186 ;	_fs2ulong.c:114: exp = EXP (fl1.l) - EXCESS - 24;
      00004C 90s00r00r00      [12]  187 	mov	dptr,#___fs2ulong_fl1_1_21
      000050 E0               [ 8]  188 	movx	a,@dptr
      000051 A3               [12]  189 	inc	dptr
      000052 FA               [ 4]  190 	mov	r2,a
      000053 E0               [ 8]  191 	movx	a,@dptr
      000054 A3               [12]  192 	inc	dptr
      000055 FB               [ 4]  193 	mov	r3,a
      000056 E0               [ 8]  194 	movx	a,@dptr
      000057 A3               [12]  195 	inc	dptr
      000058 FC               [ 4]  196 	mov	r4,a
      000059 E0               [ 8]  197 	movx	a,@dptr
      00005A FD               [ 4]  198 	mov	r5,a
      00005B 8C 02            [ 8]  199 	mov	ar2,r4
      00005D ED               [ 4]  200 	mov	a,r5
      00005E A2 E7            [ 8]  201 	mov	c,acc[7]
      000060 CA               [ 4]  202 	xch	a,r2
      000061 33               [ 4]  203 	rlc	a
      000062 CA               [ 4]  204 	xch	a,r2
      000063 33               [ 4]  205 	rlc	a
      000064 CA               [ 4]  206 	xch	a,r2
      000065 54 01            [ 8]  207 	anl	a,#0x01
      000067 FB               [ 4]  208 	mov	r3,a
      000068 E4               [ 4]  209 	clr  a
      000069 FC               [ 4]  210 	mov  r4,a
      00006A FD               [ 4]  211 	mov  r5,a
      00006B FB               [ 4]  212 	mov  r3,a
      00006C FC               [ 4]  213 	mov  r4,a
      00006D FD               [ 4]  214 	mov  r5,a
      00006E EA               [ 4]  215 	mov  a,r2
      00006F 24 6A            [ 8]  216 	add	a,#0x6A
      000071 FA               [ 4]  217 	mov	r2,a
      000072 EB               [ 4]  218 	mov	a,r3
      000073 34 FF            [ 8]  219 	addc	a,#0xFF
      000075 FB               [ 4]  220 	mov	r3,a
      000076 EC               [ 4]  221 	mov	a,r4
      000077 34 FF            [ 8]  222 	addc	a,#0xFF
      000079 FC               [ 4]  223 	mov	r4,a
      00007A ED               [ 4]  224 	mov	a,r5
      00007B 34 FF            [ 8]  225 	addc	a,#0xFF
      00007D FD               [ 4]  226 	mov	r5,a
      00007E 90s00r00r04      [12]  227 	mov	dptr,#___fs2ulong_exp_1_21
      000082 EA               [ 4]  228 	mov	a,r2
      000083 F0               [ 8]  229 	movx	@dptr,a
      000084 A3               [12]  230 	inc	dptr
      000085 EB               [ 4]  231 	mov	a,r3
      000086 F0               [ 8]  232 	movx	@dptr,a
                                    233 ;	_fs2ulong.c:115: l = MANT (fl1.l);
      000087 90s00r00r00      [12]  234 	mov	dptr,#___fs2ulong_fl1_1_21
      00008B E0               [ 8]  235 	movx	a,@dptr
      00008C A3               [12]  236 	inc	dptr
      00008D FA               [ 4]  237 	mov	r2,a
      00008E E0               [ 8]  238 	movx	a,@dptr
      00008F A3               [12]  239 	inc	dptr
      000090 FB               [ 4]  240 	mov	r3,a
      000091 E0               [ 8]  241 	movx	a,@dptr
      000092 A3               [12]  242 	inc	dptr
      000093 FC               [ 4]  243 	mov	r4,a
      000094 E0               [ 8]  244 	movx	a,@dptr
      000095 FD               [ 4]  245 	mov	r5,a
      000096 53 04 7F         [12]  246 	anl	ar4,#0x7F
      000099 7D 00            [ 8]  247 	mov	r5,#0x00
      00009B 90s00r00r06      [12]  248 	mov	dptr,#___fs2ulong_l_1_21
      00009F EA               [ 4]  249 	mov	a,r2
      0000A0 F0               [ 8]  250 	movx	@dptr,a
      0000A1 A3               [12]  251 	inc	dptr
      0000A2 EB               [ 4]  252 	mov	a,r3
      0000A3 F0               [ 8]  253 	movx	@dptr,a
      0000A4 74 80            [ 8]  254 	mov	a,#0x80
      0000A6 4C               [ 4]  255 	orl	a,r4
      0000A7 A3               [12]  256 	inc	dptr
      0000A8 F0               [ 8]  257 	movx	@dptr,a
      0000A9 A3               [12]  258 	inc	dptr
      0000AA ED               [ 4]  259 	mov	a,r5
      0000AB F0               [ 8]  260 	movx	@dptr,a
                                    261 ;	_fs2ulong.c:117: l >>= -exp;
      0000AC 90s00r00r04      [12]  262 	mov	dptr,#___fs2ulong_exp_1_21
      0000B0 E0               [ 8]  263 	movx	a,@dptr
      0000B1 D3               [ 4]  264 	setb	c
      0000B2 F4               [ 4]  265 	cpl	a
      0000B3 34 00            [ 8]  266 	addc	a,#0x00
      0000B5 FA               [ 4]  267 	mov	r2,a
      0000B6 A3               [12]  268 	inc	dptr
      0000B7 E0               [ 8]  269 	movx	a,@dptr
      0000B8 F4               [ 4]  270 	cpl	a
      0000B9 34 00            [ 8]  271 	addc	a,#0x00
      0000BB FB               [ 4]  272 	mov	r3,a
      0000BC 8A F0            [ 8]  273 	mov	b,r2
      0000BE 05 F0            [ 8]  274 	inc	b
      0000C0 90s00r00r06      [12]  275 	mov	dptr,#___fs2ulong_l_1_21
      0000C4 E0               [ 8]  276 	movx	a,@dptr
      0000C5 FA               [ 4]  277 	mov     r2,a
      0000C6 A3               [12]  278 	inc	dptr
      0000C7 E0               [ 8]  279 	movx	a,@dptr
      0000C8 FB               [ 4]  280 	mov     r3,a
      0000C9 A3               [12]  281 	inc	dptr
      0000CA E0               [ 8]  282 	movx	a,@dptr
      0000CB FC               [ 4]  283 	mov     r4,a
      0000CC A3               [12]  284 	inc	dptr
      0000CD E0               [ 8]  285 	movx	a,@dptr
      0000CE FD               [ 4]  286 	mov     r5,a
      0000CF E0               [ 8]  287 	movx	a,@dptr
      0000D0 33               [ 4]  288 	rlc	a
      0000D1 92 D2            [ 8]  289 	mov	ov,c
      0000D3 80 0E            [12]  290 	sjmp	00112$
      0000D5                        291 00111$:
      0000D5 A2 D2            [ 8]  292 	mov	c,ov
      0000D7 ED               [ 4]  293 	mov	a,r5
      0000D8 13               [ 4]  294 	rrc	a
      0000D9 FD               [ 4]  295 	mov	r5,a
      0000DA EC               [ 4]  296 	mov	a,r4
      0000DB 13               [ 4]  297 	rrc	a
      0000DC FC               [ 4]  298 	mov	r4,a
      0000DD EB               [ 4]  299 	mov	a,r3
      0000DE 13               [ 4]  300 	rrc	a
      0000DF FB               [ 4]  301 	mov	r3,a
      0000E0 EA               [ 4]  302 	mov	a,r2
      0000E1 13               [ 4]  303 	rrc	a
      0000E2 FA               [ 4]  304 	mov	r2,a
      0000E3                        305 00112$:
      0000E3 D5 F0 EF         [16]  306 	djnz	b,00111$
                                    307 ;	genAssign: resultIsFar = TRUE
      0000E6 90s00r00r06      [12]  308 	mov	dptr,#___fs2ulong_l_1_21
      0000EA EA               [ 4]  309 	mov	a,r2
      0000EB F0               [ 8]  310 	movx	@dptr,a
      0000EC A3               [12]  311 	inc	dptr
      0000ED EB               [ 4]  312 	mov	a,r3
      0000EE F0               [ 8]  313 	movx	@dptr,a
      0000EF A3               [12]  314 	inc	dptr
      0000F0 EC               [ 4]  315 	mov	a,r4
      0000F1 F0               [ 8]  316 	movx	@dptr,a
      0000F2 A3               [12]  317 	inc	dptr
      0000F3 ED               [ 4]  318 	mov	a,r5
      0000F4 F0               [ 8]  319 	movx	@dptr,a
                                    320 ;	_fs2ulong.c:119: return l;
      0000F5 75 86 01         [12]  321 	mov     dps, #1
      0000F8 90s00r00r06      [12]  322 	mov     dptr, #___fs2ulong_l_1_21
      0000FC E0               [ 8]  323 	movx	a,@dptr
      0000FD F5 82            [ 8]  324 	mov	dpl,a
      0000FF A3               [12]  325 	inc	dptr
      000100 E0               [ 8]  326 	movx	a,@dptr
      000101 F5 83            [ 8]  327 	mov	dph,a
      000103 A3               [12]  328 	inc	dptr
      000104 E0               [ 8]  329 	movx	a,@dptr
      000105 F5 93            [ 8]  330 	mov	dpx,a
      000107 A3               [12]  331 	inc	dptr
      000108 E0               [ 8]  332 	movx	a,@dptr
      000109 F5 F0            [ 8]  333 	mov	b,a
      00010B 75 86 00         [12]  334 	mov	dps,#0
      00010E                        335 00104$:
      00010E 22               [16]  336 	ret
                                    337 	.area CSEG    (CODE)
                                    338 	.area CONST   (CODE)
                                    339 	.area XINIT   (CODE)
                                    340 	.area CABS    (ABS,CODE)
