                                      1 ;--------------------------------------------------------
                                      2 ; File Created by SDCC : free open source ANSI-C Compiler
                                      3 ; Version 3.5.0 #9253 (Apr  4 2022) (Linux)
                                      4 ; This file was generated Mon Apr  4 14:10:28 2022
                                      5 ;--------------------------------------------------------
                                      6 	.module _fssub
                                      7 	.optsdcc -mds400 --model-flat24
                                      8 	
                                      9 ;--------------------------------------------------------
                                     10 ; CPU specific extensions
                                     11 ;--------------------------------------------------------
                                     12 	.DS80C390
                                     13 	.amode	2	; 24 bit flat addressing
                           000082    14 dpl	=	0x82
                           000083    15 dph	=	0x83
                           000084    16 dpl1	=	0x84
                           000085    17 dph1	=	0x85
                           000086    18 dps	=	0x86
                           000093    19 dpx	=	0x93
                           000095    20 dpx1	=	0x95
                           00009B    21 esp	=	0x9B
                           00009C    22 ap	=	0x9C
                           00009C    23 acc1	=	0x9C
                           0000D1    24 mcnt0	=	0xD1
                           0000D2    25 mcnt1	=	0xD2
                           0000D3    26 ma	=	0xD3
                           0000D4    27 mb	=	0xD4
                           0000D5    28 mc	=	0xD5
                           00009D    29 acon	=	0x9D
                           0000D1    30 F1	=	0xD1	; user flag
                                     31 ;--------------------------------------------------------
                                     32 ; Public variables in this module
                                     33 ;--------------------------------------------------------
                                     34 	.globl ___fssub_PARM_2
                                     35 	.globl ___fssub
                                     36 ;--------------------------------------------------------
                                     37 ; special function registers
                                     38 ;--------------------------------------------------------
                                     39 ;--------------------------------------------------------
                                     40 ; special function bits
                                     41 ;--------------------------------------------------------
                                     42 ;--------------------------------------------------------
                                     43 ; overlayable register banks
                                     44 ;--------------------------------------------------------
                                     45 	.area REG_BANK_0	(REL,OVR,DATA)
      000000                         46 	.ds 8
                                     47 	.area REG_BANK_3	(REL,OVR,DATA)
      000000                         48 	.ds 8
                                     49 ;--------------------------------------------------------
                                     50 ; internal ram data
                                     51 ;--------------------------------------------------------
                                     52 	.area DSEG    (DATA)
                                     53 ;--------------------------------------------------------
                                     54 ; overlayable items in internal ram 
                                     55 ;--------------------------------------------------------
                                     56 ;--------------------------------------------------------
                                     57 ; indirectly addressable internal ram data
                                     58 ;--------------------------------------------------------
                                     59 	.area ISEG    (DATA)
                                     60 ;--------------------------------------------------------
                                     61 ; absolute internal ram data
                                     62 ;--------------------------------------------------------
                                     63 	.area IABS    (ABS,DATA)
                                     64 	.area IABS    (ABS,DATA)
                                     65 ;--------------------------------------------------------
                                     66 ; bit data
                                     67 ;--------------------------------------------------------
                                     68 	.area BSEG    (BIT)
                                     69 ;--------------------------------------------------------
                                     70 ; paged external ram data
                                     71 ;--------------------------------------------------------
                                     72 	.area PSEG    (PAG,XDATA)
                                     73 ;--------------------------------------------------------
                                     74 ; external ram data
                                     75 ;--------------------------------------------------------
                                     76 	.area XSEG    (XDATA)
      000000                         77 ___fssub_PARM_2:
      000000                         78 	.ds 4
                                     79 ;--------------------------------------------------------
                                     80 ; absolute external ram data
                                     81 ;--------------------------------------------------------
                                     82 	.area XABS    (ABS,XDATA)
                                     83 ;--------------------------------------------------------
                                     84 ; external initialized ram data
                                     85 ;--------------------------------------------------------
                                     86 	.area XISEG   (XDATA)
                                     87 ;--------------------------------------------------------
                                     88 ; global & static initialisations
                                     89 ;--------------------------------------------------------
                                     90 	.area HOME    (CODE)
                                     91 	.area GSINIT  (CODE)
                                     92 	.area GSFINAL (CODE)
                                     93 	.area GSINIT  (CODE)
                                     94 ;--------------------------------------------------------
                                     95 ; Home
                                     96 ;--------------------------------------------------------
                                     97 	.area HOME    (CODE)
                                     98 	.area HOME    (CODE)
                                     99 ;--------------------------------------------------------
                                    100 ; code
                                    101 ;--------------------------------------------------------
                                    102 	.area CSEG    (CODE)
                                    103 ;------------------------------------------------------------
                                    104 ;Allocation info for local variables in function '__fssub'
                                    105 ;------------------------------------------------------------
                                    106 ;a2                        Allocated with name '___fssub_PARM_2'
                                    107 ;a1                        Allocated to registers r2 r3 r4 r5 
                                    108 ;neg                       Allocated to registers r2 r3 r4 r5 
                                    109 ;------------------------------------------------------------
                                    110 ;	_fssub.c:73: float __fssub (float a1, float a2)
                                    111 ;	-----------------------------------------
                                    112 ;	 function __fssub
                                    113 ;	-----------------------------------------
      000000                        114 ___fssub:
                           000002   115 	ar2 = 0x02
                           000003   116 	ar3 = 0x03
                           000004   117 	ar4 = 0x04
                           000005   118 	ar5 = 0x05
                           000006   119 	ar6 = 0x06
                           000007   120 	ar7 = 0x07
                           000000   121 	ar0 = 0x00
                           000001   122 	ar1 = 0x01
      000000 AA 82            [ 8]  123 	mov	r2,dpl
      000002 AB 83            [ 8]  124 	mov	r3,dph
      000004 AC 93            [ 8]  125 	mov	r4,dpx
      000006 AD F0            [ 8]  126 	mov	r5,b
                                    127 ;	_fssub.c:75: float neg = -a1;
      000008 ED               [ 4]  128 	mov	a,r5
      000009 B2 E7            [ 8]  129 	cpl	acc[7]
      00000B FD               [ 4]  130 	mov	r5,a
                                    131 ;	_fssub.c:76: return -(neg + a2);
      00000C 90s00r00r00      [12]  132 	mov	dptr,#___fssub_PARM_2
                                    133 ;	genAssign: resultIsFar = TRUE
      000010 75 86 21         [12]  134 	mov	dps,#0x21
      000013 90s00r00r00      [12]  135 	mov	dptr,#___fsadd_PARM_2
      000017 E0               [ 8]  136 	movx	a,@dptr
      000018 F0               [ 8]  137 	movx	@dptr,a
      000019 A3               [12]  138 	inc	dptr
      00001A A3               [12]  139 	inc	dptr
      00001B E0               [ 8]  140 	movx	a,@dptr
      00001C F0               [ 8]  141 	movx	@dptr,a
      00001D A3               [12]  142 	inc	dptr
      00001E A3               [12]  143 	inc	dptr
      00001F E0               [ 8]  144 	movx	a,@dptr
      000020 F0               [ 8]  145 	movx	@dptr,a
      000021 A3               [12]  146 	inc	dptr
      000022 A3               [12]  147 	inc	dptr
      000023 E0               [ 8]  148 	movx	a,@dptr
      000024 F0               [ 8]  149 	movx	@dptr,a
      000025 75 86 00         [12]  150 	mov	dps,#0
      000028 8A 82            [ 8]  151 	mov	dpl,r2
      00002A 8B 83            [ 8]  152 	mov	dph,r3
      00002C 8C 93            [ 8]  153 	mov	dpx,r4
      00002E 8D F0            [ 8]  154 	mov	b,r5
      000030 12s00r00r00      [16]  155 	lcall	___fsadd
      000034 AA 82            [ 8]  156 	mov	r2,dpl
      000036 AB 83            [ 8]  157 	mov	r3,dph
      000038 AC 93            [ 8]  158 	mov	r4,dpx
      00003A E5 F0            [ 8]  159 	mov	a,b
      00003C B2 E7            [ 8]  160 	cpl	acc[7]
      00003E FD               [ 4]  161 	mov	r5,a
      00003F 8A 82            [ 8]  162 	mov	dpl,r2
      000041 8B 83            [ 8]  163 	mov	dph,r3
      000043 8C 93            [ 8]  164 	mov	dpx,r4
      000045 8D F0            [ 8]  165 	mov	b,r5
      000047                        166 00101$:
      000047 22               [16]  167 	ret
                                    168 	.area CSEG    (CODE)
                                    169 	.area CONST   (CODE)
                                    170 	.area XINIT   (CODE)
                                    171 	.area CABS    (ABS,CODE)
