                                      1 ;--------------------------------------------------------
                                      2 ; File Created by SDCC : free open source ANSI-C Compiler
                                      3 ; Version 3.5.0 #9253 (Apr  4 2022) (Linux)
                                      4 ; This file was generated Mon Apr  4 14:10:30 2022
                                      5 ;--------------------------------------------------------
                                      6 	.module _itoa
                                      7 	.optsdcc -mds400 --model-flat24
                                      8 	
                                      9 ;--------------------------------------------------------
                                     10 ; CPU specific extensions
                                     11 ;--------------------------------------------------------
                                     12 	.DS80C390
                                     13 	.amode	2	; 24 bit flat addressing
                           000082    14 dpl	=	0x82
                           000083    15 dph	=	0x83
                           000084    16 dpl1	=	0x84
                           000085    17 dph1	=	0x85
                           000086    18 dps	=	0x86
                           000093    19 dpx	=	0x93
                           000095    20 dpx1	=	0x95
                           00009B    21 esp	=	0x9B
                           00009C    22 ap	=	0x9C
                           00009C    23 acc1	=	0x9C
                           0000D1    24 mcnt0	=	0xD1
                           0000D2    25 mcnt1	=	0xD2
                           0000D3    26 ma	=	0xD3
                           0000D4    27 mb	=	0xD4
                           0000D5    28 mc	=	0xD5
                           00009D    29 acon	=	0x9D
                           0000D1    30 F1	=	0xD1	; user flag
                                     31 ;--------------------------------------------------------
                                     32 ; Public variables in this module
                                     33 ;--------------------------------------------------------
                                     34 	.globl __itoa
                                     35 	.globl __uitoa
                                     36 	.globl __itoa_PARM_3
                                     37 	.globl __itoa_PARM_2
                                     38 	.globl __uitoa_PARM_3
                                     39 	.globl __uitoa_PARM_2
                                     40 ;--------------------------------------------------------
                                     41 ; special function registers
                                     42 ;--------------------------------------------------------
                                     43 ;--------------------------------------------------------
                                     44 ; special function bits
                                     45 ;--------------------------------------------------------
                                     46 ;--------------------------------------------------------
                                     47 ; overlayable register banks
                                     48 ;--------------------------------------------------------
                                     49 	.area REG_BANK_0	(REL,OVR,DATA)
      000000                         50 	.ds 8
                                     51 	.area REG_BANK_3	(REL,OVR,DATA)
      000000                         52 	.ds 8
                                     53 ;--------------------------------------------------------
                                     54 ; internal ram data
                                     55 ;--------------------------------------------------------
                                     56 	.area DSEG    (DATA)
                                     57 ;--------------------------------------------------------
                                     58 ; overlayable items in internal ram 
                                     59 ;--------------------------------------------------------
                                     60 ;--------------------------------------------------------
                                     61 ; indirectly addressable internal ram data
                                     62 ;--------------------------------------------------------
                                     63 	.area ISEG    (DATA)
                                     64 ;--------------------------------------------------------
                                     65 ; absolute internal ram data
                                     66 ;--------------------------------------------------------
                                     67 	.area IABS    (ABS,DATA)
                                     68 	.area IABS    (ABS,DATA)
                                     69 ;--------------------------------------------------------
                                     70 ; bit data
                                     71 ;--------------------------------------------------------
                                     72 	.area BSEG    (BIT)
                                     73 ;--------------------------------------------------------
                                     74 ; paged external ram data
                                     75 ;--------------------------------------------------------
                                     76 	.area PSEG    (PAG,XDATA)
                                     77 ;--------------------------------------------------------
                                     78 ; external ram data
                                     79 ;--------------------------------------------------------
                                     80 	.area XSEG    (XDATA)
      000000                         81 __uitoa_PARM_2:
      000000                         82 	.ds 4
      000004                         83 __uitoa_PARM_3:
      000004                         84 	.ds 1
      000005                         85 __uitoa_sloc0_1_0:
      000005                         86 	.ds 4
      000009                         87 __uitoa_sloc1_1_0:
      000009                         88 	.ds 2
      00000B                         89 __uitoa_sloc2_1_0:
      00000B                         90 	.ds 4
      00000F                         91 __uitoa_sloc3_1_0:
      00000F                         92 	.ds 1
      000010                         93 __itoa_PARM_2:
      000010                         94 	.ds 4
      000014                         95 __itoa_PARM_3:
      000014                         96 	.ds 1
                                     97 ;--------------------------------------------------------
                                     98 ; absolute external ram data
                                     99 ;--------------------------------------------------------
                                    100 	.area XABS    (ABS,XDATA)
                                    101 ;--------------------------------------------------------
                                    102 ; external initialized ram data
                                    103 ;--------------------------------------------------------
                                    104 	.area XISEG   (XDATA)
                                    105 ;--------------------------------------------------------
                                    106 ; global & static initialisations
                                    107 ;--------------------------------------------------------
                                    108 	.area HOME    (CODE)
                                    109 	.area GSINIT  (CODE)
                                    110 	.area GSFINAL (CODE)
                                    111 	.area GSINIT  (CODE)
                                    112 ;--------------------------------------------------------
                                    113 ; Home
                                    114 ;--------------------------------------------------------
                                    115 	.area HOME    (CODE)
                                    116 	.area HOME    (CODE)
                                    117 ;--------------------------------------------------------
                                    118 ; code
                                    119 ;--------------------------------------------------------
                                    120 	.area CSEG    (CODE)
                                    121 ;------------------------------------------------------------
                                    122 ;Allocation info for local variables in function '_uitoa'
                                    123 ;------------------------------------------------------------
                                    124 ;string                    Allocated with name '__uitoa_PARM_2'
                                    125 ;radix                     Allocated with name '__uitoa_PARM_3'
                                    126 ;value                     Allocated to registers r2 r3 
                                    127 ;index                     Allocated to registers 
                                    128 ;i                         Allocated to registers 
                                    129 ;tmp                       Allocated to registers 
                                    130 ;sloc0                     Allocated with name '__uitoa_sloc0_1_0'
                                    131 ;sloc1                     Allocated with name '__uitoa_sloc1_1_0'
                                    132 ;sloc2                     Allocated with name '__uitoa_sloc2_1_0'
                                    133 ;sloc3                     Allocated with name '__uitoa_sloc3_1_0'
                                    134 ;------------------------------------------------------------
                                    135 ;	_itoa.c:40: void _uitoa(unsigned int value, char* string, unsigned char radix)
                                    136 ;	-----------------------------------------
                                    137 ;	 function _uitoa
                                    138 ;	-----------------------------------------
      000000                        139 __uitoa:
                           000002   140 	ar2 = 0x02
                           000003   141 	ar3 = 0x03
                           000004   142 	ar4 = 0x04
                           000005   143 	ar5 = 0x05
                           000006   144 	ar6 = 0x06
                           000007   145 	ar7 = 0x07
                           000000   146 	ar0 = 0x00
                           000001   147 	ar1 = 0x01
      000000 AA 82            [ 8]  148 	mov	r2,dpl
      000002 AB 83            [ 8]  149 	mov	r3,dph
                                    150 ;	_itoa.c:45: do {
      000004 90s00r00r00      [12]  151 	mov	dptr,#__uitoa_PARM_2
                                    152 ;	genAssign: resultIsFar = FALSE
      000008 E0               [ 8]  153 	movx	a,@dptr
      000009 FC               [ 4]  154 	mov	r4,a
      00000A A3               [12]  155 	inc	dptr
      00000B E0               [ 8]  156 	movx	a,@dptr
      00000C FD               [ 4]  157 	mov	r5,a
      00000D A3               [12]  158 	inc	dptr
      00000E E0               [ 8]  159 	movx	a,@dptr
      00000F FE               [ 4]  160 	mov	r6,a
      000010 A3               [12]  161 	inc	dptr
      000011 E0               [ 8]  162 	movx	a,@dptr
      000012 FF               [ 4]  163 	mov	r7,a
                                    164 ;	genAssign: resultIsFar = FALSE
      000013 78 00            [ 8]  165 	mov	r0,#0x00
      000015                        166 00103$:
                                    167 ;	_itoa.c:46: string[index] = '0' + (value % radix);
      000015 90s00r00r05      [12]  168 	mov	dptr,#__uitoa_sloc0_1_0
      000019 E8               [ 4]  169 	mov	a,r0
      00001A 2C               [ 4]  170 	add	a,r4
      00001B F0               [ 8]  171 	movx	@dptr,a
      00001C E4               [ 4]  172 	clr	a
      00001D 3D               [ 4]  173 	addc	a,r5
      00001E A3               [12]  174 	inc	dptr
      00001F F0               [ 8]  175 	movx	@dptr,a
      000020 E4               [ 4]  176 	clr	a
      000021 3E               [ 4]  177 	addc	a,r6
      000022 A3               [12]  178 	inc	dptr
      000023 F0               [ 8]  179 	movx	@dptr,a
      000024 A3               [12]  180 	inc	dptr
      000025 EF               [ 4]  181 	mov	a,r7
      000026 F0               [ 8]  182 	movx	@dptr,a
      000027 90s00r00r04      [12]  183 	mov	dptr,#__uitoa_PARM_3
      00002B 75 86 01         [12]  184 	mov	dps, #1
      00002E 90s00r00r09      [12]  185 	mov	dptr, #__uitoa_sloc1_1_0
      000032 15 86            [ 8]  186 	dec	dps
      000034 E0               [ 8]  187 	movx	a,@dptr
      000035 05 86            [ 8]  188 	inc	dps
      000037 F0               [ 8]  189 	movx	@dptr,a
      000038 75 86 01         [12]  190 	mov     dps, #1
      00003B A3               [12]  191 	inc	dptr
      00003C E4               [ 4]  192 	clr	a
      00003D F0               [ 8]  193 	movx	@dptr,a
      00003E 75 86 00         [12]  194 	mov	dps,#0
      000041 90s00r00r09      [12]  195 	mov	dptr,#__uitoa_sloc1_1_0
                                    196 ;	genAssign: resultIsFar = TRUE
      000045 75 86 21         [12]  197 	mov	dps,#0x21
      000048 90s00r00r00      [12]  198 	mov	dptr,#__moduint_PARM_2
      00004C E0               [ 8]  199 	movx	a,@dptr
      00004D F0               [ 8]  200 	movx	@dptr,a
      00004E A3               [12]  201 	inc	dptr
      00004F A3               [12]  202 	inc	dptr
      000050 E0               [ 8]  203 	movx	a,@dptr
      000051 F0               [ 8]  204 	movx	@dptr,a
      000052 75 86 00         [12]  205 	mov	dps,#0
      000055 C0 02            [ 8]  206 	push	ar2
      000057 C0 03            [ 8]  207 	push	ar3
      000059 C0 04            [ 8]  208 	push	ar4
      00005B C0 05            [ 8]  209 	push	ar5
      00005D C0 06            [ 8]  210 	push	ar6
      00005F C0 07            [ 8]  211 	push	ar7
      000061 C0 00            [ 8]  212 	push	ar0
      000063 8A 82            [ 8]  213 	mov	dpl,r2
      000065 8B 83            [ 8]  214 	mov	dph,r3
      000067 12s00r00r00      [16]  215 	lcall	__moduint
      00006B D0 00            [ 8]  216 	pop	ar0
      00006D D0 07            [ 8]  217 	pop	ar7
      00006F D0 06            [ 8]  218 	pop	ar6
      000071 D0 05            [ 8]  219 	pop	ar5
      000073 D0 04            [ 8]  220 	pop	ar4
      000075 D0 03            [ 8]  221 	pop	ar3
      000077 D0 02            [ 8]  222 	pop	ar2
      000079 A9 82            [ 8]  223 	mov	r1,dpl
      00007B 74 30            [ 8]  224 	mov	a,#0x30
      00007D 29               [ 4]  225 	add	a,r1
      00007E F9               [ 4]  226 	mov	r1,a
      00007F 90s00r00r05      [12]  227 	mov	dptr,#__uitoa_sloc0_1_0
      000083 E0               [ 8]  228 	movx	a,@dptr
      000084 C0 E0            [ 8]  229 	push	acc
      000086 A3               [12]  230 	inc	dptr
      000087 E0               [ 8]  231 	movx	a,@dptr
      000088 C0 E0            [ 8]  232 	push	acc
      00008A A3               [12]  233 	inc	dptr
      00008B E0               [ 8]  234 	movx	a,@dptr
      00008C C0 E0            [ 8]  235 	push	acc
      00008E A3               [12]  236 	inc	dptr
      00008F E0               [ 8]  237 	movx	a,@dptr
      000090 F5 F0            [ 8]  238 	mov	b,a
      000092 D0 93            [ 8]  239 	pop	dpx
      000094 D0 83            [ 8]  240 	pop	dph
      000096 D0 82            [ 8]  241 	pop	dpl
      000098 E9               [ 4]  242 	mov	a,r1
      000099 12s00r00r00      [16]  243 	lcall	__gptrput
                                    244 ;	_itoa.c:47: if (string[index] > '9')
      00009D C3               [ 4]  245 	clr	c
      00009E 74 B9            [ 8]  246 	mov  a,#(0x39 ^ 0x80)
      0000A0 89 F0            [ 8]  247 	mov	b,r1
      0000A2 63 F0 80         [12]  248 	xrl	b,#0x80
      0000A5 95 F0            [ 8]  249 	subb	a,b
      0000A7 50 3E            [12]  250 	jnc  00102$
      0000A9                        251 00128$:
                                    252 ;	_itoa.c:48: string[index] += 'A' - '9' - 1;
      0000A9 90s00r00r05      [12]  253 	mov	dptr,#__uitoa_sloc0_1_0
      0000AD E0               [ 8]  254 	movx	a,@dptr
      0000AE C0 E0            [ 8]  255 	push	acc
      0000B0 A3               [12]  256 	inc	dptr
      0000B1 E0               [ 8]  257 	movx	a,@dptr
      0000B2 C0 E0            [ 8]  258 	push	acc
      0000B4 A3               [12]  259 	inc	dptr
      0000B5 E0               [ 8]  260 	movx	a,@dptr
      0000B6 C0 E0            [ 8]  261 	push	acc
      0000B8 A3               [12]  262 	inc	dptr
      0000B9 E0               [ 8]  263 	movx	a,@dptr
      0000BA F5 F0            [ 8]  264 	mov	b,a
      0000BC D0 93            [ 8]  265 	pop	dpx
      0000BE D0 83            [ 8]  266 	pop	dph
      0000C0 D0 82            [ 8]  267 	pop	dpl
      0000C2 12s00r00r00      [16]  268 	lcall	__gptrget
      0000C6 24 07            [ 8]  269 	add  a,#0x07
      0000C8 F9               [ 4]  270 	mov  r1,a
      0000C9 90s00r00r05      [12]  271 	mov	dptr,#__uitoa_sloc0_1_0
      0000CD E0               [ 8]  272 	movx	a,@dptr
      0000CE C0 E0            [ 8]  273 	push	acc
      0000D0 A3               [12]  274 	inc	dptr
      0000D1 E0               [ 8]  275 	movx	a,@dptr
      0000D2 C0 E0            [ 8]  276 	push	acc
      0000D4 A3               [12]  277 	inc	dptr
      0000D5 E0               [ 8]  278 	movx	a,@dptr
      0000D6 C0 E0            [ 8]  279 	push	acc
      0000D8 A3               [12]  280 	inc	dptr
      0000D9 E0               [ 8]  281 	movx	a,@dptr
      0000DA F5 F0            [ 8]  282 	mov	b,a
      0000DC D0 93            [ 8]  283 	pop	dpx
      0000DE D0 83            [ 8]  284 	pop	dph
      0000E0 D0 82            [ 8]  285 	pop	dpl
      0000E2 E9               [ 4]  286 	mov	a,r1
      0000E3 12s00r00r00      [16]  287 	lcall	__gptrput
      0000E7                        288 00102$:
                                    289 ;	_itoa.c:49: value /= radix;
      0000E7 C0 04            [ 8]  290 	push	ar4
      0000E9 C0 05            [ 8]  291 	push	ar5
      0000EB C0 06            [ 8]  292 	push	ar6
      0000ED C0 07            [ 8]  293 	push	ar7
      0000EF 90s00r00r09      [12]  294 	mov	dptr,#__uitoa_sloc1_1_0
                                    295 ;	genAssign: resultIsFar = TRUE
      0000F3 75 86 21         [12]  296 	mov	dps,#0x21
      0000F6 90s00r00r00      [12]  297 	mov	dptr,#__divuint_PARM_2
      0000FA E0               [ 8]  298 	movx	a,@dptr
      0000FB F0               [ 8]  299 	movx	@dptr,a
      0000FC A3               [12]  300 	inc	dptr
      0000FD A3               [12]  301 	inc	dptr
      0000FE E0               [ 8]  302 	movx	a,@dptr
      0000FF F0               [ 8]  303 	movx	@dptr,a
      000100 75 86 00         [12]  304 	mov	dps,#0
      000103 C0 05            [ 8]  305 	push	ar5
      000105 C0 06            [ 8]  306 	push	ar6
      000107 C0 07            [ 8]  307 	push	ar7
      000109 C0 00            [ 8]  308 	push	ar0
      00010B 8A 82            [ 8]  309 	mov	dpl,r2
      00010D 8B 83            [ 8]  310 	mov	dph,r3
      00010F 12s00r00r00      [16]  311 	lcall	__divuint
      000113 A9 82            [ 8]  312 	mov	r1,dpl
      000115 AC 83            [ 8]  313 	mov	r4,dph
      000117 D0 00            [ 8]  314 	pop	ar0
      000119 D0 07            [ 8]  315 	pop	ar7
      00011B D0 06            [ 8]  316 	pop	ar6
      00011D D0 05            [ 8]  317 	pop	ar5
                                    318 ;	genAssign: resultIsFar = TRUE
      00011F 89 02            [ 8]  319 	mov	ar2,r1
      000121 8C 03            [ 8]  320 	mov	ar3,r4
                                    321 ;	_itoa.c:50: ++index;
      000123 08               [ 4]  322 	inc	r0
                                    323 ;	_itoa.c:51: } while (value != 0);
      000124 D0 07            [ 8]  324 	pop	ar7
      000126 D0 06            [ 8]  325 	pop	ar6
      000128 D0 05            [ 8]  326 	pop	ar5
      00012A D0 04            [ 8]  327 	pop	ar4
      00012C EA               [ 4]  328 	mov	a,r2
      00012D 4B               [ 4]  329 	orl	a,r3
      00012E 60 04            [12]  330 	jz	00129$
      000130 02s00r00r15      [16]  331 	ljmp	00103$
      000134                        332 00129$:
                                    333 ;	_itoa.c:54: string[index--] = '\0';
      000134 90s00r00r09      [12]  334 	mov	dptr,#__uitoa_sloc1_1_0
      000138 E8               [ 4]  335 	mov	a,r0
      000139 14               [ 4]  336 	dec	a
      00013A F0               [ 8]  337 	movx	@dptr,a
      00013B E8               [ 4]  338 	mov	a,r0
      00013C 2C               [ 4]  339 	add	a,r4
      00013D F5 82            [ 8]  340 	mov	dpl,a
      00013F E4               [ 4]  341 	clr	a
      000140 3D               [ 4]  342 	addc	a,r5
      000141 F5 83            [ 8]  343 	mov	dph,a
      000143 E4               [ 4]  344 	clr	a
      000144 3E               [ 4]  345 	addc	a,r6
      000145 F5 93            [ 8]  346 	mov	dpx,a
      000147 8F F0            [ 8]  347 	mov	b,r7
      000149 E4               [ 4]  348 	clr	a
      00014A 12s00r00r00      [16]  349 	lcall	__gptrput
                                    350 ;	_itoa.c:57: while (index > i) {
                                    351 ;	genAssign: resultIsFar = TRUE
      00014E 90s00r00r05      [12]  352 	mov	dptr,#__uitoa_sloc0_1_0
      000152 E4               [ 4]  353 	clr	a
      000153 F0               [ 8]  354 	movx	@dptr,a
      000154                        355 00106$:
      000154 90s00r00r05      [12]  356 	mov	dptr,#__uitoa_sloc0_1_0
      000158 75 86 01         [12]  357 	mov	dps, #1
      00015B 90s00r00r09      [12]  358 	mov	dptr, #__uitoa_sloc1_1_0
      00015F 15 86            [ 8]  359 	dec	dps
      000161 C3               [ 4]  360 	clr	c
      000162 E0               [ 8]  361 	movx	a,@dptr
      000163 64 80            [ 8]  362 	xrl	a,#0x80
      000165 75 86 01         [12]  363 	mov	dps,#1
      000168 C5 F0            [ 8]  364 	xch	a, b
      00016A E0               [ 8]  365 	movx	a,@dptr
      00016B 75 86 00         [12]  366 	mov	dps,#0
      00016E C5 F0            [ 8]  367 	xch	a, b
      000170 63 F0 80         [12]  368 	xrl	b,#0x80
      000173 95 F0            [ 8]  369 	subb	a,b
      000175 40 04            [12]  370 	jc	00130$
      000177 02s00r02r3E      [16]  371 	ljmp	00109$
      00017B                        372 00130$:
                                    373 ;	_itoa.c:58: char tmp = string[i];
      00017B 90s00r00r05      [12]  374 	mov	dptr,#__uitoa_sloc0_1_0
      00017F 75 86 01         [12]  375 	mov	dps, #1
      000182 90s00r00r0B      [12]  376 	mov	dptr, #__uitoa_sloc2_1_0
      000186 15 86            [ 8]  377 	dec	dps
      000188 E0               [ 8]  378 	movx	a,@dptr
      000189 2C               [ 4]  379 	add	a,r4
      00018A 05 86            [ 8]  380 	inc	dps
      00018C F0               [ 8]  381 	movx	@dptr,a
      00018D E4               [ 4]  382 	clr	a
      00018E 3D               [ 4]  383 	addc	a,r5
      00018F A3               [12]  384 	inc	dptr
      000190 F0               [ 8]  385 	movx	@dptr,a
      000191 E4               [ 4]  386 	clr	a
      000192 3E               [ 4]  387 	addc	a,r6
      000193 A3               [12]  388 	inc	dptr
      000194 F0               [ 8]  389 	movx	@dptr,a
      000195 75 86 01         [12]  390 	mov     dps, #1
      000198 A3               [12]  391 	inc	dptr
      000199 EF               [ 4]  392 	mov	a,r7
      00019A F0               [ 8]  393 	movx	@dptr,a
      00019B 75 86 00         [12]  394 	mov	dps,#0
      00019E 90s00r00r0B      [12]  395 	mov	dptr,#__uitoa_sloc2_1_0
      0001A2 E0               [ 8]  396 	movx	a,@dptr
      0001A3 C0 E0            [ 8]  397 	push	acc
      0001A5 A3               [12]  398 	inc	dptr
      0001A6 E0               [ 8]  399 	movx	a,@dptr
      0001A7 C0 E0            [ 8]  400 	push	acc
      0001A9 A3               [12]  401 	inc	dptr
      0001AA E0               [ 8]  402 	movx	a,@dptr
      0001AB C0 E0            [ 8]  403 	push	acc
      0001AD A3               [12]  404 	inc	dptr
      0001AE E0               [ 8]  405 	movx	a,@dptr
      0001AF F5 F0            [ 8]  406 	mov	b,a
      0001B1 D0 93            [ 8]  407 	pop	dpx
      0001B3 D0 83            [ 8]  408 	pop	dph
      0001B5 D0 82            [ 8]  409 	pop	dpl
      0001B7 75 86 01         [12]  410 	mov	dps, #1
      0001BA 90s00r00r0F      [12]  411 	mov	dptr, #__uitoa_sloc3_1_0
      0001BE 15 86            [ 8]  412 	dec	dps
      0001C0 12s00r00r00      [16]  413 	lcall	__gptrget
      0001C4 75 86 01         [12]  414 	mov	dps,#1
      0001C7 F0               [ 8]  415 	movx	@dptr,a
      0001C8 75 86 00         [12]  416 	mov	dps,#0
                                    417 ;	_itoa.c:59: string[i] = string[index];
      0001CB 90s00r00r09      [12]  418 	mov	dptr,#__uitoa_sloc1_1_0
      0001CF E0               [ 8]  419 	movx	a,@dptr
      0001D0 2C               [ 4]  420 	add	a,r4
      0001D1 FB               [ 4]  421 	mov	r3,a
      0001D2 E4               [ 4]  422 	clr	a
      0001D3 3D               [ 4]  423 	addc	a,r5
      0001D4 F8               [ 4]  424 	mov	r0,a
      0001D5 E4               [ 4]  425 	clr	a
      0001D6 3E               [ 4]  426 	addc	a,r6
      0001D7 F9               [ 4]  427 	mov	r1,a
      0001D8 8F 02            [ 8]  428 	mov	ar2,r7
      0001DA C0 04            [ 8]  429 	push	ar4
      0001DC C0 05            [ 8]  430 	push	ar5
      0001DE C0 06            [ 8]  431 	push	ar6
      0001E0 C0 07            [ 8]  432 	push	ar7
      0001E2 8B 82            [ 8]  433 	mov	dpl,r3
      0001E4 88 83            [ 8]  434 	mov	dph,r0
      0001E6 89 93            [ 8]  435 	mov	dpx,r1
      0001E8 8A F0            [ 8]  436 	mov	b,r2
      0001EA 12s00r00r00      [16]  437 	lcall	__gptrget
      0001EE FC               [ 4]  438 	mov	r4,a
      0001EF 90s00r00r0B      [12]  439 	mov	dptr,#__uitoa_sloc2_1_0
      0001F3 E0               [ 8]  440 	movx	a,@dptr
      0001F4 C0 E0            [ 8]  441 	push	acc
      0001F6 A3               [12]  442 	inc	dptr
      0001F7 E0               [ 8]  443 	movx	a,@dptr
      0001F8 C0 E0            [ 8]  444 	push	acc
      0001FA A3               [12]  445 	inc	dptr
      0001FB E0               [ 8]  446 	movx	a,@dptr
      0001FC C0 E0            [ 8]  447 	push	acc
      0001FE A3               [12]  448 	inc	dptr
      0001FF E0               [ 8]  449 	movx	a,@dptr
      000200 F5 F0            [ 8]  450 	mov	b,a
      000202 D0 93            [ 8]  451 	pop	dpx
      000204 D0 83            [ 8]  452 	pop	dph
      000206 D0 82            [ 8]  453 	pop	dpl
      000208 EC               [ 4]  454 	mov	a,r4
      000209 12s00r00r00      [16]  455 	lcall	__gptrput
                                    456 ;	_itoa.c:60: string[index] = tmp;
      00020D 8B 82            [ 8]  457 	mov	dpl,r3
      00020F 88 83            [ 8]  458 	mov	dph,r0
      000211 89 93            [ 8]  459 	mov	dpx,r1
      000213 8A F0            [ 8]  460 	mov	b,r2
      000215 75 86 01         [12]  461 	mov     dps, #1
      000218 90s00r00r0F      [12]  462 	mov     dptr, #__uitoa_sloc3_1_0
      00021C E0               [ 8]  463 	movx	a,@dptr
      00021D 15 86            [ 8]  464 	dec	dps
      00021F 12s00r00r00      [16]  465 	lcall	__gptrput
                                    466 ;	_itoa.c:61: ++i;
      000223 90s00r00r05      [12]  467 	mov	dptr,#__uitoa_sloc0_1_0
      000227 E0               [ 8]  468 	movx	a,@dptr
      000228 24 01            [ 8]  469 	add	a,#0x01
      00022A F0               [ 8]  470 	movx	@dptr,a
                                    471 ;	_itoa.c:62: --index;
      00022B 90s00r00r09      [12]  472 	mov	dptr,#__uitoa_sloc1_1_0
      00022F E0               [ 8]  473 	movx	a,@dptr
      000230 14               [ 4]  474 	dec	a
      000231 F0               [ 8]  475 	movx	@dptr,a
      000232 D0 07            [ 8]  476 	pop	ar7
      000234 D0 06            [ 8]  477 	pop	ar6
      000236 D0 05            [ 8]  478 	pop	ar5
      000238 D0 04            [ 8]  479 	pop	ar4
      00023A 02s00r01r54      [16]  480 	ljmp	00106$
      00023E                        481 00109$:
      00023E 22               [16]  482 	ret
                                    483 ;------------------------------------------------------------
                                    484 ;Allocation info for local variables in function '_itoa'
                                    485 ;------------------------------------------------------------
                                    486 ;string                    Allocated with name '__itoa_PARM_2'
                                    487 ;radix                     Allocated with name '__itoa_PARM_3'
                                    488 ;value                     Allocated to registers r2 r3 
                                    489 ;------------------------------------------------------------
                                    490 ;	_itoa.c:66: void _itoa(int value, char* string, unsigned char radix)
                                    491 ;	-----------------------------------------
                                    492 ;	 function _itoa
                                    493 ;	-----------------------------------------
      00023F                        494 __itoa:
      00023F AA 82            [ 8]  495 	mov	r2,dpl
      000241 AB 83            [ 8]  496 	mov	r3,dph
                                    497 ;	_itoa.c:68: if (value < 0 && radix == 10) {
      000243 EB               [ 4]  498 	mov	a,r3
      000244 30 E7 3F         [12]  499 	jnb  acc[7],00102$
      000247                        500 00112$:
      000247 90s00r00r14      [12]  501 	mov	dptr,#__itoa_PARM_3
      00024B E0               [ 8]  502 	movx	a,@dptr
      00024C B4 0A 37         [16]  503 	cjne a,#0x0A,00102$
      00024F                        504 00114$:
                                    505 ;	_itoa.c:69: *string++ = '-';
      00024F 90s00r00r10      [12]  506 	mov	dptr,#__itoa_PARM_2
                                    507 ;	genAssign: resultIsFar = FALSE
      000253 E0               [ 8]  508 	movx	a,@dptr
      000254 FC               [ 4]  509 	mov	r4,a
      000255 A3               [12]  510 	inc	dptr
      000256 E0               [ 8]  511 	movx	a,@dptr
      000257 FD               [ 4]  512 	mov	r5,a
      000258 A3               [12]  513 	inc	dptr
      000259 E0               [ 8]  514 	movx	a,@dptr
      00025A FE               [ 4]  515 	mov	r6,a
      00025B A3               [12]  516 	inc	dptr
      00025C E0               [ 8]  517 	movx	a,@dptr
      00025D FF               [ 4]  518 	mov	r7,a
      00025E 8C 82            [ 8]  519 	mov	dpl,r4
      000260 8D 83            [ 8]  520 	mov	dph,r5
      000262 8E 93            [ 8]  521 	mov	dpx,r6
      000264 8F F0            [ 8]  522 	mov	b,r7
      000266 74 2D            [ 8]  523 	mov	a,#0x2D
      000268 12s00r00r00      [16]  524 	lcall	__gptrput
      00026C 90s00r00r10      [12]  525 	mov	dptr,#__itoa_PARM_2
      000270 74 01            [ 8]  526 	mov	a,#0x01
      000272 2C               [ 4]  527 	add	a,r4
      000273 F0               [ 8]  528 	movx	@dptr,a
      000274 E4               [ 4]  529 	clr	a
      000275 3D               [ 4]  530 	addc	a,r5
      000276 A3               [12]  531 	inc	dptr
      000277 F0               [ 8]  532 	movx	@dptr,a
      000278 E4               [ 4]  533 	clr	a
      000279 3E               [ 4]  534 	addc	a,r6
      00027A A3               [12]  535 	inc	dptr
      00027B F0               [ 8]  536 	movx	@dptr,a
      00027C A3               [12]  537 	inc	dptr
      00027D EF               [ 4]  538 	mov	a,r7
      00027E F0               [ 8]  539 	movx	@dptr,a
                                    540 ;	_itoa.c:70: value = -value;
      00027F C3               [ 4]  541 	clr	c
      000280 E4               [ 4]  542 	clr	a
      000281 9A               [ 4]  543 	subb	a,r2
      000282 FA               [ 4]  544 	mov	r2,a
      000283 E4               [ 4]  545 	clr	a
      000284 9B               [ 4]  546 	subb	a,r3
      000285 FB               [ 4]  547 	mov	r3,a
      000286                        548 00102$:
                                    549 ;	_itoa.c:72: _uitoa(value, string, radix);
      000286 90s00r00r10      [12]  550 	mov	dptr,#__itoa_PARM_2
                                    551 ;	genAssign: resultIsFar = FALSE
      00028A E0               [ 8]  552 	movx	a,@dptr
      00028B FC               [ 4]  553 	mov	r4,a
      00028C A3               [12]  554 	inc	dptr
      00028D E0               [ 8]  555 	movx	a,@dptr
      00028E FD               [ 4]  556 	mov	r5,a
      00028F A3               [12]  557 	inc	dptr
      000290 E0               [ 8]  558 	movx	a,@dptr
      000291 FE               [ 4]  559 	mov	r6,a
      000292 A3               [12]  560 	inc	dptr
      000293 E0               [ 8]  561 	movx	a,@dptr
      000294 FF               [ 4]  562 	mov	r7,a
                                    563 ;	genAssign: resultIsFar = TRUE
      000295 90s00r00r00      [12]  564 	mov	dptr,#__uitoa_PARM_2
      000299 EC               [ 4]  565 	mov	a,r4
      00029A F0               [ 8]  566 	movx	@dptr,a
      00029B A3               [12]  567 	inc	dptr
      00029C ED               [ 4]  568 	mov	a,r5
      00029D F0               [ 8]  569 	movx	@dptr,a
      00029E A3               [12]  570 	inc	dptr
      00029F EE               [ 4]  571 	mov	a,r6
      0002A0 F0               [ 8]  572 	movx	@dptr,a
      0002A1 A3               [12]  573 	inc	dptr
      0002A2 EF               [ 4]  574 	mov	a,r7
      0002A3 F0               [ 8]  575 	movx	@dptr,a
      0002A4 90s00r00r14      [12]  576 	mov	dptr,#__itoa_PARM_3
                                    577 ;	genAssign: resultIsFar = TRUE
      0002A8 E0               [ 8]  578 	movx	a,@dptr
      0002A9 90s00r00r04      [12]  579 	mov	dptr,#__uitoa_PARM_3
      0002AD F0               [ 8]  580 	movx	@dptr,a
      0002AE 8A 82            [ 8]  581 	mov	dpl,r2
      0002B0 8B 83            [ 8]  582 	mov	dph,r3
      0002B2 12s00r00r00      [16]  583 	lcall	__uitoa
      0002B6                        584 00104$:
      0002B6 22               [16]  585 	ret
                                    586 	.area CSEG    (CODE)
                                    587 	.area CONST   (CODE)
                                    588 	.area XINIT   (CODE)
                                    589 	.area CABS    (ABS,CODE)
