                                      1 ;--------------------------------------------------------
                                      2 ; File Created by SDCC : free open source ANSI-C Compiler
                                      3 ; Version 3.5.0 #9253 (Apr  4 2022) (Linux)
                                      4 ; This file was generated Mon Apr  4 14:10:30 2022
                                      5 ;--------------------------------------------------------
                                      6 	.module _memcmp
                                      7 	.optsdcc -mds400 --model-flat24
                                      8 	
                                      9 ;--------------------------------------------------------
                                     10 ; CPU specific extensions
                                     11 ;--------------------------------------------------------
                                     12 	.DS80C390
                                     13 	.amode	2	; 24 bit flat addressing
                           000082    14 dpl	=	0x82
                           000083    15 dph	=	0x83
                           000084    16 dpl1	=	0x84
                           000085    17 dph1	=	0x85
                           000086    18 dps	=	0x86
                           000093    19 dpx	=	0x93
                           000095    20 dpx1	=	0x95
                           00009B    21 esp	=	0x9B
                           00009C    22 ap	=	0x9C
                           00009C    23 acc1	=	0x9C
                           0000D1    24 mcnt0	=	0xD1
                           0000D2    25 mcnt1	=	0xD2
                           0000D3    26 ma	=	0xD3
                           0000D4    27 mb	=	0xD4
                           0000D5    28 mc	=	0xD5
                           00009D    29 acon	=	0x9D
                           0000D1    30 F1	=	0xD1	; user flag
                                     31 ;--------------------------------------------------------
                                     32 ; Public variables in this module
                                     33 ;--------------------------------------------------------
                                     34 	.globl _memcmp_PARM_3
                                     35 	.globl _memcmp_PARM_2
                                     36 	.globl _memcmp
                                     37 ;--------------------------------------------------------
                                     38 ; special function registers
                                     39 ;--------------------------------------------------------
                                     40 ;--------------------------------------------------------
                                     41 ; special function bits
                                     42 ;--------------------------------------------------------
                                     43 ;--------------------------------------------------------
                                     44 ; overlayable register banks
                                     45 ;--------------------------------------------------------
                                     46 	.area REG_BANK_0	(REL,OVR,DATA)
      000000                         47 	.ds 8
                                     48 	.area REG_BANK_3	(REL,OVR,DATA)
      000000                         49 	.ds 8
                                     50 ;--------------------------------------------------------
                                     51 ; internal ram data
                                     52 ;--------------------------------------------------------
                                     53 	.area DSEG    (DATA)
                                     54 ;--------------------------------------------------------
                                     55 ; overlayable items in internal ram 
                                     56 ;--------------------------------------------------------
                                     57 ;--------------------------------------------------------
                                     58 ; indirectly addressable internal ram data
                                     59 ;--------------------------------------------------------
                                     60 	.area ISEG    (DATA)
                                     61 ;--------------------------------------------------------
                                     62 ; absolute internal ram data
                                     63 ;--------------------------------------------------------
                                     64 	.area IABS    (ABS,DATA)
                                     65 	.area IABS    (ABS,DATA)
                                     66 ;--------------------------------------------------------
                                     67 ; bit data
                                     68 ;--------------------------------------------------------
                                     69 	.area BSEG    (BIT)
                                     70 ;--------------------------------------------------------
                                     71 ; paged external ram data
                                     72 ;--------------------------------------------------------
                                     73 	.area PSEG    (PAG,XDATA)
                                     74 ;--------------------------------------------------------
                                     75 ; external ram data
                                     76 ;--------------------------------------------------------
                                     77 	.area XSEG    (XDATA)
      000000                         78 _memcmp_PARM_2:
      000000                         79 	.ds 4
      000004                         80 _memcmp_PARM_3:
      000004                         81 	.ds 2
      000006                         82 _memcmp_sloc0_1_0:
      000006                         83 	.ds 4
                                     84 ;--------------------------------------------------------
                                     85 ; absolute external ram data
                                     86 ;--------------------------------------------------------
                                     87 	.area XABS    (ABS,XDATA)
                                     88 ;--------------------------------------------------------
                                     89 ; external initialized ram data
                                     90 ;--------------------------------------------------------
                                     91 	.area XISEG   (XDATA)
                                     92 ;--------------------------------------------------------
                                     93 ; global & static initialisations
                                     94 ;--------------------------------------------------------
                                     95 	.area HOME    (CODE)
                                     96 	.area GSINIT  (CODE)
                                     97 	.area GSFINAL (CODE)
                                     98 	.area GSINIT  (CODE)
                                     99 ;--------------------------------------------------------
                                    100 ; Home
                                    101 ;--------------------------------------------------------
                                    102 	.area HOME    (CODE)
                                    103 	.area HOME    (CODE)
                                    104 ;--------------------------------------------------------
                                    105 ; code
                                    106 ;--------------------------------------------------------
                                    107 	.area CSEG    (CODE)
                                    108 ;------------------------------------------------------------
                                    109 ;Allocation info for local variables in function 'memcmp'
                                    110 ;------------------------------------------------------------
                                    111 ;buf2                      Allocated with name '_memcmp_PARM_2'
                                    112 ;count                     Allocated with name '_memcmp_PARM_3'
                                    113 ;buf1                      Allocated to registers r2 r3 r4 r5 
                                    114 ;sloc0                     Allocated with name '_memcmp_sloc0_1_0'
                                    115 ;------------------------------------------------------------
                                    116 ;	_memcmp.c:31: int memcmp (const void * buf1, const void * buf2, size_t count)
                                    117 ;	-----------------------------------------
                                    118 ;	 function memcmp
                                    119 ;	-----------------------------------------
      000000                        120 _memcmp:
                           000002   121 	ar2 = 0x02
                           000003   122 	ar3 = 0x03
                           000004   123 	ar4 = 0x04
                           000005   124 	ar5 = 0x05
                           000006   125 	ar6 = 0x06
                           000007   126 	ar7 = 0x07
                           000000   127 	ar0 = 0x00
                           000001   128 	ar1 = 0x01
      000000 AA 82            [ 8]  129 	mov	r2,dpl
      000002 AB 83            [ 8]  130 	mov	r3,dph
      000004 AC 93            [ 8]  131 	mov	r4,dpx
      000006 AD F0            [ 8]  132 	mov	r5,b
                                    133 ;	_memcmp.c:33: if (!count)
      000008 90s00r00r04      [12]  134 	mov	dptr,#_memcmp_PARM_3
      00000C E0               [ 8]  135 	movx	a,@dptr
      00000D F5 F0            [ 8]  136 	mov	b,a
      00000F A3               [12]  137 	inc	dptr
      000010 E0               [ 8]  138 	movx	a,@dptr
      000011 45 F0            [ 8]  139 	orl	a,b
      000013 70 08            [12]  140 	jnz  00112$
      000015                        141 00122$:
                                    142 ;	_memcmp.c:34: return(0);
      000015 90 00 00 00      [12]  143 	mov  dptr,#0x0000
      000019 02s00r01r15      [16]  144 	ljmp	00107$
                                    145 ;	_memcmp.c:36: while ( --count && *((char *)buf1) == *((char *)buf2) ) {
      00001D                        146 00112$:
      00001D 90s00r00r04      [12]  147 	mov	dptr,#_memcmp_PARM_3
                                    148 ;	genAssign: resultIsFar = FALSE
      000021 E0               [ 8]  149 	movx	a,@dptr
      000022 FE               [ 4]  150 	mov	r6,a
      000023 A3               [12]  151 	inc	dptr
      000024 E0               [ 8]  152 	movx	a,@dptr
      000025 FF               [ 4]  153 	mov	r7,a
      000026                        154 00104$:
      000026 1E               [ 4]  155 	dec	r6
      000027 BE FF 01         [16]  156 	cjne	r6,#0xFF,00123$
      00002A 1F               [ 4]  157 	dec	r7
      00002B                        158 00123$:
      00002B EE               [ 4]  159 	mov	a,r6
      00002C 4F               [ 4]  160 	orl	a,r7
      00002D 70 04            [12]  161 	jnz	00124$
      00002F 02s00r00rDF      [16]  162 	ljmp	00106$
      000033                        163 00124$:
      000033 C0 06            [ 8]  164 	push	ar6
      000035 C0 07            [ 8]  165 	push	ar7
                                    166 ;	genAssign: resultIsFar = FALSE
      000037 8A 00            [ 8]  167 	mov	ar0,r2
      000039 8B 01            [ 8]  168 	mov	ar1,r3
      00003B 8C 06            [ 8]  169 	mov	ar6,r4
      00003D 8D 07            [ 8]  170 	mov	ar7,r5
      00003F 88 82            [ 8]  171 	mov	dpl,r0
      000041 89 83            [ 8]  172 	mov	dph,r1
      000043 8E 93            [ 8]  173 	mov	dpx,r6
      000045 8F F0            [ 8]  174 	mov	b,r7
      000047 12s00r00r00      [16]  175 	lcall	__gptrget
      00004B FE               [ 4]  176 	mov	r6,a
      00004C 90s00r00r00      [12]  177 	mov	dptr,#_memcmp_PARM_2
                                    178 ;	genAssign: resultIsFar = TRUE
      000050 75 86 21         [12]  179 	mov	dps,#0x21
      000053 90s00r00r06      [12]  180 	mov	dptr,#_memcmp_sloc0_1_0
      000057 E0               [ 8]  181 	movx	a,@dptr
      000058 F0               [ 8]  182 	movx	@dptr,a
      000059 A3               [12]  183 	inc	dptr
      00005A A3               [12]  184 	inc	dptr
      00005B E0               [ 8]  185 	movx	a,@dptr
      00005C F0               [ 8]  186 	movx	@dptr,a
      00005D A3               [12]  187 	inc	dptr
      00005E A3               [12]  188 	inc	dptr
      00005F E0               [ 8]  189 	movx	a,@dptr
      000060 F0               [ 8]  190 	movx	@dptr,a
      000061 A3               [12]  191 	inc	dptr
      000062 A3               [12]  192 	inc	dptr
      000063 E0               [ 8]  193 	movx	a,@dptr
      000064 F0               [ 8]  194 	movx	@dptr,a
      000065 75 86 01         [12]  195 	mov     dps, #1
      000068 90s00r00r06      [12]  196 	mov     dptr, #_memcmp_sloc0_1_0
      00006C E0               [ 8]  197 	movx	a,@dptr
      00006D F5 82            [ 8]  198 	mov	dpl,a
      00006F A3               [12]  199 	inc	dptr
      000070 E0               [ 8]  200 	movx	a,@dptr
      000071 F5 83            [ 8]  201 	mov	dph,a
      000073 A3               [12]  202 	inc	dptr
      000074 E0               [ 8]  203 	movx	a,@dptr
      000075 F5 93            [ 8]  204 	mov	dpx,a
      000077 A3               [12]  205 	inc	dptr
      000078 E0               [ 8]  206 	movx	a,@dptr
      000079 F5 F0            [ 8]  207 	mov	b,a
      00007B 75 86 00         [12]  208 	mov	dps,#0
      00007E 12s00r00r00      [16]  209 	lcall	__gptrget
      000082 FF               [ 4]  210 	mov	r7,a
      000083 EE               [ 4]  211 	mov	a,r6
      000084 B5 07 02         [16]  212 	cjne	a,ar7,00125$
      000087 80 06            [12]  213 	sjmp	00126$
      000089                        214 00125$:
      000089 D0 07            [ 8]  215 	pop	ar7
      00008B D0 06            [ 8]  216 	pop	ar6
      00008D 80 50            [12]  217 	sjmp 00106$
      00008F                        218 00126$:
      00008F D0 07            [ 8]  219 	pop	ar7
      000091 D0 06            [ 8]  220 	pop	ar6
                                    221 ;	_memcmp.c:37: buf1 = (char *)buf1 + 1;
      000093 C0 06            [ 8]  222 	push	ar6
      000095 C0 07            [ 8]  223 	push	ar7
                                    224 ;	genAssign: resultIsFar = FALSE
      000097 8A 00            [ 8]  225 	mov	ar0,r2
      000099 8B 01            [ 8]  226 	mov	ar1,r3
      00009B 8C 06            [ 8]  227 	mov	ar6,r4
      00009D 8D 07            [ 8]  228 	mov	ar7,r5
      00009F 08               [ 4]  229 	inc	r0
      0000A0 B8 00 05         [16]  230 	cjne	r0,#0x00,00127$
      0000A3 09               [ 4]  231 	inc	r1
      0000A4 B9 00 01         [16]  232 	cjne	r1,#0x00,00127$
      0000A7 0E               [ 4]  233 	inc	r6
      0000A8                        234 00127$:
      0000A8 88 02            [ 8]  235 	mov	ar2,r0
      0000AA 89 03            [ 8]  236 	mov	ar3,r1
      0000AC 8E 04            [ 8]  237 	mov	ar4,r6
      0000AE 8F 05            [ 8]  238 	mov	ar5,r7
                                    239 ;	_memcmp.c:38: buf2 = (char *)buf2 + 1;
      0000B0 90s00r00r06      [12]  240 	mov	dptr,#_memcmp_sloc0_1_0
                                    241 ;	genAssign: resultIsFar = FALSE
      0000B4 E0               [ 8]  242 	movx	a,@dptr
      0000B5 FE               [ 4]  243 	mov	r6,a
      0000B6 A3               [12]  244 	inc	dptr
      0000B7 E0               [ 8]  245 	movx	a,@dptr
      0000B8 FF               [ 4]  246 	mov	r7,a
      0000B9 A3               [12]  247 	inc	dptr
      0000BA E0               [ 8]  248 	movx	a,@dptr
      0000BB F8               [ 4]  249 	mov	r0,a
      0000BC A3               [12]  250 	inc	dptr
      0000BD E0               [ 8]  251 	movx	a,@dptr
      0000BE F9               [ 4]  252 	mov	r1,a
      0000BF 0E               [ 4]  253 	inc	r6
      0000C0 BE 00 05         [16]  254 	cjne	r6,#0x00,00128$
      0000C3 0F               [ 4]  255 	inc	r7
      0000C4 BF 00 01         [16]  256 	cjne	r7,#0x00,00128$
      0000C7 08               [ 4]  257 	inc	r0
      0000C8                        258 00128$:
      0000C8 90s00r00r00      [12]  259 	mov	dptr,#_memcmp_PARM_2
      0000CC EE               [ 4]  260 	mov	a,r6
      0000CD F0               [ 8]  261 	movx	@dptr,a
      0000CE A3               [12]  262 	inc	dptr
      0000CF EF               [ 4]  263 	mov	a,r7
      0000D0 F0               [ 8]  264 	movx	@dptr,a
      0000D1 A3               [12]  265 	inc	dptr
      0000D2 E8               [ 4]  266 	mov	a,r0
      0000D3 F0               [ 8]  267 	movx	@dptr,a
      0000D4 A3               [12]  268 	inc	dptr
      0000D5 E9               [ 4]  269 	mov	a,r1
      0000D6 F0               [ 8]  270 	movx	@dptr,a
      0000D7 D0 07            [ 8]  271 	pop	ar7
      0000D9 D0 06            [ 8]  272 	pop	ar6
      0000DB 02s00r00r26      [16]  273 	ljmp	00104$
      0000DF                        274 00106$:
                                    275 ;	_memcmp.c:41: return( *((unsigned char *)buf1) - *((unsigned char *)buf2) );
                                    276 ;	genAssign: resultIsFar = FALSE
      0000DF 8A 82            [ 8]  277 	mov	dpl,r2
      0000E1 8B 83            [ 8]  278 	mov	dph,r3
      0000E3 8C 93            [ 8]  279 	mov	dpx,r4
      0000E5 8D F0            [ 8]  280 	mov	b,r5
      0000E7 12s00r00r00      [16]  281 	lcall	__gptrget
      0000EB FA               [ 4]  282 	mov	r2,a
      0000EC 7B 00            [ 8]  283 	mov	r3,#0x00
      0000EE 90s00r00r00      [12]  284 	mov	dptr,#_memcmp_PARM_2
                                    285 ;	genAssign: resultIsFar = FALSE
      0000F2 E0               [ 8]  286 	movx	a,@dptr
      0000F3 FC               [ 4]  287 	mov	r4,a
      0000F4 A3               [12]  288 	inc	dptr
      0000F5 E0               [ 8]  289 	movx	a,@dptr
      0000F6 FD               [ 4]  290 	mov	r5,a
      0000F7 A3               [12]  291 	inc	dptr
      0000F8 E0               [ 8]  292 	movx	a,@dptr
      0000F9 FE               [ 4]  293 	mov	r6,a
      0000FA A3               [12]  294 	inc	dptr
      0000FB E0               [ 8]  295 	movx	a,@dptr
      0000FC FF               [ 4]  296 	mov	r7,a
      0000FD 8C 82            [ 8]  297 	mov	dpl,r4
      0000FF 8D 83            [ 8]  298 	mov	dph,r5
      000101 8E 93            [ 8]  299 	mov	dpx,r6
      000103 8F F0            [ 8]  300 	mov	b,r7
      000105 12s00r00r00      [16]  301 	lcall	__gptrget
      000109 FC               [ 4]  302 	mov	r4,a
      00010A 7D 00            [ 8]  303 	mov	r5,#0x00
      00010C C3               [ 4]  304 	clr	c
      00010D EA               [ 4]  305 	mov	a,r2
      00010E 9C               [ 4]  306 	subb	a,r4
      00010F F5 82            [ 8]  307 	mov	dpl,a
      000111 EB               [ 4]  308 	mov	a,r3
      000112 9D               [ 4]  309 	subb	a,r5
      000113 F5 83            [ 8]  310 	mov	dph,a
      000115                        311 00107$:
      000115 22               [16]  312 	ret
                                    313 	.area CSEG    (CODE)
                                    314 	.area CONST   (CODE)
                                    315 	.area XINIT   (CODE)
                                    316 	.area CABS    (ABS,CODE)
