                                      1 ;--------------------------------------------------------
                                      2 ; File Created by SDCC : free open source ANSI-C Compiler
                                      3 ; Version 3.5.0 #9253 (Apr  4 2022) (Linux)
                                      4 ; This file was generated Mon Apr  4 14:10:30 2022
                                      5 ;--------------------------------------------------------
                                      6 	.module _strcmp
                                      7 	.optsdcc -mds400 --model-flat24
                                      8 	
                                      9 ;--------------------------------------------------------
                                     10 ; CPU specific extensions
                                     11 ;--------------------------------------------------------
                                     12 	.DS80C390
                                     13 	.amode	2	; 24 bit flat addressing
                           000082    14 dpl	=	0x82
                           000083    15 dph	=	0x83
                           000084    16 dpl1	=	0x84
                           000085    17 dph1	=	0x85
                           000086    18 dps	=	0x86
                           000093    19 dpx	=	0x93
                           000095    20 dpx1	=	0x95
                           00009B    21 esp	=	0x9B
                           00009C    22 ap	=	0x9C
                           00009C    23 acc1	=	0x9C
                           0000D1    24 mcnt0	=	0xD1
                           0000D2    25 mcnt1	=	0xD2
                           0000D3    26 ma	=	0xD3
                           0000D4    27 mb	=	0xD4
                           0000D5    28 mc	=	0xD5
                           00009D    29 acon	=	0x9D
                           0000D1    30 F1	=	0xD1	; user flag
                                     31 ;--------------------------------------------------------
                                     32 ; Public variables in this module
                                     33 ;--------------------------------------------------------
                                     34 	.globl _strcmp_PARM_2
                                     35 	.globl _strcmp
                                     36 ;--------------------------------------------------------
                                     37 ; special function registers
                                     38 ;--------------------------------------------------------
                                     39 ;--------------------------------------------------------
                                     40 ; special function bits
                                     41 ;--------------------------------------------------------
                                     42 ;--------------------------------------------------------
                                     43 ; overlayable register banks
                                     44 ;--------------------------------------------------------
                                     45 	.area REG_BANK_0	(REL,OVR,DATA)
      000000                         46 	.ds 8
                                     47 	.area REG_BANK_3	(REL,OVR,DATA)
      000000                         48 	.ds 8
                                     49 ;--------------------------------------------------------
                                     50 ; internal ram data
                                     51 ;--------------------------------------------------------
                                     52 	.area DSEG    (DATA)
                                     53 ;--------------------------------------------------------
                                     54 ; overlayable items in internal ram 
                                     55 ;--------------------------------------------------------
                                     56 	.area	OSEG    (OVR,DATA)
                                     57 ;--------------------------------------------------------
                                     58 ; indirectly addressable internal ram data
                                     59 ;--------------------------------------------------------
                                     60 	.area ISEG    (DATA)
                                     61 ;--------------------------------------------------------
                                     62 ; absolute internal ram data
                                     63 ;--------------------------------------------------------
                                     64 	.area IABS    (ABS,DATA)
                                     65 	.area IABS    (ABS,DATA)
                                     66 ;--------------------------------------------------------
                                     67 ; bit data
                                     68 ;--------------------------------------------------------
                                     69 	.area BSEG    (BIT)
                                     70 ;--------------------------------------------------------
                                     71 ; paged external ram data
                                     72 ;--------------------------------------------------------
                                     73 	.area PSEG    (PAG,XDATA)
                                     74 ;--------------------------------------------------------
                                     75 ; external ram data
                                     76 ;--------------------------------------------------------
                                     77 	.area XSEG    (XDATA)
      000000                         78 _strcmp_PARM_2:
      000000                         79 	.ds 4
      000004                         80 _strcmp_sloc0_1_0:
      000004                         81 	.ds 4
      000008                         82 _strcmp_sloc1_1_0:
      000008                         83 	.ds 2
                                     84 ;--------------------------------------------------------
                                     85 ; absolute external ram data
                                     86 ;--------------------------------------------------------
                                     87 	.area XABS    (ABS,XDATA)
                                     88 ;--------------------------------------------------------
                                     89 ; external initialized ram data
                                     90 ;--------------------------------------------------------
                                     91 	.area XISEG   (XDATA)
                                     92 ;--------------------------------------------------------
                                     93 ; global & static initialisations
                                     94 ;--------------------------------------------------------
                                     95 	.area HOME    (CODE)
                                     96 	.area GSINIT  (CODE)
                                     97 	.area GSFINAL (CODE)
                                     98 	.area GSINIT  (CODE)
                                     99 ;--------------------------------------------------------
                                    100 ; Home
                                    101 ;--------------------------------------------------------
                                    102 	.area HOME    (CODE)
                                    103 	.area HOME    (CODE)
                                    104 ;--------------------------------------------------------
                                    105 ; code
                                    106 ;--------------------------------------------------------
                                    107 	.area CSEG    (CODE)
                                    108 ;------------------------------------------------------------
                                    109 ;Allocation info for local variables in function 'strcmp'
                                    110 ;------------------------------------------------------------
                                    111 ;adst                      Allocated with name '_strcmp_PARM_2'
                                    112 ;asrc                      Allocated to registers 
                                    113 ;sloc0                     Allocated with name '_strcmp_sloc0_1_0'
                                    114 ;sloc1                     Allocated with name '_strcmp_sloc1_1_0'
                                    115 ;ret                       Allocated to registers r4 r5 
                                    116 ;------------------------------------------------------------
                                    117 ;	_strcmp.c:34: int strcmp ( const char * asrc, const char * adst )
                                    118 ;	-----------------------------------------
                                    119 ;	 function strcmp
                                    120 ;	-----------------------------------------
      000000                        121 _strcmp:
                           000002   122 	ar2 = 0x02
                           000003   123 	ar3 = 0x03
                           000004   124 	ar4 = 0x04
                           000005   125 	ar5 = 0x05
                           000006   126 	ar6 = 0x06
                           000007   127 	ar7 = 0x07
                           000000   128 	ar0 = 0x00
                           000001   129 	ar1 = 0x01
      000000 75 86 01         [12]  130 	mov     dps, #1
      000003 90s00r00r04      [12]  131 	mov     dptr, #_strcmp_sloc0_1_0
      000007 E5 82            [ 8]  132 	mov	a,dpl
      000009 F0               [ 8]  133 	movx	@dptr,a
      00000A A3               [12]  134 	inc	dptr
      00000B E5 83            [ 8]  135 	mov	a,dph
      00000D F0               [ 8]  136 	movx	@dptr,a
      00000E A3               [12]  137 	inc	dptr
      00000F E5 93            [ 8]  138 	mov	a,dpx
      000011 F0               [ 8]  139 	movx	@dptr,a
      000012 A3               [12]  140 	inc	dptr
      000013 E5 F0            [ 8]  141 	mov	a,b
      000015 F0               [ 8]  142 	movx	@dptr,a
      000016 75 86 00         [12]  143 	mov	dps,#0
                                    144 ;	_strcmp.c:50: while( ! (ret = *(unsigned char *)asrc - *(unsigned char *)adst) && *adst)
      000019 90s00r00r00      [12]  145 	mov	dptr,#_strcmp_PARM_2
                                    146 ;	genAssign: resultIsFar = FALSE
      00001D E0               [ 8]  147 	movx	a,@dptr
      00001E FE               [ 4]  148 	mov	r6,a
      00001F A3               [12]  149 	inc	dptr
      000020 E0               [ 8]  150 	movx	a,@dptr
      000021 FF               [ 4]  151 	mov	r7,a
      000022 A3               [12]  152 	inc	dptr
      000023 E0               [ 8]  153 	movx	a,@dptr
      000024 F8               [ 4]  154 	mov	r0,a
      000025 A3               [12]  155 	inc	dptr
      000026 E0               [ 8]  156 	movx	a,@dptr
      000027 F9               [ 4]  157 	mov	r1,a
      000028                        158 00102$:
      000028 90s00r00r04      [12]  159 	mov	dptr,#_strcmp_sloc0_1_0
                                    160 ;	genAssign: resultIsFar = FALSE
      00002C E0               [ 8]  161 	movx	a,@dptr
      00002D FA               [ 4]  162 	mov	r2,a
      00002E A3               [12]  163 	inc	dptr
      00002F E0               [ 8]  164 	movx	a,@dptr
      000030 FB               [ 4]  165 	mov	r3,a
      000031 A3               [12]  166 	inc	dptr
      000032 E0               [ 8]  167 	movx	a,@dptr
      000033 FC               [ 4]  168 	mov	r4,a
      000034 A3               [12]  169 	inc	dptr
      000035 E0               [ 8]  170 	movx	a,@dptr
      000036 FD               [ 4]  171 	mov	r5,a
      000037 8A 82            [ 8]  172 	mov	dpl,r2
      000039 8B 83            [ 8]  173 	mov	dph,r3
      00003B 8C 93            [ 8]  174 	mov	dpx,r4
      00003D 8D F0            [ 8]  175 	mov	b,r5
      00003F 12s00r00r00      [16]  176 	lcall	__gptrget
      000043 FA               [ 4]  177 	mov  r2,a
      000044 90s00r00r08      [12]  178 	mov  dptr,#_strcmp_sloc1_1_0
      000048 F0               [ 8]  179 	movx @dptr,a
      000049 A3               [12]  180 	inc	dptr
      00004A E4               [ 4]  181 	clr	a
      00004B F0               [ 8]  182 	movx	@dptr,a
                                    183 ;	genAssign: resultIsFar = FALSE
      00004C 8E 04            [ 8]  184 	mov	ar4,r6
      00004E 8F 05            [ 8]  185 	mov	ar5,r7
      000050 88 02            [ 8]  186 	mov	ar2,r0
      000052 89 03            [ 8]  187 	mov	ar3,r1
      000054 8C 82            [ 8]  188 	mov	dpl,r4
      000056 8D 83            [ 8]  189 	mov	dph,r5
      000058 8A 93            [ 8]  190 	mov	dpx,r2
      00005A 8B F0            [ 8]  191 	mov	b,r3
      00005C 12s00r00r00      [16]  192 	lcall	__gptrget
      000060 FA               [ 4]  193 	mov	r2,a
      000061 7B 00            [ 8]  194 	mov	r3,#0x00
      000063 90s00r00r08      [12]  195 	mov	dptr,#_strcmp_sloc1_1_0
      000067 C3               [ 4]  196 	clr	c
      000068 E0               [ 8]  197 	movx	a,@dptr
      000069 9A               [ 4]  198 	subb	a,r2
      00006A FA               [ 4]  199 	mov	r2,a
      00006B A3               [12]  200 	inc	dptr
      00006C E0               [ 8]  201 	movx	a,@dptr
      00006D 9B               [ 4]  202 	subb	a,r3
      00006E FB               [ 4]  203 	mov	r3,a
                                    204 ;	genAssign: resultIsFar = FALSE
      00006F 8A 04            [ 8]  205 	mov	ar4,r2
      000071 8B 05            [ 8]  206 	mov	ar5,r3
      000073 EA               [ 4]  207 	mov	a,r2
      000074 4B               [ 4]  208 	orl	a,r3
      000075 70 31            [12]  209 	jnz  00104$
      000077                        210 00117$:
      000077 8E 82            [ 8]  211 	mov	dpl,r6
      000079 8F 83            [ 8]  212 	mov	dph,r7
      00007B 88 93            [ 8]  213 	mov	dpx,r0
      00007D 89 F0            [ 8]  214 	mov	b,r1
      00007F 12s00r00r00      [16]  215 	lcall	__gptrget
      000083 FA               [ 4]  216 	mov  r2,a
      000084 60 22            [12]  217 	jz  00104$
      000086                        218 00118$:
                                    219 ;	_strcmp.c:51: ++asrc, ++adst;
      000086 90s00r00r04      [12]  220 	mov	dptr,#_strcmp_sloc0_1_0
      00008A E0               [ 8]  221 	movx	a,@dptr
      00008B 24 01            [ 8]  222 	add	a,#0x01
      00008D F0               [ 8]  223 	movx	@dptr,a
      00008E A3               [12]  224 	inc	dptr
      00008F E0               [ 8]  225 	movx	a,@dptr
      000090 34 00            [ 8]  226 	addc	a,#0x00
      000092 F0               [ 8]  227 	movx	@dptr,a
      000093 A3               [12]  228 	inc	dptr
      000094 E0               [ 8]  229 	movx	a,@dptr
      000095 34 00            [ 8]  230 	addc	a,#0x00
      000097 F0               [ 8]  231 	movx	@dptr,a
      000098 A3               [12]  232 	inc	dptr
      000099 E0               [ 8]  233 	movx	a,@dptr
      00009A F0               [ 8]  234 	movx	@dptr,a
      00009B 0E               [ 4]  235 	inc	r6
      00009C BE 00 05         [16]  236 	cjne	r6,#0x00,00119$
      00009F 0F               [ 4]  237 	inc	r7
      0000A0 BF 00 01         [16]  238 	cjne	r7,#0x00,00119$
      0000A3 08               [ 4]  239 	inc	r0
      0000A4                        240 00119$:
      0000A4 02s00r00r28      [16]  241 	ljmp	00102$
      0000A8                        242 00104$:
                                    243 ;	_strcmp.c:53: return( ret );
      0000A8 8C 82            [ 8]  244 	mov	dpl,r4
      0000AA 8D 83            [ 8]  245 	mov	dph,r5
      0000AC                        246 00105$:
      0000AC 22               [16]  247 	ret
                                    248 	.area CSEG    (CODE)
                                    249 	.area CONST   (CODE)
                                    250 	.area XINIT   (CODE)
                                    251 	.area CABS    (ABS,CODE)
