                                      1 ;--------------------------------------------------------
                                      2 ; File Created by SDCC : free open source ANSI-C Compiler
                                      3 ; Version 3.5.0 #9253 (Apr  4 2022) (Linux)
                                      4 ; This file was generated Mon Apr  4 14:10:28 2022
                                      5 ;--------------------------------------------------------
                                      6 	.module _ulong2fs
                                      7 	.optsdcc -mds400 --model-flat24
                                      8 	
                                      9 ;--------------------------------------------------------
                                     10 ; CPU specific extensions
                                     11 ;--------------------------------------------------------
                                     12 	.DS80C390
                                     13 	.amode	2	; 24 bit flat addressing
                           000082    14 dpl	=	0x82
                           000083    15 dph	=	0x83
                           000084    16 dpl1	=	0x84
                           000085    17 dph1	=	0x85
                           000086    18 dps	=	0x86
                           000093    19 dpx	=	0x93
                           000095    20 dpx1	=	0x95
                           00009B    21 esp	=	0x9B
                           00009C    22 ap	=	0x9C
                           00009C    23 acc1	=	0x9C
                           0000D1    24 mcnt0	=	0xD1
                           0000D2    25 mcnt1	=	0xD2
                           0000D3    26 ma	=	0xD3
                           0000D4    27 mb	=	0xD4
                           0000D5    28 mc	=	0xD5
                           00009D    29 acon	=	0x9D
                           0000D1    30 F1	=	0xD1	; user flag
                                     31 ;--------------------------------------------------------
                                     32 ; Public variables in this module
                                     33 ;--------------------------------------------------------
                                     34 	.globl ___ulong2fs
                                     35 ;--------------------------------------------------------
                                     36 ; special function registers
                                     37 ;--------------------------------------------------------
                                     38 ;--------------------------------------------------------
                                     39 ; special function bits
                                     40 ;--------------------------------------------------------
                                     41 ;--------------------------------------------------------
                                     42 ; overlayable register banks
                                     43 ;--------------------------------------------------------
                                     44 	.area REG_BANK_0	(REL,OVR,DATA)
      000000                         45 	.ds 8
                                     46 	.area REG_BANK_3	(REL,OVR,DATA)
      000000                         47 	.ds 8
                                     48 ;--------------------------------------------------------
                                     49 ; internal ram data
                                     50 ;--------------------------------------------------------
                                     51 	.area DSEG    (DATA)
                                     52 ;--------------------------------------------------------
                                     53 ; overlayable items in internal ram 
                                     54 ;--------------------------------------------------------
                                     55 ;--------------------------------------------------------
                                     56 ; indirectly addressable internal ram data
                                     57 ;--------------------------------------------------------
                                     58 	.area ISEG    (DATA)
                                     59 ;--------------------------------------------------------
                                     60 ; absolute internal ram data
                                     61 ;--------------------------------------------------------
                                     62 	.area IABS    (ABS,DATA)
                                     63 	.area IABS    (ABS,DATA)
                                     64 ;--------------------------------------------------------
                                     65 ; bit data
                                     66 ;--------------------------------------------------------
                                     67 	.area BSEG    (BIT)
                                     68 ;--------------------------------------------------------
                                     69 ; paged external ram data
                                     70 ;--------------------------------------------------------
                                     71 	.area PSEG    (PAG,XDATA)
                                     72 ;--------------------------------------------------------
                                     73 ; external ram data
                                     74 ;--------------------------------------------------------
                                     75 	.area XSEG    (XDATA)
      000000                         76 ___ulong2fs_a_1_20:
      000000                         77 	.ds 4
      000004                         78 ___ulong2fs_fl_1_21:
      000004                         79 	.ds 4
                                     80 ;--------------------------------------------------------
                                     81 ; absolute external ram data
                                     82 ;--------------------------------------------------------
                                     83 	.area XABS    (ABS,XDATA)
                                     84 ;--------------------------------------------------------
                                     85 ; external initialized ram data
                                     86 ;--------------------------------------------------------
                                     87 	.area XISEG   (XDATA)
                                     88 ;--------------------------------------------------------
                                     89 ; global & static initialisations
                                     90 ;--------------------------------------------------------
                                     91 	.area HOME    (CODE)
                                     92 	.area GSINIT  (CODE)
                                     93 	.area GSFINAL (CODE)
                                     94 	.area GSINIT  (CODE)
                                     95 ;--------------------------------------------------------
                                     96 ; Home
                                     97 ;--------------------------------------------------------
                                     98 	.area HOME    (CODE)
                                     99 	.area HOME    (CODE)
                                    100 ;--------------------------------------------------------
                                    101 ; code
                                    102 ;--------------------------------------------------------
                                    103 	.area CSEG    (CODE)
                                    104 ;------------------------------------------------------------
                                    105 ;Allocation info for local variables in function '__ulong2fs'
                                    106 ;------------------------------------------------------------
                                    107 ;a                         Allocated with name '___ulong2fs_a_1_20'
                                    108 ;exp                       Allocated to registers r4 r5 
                                    109 ;fl                        Allocated with name '___ulong2fs_fl_1_21'
                                    110 ;------------------------------------------------------------
                                    111 ;	_ulong2fs.c:83: float __ulong2fs (unsigned long a )
                                    112 ;	-----------------------------------------
                                    113 ;	 function __ulong2fs
                                    114 ;	-----------------------------------------
      000000                        115 ___ulong2fs:
                           000002   116 	ar2 = 0x02
                           000003   117 	ar3 = 0x03
                           000004   118 	ar4 = 0x04
                           000005   119 	ar5 = 0x05
                           000006   120 	ar6 = 0x06
                           000007   121 	ar7 = 0x07
                           000000   122 	ar0 = 0x00
                           000001   123 	ar1 = 0x01
      000000 75 86 01         [12]  124 	mov     dps, #1
      000003 90s00r00r00      [12]  125 	mov     dptr, #___ulong2fs_a_1_20
      000007 E5 82            [ 8]  126 	mov	a,dpl
      000009 F0               [ 8]  127 	movx	@dptr,a
      00000A A3               [12]  128 	inc	dptr
      00000B E5 83            [ 8]  129 	mov	a,dph
      00000D F0               [ 8]  130 	movx	@dptr,a
      00000E A3               [12]  131 	inc	dptr
      00000F E5 93            [ 8]  132 	mov	a,dpx
      000011 F0               [ 8]  133 	movx	@dptr,a
      000012 A3               [12]  134 	inc	dptr
      000013 E5 F0            [ 8]  135 	mov	a,b
      000015 F0               [ 8]  136 	movx	@dptr,a
      000016 75 86 00         [12]  137 	mov	dps,#0
                                    138 ;	_ulong2fs.c:88: if (!a)
      000019 90s00r00r00      [12]  139 	mov	dptr,#___ulong2fs_a_1_20
      00001D E0               [ 8]  140 	movx	a,@dptr
      00001E F5 F0            [ 8]  141 	mov	b,a
      000020 A3               [12]  142 	inc	dptr
      000021 E0               [ 8]  143 	movx	a,@dptr
      000022 42 F0            [ 8]  144 	orl	b,a
      000024 A3               [12]  145 	inc	dptr
      000025 E0               [ 8]  146 	movx	a,@dptr
      000026 42 F0            [ 8]  147 	orl	b,a
      000028 A3               [12]  148 	inc	dptr
      000029 E0               [ 8]  149 	movx	a,@dptr
      00002A 45 F0            [ 8]  150 	orl	a,b
      00002C 70 0B            [12]  151 	jnz  00115$
      00002E                        152 00133$:
                                    153 ;	_ulong2fs.c:90: return 0.0;
      00002E 90 00 00 00      [12]  154 	mov  dptr,#0x0000
      000032 75 F0 00         [12]  155 	mov	b,#0x00
      000035 02s00r01r54      [16]  156 	ljmp	00111$
                                    157 ;	_ulong2fs.c:93: while (a & NORM) 
      000039                        158 00115$:
                                    159 ;	genAssign: resultIsFar = FALSE
      000039 7E 96            [ 8]  160 	mov	r6,#0x96
      00003B 7F 00            [ 8]  161 	mov	r7,#0x00
      00003D                        162 00103$:
      00003D 90s00r00r00      [12]  163 	mov	dptr,#___ulong2fs_a_1_20
      000041 A3               [12]  164 	inc	dptr
      000042 A3               [12]  165 	inc	dptr
      000043 A3               [12]  166 	inc	dptr
      000044 E0               [ 8]  167 	movx	a,@dptr
      000045 60 35            [12]  168 	jz  00117$
      000047                        169 00134$:
                                    170 ;	_ulong2fs.c:96: a >>= 1;
      000047 90s00r00r00      [12]  171 	mov	dptr,#___ulong2fs_a_1_20
      00004B A3               [12]  172 	inc	dptr
      00004C A3               [12]  173 	inc	dptr
      00004D A3               [12]  174 	inc	dptr
      00004E E0               [ 8]  175 	movx	a,@dptr
      00004F C3               [ 4]  176 	clr	c
      000050 13               [ 4]  177 	rrc	a
      000051 FB               [ 4]  178 	mov	r3,a
      000052 12s00r00r00      [16]  179 	lcall	__decdptr
      000056 E0               [ 8]  180 	movx	a,@dptr
      000057 13               [ 4]  181 	rrc	a
      000058 FA               [ 4]  182 	mov	r2,a
      000059 12s00r00r00      [16]  183 	lcall	__decdptr
      00005D E0               [ 8]  184 	movx	a,@dptr
      00005E 13               [ 4]  185 	rrc	a
      00005F F9               [ 4]  186 	mov	r1,a
      000060 12s00r00r00      [16]  187 	lcall	__decdptr
      000064 E0               [ 8]  188 	movx	a,@dptr
      000065 13               [ 4]  189 	rrc	a
                                    190 ;	genAssign: resultIsFar = TRUE
      000066 F8               [ 4]  191 	mov  r0,a
      000067 90s00r00r00      [12]  192 	mov  dptr,#___ulong2fs_a_1_20
      00006B F0               [ 8]  193 	movx @dptr,a
      00006C A3               [12]  194 	inc	dptr
      00006D E9               [ 4]  195 	mov	a,r1
      00006E F0               [ 8]  196 	movx	@dptr,a
      00006F A3               [12]  197 	inc	dptr
      000070 EA               [ 4]  198 	mov	a,r2
      000071 F0               [ 8]  199 	movx	@dptr,a
      000072 A3               [12]  200 	inc	dptr
      000073 EB               [ 4]  201 	mov	a,r3
      000074 F0               [ 8]  202 	movx	@dptr,a
                                    203 ;	_ulong2fs.c:97: exp++;
      000075 0E               [ 4]  204 	inc	r6
      000076 BE 00 C4         [16]  205 	cjne	r6,#0x00,00103$
      000079 0F               [ 4]  206 	inc	r7
                                    207 ;	_ulong2fs.c:100: while (a < HIDDEN)
      00007A 80 C1            [12]  208 	sjmp 00103$
      00007C                        209 00117$:
                                    210 ;	genAssign: resultIsFar = FALSE
      00007C 8E 02            [ 8]  211 	mov	ar2,r6
      00007E 8F 03            [ 8]  212 	mov	ar3,r7
      000080                        213 00106$:
      000080 90s00r00r00      [12]  214 	mov	dptr,#___ulong2fs_a_1_20
      000084 C3               [ 4]  215 	clr	c
      000085 E0               [ 8]  216 	movx	a,@dptr
      000086 94 00            [ 8]  217 	subb	a,#0x00
      000088 A3               [12]  218 	inc	dptr
      000089 E0               [ 8]  219 	movx	a,@dptr
      00008A 94 00            [ 8]  220 	subb	a,#0x00
      00008C A3               [12]  221 	inc	dptr
      00008D E0               [ 8]  222 	movx	a,@dptr
      00008E 94 80            [ 8]  223 	subb	a,#0x80
      000090 A3               [12]  224 	inc	dptr
      000091 E0               [ 8]  225 	movx	a,@dptr
      000092 94 00            [ 8]  226 	subb	a,#0x00
      000094 50 2A            [12]  227 	jnc  00120$
      000096                        228 00135$:
                                    229 ;	_ulong2fs.c:102: a <<= 1;
      000096 90s00r00r00      [12]  230 	mov	dptr,#___ulong2fs_a_1_20
      00009A E0               [ 8]  231 	movx	a,@dptr
      00009B 25 E0            [ 8]  232 	add	a,acc
      00009D FC               [ 4]  233 	mov	r4,a
      00009E A3               [12]  234 	inc	dptr
      00009F E0               [ 8]  235 	movx	a,@dptr
      0000A0 33               [ 4]  236 	rlc	a
      0000A1 FD               [ 4]  237 	mov	r5,a
      0000A2 A3               [12]  238 	inc	dptr
      0000A3 E0               [ 8]  239 	movx	a,@dptr
      0000A4 33               [ 4]  240 	rlc	a
      0000A5 FE               [ 4]  241 	mov	r6,a
      0000A6 A3               [12]  242 	inc	dptr
      0000A7 E0               [ 8]  243 	movx	a,@dptr
      0000A8 33               [ 4]  244 	rlc	a
      0000A9 FF               [ 4]  245 	mov	r7,a
                                    246 ;	genAssign: resultIsFar = TRUE
      0000AA 90s00r00r00      [12]  247 	mov	dptr,#___ulong2fs_a_1_20
      0000AE EC               [ 4]  248 	mov	a,r4
      0000AF F0               [ 8]  249 	movx	@dptr,a
      0000B0 A3               [12]  250 	inc	dptr
      0000B1 ED               [ 4]  251 	mov	a,r5
      0000B2 F0               [ 8]  252 	movx	@dptr,a
      0000B3 A3               [12]  253 	inc	dptr
      0000B4 EE               [ 4]  254 	mov	a,r6
      0000B5 F0               [ 8]  255 	movx	@dptr,a
      0000B6 A3               [12]  256 	inc	dptr
      0000B7 EF               [ 4]  257 	mov	a,r7
      0000B8 F0               [ 8]  258 	movx	@dptr,a
                                    259 ;	_ulong2fs.c:103: exp--;
      0000B9 1A               [ 4]  260 	dec	r2
      0000BA BA FF C3         [16]  261 	cjne	r2,#0xFF,00106$
      0000BD 1B               [ 4]  262 	dec	r3
      0000BE 80 C0            [12]  263 	sjmp 00106$
      0000C0                        264 00120$:
                                    265 ;	genAssign: resultIsFar = TRUE
      0000C0 8A 04            [ 8]  266 	mov	ar4,r2
      0000C2 8B 05            [ 8]  267 	mov	ar5,r3
                                    268 ;	_ulong2fs.c:107: if ((a&0x7fffff)==0x7fffff) {
      0000C4 90s00r00r00      [12]  269 	mov	dptr,#___ulong2fs_a_1_20
      0000C8 E0               [ 8]  270 	movx	a,@dptr
      0000C9 FE               [ 4]  271 	mov	r6,a
      0000CA A3               [12]  272 	inc	dptr
      0000CB E0               [ 8]  273 	movx	a,@dptr
      0000CC FF               [ 4]  274 	mov	r7,a
      0000CD A3               [12]  275 	inc	dptr
      0000CE E0               [ 8]  276 	movx	a,@dptr
      0000CF 54 7F            [ 8]  277 	anl	a,#0x7F
      0000D1 F8               [ 4]  278 	mov	r0,a
      0000D2 79 00            [ 8]  279 	mov	r1,#0x00
      0000D4 BE FF 1C         [16]  280 	cjne r6,#0xFF,00110$
      0000D7 BF FF 19         [16]  281 	cjne r7,#0xFF,00110$
      0000DA B8 7F 16         [16]  282 	cjne r0,#0x7F,00110$
      0000DD B9 00 13         [16]  283 	cjne r1,#0x00,00110$
      0000E0                        284 00137$:
                                    285 ;	_ulong2fs.c:108: a=0;
                                    286 ;	genAssign: resultIsFar = TRUE
      0000E0 90s00r00r00      [12]  287 	mov	dptr,#___ulong2fs_a_1_20
      0000E4 E4               [ 4]  288 	clr	a
      0000E5 F0               [ 8]  289 	movx	@dptr,a
      0000E6 A3               [12]  290 	inc	dptr
      0000E7 F0               [ 8]  291 	movx	@dptr,a
      0000E8 A3               [12]  292 	inc	dptr
      0000E9 F0               [ 8]  293 	movx	@dptr,a
      0000EA A3               [12]  294 	inc	dptr
      0000EB F0               [ 8]  295 	movx	@dptr,a
                                    296 ;	_ulong2fs.c:109: exp++;
      0000EC 74 01            [ 8]  297 	mov	a,#0x01
      0000EE 2A               [ 4]  298 	add	a,r2
      0000EF FC               [ 4]  299 	mov	r4,a
      0000F0 E4               [ 4]  300 	clr	a
      0000F1 3B               [ 4]  301 	addc	a,r3
      0000F2 FD               [ 4]  302 	mov	r5,a
      0000F3                        303 00110$:
                                    304 ;	_ulong2fs.c:113: a &= ~HIDDEN ;
      0000F3 90s00r00r00      [12]  305 	mov	dptr,#___ulong2fs_a_1_20
      0000F7 E0               [ 8]  306 	movx	a,@dptr
      0000F8 F0               [ 8]  307 	movx	@dptr,a
      0000F9 A3               [12]  308 	inc	dptr
      0000FA E0               [ 8]  309 	movx	a,@dptr
      0000FB F0               [ 8]  310 	movx	@dptr,a
      0000FC A3               [12]  311 	inc	dptr
      0000FD E0               [ 8]  312 	movx	a,@dptr
      0000FE 54 7F            [ 8]  313 	anl	a,#0x7F
      000100 F0               [ 8]  314 	movx	@dptr,a
      000101 A3               [12]  315 	inc	dptr
      000102 E0               [ 8]  316 	movx	a,@dptr
      000103 F0               [ 8]  317 	movx	@dptr,a
                                    318 ;	_ulong2fs.c:115: fl.l = PACK(0,(unsigned long)exp, a);
      000104 ED               [ 4]  319 	mov	a,r5
      000105 33               [ 4]  320 	rlc	a
      000106 95 E0            [ 8]  321 	subb	a,acc
      000108 FA               [ 4]  322 	mov	r2,a
      000109 FB               [ 4]  323 	mov	r3,a
      00010A 8C 02            [ 8]  324 	mov	ar2,r4
      00010C ED               [ 4]  325 	mov	a,r5
      00010D 54 01            [ 8]  326 	anl	a,#0x01
      00010F A2 E0            [ 8]  327 	mov	c,acc[0]
      000111 CA               [ 4]  328 	xch	a,r2
      000112 13               [ 4]  329 	rrc	a
      000113 CA               [ 4]  330 	xch	a,r2
      000114 13               [ 4]  331 	rrc	a
      000115 CA               [ 4]  332 	xch	a,r2
      000116 FB               [ 4]  333 	mov	r3,a
      000117 7D 00            [ 8]  334 	mov	r5,#0x00
      000119 7C 00            [ 8]  335 	mov	r4,#0x00
      00011B 90s00r00r00      [12]  336 	mov	dptr,#___ulong2fs_a_1_20
      00011F E0               [ 8]  337 	movx	a,@dptr
      000120 42 04            [ 8]  338 	orl	ar4,a
      000122 A3               [12]  339 	inc	dptr
      000123 E0               [ 8]  340 	movx	a,@dptr
      000124 42 05            [ 8]  341 	orl	ar5,a
      000126 A3               [12]  342 	inc	dptr
      000127 E0               [ 8]  343 	movx	a,@dptr
      000128 42 02            [ 8]  344 	orl	ar2,a
      00012A A3               [12]  345 	inc	dptr
      00012B E0               [ 8]  346 	movx	a,@dptr
      00012C 42 03            [ 8]  347 	orl	ar3,a
      00012E 90s00r00r04      [12]  348 	mov	dptr,#___ulong2fs_fl_1_21
      000132 EC               [ 4]  349 	mov	a,r4
      000133 F0               [ 8]  350 	movx	@dptr,a
      000134 A3               [12]  351 	inc	dptr
      000135 ED               [ 4]  352 	mov	a,r5
      000136 F0               [ 8]  353 	movx	@dptr,a
      000137 A3               [12]  354 	inc	dptr
      000138 EA               [ 4]  355 	mov	a,r2
      000139 F0               [ 8]  356 	movx	@dptr,a
      00013A A3               [12]  357 	inc	dptr
      00013B EB               [ 4]  358 	mov	a,r3
      00013C F0               [ 8]  359 	movx	@dptr,a
                                    360 ;	_ulong2fs.c:117: return (fl.f);
      00013D 90s00r00r04      [12]  361 	mov	dptr,#___ulong2fs_fl_1_21
      000141 E0               [ 8]  362 	movx	a,@dptr
      000142 A3               [12]  363 	inc	dptr
      000143 FA               [ 4]  364 	mov	r2,a
      000144 E0               [ 8]  365 	movx	a,@dptr
      000145 A3               [12]  366 	inc	dptr
      000146 FB               [ 4]  367 	mov	r3,a
      000147 E0               [ 8]  368 	movx	a,@dptr
      000148 A3               [12]  369 	inc	dptr
      000149 FC               [ 4]  370 	mov	r4,a
      00014A E0               [ 8]  371 	movx	a,@dptr
      00014B FD               [ 4]  372 	mov	r5,a
      00014C 8A 82            [ 8]  373 	mov	dpl,r2
      00014E 8B 83            [ 8]  374 	mov	dph,r3
      000150 8C 93            [ 8]  375 	mov	dpx,r4
      000152 8D F0            [ 8]  376 	mov	b,r5
      000154                        377 00111$:
      000154 22               [16]  378 	ret
                                    379 	.area CSEG    (CODE)
                                    380 	.area CONST   (CODE)
                                    381 	.area XINIT   (CODE)
                                    382 	.area CABS    (ABS,CODE)
