                              1 ;--------------------------------------------------------
                              2 ; File Created by SDCC : free open source ANSI-C Compiler
                              3 ; Version 3.5.0 #9253 (Apr  4 2022) (Linux)
                              4 ; This file was generated Mon Apr  4 14:10:32 2022
                              5 ;--------------------------------------------------------
                              6 	.module _divslong
                              7 	.optsdcc -mhc08
                              8 	
                              9 	.area HOME    (CODE)
                             10 	.area GSINIT0 (CODE)
                             11 	.area GSINIT  (CODE)
                             12 	.area GSFINAL (CODE)
                             13 	.area CSEG    (CODE)
                             14 	.area XINIT   (CODE)
                             15 	.area CONST   (CODE)
                             16 	.area DSEG    (PAG)
                             17 	.area OSEG    (PAG, OVR)
                             18 	.area XSEG
                             19 	.area XISEG
                             20 ;--------------------------------------------------------
                             21 ; Public variables in this module
                             22 ;--------------------------------------------------------
                             23 	.globl __divslong_PARM_2
                             24 	.globl __divslong_PARM_1
                             25 	.globl __divslong
                             26 ;--------------------------------------------------------
                             27 ; ram data
                             28 ;--------------------------------------------------------
                             29 	.area DSEG    (PAG)
   0000                      30 __divslong_sloc0_1_0:
   0000                      31 	.ds 1
   0001                      32 __divslong_sloc1_1_0:
   0001                      33 	.ds 4
   0005                      34 __divslong_sloc2_1_0:
   0005                      35 	.ds 1
   0006                      36 __divslong_sloc3_1_0:
   0006                      37 	.ds 4
                             38 ;--------------------------------------------------------
                             39 ; overlayable items in ram 
                             40 ;--------------------------------------------------------
                             41 ;--------------------------------------------------------
                             42 ; absolute ram data
                             43 ;--------------------------------------------------------
                             44 	.area IABS    (ABS)
                             45 	.area IABS    (ABS)
                             46 ;--------------------------------------------------------
                             47 ; absolute external ram data
                             48 ;--------------------------------------------------------
                             49 	.area XABS    (ABS)
                             50 ;--------------------------------------------------------
                             51 ; external initialized ram data
                             52 ;--------------------------------------------------------
                             53 	.area XISEG
                             54 ;--------------------------------------------------------
                             55 ; extended address mode data
                             56 ;--------------------------------------------------------
                             57 	.area XSEG
   0000                      58 __divslong_PARM_1:
   0000                      59 	.ds 4
   0004                      60 __divslong_PARM_2:
   0004                      61 	.ds 4
                             62 ;--------------------------------------------------------
                             63 ; global & static initialisations
                             64 ;--------------------------------------------------------
                             65 	.area HOME    (CODE)
                             66 	.area GSINIT  (CODE)
                             67 	.area GSFINAL (CODE)
                             68 	.area GSINIT  (CODE)
                             69 ;--------------------------------------------------------
                             70 ; Home
                             71 ;--------------------------------------------------------
                             72 	.area HOME    (CODE)
                             73 	.area HOME    (CODE)
                             74 ;--------------------------------------------------------
                             75 ; code
                             76 ;--------------------------------------------------------
                             77 	.area CSEG    (CODE)
                             78 ;------------------------------------------------------------
                             79 ;Allocation info for local variables in function '_divslong'
                             80 ;------------------------------------------------------------
                             81 ;sloc0                     Allocated with name '__divslong_sloc0_1_0'
                             82 ;sloc1                     Allocated with name '__divslong_sloc1_1_0'
                             83 ;sloc2                     Allocated with name '__divslong_sloc2_1_0'
                             84 ;sloc3                     Allocated with name '__divslong_sloc3_1_0'
                             85 ;x                         Allocated with name '__divslong_PARM_1'
                             86 ;y                         Allocated with name '__divslong_PARM_2'
                             87 ;r                         Allocated with name '__divslong_r_1_2'
                             88 ;------------------------------------------------------------
                             89 ;../_divslong.c:259: _divslong (long x, long y)
                             90 ;	-----------------------------------------
                             91 ;	 function _divslong
                             92 ;	-----------------------------------------
                             93 ;	Register assignment is optimal.
                             94 ;	Stack space usage: 0 bytes.
   0000                      95 __divslong:
                             96 ;../_divslong.c:263: r = (unsigned long)(x < 0 ? -x : x) / (unsigned long)(y < 0 ? -y : y);
   0000 C6r00r00      [ 4]   97 	lda	__divslong_PARM_1
   0003 A0 00         [ 2]   98 	sub	#0x00
   0005 91 03         [ 3]   99 	blt	00122$
   0007 4F            [ 1]  100 	clra
   0008 20 02         [ 3]  101 	bra	00123$
   000A                     102 00122$:
   000A A6 01         [ 2]  103 	lda	#0x01
   000C                     104 00123$:
   000C B7*00         [ 3]  105 	sta	*__divslong_sloc0_1_0
   000E 3D*00         [ 3]  106 	tst	*__divslong_sloc0_1_0
   0010 27 1A         [ 3]  107 	beq	00106$
   0012 4F            [ 1]  108 	clra
   0013 C0r00r03      [ 4]  109 	sub	(__divslong_PARM_1 + 3)
   0016 B7*04         [ 3]  110 	sta	*(__divslong_sloc1_1_0 + 3)
   0018 4F            [ 1]  111 	clra
   0019 C2r00r02      [ 4]  112 	sbc	(__divslong_PARM_1 + 2)
   001C B7*03         [ 3]  113 	sta	*(__divslong_sloc1_1_0 + 2)
   001E 4F            [ 1]  114 	clra
   001F C2r00r01      [ 4]  115 	sbc	(__divslong_PARM_1 + 1)
   0022 B7*02         [ 3]  116 	sta	*(__divslong_sloc1_1_0 + 1)
   0024 4F            [ 1]  117 	clra
   0025 C2r00r00      [ 4]  118 	sbc	__divslong_PARM_1
   0028 B7*01         [ 3]  119 	sta	*__divslong_sloc1_1_0
   002A 20 0B         [ 3]  120 	bra	00107$
   002C                     121 00106$:
   002C 45r00r00      [ 3]  122 	ldhx	#__divslong_PARM_1
   002F 7E*01         [ 4]  123 	mov	,x+,*__divslong_sloc1_1_0
   0031 7E*02         [ 4]  124 	mov	,x+,*(__divslong_sloc1_1_0 + 1)
   0033 7E*03         [ 4]  125 	mov	,x+,*(__divslong_sloc1_1_0 + 2)
   0035 7E*04         [ 4]  126 	mov	,x+,*(__divslong_sloc1_1_0 + 3)
   0037                     127 00107$:
   0037 C6r00r04      [ 4]  128 	lda	__divslong_PARM_2
   003A A0 00         [ 2]  129 	sub	#0x00
   003C 91 03         [ 3]  130 	blt	00125$
   003E 4F            [ 1]  131 	clra
   003F 20 02         [ 3]  132 	bra	00126$
   0041                     133 00125$:
   0041 A6 01         [ 2]  134 	lda	#0x01
   0043                     135 00126$:
   0043 B7*05         [ 3]  136 	sta	*__divslong_sloc2_1_0
   0045 3D*05         [ 3]  137 	tst	*__divslong_sloc2_1_0
   0047 27 1A         [ 3]  138 	beq	00108$
   0049 4F            [ 1]  139 	clra
   004A C0r00r07      [ 4]  140 	sub	(__divslong_PARM_2 + 3)
   004D B7*09         [ 3]  141 	sta	*(__divslong_sloc3_1_0 + 3)
   004F 4F            [ 1]  142 	clra
   0050 C2r00r06      [ 4]  143 	sbc	(__divslong_PARM_2 + 2)
   0053 B7*08         [ 3]  144 	sta	*(__divslong_sloc3_1_0 + 2)
   0055 4F            [ 1]  145 	clra
   0056 C2r00r05      [ 4]  146 	sbc	(__divslong_PARM_2 + 1)
   0059 B7*07         [ 3]  147 	sta	*(__divslong_sloc3_1_0 + 1)
   005B 4F            [ 1]  148 	clra
   005C C2r00r04      [ 4]  149 	sbc	__divslong_PARM_2
   005F B7*06         [ 3]  150 	sta	*__divslong_sloc3_1_0
   0061 20 0B         [ 3]  151 	bra	00109$
   0063                     152 00108$:
   0063 45r00r04      [ 3]  153 	ldhx	#__divslong_PARM_2
   0066 7E*06         [ 4]  154 	mov	,x+,*__divslong_sloc3_1_0
   0068 7E*07         [ 4]  155 	mov	,x+,*(__divslong_sloc3_1_0 + 1)
   006A 7E*08         [ 4]  156 	mov	,x+,*(__divslong_sloc3_1_0 + 2)
   006C 7E*09         [ 4]  157 	mov	,x+,*(__divslong_sloc3_1_0 + 3)
   006E                     158 00109$:
   006E B6*09         [ 3]  159 	lda	*(__divslong_sloc3_1_0 + 3)
   0070 C7r00r03      [ 4]  160 	sta	(__divulong_PARM_2 + 3)
   0073 B6*08         [ 3]  161 	lda	*(__divslong_sloc3_1_0 + 2)
   0075 C7r00r02      [ 4]  162 	sta	(__divulong_PARM_2 + 2)
   0078 B6*07         [ 3]  163 	lda	*(__divslong_sloc3_1_0 + 1)
   007A C7r00r01      [ 4]  164 	sta	(__divulong_PARM_2 + 1)
   007D B6*06         [ 3]  165 	lda	*__divslong_sloc3_1_0
   007F C7r00r00      [ 4]  166 	sta	__divulong_PARM_2
   0082 45r00r00      [ 3]  167 	ldhx	#__divulong_PARM_1
   0085 5E*01         [ 4]  168 	mov	*__divslong_sloc1_1_0,x+
   0087 5E*02         [ 4]  169 	mov	*(__divslong_sloc1_1_0 + 1),x+
   0089 5E*03         [ 4]  170 	mov	*(__divslong_sloc1_1_0 + 2),x+
   008B 5E*04         [ 4]  171 	mov	*(__divslong_sloc1_1_0 + 3),x+
                            172 ;../_divslong.c:264: if ((x < 0) ^ (y < 0))
   008D CDr00r00      [ 5]  173 	jsr	__divulong
   0090 B7*09         [ 3]  174 	sta	*(__divslong_sloc3_1_0 + 3)
   0092 BF*08         [ 3]  175 	stx	*(__divslong_sloc3_1_0 + 2)
   0094 4E*00*07      [ 5]  176 	mov	*___SDCC_hc08_ret2,*(__divslong_sloc3_1_0 + 1)
   0097 4E*00*06      [ 5]  177 	mov	*___SDCC_hc08_ret3,*__divslong_sloc3_1_0
   009A B6*00         [ 3]  178 	lda	*__divslong_sloc0_1_0
   009C B8*05         [ 3]  179 	eor	*__divslong_sloc2_1_0
   009E 27 1F         [ 3]  180 	beq	00102$
                            181 ;../_divslong.c:265: return -r;
   00A0 4F            [ 1]  182 	clra
   00A1 B0*09         [ 3]  183 	sub	*(__divslong_sloc3_1_0 + 3)
   00A3 B7*04         [ 3]  184 	sta	*(__divslong_sloc1_1_0 + 3)
   00A5 4F            [ 1]  185 	clra
   00A6 B2*08         [ 3]  186 	sbc	*(__divslong_sloc3_1_0 + 2)
   00A8 B7*03         [ 3]  187 	sta	*(__divslong_sloc1_1_0 + 2)
   00AA 4F            [ 1]  188 	clra
   00AB B2*07         [ 3]  189 	sbc	*(__divslong_sloc3_1_0 + 1)
   00AD B7*02         [ 3]  190 	sta	*(__divslong_sloc1_1_0 + 1)
   00AF 4F            [ 1]  191 	clra
   00B0 B2*06         [ 3]  192 	sbc	*__divslong_sloc3_1_0
   00B2 B7*01         [ 3]  193 	sta	*__divslong_sloc1_1_0
   00B4 4E*01*00      [ 5]  194 	mov	*__divslong_sloc1_1_0,*___SDCC_hc08_ret3
   00B7 4E*02*00      [ 5]  195 	mov	*(__divslong_sloc1_1_0 + 1),*___SDCC_hc08_ret2
   00BA BE*03         [ 3]  196 	ldx	*(__divslong_sloc1_1_0 + 2)
   00BC B6*04         [ 3]  197 	lda	*(__divslong_sloc1_1_0 + 3)
   00BE 81            [ 4]  198 	rts
   00BF                     199 00102$:
                            200 ;../_divslong.c:267: return r;
   00BF 4E*06*00      [ 5]  201 	mov	*__divslong_sloc3_1_0,*___SDCC_hc08_ret3
   00C2 4E*07*00      [ 5]  202 	mov	*(__divslong_sloc3_1_0 + 1),*___SDCC_hc08_ret2
   00C5 BE*08         [ 3]  203 	ldx	*(__divslong_sloc3_1_0 + 2)
   00C7 B6*09         [ 3]  204 	lda	*(__divslong_sloc3_1_0 + 3)
   00C9 81            [ 4]  205 	rts
                            206 	.area CSEG    (CODE)
                            207 	.area CONST   (CODE)
                            208 	.area XINIT   (CODE)
                            209 	.area CABS    (ABS,CODE)
