                              1 ;--------------------------------------------------------
                              2 ; File Created by SDCC : free open source ANSI-C Compiler
                              3 ; Version 3.5.0 #9253 (Apr  4 2022) (Linux)
                              4 ; This file was generated Mon Apr  4 14:10:31 2022
                              5 ;--------------------------------------------------------
                              6 	.module _fs2uint
                              7 	.optsdcc -mhc08
                              8 	
                              9 	.area HOME    (CODE)
                             10 	.area GSINIT0 (CODE)
                             11 	.area GSINIT  (CODE)
                             12 	.area GSFINAL (CODE)
                             13 	.area CSEG    (CODE)
                             14 	.area XINIT   (CODE)
                             15 	.area CONST   (CODE)
                             16 	.area DSEG    (PAG)
                             17 	.area OSEG    (PAG, OVR)
                             18 	.area XSEG
                             19 	.area XISEG
                             20 ;--------------------------------------------------------
                             21 ; Public variables in this module
                             22 ;--------------------------------------------------------
                             23 	.globl ___fs2ulong
                             24 	.globl ___fs2uint_PARM_1
                             25 	.globl ___fs2uint
                             26 ;--------------------------------------------------------
                             27 ; ram data
                             28 ;--------------------------------------------------------
                             29 	.area DSEG    (PAG)
   0000                      30 ___fs2uint_sloc0_1_0:
   0000                      31 	.ds 4
                             32 ;--------------------------------------------------------
                             33 ; overlayable items in ram 
                             34 ;--------------------------------------------------------
                             35 ;--------------------------------------------------------
                             36 ; absolute ram data
                             37 ;--------------------------------------------------------
                             38 	.area IABS    (ABS)
                             39 	.area IABS    (ABS)
                             40 ;--------------------------------------------------------
                             41 ; absolute external ram data
                             42 ;--------------------------------------------------------
                             43 	.area XABS    (ABS)
                             44 ;--------------------------------------------------------
                             45 ; external initialized ram data
                             46 ;--------------------------------------------------------
                             47 	.area XISEG
                             48 ;--------------------------------------------------------
                             49 ; extended address mode data
                             50 ;--------------------------------------------------------
                             51 	.area XSEG
   0000                      52 ___fs2uint_PARM_1:
   0000                      53 	.ds 4
                             54 ;--------------------------------------------------------
                             55 ; global & static initialisations
                             56 ;--------------------------------------------------------
                             57 	.area HOME    (CODE)
                             58 	.area GSINIT  (CODE)
                             59 	.area GSFINAL (CODE)
                             60 	.area GSINIT  (CODE)
                             61 ;--------------------------------------------------------
                             62 ; Home
                             63 ;--------------------------------------------------------
                             64 	.area HOME    (CODE)
                             65 	.area HOME    (CODE)
                             66 ;--------------------------------------------------------
                             67 ; code
                             68 ;--------------------------------------------------------
                             69 	.area CSEG    (CODE)
                             70 ;------------------------------------------------------------
                             71 ;Allocation info for local variables in function '__fs2uint'
                             72 ;------------------------------------------------------------
                             73 ;sloc0                     Allocated with name '___fs2uint_sloc0_1_0'
                             74 ;f                         Allocated with name '___fs2uint_PARM_1'
                             75 ;ul                        Allocated with name '___fs2uint_ul_1_22'
                             76 ;------------------------------------------------------------
                             77 ;../_fs2uint.c:54: unsigned int __fs2uint (float f)
                             78 ;	-----------------------------------------
                             79 ;	 function __fs2uint
                             80 ;	-----------------------------------------
                             81 ;	Register assignment is optimal.
                             82 ;	Stack space usage: 0 bytes.
   0000                      83 ___fs2uint:
                             84 ;../_fs2uint.c:56: unsigned long ul=__fs2ulong(f);
   0000 45r00r00      [ 3]   85 	ldhx	#___fs2ulong_PARM_1
   0003 C6r00r00      [ 4]   86 	lda	___fs2uint_PARM_1
   0006 F7            [ 2]   87 	sta	,x
   0007 C6r00r01      [ 4]   88 	lda	(___fs2uint_PARM_1 + 1)
   000A E7 01         [ 3]   89 	sta	1,x
   000C C6r00r02      [ 4]   90 	lda	(___fs2uint_PARM_1 + 2)
   000F E7 02         [ 3]   91 	sta	2,x
   0011 C6r00r03      [ 4]   92 	lda	(___fs2uint_PARM_1 + 3)
   0014 E7 03         [ 3]   93 	sta	3,x
   0016 CDr00r00      [ 5]   94 	jsr	___fs2ulong
   0019 B7*03         [ 3]   95 	sta	*(___fs2uint_sloc0_1_0 + 3)
   001B BF*02         [ 3]   96 	stx	*(___fs2uint_sloc0_1_0 + 2)
   001D 4E*00*01      [ 5]   97 	mov	*___SDCC_hc08_ret2,*(___fs2uint_sloc0_1_0 + 1)
   0020 4E*00*00      [ 5]   98 	mov	*___SDCC_hc08_ret3,*___fs2uint_sloc0_1_0
                             99 ;../_fs2uint.c:57: if (ul>=UINT_MAX) return UINT_MAX;
   0023 B6*03         [ 3]  100 	lda	*(___fs2uint_sloc0_1_0 + 3)
   0025 A0 FF         [ 2]  101 	sub	#0xFF
   0027 B6*02         [ 3]  102 	lda	*(___fs2uint_sloc0_1_0 + 2)
   0029 A2 FF         [ 2]  103 	sbc	#0xFF
   002B B6*01         [ 3]  104 	lda	*(___fs2uint_sloc0_1_0 + 1)
   002D A2 00         [ 2]  105 	sbc	#0x00
   002F B6*00         [ 3]  106 	lda	*___fs2uint_sloc0_1_0
   0031 A2 00         [ 2]  107 	sbc	#0x00
   0033 25 04         [ 3]  108 	bcs	00102$
   0035 A6 FF         [ 2]  109 	lda	#0xFF
   0037 97            [ 1]  110 	tax
   0038 81            [ 4]  111 	rts
   0039                     112 00102$:
                            113 ;../_fs2uint.c:58: return ul;
   0039 B6*03         [ 3]  114 	lda	*(___fs2uint_sloc0_1_0 + 3)
   003B BE*02         [ 3]  115 	ldx	*(___fs2uint_sloc0_1_0 + 2)
   003D 81            [ 4]  116 	rts
                            117 	.area CSEG    (CODE)
                            118 	.area CONST   (CODE)
                            119 	.area XINIT   (CODE)
                            120 	.area CABS    (ABS,CODE)
