                              1 ;--------------------------------------------------------
                              2 ; File Created by SDCC : free open source ANSI-C Compiler
                              3 ; Version 3.5.0 #9253 (Apr  4 2022) (Linux)
                              4 ; This file was generated Mon Apr  4 14:10:31 2022
                              5 ;--------------------------------------------------------
                              6 	.module _fsgt
                              7 	.optsdcc -mhc08
                              8 	
                              9 	.area HOME    (CODE)
                             10 	.area GSINIT0 (CODE)
                             11 	.area GSINIT  (CODE)
                             12 	.area GSFINAL (CODE)
                             13 	.area CSEG    (CODE)
                             14 	.area XINIT   (CODE)
                             15 	.area CONST   (CODE)
                             16 	.area DSEG    (PAG)
                             17 	.area OSEG    (PAG, OVR)
                             18 	.area XSEG
                             19 	.area XISEG
                             20 ;--------------------------------------------------------
                             21 ; Public variables in this module
                             22 ;--------------------------------------------------------
                             23 	.globl ___fsgt_PARM_2
                             24 	.globl ___fsgt_PARM_1
                             25 	.globl ___fsgt
                             26 ;--------------------------------------------------------
                             27 ; ram data
                             28 ;--------------------------------------------------------
                             29 	.area DSEG    (PAG)
                             30 ;--------------------------------------------------------
                             31 ; overlayable items in ram 
                             32 ;--------------------------------------------------------
                             33 	.area	OSEG    (PAG, OVR)
   0000                      34 ___fsgt_sloc0_1_0:
   0000                      35 	.ds 4
   0004                      36 ___fsgt_sloc1_1_0:
   0004                      37 	.ds 4
                             38 ;--------------------------------------------------------
                             39 ; absolute ram data
                             40 ;--------------------------------------------------------
                             41 	.area IABS    (ABS)
                             42 	.area IABS    (ABS)
                             43 ;--------------------------------------------------------
                             44 ; absolute external ram data
                             45 ;--------------------------------------------------------
                             46 	.area XABS    (ABS)
                             47 ;--------------------------------------------------------
                             48 ; external initialized ram data
                             49 ;--------------------------------------------------------
                             50 	.area XISEG
                             51 ;--------------------------------------------------------
                             52 ; extended address mode data
                             53 ;--------------------------------------------------------
                             54 	.area XSEG
   0000                      55 ___fsgt_PARM_1:
   0000                      56 	.ds 4
   0004                      57 ___fsgt_PARM_2:
   0004                      58 	.ds 4
   0008                      59 ___fsgt_fl1_1_21:
   0008                      60 	.ds 4
   000C                      61 ___fsgt_fl2_1_21:
   000C                      62 	.ds 4
                             63 ;--------------------------------------------------------
                             64 ; global & static initialisations
                             65 ;--------------------------------------------------------
                             66 	.area HOME    (CODE)
                             67 	.area GSINIT  (CODE)
                             68 	.area GSFINAL (CODE)
                             69 	.area GSINIT  (CODE)
                             70 ;--------------------------------------------------------
                             71 ; Home
                             72 ;--------------------------------------------------------
                             73 	.area HOME    (CODE)
                             74 	.area HOME    (CODE)
                             75 ;--------------------------------------------------------
                             76 ; code
                             77 ;--------------------------------------------------------
                             78 	.area CSEG    (CODE)
                             79 ;------------------------------------------------------------
                             80 ;Allocation info for local variables in function '__fsgt'
                             81 ;------------------------------------------------------------
                             82 ;a1                        Allocated with name '___fsgt_PARM_1'
                             83 ;a2                        Allocated with name '___fsgt_PARM_2'
                             84 ;fl1                       Allocated with name '___fsgt_fl1_1_21'
                             85 ;fl2                       Allocated with name '___fsgt_fl2_1_21'
                             86 ;sloc0                     Allocated with name '___fsgt_sloc0_1_0'
                             87 ;sloc1                     Allocated with name '___fsgt_sloc1_1_0'
                             88 ;------------------------------------------------------------
                             89 ;../_fsgt.c:108: char __fsgt (float a1, float a2)
                             90 ;	-----------------------------------------
                             91 ;	 function __fsgt
                             92 ;	-----------------------------------------
                             93 ;	Register assignment is optimal.
                             94 ;	Stack space usage: 0 bytes.
   0000                      95 ___fsgt:
                             96 ;../_fsgt.c:112: fl1.f = a1;
   0000 C6r00r00      [ 4]   97 	lda	___fsgt_PARM_1
   0003 C7r00r08      [ 4]   98 	sta	___fsgt_fl1_1_21
   0006 C6r00r01      [ 4]   99 	lda	(___fsgt_PARM_1 + 1)
   0009 C7r00r09      [ 4]  100 	sta	(___fsgt_fl1_1_21 + 1)
   000C C6r00r02      [ 4]  101 	lda	(___fsgt_PARM_1 + 2)
   000F C7r00r0A      [ 4]  102 	sta	(___fsgt_fl1_1_21 + 2)
   0012 C6r00r03      [ 4]  103 	lda	(___fsgt_PARM_1 + 3)
   0015 C7r00r0B      [ 4]  104 	sta	(___fsgt_fl1_1_21 + 3)
                            105 ;../_fsgt.c:113: fl2.f = a2;
   0018 C6r00r04      [ 4]  106 	lda	___fsgt_PARM_2
   001B C7r00r0C      [ 4]  107 	sta	___fsgt_fl2_1_21
   001E C6r00r05      [ 4]  108 	lda	(___fsgt_PARM_2 + 1)
   0021 C7r00r0D      [ 4]  109 	sta	(___fsgt_fl2_1_21 + 1)
   0024 C6r00r06      [ 4]  110 	lda	(___fsgt_PARM_2 + 2)
   0027 C7r00r0E      [ 4]  111 	sta	(___fsgt_fl2_1_21 + 2)
   002A C6r00r07      [ 4]  112 	lda	(___fsgt_PARM_2 + 3)
   002D C7r00r0F      [ 4]  113 	sta	(___fsgt_fl2_1_21 + 3)
                            114 ;../_fsgt.c:115: if (((fl1.l | fl2.l) & 0x7FFFFFFF) == 0)
   0030 C6r00r08      [ 4]  115 	lda	___fsgt_fl1_1_21
   0033 B7*00         [ 3]  116 	sta	*___fsgt_sloc0_1_0
   0035 C6r00r09      [ 4]  117 	lda	(___fsgt_fl1_1_21 + 1)
   0038 B7*01         [ 3]  118 	sta	*(___fsgt_sloc0_1_0 + 1)
   003A C6r00r0A      [ 4]  119 	lda	(___fsgt_fl1_1_21 + 2)
   003D B7*02         [ 3]  120 	sta	*(___fsgt_sloc0_1_0 + 2)
   003F C6r00r0B      [ 4]  121 	lda	(___fsgt_fl1_1_21 + 3)
   0042 B7*03         [ 3]  122 	sta	*(___fsgt_sloc0_1_0 + 3)
   0044 C6r00r0C      [ 4]  123 	lda	___fsgt_fl2_1_21
   0047 B7*04         [ 3]  124 	sta	*___fsgt_sloc1_1_0
   0049 C6r00r0D      [ 4]  125 	lda	(___fsgt_fl2_1_21 + 1)
   004C B7*05         [ 3]  126 	sta	*(___fsgt_sloc1_1_0 + 1)
   004E C6r00r0E      [ 4]  127 	lda	(___fsgt_fl2_1_21 + 2)
   0051 B7*06         [ 3]  128 	sta	*(___fsgt_sloc1_1_0 + 2)
   0053 C6r00r0F      [ 4]  129 	lda	(___fsgt_fl2_1_21 + 3)
   0056 B7*07         [ 3]  130 	sta	*(___fsgt_sloc1_1_0 + 3)
   0058 B6*03         [ 3]  131 	lda	*(___fsgt_sloc0_1_0 + 3)
   005A BA*07         [ 3]  132 	ora	*(___fsgt_sloc1_1_0 + 3)
   005C B7*07         [ 3]  133 	sta	*(___fsgt_sloc1_1_0 + 3)
   005E B6*02         [ 3]  134 	lda	*(___fsgt_sloc0_1_0 + 2)
   0060 BA*06         [ 3]  135 	ora	*(___fsgt_sloc1_1_0 + 2)
   0062 B7*06         [ 3]  136 	sta	*(___fsgt_sloc1_1_0 + 2)
   0064 B6*01         [ 3]  137 	lda	*(___fsgt_sloc0_1_0 + 1)
   0066 BA*05         [ 3]  138 	ora	*(___fsgt_sloc1_1_0 + 1)
   0068 B7*05         [ 3]  139 	sta	*(___fsgt_sloc1_1_0 + 1)
   006A B6*00         [ 3]  140 	lda	*___fsgt_sloc0_1_0
   006C BA*04         [ 3]  141 	ora	*___fsgt_sloc1_1_0
   006E B7*04         [ 3]  142 	sta	*___fsgt_sloc1_1_0
   0070 3D*07         [ 3]  143 	tst	*(___fsgt_sloc1_1_0 + 3)
   0072 26 0C         [ 3]  144 	bne	00132$
   0074 3D*06         [ 3]  145 	tst	*(___fsgt_sloc1_1_0 + 2)
   0076 26 08         [ 3]  146 	bne	00132$
   0078 3D*05         [ 3]  147 	tst	*(___fsgt_sloc1_1_0 + 1)
   007A 26 04         [ 3]  148 	bne	00132$
   007C B6*04         [ 3]  149 	lda	*___fsgt_sloc1_1_0
   007E A5 7F         [ 2]  150 	bit	#0x7F
   0080                     151 00132$:
   0080 26 02         [ 3]  152 	bne	00102$
                            153 ;../_fsgt.c:116: return (0);
   0082 4F            [ 1]  154 	clra
   0083 81            [ 4]  155 	rts
   0084                     156 00102$:
                            157 ;../_fsgt.c:118: if (fl1.l<0 && fl2.l<0) {
   0084 C6r00r08      [ 4]  158 	lda	___fsgt_fl1_1_21
   0087 B7*04         [ 3]  159 	sta	*___fsgt_sloc1_1_0
   0089 C6r00r09      [ 4]  160 	lda	(___fsgt_fl1_1_21 + 1)
   008C B7*05         [ 3]  161 	sta	*(___fsgt_sloc1_1_0 + 1)
   008E C6r00r0A      [ 4]  162 	lda	(___fsgt_fl1_1_21 + 2)
   0091 B7*06         [ 3]  163 	sta	*(___fsgt_sloc1_1_0 + 2)
   0093 C6r00r0B      [ 4]  164 	lda	(___fsgt_fl1_1_21 + 3)
   0096 B7*07         [ 3]  165 	sta	*(___fsgt_sloc1_1_0 + 3)
   0098 B6*04         [ 3]  166 	lda	*___fsgt_sloc1_1_0
   009A A0 00         [ 2]  167 	sub	#0x00
   009C 90 59         [ 3]  168 	bge	00106$
   009E C6r00r0C      [ 4]  169 	lda	___fsgt_fl2_1_21
   00A1 B7*04         [ 3]  170 	sta	*___fsgt_sloc1_1_0
   00A3 C6r00r0D      [ 4]  171 	lda	(___fsgt_fl2_1_21 + 1)
   00A6 B7*05         [ 3]  172 	sta	*(___fsgt_sloc1_1_0 + 1)
   00A8 C6r00r0E      [ 4]  173 	lda	(___fsgt_fl2_1_21 + 2)
   00AB B7*06         [ 3]  174 	sta	*(___fsgt_sloc1_1_0 + 2)
   00AD C6r00r0F      [ 4]  175 	lda	(___fsgt_fl2_1_21 + 3)
   00B0 B7*07         [ 3]  176 	sta	*(___fsgt_sloc1_1_0 + 3)
   00B2 B6*04         [ 3]  177 	lda	*___fsgt_sloc1_1_0
   00B4 A0 00         [ 2]  178 	sub	#0x00
   00B6 90 3F         [ 3]  179 	bge	00106$
                            180 ;../_fsgt.c:119: if (fl2.l > fl1.l)
   00B8 C6r00r0C      [ 4]  181 	lda	___fsgt_fl2_1_21
   00BB B7*04         [ 3]  182 	sta	*___fsgt_sloc1_1_0
   00BD C6r00r0D      [ 4]  183 	lda	(___fsgt_fl2_1_21 + 1)
   00C0 B7*05         [ 3]  184 	sta	*(___fsgt_sloc1_1_0 + 1)
   00C2 C6r00r0E      [ 4]  185 	lda	(___fsgt_fl2_1_21 + 2)
   00C5 B7*06         [ 3]  186 	sta	*(___fsgt_sloc1_1_0 + 2)
   00C7 C6r00r0F      [ 4]  187 	lda	(___fsgt_fl2_1_21 + 3)
   00CA B7*07         [ 3]  188 	sta	*(___fsgt_sloc1_1_0 + 3)
   00CC C6r00r08      [ 4]  189 	lda	___fsgt_fl1_1_21
   00CF B7*00         [ 3]  190 	sta	*___fsgt_sloc0_1_0
   00D1 C6r00r09      [ 4]  191 	lda	(___fsgt_fl1_1_21 + 1)
   00D4 B7*01         [ 3]  192 	sta	*(___fsgt_sloc0_1_0 + 1)
   00D6 C6r00r0A      [ 4]  193 	lda	(___fsgt_fl1_1_21 + 2)
   00D9 B7*02         [ 3]  194 	sta	*(___fsgt_sloc0_1_0 + 2)
   00DB C6r00r0B      [ 4]  195 	lda	(___fsgt_fl1_1_21 + 3)
   00DE B7*03         [ 3]  196 	sta	*(___fsgt_sloc0_1_0 + 3)
   00E0 B6*03         [ 3]  197 	lda	*(___fsgt_sloc0_1_0 + 3)
   00E2 B0*07         [ 3]  198 	sub	*(___fsgt_sloc1_1_0 + 3)
   00E4 B6*02         [ 3]  199 	lda	*(___fsgt_sloc0_1_0 + 2)
   00E6 B2*06         [ 3]  200 	sbc	*(___fsgt_sloc1_1_0 + 2)
   00E8 B6*01         [ 3]  201 	lda	*(___fsgt_sloc0_1_0 + 1)
   00EA B2*05         [ 3]  202 	sbc	*(___fsgt_sloc1_1_0 + 1)
   00EC B6*00         [ 3]  203 	lda	*___fsgt_sloc0_1_0
   00EE B2*04         [ 3]  204 	sbc	*___fsgt_sloc1_1_0
   00F0 90 03         [ 3]  205 	bge	00104$
                            206 ;../_fsgt.c:120: return (1);
   00F2 A6 01         [ 2]  207 	lda	#0x01
   00F4 81            [ 4]  208 	rts
   00F5                     209 00104$:
                            210 ;../_fsgt.c:121: return (0);
   00F5 4F            [ 1]  211 	clra
   00F6 81            [ 4]  212 	rts
   00F7                     213 00106$:
                            214 ;../_fsgt.c:124: if (fl1.l > fl2.l)
   00F7 C6r00r08      [ 4]  215 	lda	___fsgt_fl1_1_21
   00FA B7*04         [ 3]  216 	sta	*___fsgt_sloc1_1_0
   00FC C6r00r09      [ 4]  217 	lda	(___fsgt_fl1_1_21 + 1)
   00FF B7*05         [ 3]  218 	sta	*(___fsgt_sloc1_1_0 + 1)
   0101 C6r00r0A      [ 4]  219 	lda	(___fsgt_fl1_1_21 + 2)
   0104 B7*06         [ 3]  220 	sta	*(___fsgt_sloc1_1_0 + 2)
   0106 C6r00r0B      [ 4]  221 	lda	(___fsgt_fl1_1_21 + 3)
   0109 B7*07         [ 3]  222 	sta	*(___fsgt_sloc1_1_0 + 3)
   010B C6r00r0C      [ 4]  223 	lda	___fsgt_fl2_1_21
   010E B7*00         [ 3]  224 	sta	*___fsgt_sloc0_1_0
   0110 C6r00r0D      [ 4]  225 	lda	(___fsgt_fl2_1_21 + 1)
   0113 B7*01         [ 3]  226 	sta	*(___fsgt_sloc0_1_0 + 1)
   0115 C6r00r0E      [ 4]  227 	lda	(___fsgt_fl2_1_21 + 2)
   0118 B7*02         [ 3]  228 	sta	*(___fsgt_sloc0_1_0 + 2)
   011A C6r00r0F      [ 4]  229 	lda	(___fsgt_fl2_1_21 + 3)
   011D B7*03         [ 3]  230 	sta	*(___fsgt_sloc0_1_0 + 3)
   011F B6*03         [ 3]  231 	lda	*(___fsgt_sloc0_1_0 + 3)
   0121 B0*07         [ 3]  232 	sub	*(___fsgt_sloc1_1_0 + 3)
   0123 B6*02         [ 3]  233 	lda	*(___fsgt_sloc0_1_0 + 2)
   0125 B2*06         [ 3]  234 	sbc	*(___fsgt_sloc1_1_0 + 2)
   0127 B6*01         [ 3]  235 	lda	*(___fsgt_sloc0_1_0 + 1)
   0129 B2*05         [ 3]  236 	sbc	*(___fsgt_sloc1_1_0 + 1)
   012B B6*00         [ 3]  237 	lda	*___fsgt_sloc0_1_0
   012D B2*04         [ 3]  238 	sbc	*___fsgt_sloc1_1_0
   012F 90 03         [ 3]  239 	bge	00109$
                            240 ;../_fsgt.c:125: return (1);
   0131 A6 01         [ 2]  241 	lda	#0x01
   0133 81            [ 4]  242 	rts
   0134                     243 00109$:
                            244 ;../_fsgt.c:126: return (0);
   0134 4F            [ 1]  245 	clra
   0135 81            [ 4]  246 	rts
                            247 	.area CSEG    (CODE)
                            248 	.area CONST   (CODE)
                            249 	.area XINIT   (CODE)
                            250 	.area CABS    (ABS,CODE)
