                              1 ;--------------------------------------------------------
                              2 ; File Created by SDCC : free open source ANSI-C Compiler
                              3 ; Version 3.5.0 #9253 (Apr  4 2022) (Linux)
                              4 ; This file was generated Mon Apr  4 14:10:32 2022
                              5 ;--------------------------------------------------------
                              6 	.module _modslong
                              7 	.optsdcc -mhc08
                              8 	
                              9 	.area HOME    (CODE)
                             10 	.area GSINIT0 (CODE)
                             11 	.area GSINIT  (CODE)
                             12 	.area GSFINAL (CODE)
                             13 	.area CSEG    (CODE)
                             14 	.area XINIT   (CODE)
                             15 	.area CONST   (CODE)
                             16 	.area DSEG    (PAG)
                             17 	.area OSEG    (PAG, OVR)
                             18 	.area XSEG
                             19 	.area XISEG
                             20 ;--------------------------------------------------------
                             21 ; Public variables in this module
                             22 ;--------------------------------------------------------
                             23 	.globl __modslong_PARM_2
                             24 	.globl __modslong_PARM_1
                             25 	.globl __modslong
                             26 ;--------------------------------------------------------
                             27 ; ram data
                             28 ;--------------------------------------------------------
                             29 	.area DSEG    (PAG)
   0000                      30 __modslong_sloc0_1_0:
   0000                      31 	.ds 1
   0001                      32 __modslong_sloc1_1_0:
   0001                      33 	.ds 4
   0005                      34 __modslong_sloc2_1_0:
   0005                      35 	.ds 4
                             36 ;--------------------------------------------------------
                             37 ; overlayable items in ram 
                             38 ;--------------------------------------------------------
                             39 ;--------------------------------------------------------
                             40 ; absolute ram data
                             41 ;--------------------------------------------------------
                             42 	.area IABS    (ABS)
                             43 	.area IABS    (ABS)
                             44 ;--------------------------------------------------------
                             45 ; absolute external ram data
                             46 ;--------------------------------------------------------
                             47 	.area XABS    (ABS)
                             48 ;--------------------------------------------------------
                             49 ; external initialized ram data
                             50 ;--------------------------------------------------------
                             51 	.area XISEG
                             52 ;--------------------------------------------------------
                             53 ; extended address mode data
                             54 ;--------------------------------------------------------
                             55 	.area XSEG
   0000                      56 __modslong_PARM_1:
   0000                      57 	.ds 4
   0004                      58 __modslong_PARM_2:
   0004                      59 	.ds 4
                             60 ;--------------------------------------------------------
                             61 ; global & static initialisations
                             62 ;--------------------------------------------------------
                             63 	.area HOME    (CODE)
                             64 	.area GSINIT  (CODE)
                             65 	.area GSFINAL (CODE)
                             66 	.area GSINIT  (CODE)
                             67 ;--------------------------------------------------------
                             68 ; Home
                             69 ;--------------------------------------------------------
                             70 	.area HOME    (CODE)
                             71 	.area HOME    (CODE)
                             72 ;--------------------------------------------------------
                             73 ; code
                             74 ;--------------------------------------------------------
                             75 	.area CSEG    (CODE)
                             76 ;------------------------------------------------------------
                             77 ;Allocation info for local variables in function '_modslong'
                             78 ;------------------------------------------------------------
                             79 ;sloc0                     Allocated with name '__modslong_sloc0_1_0'
                             80 ;sloc1                     Allocated with name '__modslong_sloc1_1_0'
                             81 ;sloc2                     Allocated with name '__modslong_sloc2_1_0'
                             82 ;a                         Allocated with name '__modslong_PARM_1'
                             83 ;b                         Allocated with name '__modslong_PARM_2'
                             84 ;r                         Allocated with name '__modslong_r_1_2'
                             85 ;------------------------------------------------------------
                             86 ;../_modslong.c:259: _modslong (long a, long b)
                             87 ;	-----------------------------------------
                             88 ;	 function _modslong
                             89 ;	-----------------------------------------
                             90 ;	Register assignment is optimal.
                             91 ;	Stack space usage: 0 bytes.
   0000                      92 __modslong:
                             93 ;../_modslong.c:263: r = (unsigned long)(a < 0 ? -a : a) % (unsigned long)(b < 0 ? -b : b);
   0000 C6r00r00      [ 4]   94 	lda	__modslong_PARM_1
   0003 A0 00         [ 2]   95 	sub	#0x00
   0005 91 03         [ 3]   96 	blt	00122$
   0007 4F            [ 1]   97 	clra
   0008 20 02         [ 3]   98 	bra	00123$
   000A                      99 00122$:
   000A A6 01         [ 2]  100 	lda	#0x01
   000C                     101 00123$:
   000C B7*00         [ 3]  102 	sta	*__modslong_sloc0_1_0
   000E 3D*00         [ 3]  103 	tst	*__modslong_sloc0_1_0
   0010 27 1A         [ 3]  104 	beq	00106$
   0012 4F            [ 1]  105 	clra
   0013 C0r00r03      [ 4]  106 	sub	(__modslong_PARM_1 + 3)
   0016 B7*04         [ 3]  107 	sta	*(__modslong_sloc1_1_0 + 3)
   0018 4F            [ 1]  108 	clra
   0019 C2r00r02      [ 4]  109 	sbc	(__modslong_PARM_1 + 2)
   001C B7*03         [ 3]  110 	sta	*(__modslong_sloc1_1_0 + 2)
   001E 4F            [ 1]  111 	clra
   001F C2r00r01      [ 4]  112 	sbc	(__modslong_PARM_1 + 1)
   0022 B7*02         [ 3]  113 	sta	*(__modslong_sloc1_1_0 + 1)
   0024 4F            [ 1]  114 	clra
   0025 C2r00r00      [ 4]  115 	sbc	__modslong_PARM_1
   0028 B7*01         [ 3]  116 	sta	*__modslong_sloc1_1_0
   002A 20 0B         [ 3]  117 	bra	00107$
   002C                     118 00106$:
   002C 45r00r00      [ 3]  119 	ldhx	#__modslong_PARM_1
   002F 7E*01         [ 4]  120 	mov	,x+,*__modslong_sloc1_1_0
   0031 7E*02         [ 4]  121 	mov	,x+,*(__modslong_sloc1_1_0 + 1)
   0033 7E*03         [ 4]  122 	mov	,x+,*(__modslong_sloc1_1_0 + 2)
   0035 7E*04         [ 4]  123 	mov	,x+,*(__modslong_sloc1_1_0 + 3)
   0037                     124 00107$:
   0037 C6r00r04      [ 4]  125 	lda	__modslong_PARM_2
   003A A0 00         [ 2]  126 	sub	#0x00
   003C 90 1A         [ 3]  127 	bge	00108$
   003E 4F            [ 1]  128 	clra
   003F C0r00r07      [ 4]  129 	sub	(__modslong_PARM_2 + 3)
   0042 B7*08         [ 3]  130 	sta	*(__modslong_sloc2_1_0 + 3)
   0044 4F            [ 1]  131 	clra
   0045 C2r00r06      [ 4]  132 	sbc	(__modslong_PARM_2 + 2)
   0048 B7*07         [ 3]  133 	sta	*(__modslong_sloc2_1_0 + 2)
   004A 4F            [ 1]  134 	clra
   004B C2r00r05      [ 4]  135 	sbc	(__modslong_PARM_2 + 1)
   004E B7*06         [ 3]  136 	sta	*(__modslong_sloc2_1_0 + 1)
   0050 4F            [ 1]  137 	clra
   0051 C2r00r04      [ 4]  138 	sbc	__modslong_PARM_2
   0054 B7*05         [ 3]  139 	sta	*__modslong_sloc2_1_0
   0056 20 0B         [ 3]  140 	bra	00109$
   0058                     141 00108$:
   0058 45r00r04      [ 3]  142 	ldhx	#__modslong_PARM_2
   005B 7E*05         [ 4]  143 	mov	,x+,*__modslong_sloc2_1_0
   005D 7E*06         [ 4]  144 	mov	,x+,*(__modslong_sloc2_1_0 + 1)
   005F 7E*07         [ 4]  145 	mov	,x+,*(__modslong_sloc2_1_0 + 2)
   0061 7E*08         [ 4]  146 	mov	,x+,*(__modslong_sloc2_1_0 + 3)
   0063                     147 00109$:
   0063 B6*08         [ 3]  148 	lda	*(__modslong_sloc2_1_0 + 3)
   0065 C7r00r03      [ 4]  149 	sta	(__modulong_PARM_2 + 3)
   0068 B6*07         [ 3]  150 	lda	*(__modslong_sloc2_1_0 + 2)
   006A C7r00r02      [ 4]  151 	sta	(__modulong_PARM_2 + 2)
   006D B6*06         [ 3]  152 	lda	*(__modslong_sloc2_1_0 + 1)
   006F C7r00r01      [ 4]  153 	sta	(__modulong_PARM_2 + 1)
   0072 B6*05         [ 3]  154 	lda	*__modslong_sloc2_1_0
   0074 C7r00r00      [ 4]  155 	sta	__modulong_PARM_2
   0077 45r00r00      [ 3]  156 	ldhx	#__modulong_PARM_1
   007A 5E*01         [ 4]  157 	mov	*__modslong_sloc1_1_0,x+
   007C 5E*02         [ 4]  158 	mov	*(__modslong_sloc1_1_0 + 1),x+
   007E 5E*03         [ 4]  159 	mov	*(__modslong_sloc1_1_0 + 2),x+
   0080 5E*04         [ 4]  160 	mov	*(__modslong_sloc1_1_0 + 3),x+
                            161 ;../_modslong.c:265: if (a < 0)
   0082 CDr00r00      [ 5]  162 	jsr	__modulong
   0085 B7*08         [ 3]  163 	sta	*(__modslong_sloc2_1_0 + 3)
   0087 BF*07         [ 3]  164 	stx	*(__modslong_sloc2_1_0 + 2)
   0089 4E*00*06      [ 5]  165 	mov	*___SDCC_hc08_ret2,*(__modslong_sloc2_1_0 + 1)
   008C 4E*00*05      [ 5]  166 	mov	*___SDCC_hc08_ret3,*__modslong_sloc2_1_0
   008F 3D*00         [ 3]  167 	tst	*__modslong_sloc0_1_0
   0091 27 1F         [ 3]  168 	beq	00102$
                            169 ;../_modslong.c:266: return -r;
   0093 4F            [ 1]  170 	clra
   0094 B0*08         [ 3]  171 	sub	*(__modslong_sloc2_1_0 + 3)
   0096 B7*04         [ 3]  172 	sta	*(__modslong_sloc1_1_0 + 3)
   0098 4F            [ 1]  173 	clra
   0099 B2*07         [ 3]  174 	sbc	*(__modslong_sloc2_1_0 + 2)
   009B B7*03         [ 3]  175 	sta	*(__modslong_sloc1_1_0 + 2)
   009D 4F            [ 1]  176 	clra
   009E B2*06         [ 3]  177 	sbc	*(__modslong_sloc2_1_0 + 1)
   00A0 B7*02         [ 3]  178 	sta	*(__modslong_sloc1_1_0 + 1)
   00A2 4F            [ 1]  179 	clra
   00A3 B2*05         [ 3]  180 	sbc	*__modslong_sloc2_1_0
   00A5 B7*01         [ 3]  181 	sta	*__modslong_sloc1_1_0
   00A7 4E*01*00      [ 5]  182 	mov	*__modslong_sloc1_1_0,*___SDCC_hc08_ret3
   00AA 4E*02*00      [ 5]  183 	mov	*(__modslong_sloc1_1_0 + 1),*___SDCC_hc08_ret2
   00AD BE*03         [ 3]  184 	ldx	*(__modslong_sloc1_1_0 + 2)
   00AF B6*04         [ 3]  185 	lda	*(__modslong_sloc1_1_0 + 3)
   00B1 81            [ 4]  186 	rts
   00B2                     187 00102$:
                            188 ;../_modslong.c:268: return r;
   00B2 4E*05*00      [ 5]  189 	mov	*__modslong_sloc2_1_0,*___SDCC_hc08_ret3
   00B5 4E*06*00      [ 5]  190 	mov	*(__modslong_sloc2_1_0 + 1),*___SDCC_hc08_ret2
   00B8 BE*07         [ 3]  191 	ldx	*(__modslong_sloc2_1_0 + 2)
   00BA B6*08         [ 3]  192 	lda	*(__modslong_sloc2_1_0 + 3)
   00BC 81            [ 4]  193 	rts
                            194 	.area CSEG    (CODE)
                            195 	.area CONST   (CODE)
                            196 	.area XINIT   (CODE)
                            197 	.area CABS    (ABS,CODE)
