                              1 ;--------------------------------------------------------
                              2 ; File Created by SDCC : free open source ANSI-C Compiler
                              3 ; Version 3.5.0 #9253 (Apr  4 2022) (Linux)
                              4 ; This file was generated Mon Apr  4 14:10:31 2022
                              5 ;--------------------------------------------------------
                              6 	.module _sint2fs
                              7 	.optsdcc -mhc08
                              8 	
                              9 	.area HOME    (CODE)
                             10 	.area GSINIT0 (CODE)
                             11 	.area GSINIT  (CODE)
                             12 	.area GSFINAL (CODE)
                             13 	.area CSEG    (CODE)
                             14 	.area XINIT   (CODE)
                             15 	.area CONST   (CODE)
                             16 	.area DSEG    (PAG)
                             17 	.area OSEG    (PAG, OVR)
                             18 	.area XSEG
                             19 	.area XISEG
                             20 ;--------------------------------------------------------
                             21 ; Public variables in this module
                             22 ;--------------------------------------------------------
                             23 	.globl ___slong2fs
                             24 	.globl ___sint2fs
                             25 ;--------------------------------------------------------
                             26 ; ram data
                             27 ;--------------------------------------------------------
                             28 	.area DSEG    (PAG)
   0000                      29 ___sint2fs_sloc0_1_0:
   0000                      30 	.ds 4
                             31 ;--------------------------------------------------------
                             32 ; overlayable items in ram 
                             33 ;--------------------------------------------------------
                             34 ;--------------------------------------------------------
                             35 ; absolute ram data
                             36 ;--------------------------------------------------------
                             37 	.area IABS    (ABS)
                             38 	.area IABS    (ABS)
                             39 ;--------------------------------------------------------
                             40 ; absolute external ram data
                             41 ;--------------------------------------------------------
                             42 	.area XABS    (ABS)
                             43 ;--------------------------------------------------------
                             44 ; external initialized ram data
                             45 ;--------------------------------------------------------
                             46 	.area XISEG
                             47 ;--------------------------------------------------------
                             48 ; extended address mode data
                             49 ;--------------------------------------------------------
                             50 	.area XSEG
                             51 ;--------------------------------------------------------
                             52 ; global & static initialisations
                             53 ;--------------------------------------------------------
                             54 	.area HOME    (CODE)
                             55 	.area GSINIT  (CODE)
                             56 	.area GSFINAL (CODE)
                             57 	.area GSINIT  (CODE)
                             58 ;--------------------------------------------------------
                             59 ; Home
                             60 ;--------------------------------------------------------
                             61 	.area HOME    (CODE)
                             62 	.area HOME    (CODE)
                             63 ;--------------------------------------------------------
                             64 ; code
                             65 ;--------------------------------------------------------
                             66 	.area CSEG    (CODE)
                             67 ;------------------------------------------------------------
                             68 ;Allocation info for local variables in function '__sint2fs'
                             69 ;------------------------------------------------------------
                             70 ;sloc0                     Allocated with name '___sint2fs_sloc0_1_0'
                             71 ;si                        Allocated to registers a x 
                             72 ;------------------------------------------------------------
                             73 ;../_sint2fs.c:54: float __sint2fs (signed int si) {
                             74 ;	-----------------------------------------
                             75 ;	 function __sint2fs
                             76 ;	-----------------------------------------
                             77 ;	Register assignment is optimal.
                             78 ;	Stack space usage: 0 bytes.
   0000                      79 ___sint2fs:
                             80 ;../_sint2fs.c:55: return __slong2fs(si);
   0000 C7r00r03      [ 4]   81 	sta	(___slong2fs_PARM_1 + 3)
   0003 9F            [ 1]   82 	txa
   0004 C7r00r02      [ 4]   83 	sta	(___slong2fs_PARM_1 + 2)
   0007 49            [ 1]   84 	rola	
   0008 4F            [ 1]   85 	clra	
   0009 A2 00         [ 2]   86 	sbc	#0x00
   000B C7r00r01      [ 4]   87 	sta	(___slong2fs_PARM_1 + 1)
   000E C7r00r00      [ 4]   88 	sta	___slong2fs_PARM_1
   0011 CDr00r00      [ 5]   89 	jsr	___slong2fs
   0014 B7*03         [ 3]   90 	sta	*(___sint2fs_sloc0_1_0 + 3)
   0016 BF*02         [ 3]   91 	stx	*(___sint2fs_sloc0_1_0 + 2)
   0018 4E*00*01      [ 5]   92 	mov	*___SDCC_hc08_ret2,*(___sint2fs_sloc0_1_0 + 1)
   001B 4E*00*00      [ 5]   93 	mov	*___SDCC_hc08_ret3,*___sint2fs_sloc0_1_0
   001E 4E*00*00      [ 5]   94 	mov	*___sint2fs_sloc0_1_0,*___SDCC_hc08_ret3
   0021 4E*01*00      [ 5]   95 	mov	*(___sint2fs_sloc0_1_0 + 1),*___SDCC_hc08_ret2
   0024 BE*02         [ 3]   96 	ldx	*(___sint2fs_sloc0_1_0 + 2)
   0026 B6*03         [ 3]   97 	lda	*(___sint2fs_sloc0_1_0 + 3)
   0028 81            [ 4]   98 	rts
                             99 	.area CSEG    (CODE)
                            100 	.area CONST   (CODE)
                            101 	.area XINIT   (CODE)
                            102 	.area CABS    (ABS,CODE)
