                              1 ;--------------------------------------------------------
                              2 ; File Created by SDCC : free open source ANSI-C Compiler
                              3 ; Version 3.5.0 #9253 (Apr  4 2022) (Linux)
                              4 ; This file was generated Mon Apr  4 14:10:35 2022
                              5 ;--------------------------------------------------------
                              6 	.module _startup
                              7 	.optsdcc -mhc08
                              8 	
                              9 	.area HOME    (CODE)
                             10 	.area GSINIT0 (CODE)
                             11 	.area GSINIT  (CODE)
                             12 	.area GSFINAL (CODE)
                             13 	.area CSEG    (CODE)
                             14 	.area XINIT   (CODE)
                             15 	.area CONST   (CODE)
                             16 	.area DSEG    (PAG)
                             17 	.area OSEG    (PAG, OVR)
                             18 	.area XSEG
                             19 	.area XISEG
                             20 ;--------------------------------------------------------
                             21 ; Public variables in this module
                             22 ;--------------------------------------------------------
                             23 	.globl __sdcc_external_startup
                             24 ;--------------------------------------------------------
                             25 ; ram data
                             26 ;--------------------------------------------------------
                             27 	.area DSEG    (PAG)
                             28 ;--------------------------------------------------------
                             29 ; overlayable items in ram 
                             30 ;--------------------------------------------------------
                             31 ;--------------------------------------------------------
                             32 ; absolute ram data
                             33 ;--------------------------------------------------------
                             34 	.area IABS    (ABS)
                             35 	.area IABS    (ABS)
                             36 ;--------------------------------------------------------
                             37 ; absolute external ram data
                             38 ;--------------------------------------------------------
                             39 	.area XABS    (ABS)
                             40 ;--------------------------------------------------------
                             41 ; external initialized ram data
                             42 ;--------------------------------------------------------
                             43 	.area XISEG
                             44 ;--------------------------------------------------------
                             45 ; extended address mode data
                             46 ;--------------------------------------------------------
                             47 	.area XSEG
                             48 ;--------------------------------------------------------
                             49 ; global & static initialisations
                             50 ;--------------------------------------------------------
                             51 	.area HOME    (CODE)
                             52 	.area GSINIT  (CODE)
                             53 	.area GSFINAL (CODE)
                             54 	.area GSINIT  (CODE)
                             55 ;--------------------------------------------------------
                             56 ; Home
                             57 ;--------------------------------------------------------
                             58 	.area HOME    (CODE)
                             59 	.area HOME    (CODE)
                             60 ;--------------------------------------------------------
                             61 ; code
                             62 ;--------------------------------------------------------
                             63 	.area CSEG    (CODE)
                             64 ;------------------------------------------------------------
                             65 ;Allocation info for local variables in function '_sdcc_external_startup'
                             66 ;------------------------------------------------------------
                             67 ;../_startup.c:52: unsigned char _sdcc_external_startup ()
                             68 ;	-----------------------------------------
                             69 ;	 function _sdcc_external_startup
                             70 ;	-----------------------------------------
                             71 ;	Register assignment is optimal.
                             72 ;	Stack space usage: 0 bytes.
   0000                      73 __sdcc_external_startup:
                             74 ;../_startup.c:54: return 0;
   0000 4F            [ 1]   75 	clra
   0001 81            [ 4]   76 	rts
                             77 	.area CSEG    (CODE)
                             78 	.area CONST   (CODE)
                             79 	.area XINIT   (CODE)
                             80 	.area CABS    (ABS,CODE)
