                              1 ;--------------------------------------------------------
                              2 ; File Created by SDCC : free open source ANSI-C Compiler
                              3 ; Version 3.5.0 #9253 (Apr  4 2022) (Linux)
                              4 ; This file was generated Mon Apr  4 14:10:32 2022
                              5 ;--------------------------------------------------------
                              6 	.module cosf
                              7 	.optsdcc -mhc08
                              8 	
                              9 	.area HOME    (CODE)
                             10 	.area GSINIT0 (CODE)
                             11 	.area GSINIT  (CODE)
                             12 	.area GSFINAL (CODE)
                             13 	.area CSEG    (CODE)
                             14 	.area XINIT   (CODE)
                             15 	.area CONST   (CODE)
                             16 	.area DSEG    (PAG)
                             17 	.area OSEG    (PAG, OVR)
                             18 	.area XSEG
                             19 	.area XISEG
                             20 ;--------------------------------------------------------
                             21 ; Public variables in this module
                             22 ;--------------------------------------------------------
                             23 	.globl _sincosf
                             24 	.globl _cosf
                             25 ;--------------------------------------------------------
                             26 ; ram data
                             27 ;--------------------------------------------------------
                             28 	.area DSEG    (PAG)
                             29 ;--------------------------------------------------------
                             30 ; overlayable items in ram 
                             31 ;--------------------------------------------------------
                             32 ;--------------------------------------------------------
                             33 ; absolute ram data
                             34 ;--------------------------------------------------------
                             35 	.area IABS    (ABS)
                             36 	.area IABS    (ABS)
                             37 ;--------------------------------------------------------
                             38 ; absolute external ram data
                             39 ;--------------------------------------------------------
                             40 	.area XABS    (ABS)
                             41 ;--------------------------------------------------------
                             42 ; external initialized ram data
                             43 ;--------------------------------------------------------
                             44 	.area XISEG
                             45 ;--------------------------------------------------------
                             46 ; extended address mode data
                             47 ;--------------------------------------------------------
                             48 	.area XSEG
                             49 ;--------------------------------------------------------
                             50 ; global & static initialisations
                             51 ;--------------------------------------------------------
                             52 	.area HOME    (CODE)
                             53 	.area GSINIT  (CODE)
                             54 	.area GSFINAL (CODE)
                             55 	.area GSINIT  (CODE)
                             56 ;--------------------------------------------------------
                             57 ; Home
                             58 ;--------------------------------------------------------
                             59 	.area HOME    (CODE)
                             60 	.area HOME    (CODE)
                             61 ;--------------------------------------------------------
                             62 ; code
                             63 ;--------------------------------------------------------
                             64 	.area CSEG    (CODE)
                             65 ;------------------------------------------------------------
                             66 ;Allocation info for local variables in function 'cosf'
                             67 ;------------------------------------------------------------
                             68 ;x                         Allocated to stack - sp -2
                             69 ;sloc0                     Allocated to stack - sp -8
                             70 ;------------------------------------------------------------
                             71 ;../cosf.c:36: float cosf(float x) _FLOAT_FUNC_REENTRANT
                             72 ;	-----------------------------------------
                             73 ;	 function cosf
                             74 ;	-----------------------------------------
                             75 ;	Register assignment is optimal.
                             76 ;	Stack space usage: 4 bytes.
   0000                      77 _cosf:
   0000 A7 FC         [ 2]   78 	ais	#-4
                             79 ;../cosf.c:38: if (x==0.0) return 1.0;
   0002 95            [ 2]   80 	tsx
   0003 E6 06         [ 3]   81 	lda	6,x
   0005 A4 7F         [ 2]   82 	and	#0x7F
   0007 EA 07         [ 3]   83 	ora	7,x
   0009 EA 08         [ 3]   84 	ora	8,x
   000B EA 09         [ 3]   85 	ora	9,x
   000D 26 0A         [ 3]   86 	bne	00102$
   000F 4F            [ 1]   87 	clra
   0010 97            [ 1]   88 	tax
   0011 6E 80*00      [ 4]   89 	mov	#0x80,*___SDCC_hc08_ret2
   0014 6E 3F*00      [ 4]   90 	mov	#0x3F,*___SDCC_hc08_ret3
   0017 20 3C         [ 3]   91 	bra	00103$
   0019                      92 00102$:
                             93 ;../cosf.c:39: return sincosf(x, 1);
   0019 95            [ 2]   94 	tsx
   001A 45r00r00      [ 3]   95 	ldhx	#_sincosf_PARM_1
   001D 9E E6 07      [ 4]   96 	lda	7,s
   0020 F7            [ 2]   97 	sta	,x
   0021 9E E6 08      [ 4]   98 	lda	8,s
   0024 E7 01         [ 3]   99 	sta	1,x
   0026 9E E6 09      [ 4]  100 	lda	9,s
   0029 E7 02         [ 3]  101 	sta	2,x
   002B 9E E6 0A      [ 4]  102 	lda	10,s
   002E E7 03         [ 3]  103 	sta	3,x
   0030 A6 01         [ 2]  104 	lda	#0x01
   0032 C7r00r00      [ 4]  105 	sta	_sincosf_PARM_2
   0035 CDr00r00      [ 5]  106 	jsr	_sincosf
   0038 9E E7 04      [ 4]  107 	sta	4,s
   003B 9E EF 03      [ 4]  108 	stx	3,s
   003E B6*00         [ 3]  109 	lda	*___SDCC_hc08_ret2
   0040 9E E7 02      [ 4]  110 	sta	2,s
   0043 B6*00         [ 3]  111 	lda	*___SDCC_hc08_ret3
   0045 9E E7 01      [ 4]  112 	sta	1,s
   0048 95            [ 2]  113 	tsx
   0049 F6            [ 2]  114 	lda	,x
   004A B7*00         [ 3]  115 	sta	*___SDCC_hc08_ret3
   004C E6 01         [ 3]  116 	lda	1,x
   004E B7*00         [ 3]  117 	sta	*___SDCC_hc08_ret2
   0050 EE 02         [ 3]  118 	ldx	2,x
   0052 9E E6 04      [ 4]  119 	lda	4,s
   0055                     120 00103$:
   0055 A7 04         [ 2]  121 	ais	#4
   0057 81            [ 4]  122 	rts
                            123 	.area CSEG    (CODE)
                            124 	.area CONST   (CODE)
                            125 	.area XINIT   (CODE)
                            126 	.area CABS    (ABS,CODE)
