                              1 ;--------------------------------------------------------
                              2 ; File Created by SDCC : free open source ANSI-C Compiler
                              3 ; Version 3.5.0 #9253 (Apr  4 2022) (Linux)
                              4 ; This file was generated Mon Apr  4 14:10:32 2022
                              5 ;--------------------------------------------------------
                              6 	.module coshf
                              7 	.optsdcc -mhc08
                              8 	
                              9 	.area HOME    (CODE)
                             10 	.area GSINIT0 (CODE)
                             11 	.area GSINIT  (CODE)
                             12 	.area GSFINAL (CODE)
                             13 	.area CSEG    (CODE)
                             14 	.area XINIT   (CODE)
                             15 	.area CONST   (CODE)
                             16 	.area DSEG    (PAG)
                             17 	.area OSEG    (PAG, OVR)
                             18 	.area XSEG
                             19 	.area XISEG
                             20 ;--------------------------------------------------------
                             21 ; Public variables in this module
                             22 ;--------------------------------------------------------
                             23 	.globl _sincoshf
                             24 	.globl _coshf
                             25 ;--------------------------------------------------------
                             26 ; ram data
                             27 ;--------------------------------------------------------
                             28 	.area DSEG    (PAG)
                             29 ;--------------------------------------------------------
                             30 ; overlayable items in ram 
                             31 ;--------------------------------------------------------
                             32 ;--------------------------------------------------------
                             33 ; absolute ram data
                             34 ;--------------------------------------------------------
                             35 	.area IABS    (ABS)
                             36 	.area IABS    (ABS)
                             37 ;--------------------------------------------------------
                             38 ; absolute external ram data
                             39 ;--------------------------------------------------------
                             40 	.area XABS    (ABS)
                             41 ;--------------------------------------------------------
                             42 ; external initialized ram data
                             43 ;--------------------------------------------------------
                             44 	.area XISEG
                             45 ;--------------------------------------------------------
                             46 ; extended address mode data
                             47 ;--------------------------------------------------------
                             48 	.area XSEG
                             49 ;--------------------------------------------------------
                             50 ; global & static initialisations
                             51 ;--------------------------------------------------------
                             52 	.area HOME    (CODE)
                             53 	.area GSINIT  (CODE)
                             54 	.area GSFINAL (CODE)
                             55 	.area GSINIT  (CODE)
                             56 ;--------------------------------------------------------
                             57 ; Home
                             58 ;--------------------------------------------------------
                             59 	.area HOME    (CODE)
                             60 	.area HOME    (CODE)
                             61 ;--------------------------------------------------------
                             62 ; code
                             63 ;--------------------------------------------------------
                             64 	.area CSEG    (CODE)
                             65 ;------------------------------------------------------------
                             66 ;Allocation info for local variables in function 'coshf'
                             67 ;------------------------------------------------------------
                             68 ;x                         Allocated to stack - sp -2
                             69 ;sloc0                     Allocated to stack - sp -8
                             70 ;------------------------------------------------------------
                             71 ;../coshf.c:36: float coshf(float x) _FLOAT_FUNC_REENTRANT
                             72 ;	-----------------------------------------
                             73 ;	 function coshf
                             74 ;	-----------------------------------------
                             75 ;	Register assignment is optimal.
                             76 ;	Stack space usage: 4 bytes.
   0000                      77 _coshf:
   0000 A7 FC         [ 2]   78 	ais	#-4
                             79 ;../coshf.c:38: return sincoshf(x, 1);
   0002 95            [ 2]   80 	tsx
   0003 45r00r00      [ 3]   81 	ldhx	#_sincoshf_PARM_1
   0006 9E E6 07      [ 4]   82 	lda	7,s
   0009 F7            [ 2]   83 	sta	,x
   000A 9E E6 08      [ 4]   84 	lda	8,s
   000D E7 01         [ 3]   85 	sta	1,x
   000F 9E E6 09      [ 4]   86 	lda	9,s
   0012 E7 02         [ 3]   87 	sta	2,x
   0014 9E E6 0A      [ 4]   88 	lda	10,s
   0017 E7 03         [ 3]   89 	sta	3,x
   0019 A6 01         [ 2]   90 	lda	#0x01
   001B C7r00r00      [ 4]   91 	sta	_sincoshf_PARM_2
   001E CDr00r00      [ 5]   92 	jsr	_sincoshf
   0021 9E E7 04      [ 4]   93 	sta	4,s
   0024 9E EF 03      [ 4]   94 	stx	3,s
   0027 B6*00         [ 3]   95 	lda	*___SDCC_hc08_ret2
   0029 9E E7 02      [ 4]   96 	sta	2,s
   002C B6*00         [ 3]   97 	lda	*___SDCC_hc08_ret3
   002E 9E E7 01      [ 4]   98 	sta	1,s
   0031 95            [ 2]   99 	tsx
   0032 F6            [ 2]  100 	lda	,x
   0033 B7*00         [ 3]  101 	sta	*___SDCC_hc08_ret3
   0035 E6 01         [ 3]  102 	lda	1,x
   0037 B7*00         [ 3]  103 	sta	*___SDCC_hc08_ret2
   0039 EE 02         [ 3]  104 	ldx	2,x
   003B 9E E6 04      [ 4]  105 	lda	4,s
   003E A7 04         [ 2]  106 	ais	#4
   0040 81            [ 4]  107 	rts
                            108 	.area CSEG    (CODE)
                            109 	.area CONST   (CODE)
                            110 	.area XINIT   (CODE)
                            111 	.area CABS    (ABS,CODE)
