                              1 ;--------------------------------------------------------
                              2 ; File Created by SDCC : free open source ANSI-C Compiler
                              3 ; Version 3.5.0 #9253 (Apr  4 2022) (Linux)
                              4 ; This file was generated Mon Apr  4 14:10:32 2022
                              5 ;--------------------------------------------------------
                              6 	.module sincosf
                              7 	.optsdcc -mhc08
                              8 	
                              9 	.area HOME    (CODE)
                             10 	.area GSINIT0 (CODE)
                             11 	.area GSINIT  (CODE)
                             12 	.area GSFINAL (CODE)
                             13 	.area CSEG    (CODE)
                             14 	.area XINIT   (CODE)
                             15 	.area CONST   (CODE)
                             16 	.area DSEG    (PAG)
                             17 	.area OSEG    (PAG, OVR)
                             18 	.area XSEG
                             19 	.area XISEG
                             20 ;--------------------------------------------------------
                             21 ; Public variables in this module
                             22 ;--------------------------------------------------------
                             23 	.globl _sincosf
                             24 	.globl _fabsf
                             25 	.globl _sincosf_PARM_2
                             26 	.globl _sincosf_PARM_1
                             27 ;--------------------------------------------------------
                             28 ; ram data
                             29 ;--------------------------------------------------------
                             30 	.area DSEG    (PAG)
   0000                      31 _sincosf_sloc0_1_0:
   0000                      32 	.ds 4
   0004                      33 _sincosf_sloc1_1_0:
   0004                      34 	.ds 4
                             35 ;--------------------------------------------------------
                             36 ; overlayable items in ram 
                             37 ;--------------------------------------------------------
                             38 ;--------------------------------------------------------
                             39 ; absolute ram data
                             40 ;--------------------------------------------------------
                             41 	.area IABS    (ABS)
                             42 	.area IABS    (ABS)
                             43 ;--------------------------------------------------------
                             44 ; absolute external ram data
                             45 ;--------------------------------------------------------
                             46 	.area XABS    (ABS)
                             47 ;--------------------------------------------------------
                             48 ; external initialized ram data
                             49 ;--------------------------------------------------------
                             50 	.area XISEG
                             51 ;--------------------------------------------------------
                             52 ; extended address mode data
                             53 ;--------------------------------------------------------
                             54 	.area XSEG
   0000                      55 _sincosf_PARM_1:
   0000                      56 	.ds 4
   0004                      57 _sincosf_PARM_2:
   0004                      58 	.ds 1
   0005                      59 _sincosf_y_1_24:
   0005                      60 	.ds 4
   0009                      61 _sincosf_f_1_24:
   0009                      62 	.ds 4
   000D                      63 _sincosf_XN_1_24:
   000D                      64 	.ds 4
   0011                      65 _sincosf_sign_1_24:
   0011                      66 	.ds 1
                             67 ;--------------------------------------------------------
                             68 ; global & static initialisations
                             69 ;--------------------------------------------------------
                             70 	.area HOME    (CODE)
                             71 	.area GSINIT  (CODE)
                             72 	.area GSFINAL (CODE)
                             73 	.area GSINIT  (CODE)
                             74 ;--------------------------------------------------------
                             75 ; Home
                             76 ;--------------------------------------------------------
                             77 	.area HOME    (CODE)
                             78 	.area HOME    (CODE)
                             79 ;--------------------------------------------------------
                             80 ; code
                             81 ;--------------------------------------------------------
                             82 	.area CSEG    (CODE)
                             83 ;------------------------------------------------------------
                             84 ;Allocation info for local variables in function 'sincosf'
                             85 ;------------------------------------------------------------
                             86 ;sloc0                     Allocated with name '_sincosf_sloc0_1_0'
                             87 ;sloc1                     Allocated with name '_sincosf_sloc1_1_0'
                             88 ;x                         Allocated with name '_sincosf_PARM_1'
                             89 ;iscos                     Allocated with name '_sincosf_PARM_2'
                             90 ;y                         Allocated with name '_sincosf_y_1_24'
                             91 ;f                         Allocated with name '_sincosf_f_1_24'
                             92 ;r                         Allocated with name '_sincosf_r_1_24'
                             93 ;g                         Allocated with name '_sincosf_g_1_24'
                             94 ;XN                        Allocated with name '_sincosf_XN_1_24'
                             95 ;N                         Allocated to registers a x 
                             96 ;sign                      Allocated with name '_sincosf_sign_1_24'
                             97 ;------------------------------------------------------------
                             98 ;../sincosf.c:50: float sincosf(float x, bool iscos)
                             99 ;	-----------------------------------------
                            100 ;	 function sincosf
                            101 ;	-----------------------------------------
                            102 ;	Register assignment might be sub-optimal.
                            103 ;	Stack space usage: 0 bytes.
   0000                     104 _sincosf:
                            105 ;../sincosf.c:56: if(iscos)
   0000 C6r00r04      [ 4]  106 	lda	_sincosf_PARM_2
   0003 27 50         [ 3]  107 	beq	00105$
                            108 ;../sincosf.c:58: y=fabsf(x)+HALF_PI;
   0005 C6r00r03      [ 4]  109 	lda	(_sincosf_PARM_1 + 3)
   0008 87            [ 2]  110 	psha
   0009 C6r00r02      [ 4]  111 	lda	(_sincosf_PARM_1 + 2)
   000C 87            [ 2]  112 	psha
   000D C6r00r01      [ 4]  113 	lda	(_sincosf_PARM_1 + 1)
   0010 87            [ 2]  114 	psha
   0011 C6r00r00      [ 4]  115 	lda	_sincosf_PARM_1
   0014 87            [ 2]  116 	psha
   0015 CDr00r00      [ 5]  117 	jsr	_fabsf
   0018 C7r00r03      [ 4]  118 	sta	(___fsadd_PARM_1 + 3)
   001B CFr00r02      [ 4]  119 	stx	(___fsadd_PARM_1 + 2)
   001E B6*00         [ 3]  120 	lda	*___SDCC_hc08_ret2
   0020 C7r00r01      [ 4]  121 	sta	(___fsadd_PARM_1 + 1)
   0023 B6*00         [ 3]  122 	lda	*___SDCC_hc08_ret3
   0025 C7r00r00      [ 4]  123 	sta	___fsadd_PARM_1
   0028 A7 04         [ 2]  124 	ais	#4
   002A 45r00r00      [ 3]  125 	ldhx	#___fsadd_PARM_2
   002D A6 3F         [ 2]  126 	lda	#0x3F
   002F F7            [ 2]  127 	sta	,x
   0030 A6 C9         [ 2]  128 	lda	#0xC9
   0032 E7 01         [ 3]  129 	sta	1,x
   0034 A6 0F         [ 2]  130 	lda	#0x0F
   0036 E7 02         [ 3]  131 	sta	2,x
   0038 A6 DB         [ 2]  132 	lda	#0xDB
   003A E7 03         [ 3]  133 	sta	3,x
   003C CDr00r00      [ 5]  134 	jsr	___fsadd
   003F C7r00r08      [ 4]  135 	sta	(_sincosf_y_1_24 + 3)
   0042 CFr00r07      [ 4]  136 	stx	(_sincosf_y_1_24 + 2)
   0045 B6*00         [ 3]  137 	lda	*___SDCC_hc08_ret2
   0047 C7r00r06      [ 4]  138 	sta	(_sincosf_y_1_24 + 1)
   004A B6*00         [ 3]  139 	lda	*___SDCC_hc08_ret3
   004C C7r00r05      [ 4]  140 	sta	_sincosf_y_1_24
                            141 ;../sincosf.c:59: sign=0;
   004F 4F            [ 1]  142 	clra
   0050 C7r00r11      [ 4]  143 	sta	_sincosf_sign_1_24
   0053 20 62         [ 3]  144 	bra	00106$
   0055                     145 00105$:
                            146 ;../sincosf.c:63: if(x<0.0)
   0055 45r00r00      [ 3]  147 	ldhx	#___fslt_PARM_1
   0058 C6r00r00      [ 4]  148 	lda	_sincosf_PARM_1
   005B F7            [ 2]  149 	sta	,x
   005C C6r00r01      [ 4]  150 	lda	(_sincosf_PARM_1 + 1)
   005F E7 01         [ 3]  151 	sta	1,x
   0061 C6r00r02      [ 4]  152 	lda	(_sincosf_PARM_1 + 2)
   0064 E7 02         [ 3]  153 	sta	2,x
   0066 C6r00r03      [ 4]  154 	lda	(_sincosf_PARM_1 + 3)
   0069 E7 03         [ 3]  155 	sta	3,x
   006B 45r00r00      [ 3]  156 	ldhx	#___fslt_PARM_2
   006E 4F            [ 1]  157 	clra
   006F F7            [ 2]  158 	sta	,x
   0070 E7 01         [ 3]  159 	sta	1,x
   0072 E7 02         [ 3]  160 	sta	2,x
   0074 E7 03         [ 3]  161 	sta	3,x
   0076 CDr00r00      [ 5]  162 	jsr	___fslt
   0079 4D            [ 1]  163 	tsta
   007A 27 21         [ 3]  164 	beq	00102$
                            165 ;../sincosf.c:64: { y=-x; sign=1; }
   007C C6r00r03      [ 4]  166 	lda	(_sincosf_PARM_1 + 3)
   007F C7r00r08      [ 4]  167 	sta	(_sincosf_y_1_24 + 3)
   0082 C6r00r02      [ 4]  168 	lda	(_sincosf_PARM_1 + 2)
   0085 C7r00r07      [ 4]  169 	sta	(_sincosf_y_1_24 + 2)
   0088 C6r00r01      [ 4]  170 	lda	(_sincosf_PARM_1 + 1)
   008B C7r00r06      [ 4]  171 	sta	(_sincosf_y_1_24 + 1)
   008E C6r00r00      [ 4]  172 	lda	_sincosf_PARM_1
   0091 A8 80         [ 2]  173 	eor	#0x80
   0093 C7r00r05      [ 4]  174 	sta	_sincosf_y_1_24
   0096 A6 01         [ 2]  175 	lda	#0x01
   0098 C7r00r11      [ 4]  176 	sta	_sincosf_sign_1_24
   009B 20 1A         [ 3]  177 	bra	00106$
   009D                     178 00102$:
                            179 ;../sincosf.c:66: { y=x; sign=0; }
   009D 45r00r05      [ 3]  180 	ldhx	#_sincosf_y_1_24
   00A0 C6r00r00      [ 4]  181 	lda	_sincosf_PARM_1
   00A3 F7            [ 2]  182 	sta	,x
   00A4 C6r00r01      [ 4]  183 	lda	(_sincosf_PARM_1 + 1)
   00A7 E7 01         [ 3]  184 	sta	1,x
   00A9 C6r00r02      [ 4]  185 	lda	(_sincosf_PARM_1 + 2)
   00AC E7 02         [ 3]  186 	sta	2,x
   00AE C6r00r03      [ 4]  187 	lda	(_sincosf_PARM_1 + 3)
   00B1 E7 03         [ 3]  188 	sta	3,x
   00B3 4F            [ 1]  189 	clra
   00B4 C7r00r11      [ 4]  190 	sta	_sincosf_sign_1_24
   00B7                     191 00106$:
                            192 ;../sincosf.c:69: if(y>YMAX)
   00B7 45r00r00      [ 3]  193 	ldhx	#___fsgt_PARM_1
   00BA C6r00r05      [ 4]  194 	lda	_sincosf_y_1_24
   00BD F7            [ 2]  195 	sta	,x
   00BE C6r00r06      [ 4]  196 	lda	(_sincosf_y_1_24 + 1)
   00C1 E7 01         [ 3]  197 	sta	1,x
   00C3 C6r00r07      [ 4]  198 	lda	(_sincosf_y_1_24 + 2)
   00C6 E7 02         [ 3]  199 	sta	2,x
   00C8 C6r00r08      [ 4]  200 	lda	(_sincosf_y_1_24 + 3)
   00CB E7 03         [ 3]  201 	sta	3,x
   00CD 45r00r00      [ 3]  202 	ldhx	#___fsgt_PARM_2
   00D0 A6 46         [ 2]  203 	lda	#0x46
   00D2 F7            [ 2]  204 	sta	,x
   00D3 A6 49         [ 2]  205 	lda	#0x49
   00D5 E7 01         [ 3]  206 	sta	1,x
   00D7 A6 0C         [ 2]  207 	lda	#0x0C
   00D9 E7 02         [ 3]  208 	sta	2,x
   00DB 4F            [ 1]  209 	clra
   00DC E7 03         [ 3]  210 	sta	3,x
   00DE CDr00r00      [ 5]  211 	jsr	___fsgt
   00E1 4D            [ 1]  212 	tsta
   00E2 27 10         [ 3]  213 	beq	00108$
                            214 ;../sincosf.c:71: errno=ERANGE;
   00E4 4F            [ 1]  215 	clra
   00E5 C7r00r00      [ 4]  216 	sta	_errno
   00E8 A6 22         [ 2]  217 	lda	#0x22
   00EA C7r00r01      [ 4]  218 	sta	(_errno + 1)
                            219 ;../sincosf.c:72: return 0.0;
   00ED 4F            [ 1]  220 	clra
   00EE 97            [ 1]  221 	tax
   00EF B7*00         [ 3]  222 	sta	*___SDCC_hc08_ret2
   00F1 B7*00         [ 3]  223 	sta	*___SDCC_hc08_ret3
   00F3 81            [ 4]  224 	rts
   00F4                     225 00108$:
                            226 ;../sincosf.c:76: N=((y*iPI)+0.5); /*y is positive*/
   00F4 45r00r00      [ 3]  227 	ldhx	#___fsmul_PARM_1
   00F7 A6 3E         [ 2]  228 	lda	#0x3E
   00F9 F7            [ 2]  229 	sta	,x
   00FA A6 A2         [ 2]  230 	lda	#0xA2
   00FC E7 01         [ 3]  231 	sta	1,x
   00FE A6 F9         [ 2]  232 	lda	#0xF9
   0100 E7 02         [ 3]  233 	sta	2,x
   0102 A6 83         [ 2]  234 	lda	#0x83
   0104 E7 03         [ 3]  235 	sta	3,x
   0106 45r00r00      [ 3]  236 	ldhx	#___fsmul_PARM_2
   0109 C6r00r05      [ 4]  237 	lda	_sincosf_y_1_24
   010C F7            [ 2]  238 	sta	,x
   010D C6r00r06      [ 4]  239 	lda	(_sincosf_y_1_24 + 1)
   0110 E7 01         [ 3]  240 	sta	1,x
   0112 C6r00r07      [ 4]  241 	lda	(_sincosf_y_1_24 + 2)
   0115 E7 02         [ 3]  242 	sta	2,x
   0117 C6r00r08      [ 4]  243 	lda	(_sincosf_y_1_24 + 3)
   011A E7 03         [ 3]  244 	sta	3,x
   011C CDr00r00      [ 5]  245 	jsr	___fsmul
   011F C7r00r03      [ 4]  246 	sta	(___fsadd_PARM_1 + 3)
   0122 CFr00r02      [ 4]  247 	stx	(___fsadd_PARM_1 + 2)
   0125 B6*00         [ 3]  248 	lda	*___SDCC_hc08_ret2
   0127 C7r00r01      [ 4]  249 	sta	(___fsadd_PARM_1 + 1)
   012A B6*00         [ 3]  250 	lda	*___SDCC_hc08_ret3
   012C C7r00r00      [ 4]  251 	sta	___fsadd_PARM_1
   012F 45r00r00      [ 3]  252 	ldhx	#___fsadd_PARM_2
   0132 A6 3F         [ 2]  253 	lda	#0x3F
   0134 F7            [ 2]  254 	sta	,x
   0135 4F            [ 1]  255 	clra
   0136 E7 01         [ 3]  256 	sta	1,x
   0138 E7 02         [ 3]  257 	sta	2,x
   013A E7 03         [ 3]  258 	sta	3,x
   013C CDr00r00      [ 5]  259 	jsr	___fsadd
   013F C7r00r03      [ 4]  260 	sta	(___fs2sint_PARM_1 + 3)
   0142 CFr00r02      [ 4]  261 	stx	(___fs2sint_PARM_1 + 2)
   0145 B6*00         [ 3]  262 	lda	*___SDCC_hc08_ret2
   0147 C7r00r01      [ 4]  263 	sta	(___fs2sint_PARM_1 + 1)
   014A B6*00         [ 3]  264 	lda	*___SDCC_hc08_ret3
   014C C7r00r00      [ 4]  265 	sta	___fs2sint_PARM_1
   014F CDr00r00      [ 5]  266 	jsr	___fs2sint
                            267 ;../sincosf.c:79: if(N&1) sign=!sign;
   0152 87            [ 2]  268 	psha
   0153 A5 01         [ 2]  269 	bit	#0x01
   0155 86            [ 2]  270 	pula
   0156 27 0A         [ 3]  271 	beq	00110$
   0158 87            [ 2]  272 	psha
   0159 C6r00r11      [ 4]  273 	lda	_sincosf_sign_1_24
   015C A8 01         [ 2]  274 	eor	#0x01
   015E C7r00r11      [ 4]  275 	sta	_sincosf_sign_1_24
   0161 86            [ 2]  276 	pula
   0162                     277 00110$:
                            278 ;../sincosf.c:81: XN=N;
   0162 CDr00r00      [ 5]  279 	jsr	___sint2fs
   0165 B7*03         [ 3]  280 	sta	*(_sincosf_sloc0_1_0 + 3)
   0167 BF*02         [ 3]  281 	stx	*(_sincosf_sloc0_1_0 + 2)
   0169 4E*00*01      [ 5]  282 	mov	*___SDCC_hc08_ret2,*(_sincosf_sloc0_1_0 + 1)
   016C 4E*00*00      [ 5]  283 	mov	*___SDCC_hc08_ret3,*_sincosf_sloc0_1_0
   016F 45r00r0D      [ 3]  284 	ldhx	#_sincosf_XN_1_24
   0172 5E*00         [ 4]  285 	mov	*_sincosf_sloc0_1_0,x+
   0174 5E*01         [ 4]  286 	mov	*(_sincosf_sloc0_1_0 + 1),x+
   0176 5E*02         [ 4]  287 	mov	*(_sincosf_sloc0_1_0 + 2),x+
   0178 5E*03         [ 4]  288 	mov	*(_sincosf_sloc0_1_0 + 3),x+
                            289 ;../sincosf.c:83: if(iscos) XN-=0.5;
   017A C6r00r04      [ 4]  290 	lda	_sincosf_PARM_2
   017D 27 2B         [ 3]  291 	beq	00112$
   017F 45r00r00      [ 3]  292 	ldhx	#___fssub_PARM_1
   0182 5E*00         [ 4]  293 	mov	*_sincosf_sloc0_1_0,x+
   0184 5E*01         [ 4]  294 	mov	*(_sincosf_sloc0_1_0 + 1),x+
   0186 5E*02         [ 4]  295 	mov	*(_sincosf_sloc0_1_0 + 2),x+
   0188 5E*03         [ 4]  296 	mov	*(_sincosf_sloc0_1_0 + 3),x+
   018A 45r00r00      [ 3]  297 	ldhx	#___fssub_PARM_2
   018D A6 3F         [ 2]  298 	lda	#0x3F
   018F F7            [ 2]  299 	sta	,x
   0190 4F            [ 1]  300 	clra
   0191 E7 01         [ 3]  301 	sta	1,x
   0193 E7 02         [ 3]  302 	sta	2,x
   0195 E7 03         [ 3]  303 	sta	3,x
   0197 CDr00r00      [ 5]  304 	jsr	___fssub
   019A C7r00r10      [ 4]  305 	sta	(_sincosf_XN_1_24 + 3)
   019D CFr00r0F      [ 4]  306 	stx	(_sincosf_XN_1_24 + 2)
   01A0 B6*00         [ 3]  307 	lda	*___SDCC_hc08_ret2
   01A2 C7r00r0E      [ 4]  308 	sta	(_sincosf_XN_1_24 + 1)
   01A5 B6*00         [ 3]  309 	lda	*___SDCC_hc08_ret3
   01A7 C7r00r0D      [ 4]  310 	sta	_sincosf_XN_1_24
   01AA                     311 00112$:
                            312 ;../sincosf.c:85: y=fabsf(x);
   01AA C6r00r03      [ 4]  313 	lda	(_sincosf_PARM_1 + 3)
   01AD 87            [ 2]  314 	psha
   01AE C6r00r02      [ 4]  315 	lda	(_sincosf_PARM_1 + 2)
   01B1 87            [ 2]  316 	psha
   01B2 C6r00r01      [ 4]  317 	lda	(_sincosf_PARM_1 + 1)
   01B5 87            [ 2]  318 	psha
   01B6 C6r00r00      [ 4]  319 	lda	_sincosf_PARM_1
   01B9 87            [ 2]  320 	psha
   01BA CDr00r00      [ 5]  321 	jsr	_fabsf
   01BD B7*03         [ 3]  322 	sta	*(_sincosf_sloc0_1_0 + 3)
   01BF BF*02         [ 3]  323 	stx	*(_sincosf_sloc0_1_0 + 2)
   01C1 4E*00*01      [ 5]  324 	mov	*___SDCC_hc08_ret2,*(_sincosf_sloc0_1_0 + 1)
   01C4 4E*00*00      [ 5]  325 	mov	*___SDCC_hc08_ret3,*_sincosf_sloc0_1_0
   01C7 A7 04         [ 2]  326 	ais	#4
                            327 ;../sincosf.c:86: r=(int)y;
   01C9 45r00r00      [ 3]  328 	ldhx	#___fs2sint_PARM_1
   01CC 5E*00         [ 4]  329 	mov	*_sincosf_sloc0_1_0,x+
   01CE 5E*01         [ 4]  330 	mov	*(_sincosf_sloc0_1_0 + 1),x+
   01D0 5E*02         [ 4]  331 	mov	*(_sincosf_sloc0_1_0 + 2),x+
   01D2 5E*03         [ 4]  332 	mov	*(_sincosf_sloc0_1_0 + 3),x+
   01D4 CDr00r00      [ 5]  333 	jsr	___fs2sint
   01D7 CDr00r00      [ 5]  334 	jsr	___sint2fs
   01DA B7*07         [ 3]  335 	sta	*(_sincosf_sloc1_1_0 + 3)
   01DC BF*06         [ 3]  336 	stx	*(_sincosf_sloc1_1_0 + 2)
   01DE 4E*00*05      [ 5]  337 	mov	*___SDCC_hc08_ret2,*(_sincosf_sloc1_1_0 + 1)
   01E1 4E*00*04      [ 5]  338 	mov	*___SDCC_hc08_ret3,*_sincosf_sloc1_1_0
                            339 ;../sincosf.c:87: g=y-r;
   01E4 45r00r00      [ 3]  340 	ldhx	#___fssub_PARM_1
   01E7 5E*00         [ 4]  341 	mov	*_sincosf_sloc0_1_0,x+
   01E9 5E*01         [ 4]  342 	mov	*(_sincosf_sloc0_1_0 + 1),x+
   01EB 5E*02         [ 4]  343 	mov	*(_sincosf_sloc0_1_0 + 2),x+
   01ED 5E*03         [ 4]  344 	mov	*(_sincosf_sloc0_1_0 + 3),x+
   01EF 45r00r00      [ 3]  345 	ldhx	#___fssub_PARM_2
   01F2 5E*04         [ 4]  346 	mov	*_sincosf_sloc1_1_0,x+
   01F4 5E*05         [ 4]  347 	mov	*(_sincosf_sloc1_1_0 + 1),x+
   01F6 5E*06         [ 4]  348 	mov	*(_sincosf_sloc1_1_0 + 2),x+
   01F8 5E*07         [ 4]  349 	mov	*(_sincosf_sloc1_1_0 + 3),x+
                            350 ;../sincosf.c:88: f=((r-XN*C1)+g)-XN*C2;
   01FA CDr00r00      [ 5]  351 	jsr	___fssub
   01FD B7*03         [ 3]  352 	sta	*(_sincosf_sloc0_1_0 + 3)
   01FF BF*02         [ 3]  353 	stx	*(_sincosf_sloc0_1_0 + 2)
   0201 4E*00*01      [ 5]  354 	mov	*___SDCC_hc08_ret2,*(_sincosf_sloc0_1_0 + 1)
   0204 4E*00*00      [ 5]  355 	mov	*___SDCC_hc08_ret3,*_sincosf_sloc0_1_0
   0207 45r00r00      [ 3]  356 	ldhx	#___fsmul_PARM_1
   020A A6 40         [ 2]  357 	lda	#0x40
   020C F7            [ 2]  358 	sta	,x
   020D A6 49         [ 2]  359 	lda	#0x49
   020F E7 01         [ 3]  360 	sta	1,x
   0211 4F            [ 1]  361 	clra
   0212 E7 02         [ 3]  362 	sta	2,x
   0214 E7 03         [ 3]  363 	sta	3,x
   0216 45r00r00      [ 3]  364 	ldhx	#___fsmul_PARM_2
   0219 C6r00r0D      [ 4]  365 	lda	_sincosf_XN_1_24
   021C F7            [ 2]  366 	sta	,x
   021D C6r00r0E      [ 4]  367 	lda	(_sincosf_XN_1_24 + 1)
   0220 E7 01         [ 3]  368 	sta	1,x
   0222 C6r00r0F      [ 4]  369 	lda	(_sincosf_XN_1_24 + 2)
   0225 E7 02         [ 3]  370 	sta	2,x
   0227 C6r00r10      [ 4]  371 	lda	(_sincosf_XN_1_24 + 3)
   022A E7 03         [ 3]  372 	sta	3,x
   022C CDr00r00      [ 5]  373 	jsr	___fsmul
   022F C7r00r03      [ 4]  374 	sta	(___fssub_PARM_2 + 3)
   0232 CFr00r02      [ 4]  375 	stx	(___fssub_PARM_2 + 2)
   0235 B6*00         [ 3]  376 	lda	*___SDCC_hc08_ret2
   0237 C7r00r01      [ 4]  377 	sta	(___fssub_PARM_2 + 1)
   023A B6*00         [ 3]  378 	lda	*___SDCC_hc08_ret3
   023C C7r00r00      [ 4]  379 	sta	___fssub_PARM_2
   023F 45r00r00      [ 3]  380 	ldhx	#___fssub_PARM_1
   0242 5E*04         [ 4]  381 	mov	*_sincosf_sloc1_1_0,x+
   0244 5E*05         [ 4]  382 	mov	*(_sincosf_sloc1_1_0 + 1),x+
   0246 5E*06         [ 4]  383 	mov	*(_sincosf_sloc1_1_0 + 2),x+
   0248 5E*07         [ 4]  384 	mov	*(_sincosf_sloc1_1_0 + 3),x+
   024A CDr00r00      [ 5]  385 	jsr	___fssub
   024D C7r00r03      [ 4]  386 	sta	(___fsadd_PARM_1 + 3)
   0250 CFr00r02      [ 4]  387 	stx	(___fsadd_PARM_1 + 2)
   0253 B6*00         [ 3]  388 	lda	*___SDCC_hc08_ret2
   0255 C7r00r01      [ 4]  389 	sta	(___fsadd_PARM_1 + 1)
   0258 B6*00         [ 3]  390 	lda	*___SDCC_hc08_ret3
   025A C7r00r00      [ 4]  391 	sta	___fsadd_PARM_1
   025D 45r00r00      [ 3]  392 	ldhx	#___fsadd_PARM_2
   0260 5E*00         [ 4]  393 	mov	*_sincosf_sloc0_1_0,x+
   0262 5E*01         [ 4]  394 	mov	*(_sincosf_sloc0_1_0 + 1),x+
   0264 5E*02         [ 4]  395 	mov	*(_sincosf_sloc0_1_0 + 2),x+
   0266 5E*03         [ 4]  396 	mov	*(_sincosf_sloc0_1_0 + 3),x+
   0268 CDr00r00      [ 5]  397 	jsr	___fsadd
   026B B7*07         [ 3]  398 	sta	*(_sincosf_sloc1_1_0 + 3)
   026D BF*06         [ 3]  399 	stx	*(_sincosf_sloc1_1_0 + 2)
   026F 4E*00*05      [ 5]  400 	mov	*___SDCC_hc08_ret2,*(_sincosf_sloc1_1_0 + 1)
   0272 4E*00*04      [ 5]  401 	mov	*___SDCC_hc08_ret3,*_sincosf_sloc1_1_0
   0275 45r00r00      [ 3]  402 	ldhx	#___fsmul_PARM_1
   0278 A6 3A         [ 2]  403 	lda	#0x3A
   027A F7            [ 2]  404 	sta	,x
   027B A6 7D         [ 2]  405 	lda	#0x7D
   027D E7 01         [ 3]  406 	sta	1,x
   027F A6 AA         [ 2]  407 	lda	#0xAA
   0281 E7 02         [ 3]  408 	sta	2,x
   0283 A6 22         [ 2]  409 	lda	#0x22
   0285 E7 03         [ 3]  410 	sta	3,x
   0287 45r00r00      [ 3]  411 	ldhx	#___fsmul_PARM_2
   028A C6r00r0D      [ 4]  412 	lda	_sincosf_XN_1_24
   028D F7            [ 2]  413 	sta	,x
   028E C6r00r0E      [ 4]  414 	lda	(_sincosf_XN_1_24 + 1)
   0291 E7 01         [ 3]  415 	sta	1,x
   0293 C6r00r0F      [ 4]  416 	lda	(_sincosf_XN_1_24 + 2)
   0296 E7 02         [ 3]  417 	sta	2,x
   0298 C6r00r10      [ 4]  418 	lda	(_sincosf_XN_1_24 + 3)
   029B E7 03         [ 3]  419 	sta	3,x
   029D CDr00r00      [ 5]  420 	jsr	___fsmul
   02A0 C7r00r03      [ 4]  421 	sta	(___fssub_PARM_2 + 3)
   02A3 CFr00r02      [ 4]  422 	stx	(___fssub_PARM_2 + 2)
   02A6 B6*00         [ 3]  423 	lda	*___SDCC_hc08_ret2
   02A8 C7r00r01      [ 4]  424 	sta	(___fssub_PARM_2 + 1)
   02AB B6*00         [ 3]  425 	lda	*___SDCC_hc08_ret3
   02AD C7r00r00      [ 4]  426 	sta	___fssub_PARM_2
   02B0 45r00r00      [ 3]  427 	ldhx	#___fssub_PARM_1
   02B3 5E*04         [ 4]  428 	mov	*_sincosf_sloc1_1_0,x+
   02B5 5E*05         [ 4]  429 	mov	*(_sincosf_sloc1_1_0 + 1),x+
   02B7 5E*06         [ 4]  430 	mov	*(_sincosf_sloc1_1_0 + 2),x+
   02B9 5E*07         [ 4]  431 	mov	*(_sincosf_sloc1_1_0 + 3),x+
   02BB CDr00r00      [ 5]  432 	jsr	___fssub
   02BE B7*07         [ 3]  433 	sta	*(_sincosf_sloc1_1_0 + 3)
   02C0 BF*06         [ 3]  434 	stx	*(_sincosf_sloc1_1_0 + 2)
   02C2 4E*00*05      [ 5]  435 	mov	*___SDCC_hc08_ret2,*(_sincosf_sloc1_1_0 + 1)
   02C5 4E*00*04      [ 5]  436 	mov	*___SDCC_hc08_ret3,*_sincosf_sloc1_1_0
   02C8 45r00r09      [ 3]  437 	ldhx	#_sincosf_f_1_24
   02CB 5E*04         [ 4]  438 	mov	*_sincosf_sloc1_1_0,x+
   02CD 5E*05         [ 4]  439 	mov	*(_sincosf_sloc1_1_0 + 1),x+
   02CF 5E*06         [ 4]  440 	mov	*(_sincosf_sloc1_1_0 + 2),x+
   02D1 5E*07         [ 4]  441 	mov	*(_sincosf_sloc1_1_0 + 3),x+
                            442 ;../sincosf.c:90: g=f*f;
   02D3 45r00r00      [ 3]  443 	ldhx	#___fsmul_PARM_1
   02D6 5E*04         [ 4]  444 	mov	*_sincosf_sloc1_1_0,x+
   02D8 5E*05         [ 4]  445 	mov	*(_sincosf_sloc1_1_0 + 1),x+
   02DA 5E*06         [ 4]  446 	mov	*(_sincosf_sloc1_1_0 + 2),x+
   02DC 5E*07         [ 4]  447 	mov	*(_sincosf_sloc1_1_0 + 3),x+
   02DE 45r00r00      [ 3]  448 	ldhx	#___fsmul_PARM_2
   02E1 5E*04         [ 4]  449 	mov	*_sincosf_sloc1_1_0,x+
   02E3 5E*05         [ 4]  450 	mov	*(_sincosf_sloc1_1_0 + 1),x+
   02E5 5E*06         [ 4]  451 	mov	*(_sincosf_sloc1_1_0 + 2),x+
   02E7 5E*07         [ 4]  452 	mov	*(_sincosf_sloc1_1_0 + 3),x+
                            453 ;../sincosf.c:91: if(g>EPS2) //Used to be if(fabsf(f)>EPS)
   02E9 CDr00r00      [ 5]  454 	jsr	___fsmul
   02EC B7*03         [ 3]  455 	sta	*(_sincosf_sloc0_1_0 + 3)
   02EE BF*02         [ 3]  456 	stx	*(_sincosf_sloc0_1_0 + 2)
   02F0 4E*00*01      [ 5]  457 	mov	*___SDCC_hc08_ret2,*(_sincosf_sloc0_1_0 + 1)
   02F3 4E*00*00      [ 5]  458 	mov	*___SDCC_hc08_ret3,*_sincosf_sloc0_1_0
   02F6 45r00r00      [ 3]  459 	ldhx	#___fsgt_PARM_1
   02F9 5E*00         [ 4]  460 	mov	*_sincosf_sloc0_1_0,x+
   02FB 5E*01         [ 4]  461 	mov	*(_sincosf_sloc0_1_0 + 1),x+
   02FD 5E*02         [ 4]  462 	mov	*(_sincosf_sloc0_1_0 + 2),x+
   02FF 5E*03         [ 4]  463 	mov	*(_sincosf_sloc0_1_0 + 3),x+
   0301 45r00r00      [ 3]  464 	ldhx	#___fsgt_PARM_2
   0304 A6 33         [ 2]  465 	lda	#0x33
   0306 F7            [ 2]  466 	sta	,x
   0307 A6 7F         [ 2]  467 	lda	#0x7F
   0309 E7 01         [ 3]  468 	sta	1,x
   030B A6 FF         [ 2]  469 	lda	#0xFF
   030D E7 02         [ 3]  470 	sta	2,x
   030F A6 F3         [ 2]  471 	lda	#0xF3
   0311 E7 03         [ 3]  472 	sta	3,x
   0313 CDr00r00      [ 5]  473 	jsr	___fsgt
   0316 4D            [ 1]  474 	tsta
   0317 26 03         [ 3]  475 	bne	00153$
   0319 CCr04r51      [ 3]  476 	jmp	00114$
   031C                     477 00153$:
                            478 ;../sincosf.c:93: r=(((r4*g+r3)*g+r2)*g+r1)*g;
   031C 45r00r00      [ 3]  479 	ldhx	#___fsmul_PARM_1
   031F A6 36         [ 2]  480 	lda	#0x36
   0321 F7            [ 2]  481 	sta	,x
   0322 A6 2E         [ 2]  482 	lda	#0x2E
   0324 E7 01         [ 3]  483 	sta	1,x
   0326 A6 9C         [ 2]  484 	lda	#0x9C
   0328 E7 02         [ 3]  485 	sta	2,x
   032A A6 5B         [ 2]  486 	lda	#0x5B
   032C E7 03         [ 3]  487 	sta	3,x
   032E 45r00r00      [ 3]  488 	ldhx	#___fsmul_PARM_2
   0331 5E*00         [ 4]  489 	mov	*_sincosf_sloc0_1_0,x+
   0333 5E*01         [ 4]  490 	mov	*(_sincosf_sloc0_1_0 + 1),x+
   0335 5E*02         [ 4]  491 	mov	*(_sincosf_sloc0_1_0 + 2),x+
   0337 5E*03         [ 4]  492 	mov	*(_sincosf_sloc0_1_0 + 3),x+
   0339 CDr00r00      [ 5]  493 	jsr	___fsmul
   033C C7r00r03      [ 4]  494 	sta	(___fsadd_PARM_1 + 3)
   033F CFr00r02      [ 4]  495 	stx	(___fsadd_PARM_1 + 2)
   0342 B6*00         [ 3]  496 	lda	*___SDCC_hc08_ret2
   0344 C7r00r01      [ 4]  497 	sta	(___fsadd_PARM_1 + 1)
   0347 B6*00         [ 3]  498 	lda	*___SDCC_hc08_ret3
   0349 C7r00r00      [ 4]  499 	sta	___fsadd_PARM_1
   034C 45r00r00      [ 3]  500 	ldhx	#___fsadd_PARM_2
   034F A6 B9         [ 2]  501 	lda	#0xB9
   0351 F7            [ 2]  502 	sta	,x
   0352 A6 4F         [ 2]  503 	lda	#0x4F
   0354 E7 01         [ 3]  504 	sta	1,x
   0356 A6 B2         [ 2]  505 	lda	#0xB2
   0358 E7 02         [ 3]  506 	sta	2,x
   035A A6 22         [ 2]  507 	lda	#0x22
   035C E7 03         [ 3]  508 	sta	3,x
   035E CDr00r00      [ 5]  509 	jsr	___fsadd
   0361 C7r00r03      [ 4]  510 	sta	(___fsmul_PARM_1 + 3)
   0364 CFr00r02      [ 4]  511 	stx	(___fsmul_PARM_1 + 2)
   0367 B6*00         [ 3]  512 	lda	*___SDCC_hc08_ret2
   0369 C7r00r01      [ 4]  513 	sta	(___fsmul_PARM_1 + 1)
   036C B6*00         [ 3]  514 	lda	*___SDCC_hc08_ret3
   036E C7r00r00      [ 4]  515 	sta	___fsmul_PARM_1
   0371 45r00r00      [ 3]  516 	ldhx	#___fsmul_PARM_2
   0374 5E*00         [ 4]  517 	mov	*_sincosf_sloc0_1_0,x+
   0376 5E*01         [ 4]  518 	mov	*(_sincosf_sloc0_1_0 + 1),x+
   0378 5E*02         [ 4]  519 	mov	*(_sincosf_sloc0_1_0 + 2),x+
   037A 5E*03         [ 4]  520 	mov	*(_sincosf_sloc0_1_0 + 3),x+
   037C CDr00r00      [ 5]  521 	jsr	___fsmul
   037F C7r00r03      [ 4]  522 	sta	(___fsadd_PARM_1 + 3)
   0382 CFr00r02      [ 4]  523 	stx	(___fsadd_PARM_1 + 2)
   0385 B6*00         [ 3]  524 	lda	*___SDCC_hc08_ret2
   0387 C7r00r01      [ 4]  525 	sta	(___fsadd_PARM_1 + 1)
   038A B6*00         [ 3]  526 	lda	*___SDCC_hc08_ret3
   038C C7r00r00      [ 4]  527 	sta	___fsadd_PARM_1
   038F 45r00r00      [ 3]  528 	ldhx	#___fsadd_PARM_2
   0392 A6 3C         [ 2]  529 	lda	#0x3C
   0394 F7            [ 2]  530 	sta	,x
   0395 A6 08         [ 2]  531 	lda	#0x08
   0397 E7 01         [ 3]  532 	sta	1,x
   0399 A6 87         [ 2]  533 	lda	#0x87
   039B E7 02         [ 3]  534 	sta	2,x
   039D A6 3E         [ 2]  535 	lda	#0x3E
   039F E7 03         [ 3]  536 	sta	3,x
   03A1 CDr00r00      [ 5]  537 	jsr	___fsadd
   03A4 C7r00r03      [ 4]  538 	sta	(___fsmul_PARM_1 + 3)
   03A7 CFr00r02      [ 4]  539 	stx	(___fsmul_PARM_1 + 2)
   03AA B6*00         [ 3]  540 	lda	*___SDCC_hc08_ret2
   03AC C7r00r01      [ 4]  541 	sta	(___fsmul_PARM_1 + 1)
   03AF B6*00         [ 3]  542 	lda	*___SDCC_hc08_ret3
   03B1 C7r00r00      [ 4]  543 	sta	___fsmul_PARM_1
   03B4 45r00r00      [ 3]  544 	ldhx	#___fsmul_PARM_2
   03B7 5E*00         [ 4]  545 	mov	*_sincosf_sloc0_1_0,x+
   03B9 5E*01         [ 4]  546 	mov	*(_sincosf_sloc0_1_0 + 1),x+
   03BB 5E*02         [ 4]  547 	mov	*(_sincosf_sloc0_1_0 + 2),x+
   03BD 5E*03         [ 4]  548 	mov	*(_sincosf_sloc0_1_0 + 3),x+
   03BF CDr00r00      [ 5]  549 	jsr	___fsmul
   03C2 C7r00r03      [ 4]  550 	sta	(___fsadd_PARM_1 + 3)
   03C5 CFr00r02      [ 4]  551 	stx	(___fsadd_PARM_1 + 2)
   03C8 B6*00         [ 3]  552 	lda	*___SDCC_hc08_ret2
   03CA C7r00r01      [ 4]  553 	sta	(___fsadd_PARM_1 + 1)
   03CD B6*00         [ 3]  554 	lda	*___SDCC_hc08_ret3
   03CF C7r00r00      [ 4]  555 	sta	___fsadd_PARM_1
   03D2 45r00r00      [ 3]  556 	ldhx	#___fsadd_PARM_2
   03D5 A6 BE         [ 2]  557 	lda	#0xBE
   03D7 F7            [ 2]  558 	sta	,x
   03D8 A6 2A         [ 2]  559 	lda	#0x2A
   03DA E7 01         [ 3]  560 	sta	1,x
   03DC A6 AA         [ 2]  561 	lda	#0xAA
   03DE E7 02         [ 3]  562 	sta	2,x
   03E0 A6 A4         [ 2]  563 	lda	#0xA4
   03E2 E7 03         [ 3]  564 	sta	3,x
   03E4 CDr00r00      [ 5]  565 	jsr	___fsadd
   03E7 C7r00r03      [ 4]  566 	sta	(___fsmul_PARM_1 + 3)
   03EA CFr00r02      [ 4]  567 	stx	(___fsmul_PARM_1 + 2)
   03ED B6*00         [ 3]  568 	lda	*___SDCC_hc08_ret2
   03EF C7r00r01      [ 4]  569 	sta	(___fsmul_PARM_1 + 1)
   03F2 B6*00         [ 3]  570 	lda	*___SDCC_hc08_ret3
   03F4 C7r00r00      [ 4]  571 	sta	___fsmul_PARM_1
   03F7 45r00r00      [ 3]  572 	ldhx	#___fsmul_PARM_2
   03FA 5E*00         [ 4]  573 	mov	*_sincosf_sloc0_1_0,x+
   03FC 5E*01         [ 4]  574 	mov	*(_sincosf_sloc0_1_0 + 1),x+
   03FE 5E*02         [ 4]  575 	mov	*(_sincosf_sloc0_1_0 + 2),x+
   0400 5E*03         [ 4]  576 	mov	*(_sincosf_sloc0_1_0 + 3),x+
                            577 ;../sincosf.c:94: f+=f*r;
   0402 CDr00r00      [ 5]  578 	jsr	___fsmul
   0405 C7r00r03      [ 4]  579 	sta	(___fsmul_PARM_2 + 3)
   0408 CFr00r02      [ 4]  580 	stx	(___fsmul_PARM_2 + 2)
   040B B6*00         [ 3]  581 	lda	*___SDCC_hc08_ret2
   040D C7r00r01      [ 4]  582 	sta	(___fsmul_PARM_2 + 1)
   0410 B6*00         [ 3]  583 	lda	*___SDCC_hc08_ret3
   0412 C7r00r00      [ 4]  584 	sta	___fsmul_PARM_2
   0415 45r00r00      [ 3]  585 	ldhx	#___fsmul_PARM_1
   0418 5E*04         [ 4]  586 	mov	*_sincosf_sloc1_1_0,x+
   041A 5E*05         [ 4]  587 	mov	*(_sincosf_sloc1_1_0 + 1),x+
   041C 5E*06         [ 4]  588 	mov	*(_sincosf_sloc1_1_0 + 2),x+
   041E 5E*07         [ 4]  589 	mov	*(_sincosf_sloc1_1_0 + 3),x+
   0420 CDr00r00      [ 5]  590 	jsr	___fsmul
   0423 C7r00r03      [ 4]  591 	sta	(___fsadd_PARM_2 + 3)
   0426 CFr00r02      [ 4]  592 	stx	(___fsadd_PARM_2 + 2)
   0429 B6*00         [ 3]  593 	lda	*___SDCC_hc08_ret2
   042B C7r00r01      [ 4]  594 	sta	(___fsadd_PARM_2 + 1)
   042E B6*00         [ 3]  595 	lda	*___SDCC_hc08_ret3
   0430 C7r00r00      [ 4]  596 	sta	___fsadd_PARM_2
   0433 45r00r00      [ 3]  597 	ldhx	#___fsadd_PARM_1
   0436 5E*04         [ 4]  598 	mov	*_sincosf_sloc1_1_0,x+
   0438 5E*05         [ 4]  599 	mov	*(_sincosf_sloc1_1_0 + 1),x+
   043A 5E*06         [ 4]  600 	mov	*(_sincosf_sloc1_1_0 + 2),x+
   043C 5E*07         [ 4]  601 	mov	*(_sincosf_sloc1_1_0 + 3),x+
   043E CDr00r00      [ 5]  602 	jsr	___fsadd
   0441 C7r00r0C      [ 4]  603 	sta	(_sincosf_f_1_24 + 3)
   0444 CFr00r0B      [ 4]  604 	stx	(_sincosf_f_1_24 + 2)
   0447 B6*00         [ 3]  605 	lda	*___SDCC_hc08_ret2
   0449 C7r00r0A      [ 4]  606 	sta	(_sincosf_f_1_24 + 1)
   044C B6*00         [ 3]  607 	lda	*___SDCC_hc08_ret3
   044E C7r00r09      [ 4]  608 	sta	_sincosf_f_1_24
   0451                     609 00114$:
                            610 ;../sincosf.c:96: return (sign?-f:f);
   0451 C6r00r11      [ 4]  611 	lda	_sincosf_sign_1_24
   0454 27 18         [ 3]  612 	beq	00117$
   0456 C6r00r0C      [ 4]  613 	lda	(_sincosf_f_1_24 + 3)
   0459 B7*07         [ 3]  614 	sta	*(_sincosf_sloc1_1_0 + 3)
   045B C6r00r0B      [ 4]  615 	lda	(_sincosf_f_1_24 + 2)
   045E B7*06         [ 3]  616 	sta	*(_sincosf_sloc1_1_0 + 2)
   0460 C6r00r0A      [ 4]  617 	lda	(_sincosf_f_1_24 + 1)
   0463 B7*05         [ 3]  618 	sta	*(_sincosf_sloc1_1_0 + 1)
   0465 C6r00r09      [ 4]  619 	lda	_sincosf_f_1_24
   0468 A8 80         [ 2]  620 	eor	#0x80
   046A B7*04         [ 3]  621 	sta	*_sincosf_sloc1_1_0
   046C 20 0B         [ 3]  622 	bra	00118$
   046E                     623 00117$:
   046E 45r00r09      [ 3]  624 	ldhx	#_sincosf_f_1_24
   0471 7E*04         [ 4]  625 	mov	,x+,*_sincosf_sloc1_1_0
   0473 7E*05         [ 4]  626 	mov	,x+,*(_sincosf_sloc1_1_0 + 1)
   0475 7E*06         [ 4]  627 	mov	,x+,*(_sincosf_sloc1_1_0 + 2)
   0477 7E*07         [ 4]  628 	mov	,x+,*(_sincosf_sloc1_1_0 + 3)
   0479                     629 00118$:
   0479 4E*04*00      [ 5]  630 	mov	*_sincosf_sloc1_1_0,*___SDCC_hc08_ret3
   047C 4E*05*00      [ 5]  631 	mov	*(_sincosf_sloc1_1_0 + 1),*___SDCC_hc08_ret2
   047F BE*06         [ 3]  632 	ldx	*(_sincosf_sloc1_1_0 + 2)
   0481 B6*07         [ 3]  633 	lda	*(_sincosf_sloc1_1_0 + 3)
   0483 81            [ 4]  634 	rts
                            635 	.area CSEG    (CODE)
                            636 	.area CONST   (CODE)
                            637 	.area XINIT   (CODE)
                            638 	.area CABS    (ABS,CODE)
