                              1 ;--------------------------------------------------------
                              2 ; File Created by SDCC : free open source ANSI-C Compiler
                              3 ; Version 3.5.0 #9253 (Apr  4 2022) (Linux)
                              4 ; This file was generated Mon Apr  4 14:10:32 2022
                              5 ;--------------------------------------------------------
                              6 	.module sinf
                              7 	.optsdcc -mhc08
                              8 	
                              9 	.area HOME    (CODE)
                             10 	.area GSINIT0 (CODE)
                             11 	.area GSINIT  (CODE)
                             12 	.area GSFINAL (CODE)
                             13 	.area CSEG    (CODE)
                             14 	.area XINIT   (CODE)
                             15 	.area CONST   (CODE)
                             16 	.area DSEG    (PAG)
                             17 	.area OSEG    (PAG, OVR)
                             18 	.area XSEG
                             19 	.area XISEG
                             20 ;--------------------------------------------------------
                             21 ; Public variables in this module
                             22 ;--------------------------------------------------------
                             23 	.globl _sincosf
                             24 	.globl _sinf
                             25 ;--------------------------------------------------------
                             26 ; ram data
                             27 ;--------------------------------------------------------
                             28 	.area DSEG    (PAG)
                             29 ;--------------------------------------------------------
                             30 ; overlayable items in ram 
                             31 ;--------------------------------------------------------
                             32 ;--------------------------------------------------------
                             33 ; absolute ram data
                             34 ;--------------------------------------------------------
                             35 	.area IABS    (ABS)
                             36 	.area IABS    (ABS)
                             37 ;--------------------------------------------------------
                             38 ; absolute external ram data
                             39 ;--------------------------------------------------------
                             40 	.area XABS    (ABS)
                             41 ;--------------------------------------------------------
                             42 ; external initialized ram data
                             43 ;--------------------------------------------------------
                             44 	.area XISEG
                             45 ;--------------------------------------------------------
                             46 ; extended address mode data
                             47 ;--------------------------------------------------------
                             48 	.area XSEG
                             49 ;--------------------------------------------------------
                             50 ; global & static initialisations
                             51 ;--------------------------------------------------------
                             52 	.area HOME    (CODE)
                             53 	.area GSINIT  (CODE)
                             54 	.area GSFINAL (CODE)
                             55 	.area GSINIT  (CODE)
                             56 ;--------------------------------------------------------
                             57 ; Home
                             58 ;--------------------------------------------------------
                             59 	.area HOME    (CODE)
                             60 	.area HOME    (CODE)
                             61 ;--------------------------------------------------------
                             62 ; code
                             63 ;--------------------------------------------------------
                             64 	.area CSEG    (CODE)
                             65 ;------------------------------------------------------------
                             66 ;Allocation info for local variables in function 'sinf'
                             67 ;------------------------------------------------------------
                             68 ;x                         Allocated to stack - sp -2
                             69 ;sloc0                     Allocated to stack - sp -8
                             70 ;------------------------------------------------------------
                             71 ;../sinf.c:36: float sinf(float x) _FLOAT_FUNC_REENTRANT
                             72 ;	-----------------------------------------
                             73 ;	 function sinf
                             74 ;	-----------------------------------------
                             75 ;	Register assignment is optimal.
                             76 ;	Stack space usage: 4 bytes.
   0000                      77 _sinf:
   0000 A7 FC         [ 2]   78 	ais	#-4
                             79 ;../sinf.c:38: if (x==0.0) return 0.0;
   0002 95            [ 2]   80 	tsx
   0003 E6 06         [ 3]   81 	lda	6,x
   0005 A4 7F         [ 2]   82 	and	#0x7F
   0007 EA 07         [ 3]   83 	ora	7,x
   0009 EA 08         [ 3]   84 	ora	8,x
   000B EA 09         [ 3]   85 	ora	9,x
   000D 26 08         [ 3]   86 	bne	00102$
   000F 4F            [ 1]   87 	clra
   0010 97            [ 1]   88 	tax
   0011 B7*00         [ 3]   89 	sta	*___SDCC_hc08_ret2
   0013 B7*00         [ 3]   90 	sta	*___SDCC_hc08_ret3
   0015 20 3B         [ 3]   91 	bra	00103$
   0017                      92 00102$:
                             93 ;../sinf.c:39: return sincosf(x, 0);
   0017 95            [ 2]   94 	tsx
   0018 45r00r00      [ 3]   95 	ldhx	#_sincosf_PARM_1
   001B 9E E6 07      [ 4]   96 	lda	7,s
   001E F7            [ 2]   97 	sta	,x
   001F 9E E6 08      [ 4]   98 	lda	8,s
   0022 E7 01         [ 3]   99 	sta	1,x
   0024 9E E6 09      [ 4]  100 	lda	9,s
   0027 E7 02         [ 3]  101 	sta	2,x
   0029 9E E6 0A      [ 4]  102 	lda	10,s
   002C E7 03         [ 3]  103 	sta	3,x
   002E 4F            [ 1]  104 	clra
   002F C7r00r00      [ 4]  105 	sta	_sincosf_PARM_2
   0032 CDr00r00      [ 5]  106 	jsr	_sincosf
   0035 9E E7 04      [ 4]  107 	sta	4,s
   0038 9E EF 03      [ 4]  108 	stx	3,s
   003B B6*00         [ 3]  109 	lda	*___SDCC_hc08_ret2
   003D 9E E7 02      [ 4]  110 	sta	2,s
   0040 B6*00         [ 3]  111 	lda	*___SDCC_hc08_ret3
   0042 9E E7 01      [ 4]  112 	sta	1,s
   0045 95            [ 2]  113 	tsx
   0046 F6            [ 2]  114 	lda	,x
   0047 B7*00         [ 3]  115 	sta	*___SDCC_hc08_ret3
   0049 E6 01         [ 3]  116 	lda	1,x
   004B B7*00         [ 3]  117 	sta	*___SDCC_hc08_ret2
   004D EE 02         [ 3]  118 	ldx	2,x
   004F 9E E6 04      [ 4]  119 	lda	4,s
   0052                     120 00103$:
   0052 A7 04         [ 2]  121 	ais	#4
   0054 81            [ 4]  122 	rts
                            123 	.area CSEG    (CODE)
                            124 	.area CONST   (CODE)
                            125 	.area XINIT   (CODE)
                            126 	.area CABS    (ABS,CODE)
