                                      1 ;--------------------------------------------------------
                                      2 ; File Created by SDCC : free open source ANSI-C Compiler
                                      3 ; Version 3.5.0 #9253 (Apr  4 2022) (Linux)
                                      4 ; This file was generated Mon Apr  4 14:10:41 2022
                                      5 ;--------------------------------------------------------
                                      6 	.module isalpha
                                      7 	.optsdcc -mmcs51 --model-small
                                      8 	
                                      9 ;--------------------------------------------------------
                                     10 ; Public variables in this module
                                     11 ;--------------------------------------------------------
                                     12 	.globl _isalpha
                                     13 ;--------------------------------------------------------
                                     14 ; special function registers
                                     15 ;--------------------------------------------------------
                                     16 	.area RSEG    (ABS,DATA)
      000000                         17 	.org 0x0000
                                     18 ;--------------------------------------------------------
                                     19 ; special function bits
                                     20 ;--------------------------------------------------------
                                     21 	.area RSEG    (ABS,DATA)
      000000                         22 	.org 0x0000
                                     23 ;--------------------------------------------------------
                                     24 ; overlayable register banks
                                     25 ;--------------------------------------------------------
                                     26 	.area REG_BANK_0	(REL,OVR,DATA)
      000000                         27 	.ds 8
                                     28 ;--------------------------------------------------------
                                     29 ; internal ram data
                                     30 ;--------------------------------------------------------
                                     31 	.area DSEG    (DATA)
                                     32 ;--------------------------------------------------------
                                     33 ; overlayable items in internal ram 
                                     34 ;--------------------------------------------------------
                                     35 	.area	OSEG    (OVR,DATA)
                                     36 ;--------------------------------------------------------
                                     37 ; indirectly addressable internal ram data
                                     38 ;--------------------------------------------------------
                                     39 	.area ISEG    (DATA)
                                     40 ;--------------------------------------------------------
                                     41 ; absolute internal ram data
                                     42 ;--------------------------------------------------------
                                     43 	.area IABS    (ABS,DATA)
                                     44 	.area IABS    (ABS,DATA)
                                     45 ;--------------------------------------------------------
                                     46 ; bit data
                                     47 ;--------------------------------------------------------
                                     48 	.area BSEG    (BIT)
                                     49 ;--------------------------------------------------------
                                     50 ; paged external ram data
                                     51 ;--------------------------------------------------------
                                     52 	.area PSEG    (PAG,XDATA)
                                     53 ;--------------------------------------------------------
                                     54 ; external ram data
                                     55 ;--------------------------------------------------------
                                     56 	.area XSEG    (XDATA)
                                     57 ;--------------------------------------------------------
                                     58 ; absolute external ram data
                                     59 ;--------------------------------------------------------
                                     60 	.area XABS    (ABS,XDATA)
                                     61 ;--------------------------------------------------------
                                     62 ; external initialized ram data
                                     63 ;--------------------------------------------------------
                                     64 	.area XISEG   (XDATA)
                                     65 	.area HOME    (CODE)
                                     66 	.area GSINIT0 (CODE)
                                     67 	.area GSINIT1 (CODE)
                                     68 	.area GSINIT2 (CODE)
                                     69 	.area GSINIT3 (CODE)
                                     70 	.area GSINIT4 (CODE)
                                     71 	.area GSINIT5 (CODE)
                                     72 	.area GSINIT  (CODE)
                                     73 	.area GSFINAL (CODE)
                                     74 	.area CSEG    (CODE)
                                     75 ;--------------------------------------------------------
                                     76 ; global & static initialisations
                                     77 ;--------------------------------------------------------
                                     78 	.area HOME    (CODE)
                                     79 	.area GSINIT  (CODE)
                                     80 	.area GSFINAL (CODE)
                                     81 	.area GSINIT  (CODE)
                                     82 ;--------------------------------------------------------
                                     83 ; Home
                                     84 ;--------------------------------------------------------
                                     85 	.area HOME    (CODE)
                                     86 	.area HOME    (CODE)
                                     87 ;--------------------------------------------------------
                                     88 ; code
                                     89 ;--------------------------------------------------------
                                     90 	.area CSEG    (CODE)
                                     91 ;------------------------------------------------------------
                                     92 ;Allocation info for local variables in function 'isalpha'
                                     93 ;------------------------------------------------------------
                                     94 ;c                         Allocated to registers r6 r7 
                                     95 ;__00010004                Allocated to registers 
                                     96 ;__00010001                Allocated to registers 
                                     97 ;__00020002                Allocated to registers 
                                     98 ;c                         Allocated to registers 
                                     99 ;__00020005                Allocated to registers 
                                    100 ;c                         Allocated to registers 
                                    101 ;------------------------------------------------------------
                                    102 ;	isalpha.c:37: int isalpha (int c)
                                    103 ;	-----------------------------------------
                                    104 ;	 function isalpha
                                    105 ;	-----------------------------------------
      000000                        106 _isalpha:
                           000007   107 	ar7 = 0x07
                           000006   108 	ar6 = 0x06
                           000005   109 	ar5 = 0x05
                           000004   110 	ar4 = 0x04
                           000003   111 	ar3 = 0x03
                           000002   112 	ar2 = 0x02
                           000001   113 	ar1 = 0x01
                           000000   114 	ar0 = 0x00
      000000 AE 82            [24]  115 	mov	r6,dpl
      000002 AF 83            [24]  116 	mov	r7,dph
                                    117 ;	../../device/include/ctype.h:80: return ((unsigned char)c >= 'A' && (unsigned char)c <= 'Z');
      000004 BE 41 00         [24]  118 	cjne	r6,#0x41,00122$
      000007                        119 00122$:
      000007 40 05            [24]  120 	jc	00110$
      000009 EE               [12]  121 	mov	a,r6
      00000A 24 A5            [12]  122 	add	a,#0xff - 0x5A
      00000C 50 0E            [24]  123 	jnc	00106$
      00000E                        124 00110$:
                                    125 ;	../../device/include/ctype.h:71: return ((unsigned char)c >= 'a' && (unsigned char)c <= 'z');
      00000E BE 61 00         [24]  126 	cjne	r6,#0x61,00125$
      000011                        127 00125$:
      000011 40 05            [24]  128 	jc	00113$
      000013 EE               [12]  129 	mov	a,r6
      000014 24 85            [12]  130 	add	a,#0xff - 0x7A
      000016 50 04            [24]  131 	jnc	00106$
      000018                        132 00113$:
                                    133 ;	isalpha.c:39: return (isupper (c) || islower (c));
      000018 7F 00            [12]  134 	mov	r7,#0x00
      00001A 80 02            [24]  135 	sjmp	00107$
      00001C                        136 00106$:
      00001C 7F 01            [12]  137 	mov	r7,#0x01
      00001E                        138 00107$:
      00001E EF               [12]  139 	mov	a,r7
      00001F 33               [12]  140 	rlc	a
      000020 95 E0            [12]  141 	subb	a,acc
      000022 8F 82            [24]  142 	mov	dpl,r7
      000024 F5 83            [12]  143 	mov	dph,a
      000026 22               [24]  144 	ret
                                    145 	.area CSEG    (CODE)
                                    146 	.area CONST   (CODE)
                                    147 	.area XINIT   (CODE)
                                    148 	.area CABS    (ABS,CODE)
