                                      1 ;--------------------------------------------------------
                                      2 ; File Created by SDCC : free open source ANSI-C Compiler
                                      3 ; Version 3.5.0 #9253 (Apr  4 2022) (Linux)
                                      4 ; This file was generated Mon Apr  4 14:10:41 2022
                                      5 ;--------------------------------------------------------
                                      6 	.module isalnum
                                      7 	.optsdcc -mmcs51 --model-small
                                      8 	
                                      9 ;--------------------------------------------------------
                                     10 ; Public variables in this module
                                     11 ;--------------------------------------------------------
                                     12 	.globl _isalpha
                                     13 	.globl _isalnum
                                     14 ;--------------------------------------------------------
                                     15 ; special function registers
                                     16 ;--------------------------------------------------------
                                     17 	.area RSEG    (ABS,DATA)
      000000                         18 	.org 0x0000
                                     19 ;--------------------------------------------------------
                                     20 ; special function bits
                                     21 ;--------------------------------------------------------
                                     22 	.area RSEG    (ABS,DATA)
      000000                         23 	.org 0x0000
                                     24 ;--------------------------------------------------------
                                     25 ; overlayable register banks
                                     26 ;--------------------------------------------------------
                                     27 	.area REG_BANK_0	(REL,OVR,DATA)
      000000                         28 	.ds 8
                                     29 ;--------------------------------------------------------
                                     30 ; internal ram data
                                     31 ;--------------------------------------------------------
                                     32 	.area DSEG    (DATA)
                                     33 ;--------------------------------------------------------
                                     34 ; overlayable items in internal ram 
                                     35 ;--------------------------------------------------------
                                     36 ;--------------------------------------------------------
                                     37 ; indirectly addressable internal ram data
                                     38 ;--------------------------------------------------------
                                     39 	.area ISEG    (DATA)
                                     40 ;--------------------------------------------------------
                                     41 ; absolute internal ram data
                                     42 ;--------------------------------------------------------
                                     43 	.area IABS    (ABS,DATA)
                                     44 	.area IABS    (ABS,DATA)
                                     45 ;--------------------------------------------------------
                                     46 ; bit data
                                     47 ;--------------------------------------------------------
                                     48 	.area BSEG    (BIT)
                                     49 ;--------------------------------------------------------
                                     50 ; paged external ram data
                                     51 ;--------------------------------------------------------
                                     52 	.area PSEG    (PAG,XDATA)
                                     53 ;--------------------------------------------------------
                                     54 ; external ram data
                                     55 ;--------------------------------------------------------
                                     56 	.area XSEG    (XDATA)
                                     57 ;--------------------------------------------------------
                                     58 ; absolute external ram data
                                     59 ;--------------------------------------------------------
                                     60 	.area XABS    (ABS,XDATA)
                                     61 ;--------------------------------------------------------
                                     62 ; external initialized ram data
                                     63 ;--------------------------------------------------------
                                     64 	.area XISEG   (XDATA)
                                     65 	.area HOME    (CODE)
                                     66 	.area GSINIT0 (CODE)
                                     67 	.area GSINIT1 (CODE)
                                     68 	.area GSINIT2 (CODE)
                                     69 	.area GSINIT3 (CODE)
                                     70 	.area GSINIT4 (CODE)
                                     71 	.area GSINIT5 (CODE)
                                     72 	.area GSINIT  (CODE)
                                     73 	.area GSFINAL (CODE)
                                     74 	.area CSEG    (CODE)
                                     75 ;--------------------------------------------------------
                                     76 ; global & static initialisations
                                     77 ;--------------------------------------------------------
                                     78 	.area HOME    (CODE)
                                     79 	.area GSINIT  (CODE)
                                     80 	.area GSFINAL (CODE)
                                     81 	.area GSINIT  (CODE)
                                     82 ;--------------------------------------------------------
                                     83 ; Home
                                     84 ;--------------------------------------------------------
                                     85 	.area HOME    (CODE)
                                     86 	.area HOME    (CODE)
                                     87 ;--------------------------------------------------------
                                     88 ; code
                                     89 ;--------------------------------------------------------
                                     90 	.area CSEG    (CODE)
                                     91 ;------------------------------------------------------------
                                     92 ;Allocation info for local variables in function 'isalnum'
                                     93 ;------------------------------------------------------------
                                     94 ;c                         Allocated to registers r6 r7 
                                     95 ;__00010001                Allocated to registers 
                                     96 ;__00020002                Allocated to registers 
                                     97 ;c                         Allocated to registers 
                                     98 ;------------------------------------------------------------
                                     99 ;	isalnum.c:37: int isalnum (int c)
                                    100 ;	-----------------------------------------
                                    101 ;	 function isalnum
                                    102 ;	-----------------------------------------
      000000                        103 _isalnum:
                           000007   104 	ar7 = 0x07
                           000006   105 	ar6 = 0x06
                           000005   106 	ar5 = 0x05
                           000004   107 	ar4 = 0x04
                           000003   108 	ar3 = 0x03
                           000002   109 	ar2 = 0x02
                           000001   110 	ar1 = 0x01
                           000000   111 	ar0 = 0x00
                                    112 ;	isalnum.c:39: return (isalpha (c) || isdigit (c));
      000000 AE 82            [24]  113 	mov	r6,dpl
      000002 AF 83            [24]  114 	mov  r7,dph
      000004 C0 07            [24]  115 	push	ar7
      000006 C0 06            [24]  116 	push	ar6
      000008 12r00r00         [24]  117 	lcall	_isalpha
      00000B E5 82            [12]  118 	mov	a,dpl
      00000D 85 83 F0         [24]  119 	mov	b,dph
      000010 D0 06            [24]  120 	pop	ar6
      000012 D0 07            [24]  121 	pop	ar7
      000014 45 F0            [12]  122 	orl	a,b
      000016 70 0E            [24]  123 	jnz	00105$
                                    124 ;	../../device/include/ctype.h:62: return ((unsigned char)c >= '0' && (unsigned char)c <= '9');
      000018 BE 30 00         [24]  125 	cjne	r6,#0x30,00118$
      00001B                        126 00118$:
      00001B 40 05            [24]  127 	jc	00109$
      00001D EE               [12]  128 	mov	a,r6
      00001E 24 C6            [12]  129 	add	a,#0xff - 0x39
      000020 50 04            [24]  130 	jnc	00105$
      000022                        131 00109$:
                                    132 ;	isalnum.c:39: return (isalpha (c) || isdigit (c));
      000022 7F 00            [12]  133 	mov	r7,#0x00
      000024 80 02            [24]  134 	sjmp	00106$
      000026                        135 00105$:
      000026 7F 01            [12]  136 	mov	r7,#0x01
      000028                        137 00106$:
      000028 EF               [12]  138 	mov	a,r7
      000029 33               [12]  139 	rlc	a
      00002A 95 E0            [12]  140 	subb	a,acc
      00002C 8F 82            [24]  141 	mov	dpl,r7
      00002E F5 83            [12]  142 	mov	dph,a
      000030 22               [24]  143 	ret
                                    144 	.area CSEG    (CODE)
                                    145 	.area CONST   (CODE)
                                    146 	.area XINIT   (CODE)
                                    147 	.area CABS    (ABS,CODE)
