                                      1 ;--------------------------------------------------------
                                      2 ; File Created by SDCC : free open source ANSI-C Compiler
                                      3 ; Version 3.5.0 #9253 (Apr  4 2022) (Linux)
                                      4 ; This file was generated Mon Apr  4 14:10:41 2022
                                      5 ;--------------------------------------------------------
                                      6 	.module iscntrl
                                      7 	.optsdcc -mmcs51 --model-small
                                      8 	
                                      9 ;--------------------------------------------------------
                                     10 ; Public variables in this module
                                     11 ;--------------------------------------------------------
                                     12 	.globl _iscntrl
                                     13 ;--------------------------------------------------------
                                     14 ; special function registers
                                     15 ;--------------------------------------------------------
                                     16 	.area RSEG    (ABS,DATA)
      000000                         17 	.org 0x0000
                                     18 ;--------------------------------------------------------
                                     19 ; special function bits
                                     20 ;--------------------------------------------------------
                                     21 	.area RSEG    (ABS,DATA)
      000000                         22 	.org 0x0000
                                     23 ;--------------------------------------------------------
                                     24 ; overlayable register banks
                                     25 ;--------------------------------------------------------
                                     26 	.area REG_BANK_0	(REL,OVR,DATA)
      000000                         27 	.ds 8
                                     28 ;--------------------------------------------------------
                                     29 ; internal ram data
                                     30 ;--------------------------------------------------------
                                     31 	.area DSEG    (DATA)
                                     32 ;--------------------------------------------------------
                                     33 ; overlayable items in internal ram 
                                     34 ;--------------------------------------------------------
                                     35 	.area	OSEG    (OVR,DATA)
                                     36 ;--------------------------------------------------------
                                     37 ; indirectly addressable internal ram data
                                     38 ;--------------------------------------------------------
                                     39 	.area ISEG    (DATA)
                                     40 ;--------------------------------------------------------
                                     41 ; absolute internal ram data
                                     42 ;--------------------------------------------------------
                                     43 	.area IABS    (ABS,DATA)
                                     44 	.area IABS    (ABS,DATA)
                                     45 ;--------------------------------------------------------
                                     46 ; bit data
                                     47 ;--------------------------------------------------------
                                     48 	.area BSEG    (BIT)
                                     49 ;--------------------------------------------------------
                                     50 ; paged external ram data
                                     51 ;--------------------------------------------------------
                                     52 	.area PSEG    (PAG,XDATA)
                                     53 ;--------------------------------------------------------
                                     54 ; external ram data
                                     55 ;--------------------------------------------------------
                                     56 	.area XSEG    (XDATA)
                                     57 ;--------------------------------------------------------
                                     58 ; absolute external ram data
                                     59 ;--------------------------------------------------------
                                     60 	.area XABS    (ABS,XDATA)
                                     61 ;--------------------------------------------------------
                                     62 ; external initialized ram data
                                     63 ;--------------------------------------------------------
                                     64 	.area XISEG   (XDATA)
                                     65 	.area HOME    (CODE)
                                     66 	.area GSINIT0 (CODE)
                                     67 	.area GSINIT1 (CODE)
                                     68 	.area GSINIT2 (CODE)
                                     69 	.area GSINIT3 (CODE)
                                     70 	.area GSINIT4 (CODE)
                                     71 	.area GSINIT5 (CODE)
                                     72 	.area GSINIT  (CODE)
                                     73 	.area GSFINAL (CODE)
                                     74 	.area CSEG    (CODE)
                                     75 ;--------------------------------------------------------
                                     76 ; global & static initialisations
                                     77 ;--------------------------------------------------------
                                     78 	.area HOME    (CODE)
                                     79 	.area GSINIT  (CODE)
                                     80 	.area GSFINAL (CODE)
                                     81 	.area GSINIT  (CODE)
                                     82 ;--------------------------------------------------------
                                     83 ; Home
                                     84 ;--------------------------------------------------------
                                     85 	.area HOME    (CODE)
                                     86 	.area HOME    (CODE)
                                     87 ;--------------------------------------------------------
                                     88 ; code
                                     89 ;--------------------------------------------------------
                                     90 	.area CSEG    (CODE)
                                     91 ;------------------------------------------------------------
                                     92 ;Allocation info for local variables in function 'iscntrl'
                                     93 ;------------------------------------------------------------
                                     94 ;c                         Allocated to registers r6 r7 
                                     95 ;------------------------------------------------------------
                                     96 ;	iscntrl.c:33: int iscntrl (int c)
                                     97 ;	-----------------------------------------
                                     98 ;	 function iscntrl
                                     99 ;	-----------------------------------------
      000000                        100 _iscntrl:
                           000007   101 	ar7 = 0x07
                           000006   102 	ar6 = 0x06
                           000005   103 	ar5 = 0x05
                           000004   104 	ar4 = 0x04
                           000003   105 	ar3 = 0x03
                           000002   106 	ar2 = 0x02
                           000001   107 	ar1 = 0x01
                           000000   108 	ar0 = 0x00
      000000 AE 82            [24]  109 	mov	r6,dpl
      000002 AF 83            [24]  110 	mov	r7,dph
                                    111 ;	iscntrl.c:35: return (c < ' ' || c == 0x7f);
      000004 C3               [12]  112 	clr	c
      000005 EE               [12]  113 	mov	a,r6
      000006 94 20            [12]  114 	subb	a,#0x20
      000008 EF               [12]  115 	mov	a,r7
      000009 64 80            [12]  116 	xrl	a,#0x80
      00000B 94 80            [12]  117 	subb	a,#0x80
      00000D 40 0C            [24]  118 	jc	00104$
      00000F BE 7F 05         [24]  119 	cjne	r6,#0x7F,00113$
      000012 BF 00 02         [24]  120 	cjne	r7,#0x00,00113$
      000015 80 04            [24]  121 	sjmp	00104$
      000017                        122 00113$:
      000017 7F 00            [12]  123 	mov	r7,#0x00
      000019 80 02            [24]  124 	sjmp	00105$
      00001B                        125 00104$:
      00001B 7F 01            [12]  126 	mov	r7,#0x01
      00001D                        127 00105$:
      00001D EF               [12]  128 	mov	a,r7
      00001E 33               [12]  129 	rlc	a
      00001F 95 E0            [12]  130 	subb	a,acc
      000021 8F 82            [24]  131 	mov	dpl,r7
      000023 F5 83            [12]  132 	mov	dph,a
      000025 22               [24]  133 	ret
                                    134 	.area CSEG    (CODE)
                                    135 	.area CONST   (CODE)
                                    136 	.area XINIT   (CODE)
                                    137 	.area CABS    (ABS,CODE)
