                                      1 ;--------------------------------------------------------
                                      2 ; File Created by SDCC : free open source ANSI-C Compiler
                                      3 ; Version 3.5.0 #9253 (Apr  4 2022) (Linux)
                                      4 ; This file was generated Mon Apr  4 14:10:41 2022
                                      5 ;--------------------------------------------------------
                                      6 	.module isspace
                                      7 	.optsdcc -mmcs51 --model-small
                                      8 	
                                      9 ;--------------------------------------------------------
                                     10 ; Public variables in this module
                                     11 ;--------------------------------------------------------
                                     12 	.globl _isspace
                                     13 ;--------------------------------------------------------
                                     14 ; special function registers
                                     15 ;--------------------------------------------------------
                                     16 	.area RSEG    (ABS,DATA)
      000000                         17 	.org 0x0000
                                     18 ;--------------------------------------------------------
                                     19 ; special function bits
                                     20 ;--------------------------------------------------------
                                     21 	.area RSEG    (ABS,DATA)
      000000                         22 	.org 0x0000
                                     23 ;--------------------------------------------------------
                                     24 ; overlayable register banks
                                     25 ;--------------------------------------------------------
                                     26 	.area REG_BANK_0	(REL,OVR,DATA)
      000000                         27 	.ds 8
                                     28 ;--------------------------------------------------------
                                     29 ; internal ram data
                                     30 ;--------------------------------------------------------
                                     31 	.area DSEG    (DATA)
                                     32 ;--------------------------------------------------------
                                     33 ; overlayable items in internal ram 
                                     34 ;--------------------------------------------------------
                                     35 	.area	OSEG    (OVR,DATA)
                                     36 ;--------------------------------------------------------
                                     37 ; indirectly addressable internal ram data
                                     38 ;--------------------------------------------------------
                                     39 	.area ISEG    (DATA)
                                     40 ;--------------------------------------------------------
                                     41 ; absolute internal ram data
                                     42 ;--------------------------------------------------------
                                     43 	.area IABS    (ABS,DATA)
                                     44 	.area IABS    (ABS,DATA)
                                     45 ;--------------------------------------------------------
                                     46 ; bit data
                                     47 ;--------------------------------------------------------
                                     48 	.area BSEG    (BIT)
                                     49 ;--------------------------------------------------------
                                     50 ; paged external ram data
                                     51 ;--------------------------------------------------------
                                     52 	.area PSEG    (PAG,XDATA)
                                     53 ;--------------------------------------------------------
                                     54 ; external ram data
                                     55 ;--------------------------------------------------------
                                     56 	.area XSEG    (XDATA)
                                     57 ;--------------------------------------------------------
                                     58 ; absolute external ram data
                                     59 ;--------------------------------------------------------
                                     60 	.area XABS    (ABS,XDATA)
                                     61 ;--------------------------------------------------------
                                     62 ; external initialized ram data
                                     63 ;--------------------------------------------------------
                                     64 	.area XISEG   (XDATA)
                                     65 	.area HOME    (CODE)
                                     66 	.area GSINIT0 (CODE)
                                     67 	.area GSINIT1 (CODE)
                                     68 	.area GSINIT2 (CODE)
                                     69 	.area GSINIT3 (CODE)
                                     70 	.area GSINIT4 (CODE)
                                     71 	.area GSINIT5 (CODE)
                                     72 	.area GSINIT  (CODE)
                                     73 	.area GSFINAL (CODE)
                                     74 	.area CSEG    (CODE)
                                     75 ;--------------------------------------------------------
                                     76 ; global & static initialisations
                                     77 ;--------------------------------------------------------
                                     78 	.area HOME    (CODE)
                                     79 	.area GSINIT  (CODE)
                                     80 	.area GSFINAL (CODE)
                                     81 	.area GSINIT  (CODE)
                                     82 ;--------------------------------------------------------
                                     83 ; Home
                                     84 ;--------------------------------------------------------
                                     85 	.area HOME    (CODE)
                                     86 	.area HOME    (CODE)
                                     87 ;--------------------------------------------------------
                                     88 ; code
                                     89 ;--------------------------------------------------------
                                     90 	.area CSEG    (CODE)
                                     91 ;------------------------------------------------------------
                                     92 ;Allocation info for local variables in function 'isspace'
                                     93 ;------------------------------------------------------------
                                     94 ;c                         Allocated to registers r6 r7 
                                     95 ;------------------------------------------------------------
                                     96 ;	isspace.c:37: int isspace (int c)
                                     97 ;	-----------------------------------------
                                     98 ;	 function isspace
                                     99 ;	-----------------------------------------
      000000                        100 _isspace:
                           000007   101 	ar7 = 0x07
                           000006   102 	ar6 = 0x06
                           000005   103 	ar5 = 0x05
                           000004   104 	ar4 = 0x04
                           000003   105 	ar3 = 0x03
                           000002   106 	ar2 = 0x02
                           000001   107 	ar1 = 0x01
                           000000   108 	ar0 = 0x00
      000000 AE 82            [24]  109 	mov	r6,dpl
      000002 AF 83            [24]  110 	mov	r7,dph
                                    111 ;	isspace.c:39: return (c == ' ' || c == '\f' || c == '\n' || c == '\r' || c == '\t' || c == '\v');
      000004 BE 20 05         [24]  112 	cjne	r6,#0x20,00136$
      000007 BF 00 02         [24]  113 	cjne	r7,#0x00,00136$
      00000A 80 2C            [24]  114 	sjmp	00104$
      00000C                        115 00136$:
      00000C BE 0C 05         [24]  116 	cjne	r6,#0x0C,00137$
      00000F BF 00 02         [24]  117 	cjne	r7,#0x00,00137$
      000012 80 24            [24]  118 	sjmp	00104$
      000014                        119 00137$:
      000014 BE 0A 05         [24]  120 	cjne	r6,#0x0A,00138$
      000017 BF 00 02         [24]  121 	cjne	r7,#0x00,00138$
      00001A 80 1C            [24]  122 	sjmp	00104$
      00001C                        123 00138$:
      00001C BE 0D 05         [24]  124 	cjne	r6,#0x0D,00139$
      00001F BF 00 02         [24]  125 	cjne	r7,#0x00,00139$
      000022 80 14            [24]  126 	sjmp	00104$
      000024                        127 00139$:
      000024 BE 09 05         [24]  128 	cjne	r6,#0x09,00140$
      000027 BF 00 02         [24]  129 	cjne	r7,#0x00,00140$
      00002A 80 0C            [24]  130 	sjmp	00104$
      00002C                        131 00140$:
      00002C BE 0B 05         [24]  132 	cjne	r6,#0x0B,00141$
      00002F BF 00 02         [24]  133 	cjne	r7,#0x00,00141$
      000032 80 04            [24]  134 	sjmp	00104$
      000034                        135 00141$:
      000034 7F 00            [12]  136 	mov	r7,#0x00
      000036 80 02            [24]  137 	sjmp	00105$
      000038                        138 00104$:
      000038 7F 01            [12]  139 	mov	r7,#0x01
      00003A                        140 00105$:
      00003A EF               [12]  141 	mov	a,r7
      00003B 33               [12]  142 	rlc	a
      00003C 95 E0            [12]  143 	subb	a,acc
      00003E 8F 82            [24]  144 	mov	dpl,r7
      000040 F5 83            [12]  145 	mov	dph,a
      000042 22               [24]  146 	ret
                                    147 	.area CSEG    (CODE)
                                    148 	.area CONST   (CODE)
                                    149 	.area XINIT   (CODE)
                                    150 	.area CABS    (ABS,CODE)
