                              1 ;--------------------------------------------------------
                              2 ; File Created by SDCC : free open source ANSI-C Compiler
                              3 ; Version 3.5.0 #9253 (Apr  4 2022) (Linux)
                              4 ; This file was generated Mon Apr  4 14:16:00 2022
                              5 ;--------------------------------------------------------
                              6 	.module _divslonglong
                              7 	.optsdcc -mr2k
                              8 	
                              9 ;--------------------------------------------------------
                             10 ; Public variables in this module
                             11 ;--------------------------------------------------------
                             12 	.globl __divslonglong
                             13 ;--------------------------------------------------------
                             14 ; special function registers
                             15 ;--------------------------------------------------------
                             16 ;--------------------------------------------------------
                             17 ; ram data
                             18 ;--------------------------------------------------------
                             19 	.area _DATA
                             20 ;--------------------------------------------------------
                             21 ; ram data
                             22 ;--------------------------------------------------------
                             23 	.area _INITIALIZED
                             24 ;--------------------------------------------------------
                             25 ; absolute external ram data
                             26 ;--------------------------------------------------------
                             27 	.area _DABS (ABS)
                             28 ;--------------------------------------------------------
                             29 ; global & static initialisations
                             30 ;--------------------------------------------------------
                             31 	.area _HOME
                             32 	.area _GSINIT
                             33 	.area _GSFINAL
                             34 	.area _GSINIT
                             35 ;--------------------------------------------------------
                             36 ; Home
                             37 ;--------------------------------------------------------
                             38 	.area _HOME
                             39 ;../_divslonglong.c:36: _divslonglong (long long numerator, long long denominator)
                             40 ;	---------------------------------
                             41 ; Function _divslonglong
                             42 ; ---------------------------------
   0000                      43 __divslonglong::
   0000 DD E5                44 	push	ix
   0002 DD 21 00 00          45 	ld	ix,#0
   0006 DD 39                46 	add	ix,sp
   0008 27 E8                47 	add	sp, #-24
                             48 ;../_divslonglong.c:38: bool numeratorneg = (numerator < 0);
   000A DD 7E 0D             49 	ld	a,13 (ix)
   000D 07                   50 	rlca
   000E E6 01                51 	and	a,#0x01
   0010 57                   52 	ld	d,a
                             53 ;../_divslonglong.c:39: bool denominatorneg = (denominator < 0);
   0011 DD 7E 15             54 	ld	a,21 (ix)
   0014 07                   55 	rlca
   0015 E6 01                56 	and	a,#0x01
   0017 5F                   57 	ld	e,a
                             58 ;../_divslonglong.c:42: if (numeratorneg)
   0018 CB 42                59 	bit	0,d
   001A 28 3F                60 	jr	Z,00102$
                             61 ;../_divslonglong.c:43: numerator = -numerator;
   001C AF                   62 	xor	a, a
   001D DD 96 06             63 	sub	a, 6 (ix)
   0020 DD 77 06             64 	ld	6 (ix),a
   0023 3E 00                65 	ld	a, #0x00
   0025 DD 9E 07             66 	sbc	a, 7 (ix)
   0028 DD 77 07             67 	ld	7 (ix),a
   002B 3E 00                68 	ld	a, #0x00
   002D DD 9E 08             69 	sbc	a, 8 (ix)
   0030 DD 77 08             70 	ld	8 (ix),a
   0033 3E 00                71 	ld	a, #0x00
   0035 DD 9E 09             72 	sbc	a, 9 (ix)
   0038 DD 77 09             73 	ld	9 (ix),a
   003B 3E 00                74 	ld	a, #0x00
   003D DD 9E 0A             75 	sbc	a, 10 (ix)
   0040 DD 77 0A             76 	ld	10 (ix),a
   0043 3E 00                77 	ld	a, #0x00
   0045 DD 9E 0B             78 	sbc	a, 11 (ix)
   0048 DD 77 0B             79 	ld	11 (ix),a
   004B 3E 00                80 	ld	a, #0x00
   004D DD 9E 0C             81 	sbc	a, 12 (ix)
   0050 DD 77 0C             82 	ld	12 (ix),a
   0053 3E 00                83 	ld	a, #0x00
   0055 DD 9E 0D             84 	sbc	a, 13 (ix)
   0058 DD 77 0D             85 	ld	13 (ix),a
   005B                      86 00102$:
                             87 ;../_divslonglong.c:44: if (denominatorneg)
   005B CB 43                88 	bit	0,e
   005D 28 3F                89 	jr	Z,00104$
                             90 ;../_divslonglong.c:45: denominator = -denominator;
   005F AF                   91 	xor	a, a
   0060 DD 96 0E             92 	sub	a, 14 (ix)
   0063 DD 77 0E             93 	ld	14 (ix),a
   0066 3E 00                94 	ld	a, #0x00
   0068 DD 9E 0F             95 	sbc	a, 15 (ix)
   006B DD 77 0F             96 	ld	15 (ix),a
   006E 3E 00                97 	ld	a, #0x00
   0070 DD 9E 10             98 	sbc	a, 16 (ix)
   0073 DD 77 10             99 	ld	16 (ix),a
   0076 3E 00               100 	ld	a, #0x00
   0078 DD 9E 11            101 	sbc	a, 17 (ix)
   007B DD 77 11            102 	ld	17 (ix),a
   007E 3E 00               103 	ld	a, #0x00
   0080 DD 9E 12            104 	sbc	a, 18 (ix)
   0083 DD 77 12            105 	ld	18 (ix),a
   0086 3E 00               106 	ld	a, #0x00
   0088 DD 9E 13            107 	sbc	a, 19 (ix)
   008B DD 77 13            108 	ld	19 (ix),a
   008E 3E 00               109 	ld	a, #0x00
   0090 DD 9E 14            110 	sbc	a, 20 (ix)
   0093 DD 77 14            111 	ld	20 (ix),a
   0096 3E 00               112 	ld	a, #0x00
   0098 DD 9E 15            113 	sbc	a, 21 (ix)
   009B DD 77 15            114 	ld	21 (ix),a
   009E                     115 00104$:
                            116 ;../_divslonglong.c:47: d = (unsigned long long)numerator / (unsigned long long)denominator;
   009E D5                  117 	push	de
   009F 21 12 00            118 	ld	hl, #18
   00A2 39                  119 	add	hl, sp
   00A3 EB                  120 	ex	de, hl
   00A4 21 20 00            121 	ld	hl, #32
   00A7 39                  122 	add	hl, sp
   00A8 01 08 00            123 	ld	bc, #8
   00AB ED B0               124 	ldir
   00AD D1                  125 	pop	de
   00AE D5                  126 	push	de
   00AF 21 0A 00            127 	ld	hl, #10
   00B2 39                  128 	add	hl, sp
   00B3 EB                  129 	ex	de, hl
   00B4 21 28 00            130 	ld	hl, #40
   00B7 39                  131 	add	hl, sp
   00B8 01 08 00            132 	ld	bc, #8
   00BB ED B0               133 	ldir
   00BD DD 66 F7            134 	ld	h,-9 (ix)
   00C0 DD 6E F6            135 	ld	l,-10 (ix)
   00C3 E5                  136 	push	hl
   00C4 DD 66 F5            137 	ld	h,-11 (ix)
   00C7 DD 6E F4            138 	ld	l,-12 (ix)
   00CA E5                  139 	push	hl
   00CB DD 66 F3            140 	ld	h,-13 (ix)
   00CE DD 6E F2            141 	ld	l,-14 (ix)
   00D1 E5                  142 	push	hl
   00D2 DD 66 F1            143 	ld	h,-15 (ix)
   00D5 DD 6E F0            144 	ld	l,-16 (ix)
   00D8 E5                  145 	push	hl
   00D9 DD 66 FF            146 	ld	h,-1 (ix)
   00DC DD 6E FE            147 	ld	l,-2 (ix)
   00DF E5                  148 	push	hl
   00E0 DD 66 FD            149 	ld	h,-3 (ix)
   00E3 DD 6E FC            150 	ld	l,-4 (ix)
   00E6 E5                  151 	push	hl
   00E7 DD 66 FB            152 	ld	h,-5 (ix)
   00EA DD 6E FA            153 	ld	l,-6 (ix)
   00ED E5                  154 	push	hl
   00EE DD 66 F9            155 	ld	h,-7 (ix)
   00F1 DD 6E F8            156 	ld	l,-8 (ix)
   00F4 E5                  157 	push	hl
   00F5 21 12 00            158 	ld	hl,#0x0012
   00F8 39                  159 	add	hl, sp
   00F9 E5                  160 	push	hl
   00FA CDr00r00            161 	call	__divulonglong
   00FD 27 12               162 	add	sp, #18
   00FF D1                  163 	pop	de
                            164 ;../_divslonglong.c:49: return ((numeratorneg ^ denominatorneg) ? -d : d);
   0100 7A                  165 	ld	a,d
   0101 AB                  166 	xor	a, e
   0102 CB 47               167 	bit	0,a
   0104 28 41               168 	jr	Z,00107$
   0106 AF                  169 	xor	a, a
   0107 DD 96 E8            170 	sub	a, -24 (ix)
   010A DD 77 F0            171 	ld	-16 (ix),a
   010D 3E 00               172 	ld	a, #0x00
   010F DD 9E E9            173 	sbc	a, -23 (ix)
   0112 DD 77 F1            174 	ld	-15 (ix),a
   0115 3E 00               175 	ld	a, #0x00
   0117 DD 9E EA            176 	sbc	a, -22 (ix)
   011A DD 77 F2            177 	ld	-14 (ix),a
   011D 3E 00               178 	ld	a, #0x00
   011F DD 9E EB            179 	sbc	a, -21 (ix)
   0122 DD 77 F3            180 	ld	-13 (ix),a
   0125 3E 00               181 	ld	a, #0x00
   0127 DD 9E EC            182 	sbc	a, -20 (ix)
   012A DD 77 F4            183 	ld	-12 (ix),a
   012D 3E 00               184 	ld	a, #0x00
   012F DD 9E ED            185 	sbc	a, -19 (ix)
   0132 DD 77 F5            186 	ld	-11 (ix),a
   0135 3E 00               187 	ld	a, #0x00
   0137 DD 9E EE            188 	sbc	a, -18 (ix)
   013A DD 77 F6            189 	ld	-10 (ix),a
   013D 3E 00               190 	ld	a, #0x00
   013F DD 9E EF            191 	sbc	a, -17 (ix)
   0142 DD 77 F7            192 	ld	-9 (ix),a
   0145 18 0E               193 	jr	00108$
   0147                     194 00107$:
   0147 21 08 00            195 	ld	hl, #8
   014A 39                  196 	add	hl, sp
   014B EB                  197 	ex	de, hl
   014C 21 00 00            198 	ld	hl, #0
   014F 39                  199 	add	hl, sp
   0150 01 08 00            200 	ld	bc, #8
   0153 ED B0               201 	ldir
   0155                     202 00108$:
   0155 21 1C 00            203 	ld	hl, #28
   0158 39                  204 	add	hl, sp
   0159 5E                  205 	ld	e, (hl)
   015A 23                  206 	inc	hl
   015B 56                  207 	ld	d, (hl)
   015C 21 08 00            208 	ld	hl, #8
   015F 39                  209 	add	hl, sp
   0160 01 08 00            210 	ld	bc, #8
   0163 ED B0               211 	ldir
   0165 DD F9               212 	ld	sp, ix
   0167 DD E1               213 	pop	ix
   0169 C9                  214 	ret
                            215 	.area _HOME
                            216 ;--------------------------------------------------------
                            217 ; code
                            218 ;--------------------------------------------------------
                            219 	.area _CODE
                            220 	.area _CODE
                            221 	.area _INITIALIZER
                            222 	.area _CABS (ABS)
