                              1 ;--------------------------------------------------------
                              2 ; File Created by SDCC : free open source ANSI-C Compiler
                              3 ; Version 3.5.0 #9253 (Apr  4 2022) (Linux)
                              4 ; This file was generated Mon Apr  4 14:15:52 2022
                              5 ;--------------------------------------------------------
                              6 	.module _fs2uint
                              7 	.optsdcc -mr2k
                              8 	
                              9 ;--------------------------------------------------------
                             10 ; Public variables in this module
                             11 ;--------------------------------------------------------
                             12 	.globl ___fs2ulong
                             13 	.globl ___fs2uint
                             14 ;--------------------------------------------------------
                             15 ; special function registers
                             16 ;--------------------------------------------------------
                             17 ;--------------------------------------------------------
                             18 ; ram data
                             19 ;--------------------------------------------------------
                             20 	.area _DATA
                             21 ;--------------------------------------------------------
                             22 ; ram data
                             23 ;--------------------------------------------------------
                             24 	.area _INITIALIZED
                             25 ;--------------------------------------------------------
                             26 ; absolute external ram data
                             27 ;--------------------------------------------------------
                             28 	.area _DABS (ABS)
                             29 ;--------------------------------------------------------
                             30 ; global & static initialisations
                             31 ;--------------------------------------------------------
                             32 	.area _HOME
                             33 	.area _GSINIT
                             34 	.area _GSFINAL
                             35 	.area _GSINIT
                             36 ;--------------------------------------------------------
                             37 ; Home
                             38 ;--------------------------------------------------------
                             39 	.area _HOME
                             40 ;../_fs2uint.c:54: unsigned int __fs2uint (float f)
                             41 ;	---------------------------------
                             42 ; Function __fs2uint
                             43 ; ---------------------------------
   0000                      44 ___fs2uint::
   0000 DD E5                45 	push	ix
                             46 ;../_fs2uint.c:56: unsigned long ul=__fs2ulong(f);
   0002 C4 06                47 	ld	hl, 6 (sp)
   0004 E5                   48 	push	hl
   0005 C4 06                49 	ld	hl, 6 (sp)
   0007 E5                   50 	push	hl
   0008 CDr00r00             51 	call	___fs2ulong
   000B 27 04                52 	add	sp, #4
                             53 ;../_fs2uint.c:57: if (ul>=UINT_MAX) return UINT_MAX;
   000D 7D                   54 	ld	a,l
   000E D6 FF                55 	sub	a, #0xFF
   0010 7C                   56 	ld	a,h
   0011 DE FF                57 	sbc	a, #0xFF
   0013 7B                   58 	ld	a,e
   0014 DE 00                59 	sbc	a, #0x00
   0016 7A                   60 	ld	a,d
   0017 DE 00                61 	sbc	a, #0x00
   0019 38 03                62 	jr	C,00102$
   001B 21 FF FF             63 	ld	hl,#0xFFFF
                             64 ;../_fs2uint.c:58: return ul;
   001E                      65 00102$:
   001E DD E1                66 	pop	ix
   0020 C9                   67 	ret
                             68 	.area _HOME
                             69 ;--------------------------------------------------------
                             70 ; code
                             71 ;--------------------------------------------------------
                             72 	.area _CODE
                             73 	.area _CODE
                             74 	.area _INITIALIZER
                             75 	.area _CABS (ABS)
