                              1 ;--------------------------------------------------------
                              2 ; File Created by SDCC : free open source ANSI-C Compiler
                              3 ; Version 3.5.0 #9253 (Apr  4 2022) (Linux)
                              4 ; This file was generated Mon Apr  4 14:15:55 2022
                              5 ;--------------------------------------------------------
                              6 	.module _fssub
                              7 	.optsdcc -mr2k
                              8 	
                              9 ;--------------------------------------------------------
                             10 ; Public variables in this module
                             11 ;--------------------------------------------------------
                             12 	.globl ___fssub
                             13 ;--------------------------------------------------------
                             14 ; special function registers
                             15 ;--------------------------------------------------------
                             16 ;--------------------------------------------------------
                             17 ; ram data
                             18 ;--------------------------------------------------------
                             19 	.area _DATA
                             20 ;--------------------------------------------------------
                             21 ; ram data
                             22 ;--------------------------------------------------------
                             23 	.area _INITIALIZED
                             24 ;--------------------------------------------------------
                             25 ; absolute external ram data
                             26 ;--------------------------------------------------------
                             27 	.area _DABS (ABS)
                             28 ;--------------------------------------------------------
                             29 ; global & static initialisations
                             30 ;--------------------------------------------------------
                             31 	.area _HOME
                             32 	.area _GSINIT
                             33 	.area _GSFINAL
                             34 	.area _GSINIT
                             35 ;--------------------------------------------------------
                             36 ; Home
                             37 ;--------------------------------------------------------
                             38 	.area _HOME
                             39 ;../_fssub.c:73: float __fssub (float a1, float a2)
                             40 ;	---------------------------------
                             41 ; Function __fssub
                             42 ; ---------------------------------
   0000                      43 ___fssub::
   0000 DD E5                44 	push	ix
   0002 DD 21 00 00          45 	ld	ix,#0
   0006 DD 39                46 	add	ix,sp
                             47 ;../_fssub.c:75: float neg = -a1;
   0008 DD 7E 07             48 	ld	a,7 (ix)
   000B EE 80                49 	xor	a,#0x80
   000D 47                   50 	ld	b,a
   000E DD 5E 04             51 	ld	e,4 (ix)
   0011 DD 56 05             52 	ld	d,5 (ix)
   0014 DD 4E 06             53 	ld	c,6 (ix)
                             54 ;../_fssub.c:76: return -(neg + a2);
   0017 C4 0A                55 	ld	hl, 10 (sp)
   0019 E5                   56 	push	hl
   001A C4 0A                57 	ld	hl, 10 (sp)
   001C E5                   58 	push	hl
   001D C5                   59 	push	bc
   001E D5                   60 	push	de
   001F CDr00r00             61 	call	___fsadd
   0022 27 08                62 	add	sp, #8
   0024 7A                   63 	ld	a,d
   0025 EE 80                64 	xor	a,#0x80
   0027 57                   65 	ld	d,a
   0028 DD E1                66 	pop	ix
   002A C9                   67 	ret
                             68 	.area _HOME
                             69 ;--------------------------------------------------------
                             70 ; code
                             71 ;--------------------------------------------------------
                             72 	.area _CODE
                             73 	.area _CODE
                             74 	.area _INITIALIZER
                             75 	.area _CABS (ABS)
