                              1 ;--------------------------------------------------------
                              2 ; File Created by SDCC : free open source ANSI-C Compiler
                              3 ; Version 3.5.0 #9253 (Apr  4 2022) (Linux)
                              4 ; This file was generated Mon Apr  4 14:16:08 2022
                              5 ;--------------------------------------------------------
                              6 	.module _ltoa
                              7 	.optsdcc -mr2k
                              8 	
                              9 ;--------------------------------------------------------
                             10 ; Public variables in this module
                             11 ;--------------------------------------------------------
                             12 	.globl __ltoa
                             13 	.globl __ultoa
                             14 ;--------------------------------------------------------
                             15 ; special function registers
                             16 ;--------------------------------------------------------
                             17 ;--------------------------------------------------------
                             18 ; ram data
                             19 ;--------------------------------------------------------
                             20 	.area _DATA
                             21 ;--------------------------------------------------------
                             22 ; ram data
                             23 ;--------------------------------------------------------
                             24 	.area _INITIALIZED
                             25 ;--------------------------------------------------------
                             26 ; absolute external ram data
                             27 ;--------------------------------------------------------
                             28 	.area _DABS (ABS)
                             29 ;--------------------------------------------------------
                             30 ; global & static initialisations
                             31 ;--------------------------------------------------------
                             32 	.area _HOME
                             33 	.area _GSINIT
                             34 	.area _GSFINAL
                             35 	.area _GSINIT
                             36 ;--------------------------------------------------------
                             37 ; Home
                             38 ;--------------------------------------------------------
                             39 	.area _HOME
                             40 	.area _HOME
                             41 ;--------------------------------------------------------
                             42 ; code
                             43 ;--------------------------------------------------------
                             44 	.area _CODE
                             45 ;../_ltoa.c:56: void _ultoa(unsigned long value, char* string, unsigned char radix)
                             46 ;	---------------------------------
                             47 ; Function _ultoa
                             48 ; ---------------------------------
   0000                      49 __ultoa::
   0000 DD E5                50 	push	ix
   0002 DD 21 00 00          51 	ld	ix,#0
   0006 DD 39                52 	add	ix,sp
   0008 27 DA                53 	add	sp, #-38
                             54 ;../_ltoa.c:61: do {
   000A 21 00 00             55 	ld	hl,#0x0000
   000D 39                   56 	add	hl,sp
   000E D4 24                57 	ld	36 (sp), hl
   0010 0E 20                58 	ld	c,#0x20
   0012                      59 00103$:
                             60 ;../_ltoa.c:62: unsigned char c = '0' + (value % radix);
   0012 DD 7E 0A             61 	ld	a,10 (ix)
   0015 DD 77 FA             62 	ld	-6 (ix),a
   0018 DD 36 FB 00          63 	ld	-5 (ix),#0x00
   001C DD 36 FC 00          64 	ld	-4 (ix),#0x00
   0020 DD 36 FD 00          65 	ld	-3 (ix),#0x00
   0024 C5                   66 	push	bc
   0025 C4 24                67 	ld	hl, 36 (sp)
   0027 E5                   68 	push	hl
   0028 C4 24                69 	ld	hl, 36 (sp)
   002A E5                   70 	push	hl
   002B C4 32                71 	ld	hl, 50 (sp)
   002D E5                   72 	push	hl
   002E C4 32                73 	ld	hl, 50 (sp)
   0030 E5                   74 	push	hl
   0031 CDr00r00             75 	call	__modulong
   0034 27 08                76 	add	sp, #8
   0036 C1                   77 	pop	bc
   0037 7D                   78 	ld	a,l
   0038 C6 30                79 	add	a, #0x30
   003A 57                   80 	ld	d,a
                             81 ;../_ltoa.c:63: if (c > (unsigned char)'9')
   003B 3E 39                82 	ld	a,#0x39
   003D 92                   83 	sub	a, d
   003E 30 04                84 	jr	NC,00102$
                             85 ;../_ltoa.c:64: c += 'A' - '9' - 1;
   0040 7A                   86 	ld	a,d
   0041 C6 07                87 	add	a, #0x07
   0043 57                   88 	ld	d,a
   0044                      89 00102$:
                             90 ;../_ltoa.c:65: buffer[--index] = c;
   0044 0D                   91 	dec	c
   0045 C4 24                92 	ld	hl, 36 (sp)
   0047 06 00                93 	ld	b,#0x00
   0049 09                   94 	add	hl, bc
   004A 72                   95 	ld	(hl),d
                             96 ;../_ltoa.c:66: value /= radix;
   004B C5                   97 	push	bc
   004C C4 24                98 	ld	hl, 36 (sp)
   004E E5                   99 	push	hl
   004F C4 24               100 	ld	hl, 36 (sp)
   0051 E5                  101 	push	hl
   0052 C4 32               102 	ld	hl, 50 (sp)
   0054 E5                  103 	push	hl
   0055 C4 32               104 	ld	hl, 50 (sp)
   0057 E5                  105 	push	hl
   0058 CDr00r00            106 	call	__divulong
   005B 27 08               107 	add	sp, #8
   005D C1                  108 	pop	bc
   005E DD 75 04            109 	ld	4 (ix),l
   0061 DD 74 05            110 	ld	5 (ix),h
   0064 DD 73 06            111 	ld	6 (ix),e
                            112 ;../_ltoa.c:67: } while (value);
   0067 DD 72 07            113 	ld	7 (ix), d
   006A 7A                  114 	ld	a, d
   006B DD B6 06            115 	or	a, 6 (ix)
   006E DD B6 05            116 	or	a, 5 (ix)
   0071 DD B6 04            117 	or	a,4 (ix)
   0074 20 9C               118 	jr	NZ,00103$
                            119 ;../_ltoa.c:69: do {
   0076 EB                  120 	ex	de, hl
   0077 C4 2E               121 	ld	hl, 46 (sp)
   0079 EB                  122 	ex	de, hl
   007A                     123 00106$:
                            124 ;../_ltoa.c:70: *string++ = buffer[index];
   007A C4 24               125 	ld	hl, 36 (sp)
   007C 06 00               126 	ld	b,#0x00
   007E 09                  127 	add	hl, bc
   007F 7E                  128 	ld	a,(hl)
   0080 12                  129 	ld	(de),a
   0081 13                  130 	inc	de
                            131 ;../_ltoa.c:71: } while ( ++index != NUMBER_OF_DIGITS );
   0082 0C                  132 	inc	c
   0083 79                  133 	ld	a,c
   0084 D6 20               134 	sub	a, #0x20
   0086 20 F2               135 	jr	NZ,00106$
                            136 ;../_ltoa.c:73: *string = 0;  /* string terminator */
   0088 AF                  137 	xor	a, a
   0089 12                  138 	ld	(de),a
   008A DD F9               139 	ld	sp, ix
   008C DD E1               140 	pop	ix
   008E C9                  141 	ret
                            142 ;../_ltoa.c:76: void _ltoa(long value, char* string, unsigned char radix)
                            143 ;	---------------------------------
                            144 ; Function _ltoa
                            145 ; ---------------------------------
   008F                     146 __ltoa::
   008F DD E5               147 	push	ix
   0091 DD 21 00 00         148 	ld	ix,#0
   0095 DD 39               149 	add	ix,sp
                            150 ;../_ltoa.c:78: if (value < 0 && radix == 10) {
   0097 DD CB 07 7E         151 	bit	7, 7 (ix)
   009B 28 2D               152 	jr	Z,00102$
   009D DD 7E 0A            153 	ld	a,10 (ix)
   00A0 D6 0A               154 	sub	a, #0x0A
   00A2 20 26               155 	jr	NZ,00102$
                            156 ;../_ltoa.c:79: *string++ = '-';
   00A4 C4 08               157 	ld	hl, 8 (sp)
   00A6 36 2D               158 	ld	(hl),#0x2D
   00A8 23                  159 	inc	hl
   00A9 D4 08               160 	ld	8 (sp), hl
                            161 ;../_ltoa.c:80: value = -value;
   00AB AF                  162 	xor	a, a
   00AC DD 96 04            163 	sub	a, 4 (ix)
   00AF DD 77 04            164 	ld	4 (ix),a
   00B2 3E 00               165 	ld	a, #0x00
   00B4 DD 9E 05            166 	sbc	a, 5 (ix)
   00B7 DD 77 05            167 	ld	5 (ix),a
   00BA 3E 00               168 	ld	a, #0x00
   00BC DD 9E 06            169 	sbc	a, 6 (ix)
   00BF DD 77 06            170 	ld	6 (ix),a
   00C2 3E 00               171 	ld	a, #0x00
   00C4 DD 9E 07            172 	sbc	a, 7 (ix)
   00C7 DD 77 07            173 	ld	7 (ix),a
   00CA                     174 00102$:
                            175 ;../_ltoa.c:82: _ultoa(value, string, radix);
   00CA DD 7E 0A            176 	ld	a,10 (ix)
   00CD F5                  177 	push	af
   00CE 33                  178 	inc	sp
   00CF C4 09               179 	ld	hl, 9 (sp)
   00D1 E5                  180 	push	hl
   00D2 C4 09               181 	ld	hl, 9 (sp)
   00D4 E5                  182 	push	hl
   00D5 C4 09               183 	ld	hl, 9 (sp)
   00D7 E5                  184 	push	hl
   00D8 CDr00r00            185 	call	__ultoa
   00DB 27 07               186 	add	sp, #7
   00DD DD E1               187 	pop	ix
   00DF C9                  188 	ret
                            189 	.area _CODE
                            190 	.area _INITIALIZER
                            191 	.area _CABS (ABS)
