                              1 ;--------------------------------------------------------
                              2 ; File Created by SDCC : free open source ANSI-C Compiler
                              3 ; Version 3.5.0 #9253 (Apr  4 2022) (Linux)
                              4 ; This file was generated Mon Apr  4 14:15:59 2022
                              5 ;--------------------------------------------------------
                              6 	.module _modslong
                              7 	.optsdcc -mr2k
                              8 	
                              9 ;--------------------------------------------------------
                             10 ; Public variables in this module
                             11 ;--------------------------------------------------------
                             12 	.globl __modslong
                             13 ;--------------------------------------------------------
                             14 ; special function registers
                             15 ;--------------------------------------------------------
                             16 ;--------------------------------------------------------
                             17 ; ram data
                             18 ;--------------------------------------------------------
                             19 	.area _DATA
                             20 ;--------------------------------------------------------
                             21 ; ram data
                             22 ;--------------------------------------------------------
                             23 	.area _INITIALIZED
                             24 ;--------------------------------------------------------
                             25 ; absolute external ram data
                             26 ;--------------------------------------------------------
                             27 	.area _DABS (ABS)
                             28 ;--------------------------------------------------------
                             29 ; global & static initialisations
                             30 ;--------------------------------------------------------
                             31 	.area _HOME
                             32 	.area _GSINIT
                             33 	.area _GSFINAL
                             34 	.area _GSINIT
                             35 ;--------------------------------------------------------
                             36 ; Home
                             37 ;--------------------------------------------------------
                             38 	.area _HOME
                             39 ;../_modslong.c:259: _modslong (long a, long b)
                             40 ;	---------------------------------
                             41 ; Function _modslong
                             42 ; ---------------------------------
   0000                      43 __modslong::
   0000 DD E5                44 	push	ix
   0002 DD 21 00 00          45 	ld	ix,#0
   0006 DD 39                46 	add	ix,sp
   0008 27 FB                47 	add	sp, #-5
                             48 ;../_modslong.c:263: r = (unsigned long)(a < 0 ? -a : a) % (unsigned long)(b < 0 ? -b : b);
   000A DD 7E 07             49 	ld	a,7 (ix)
   000D 07                   50 	rlca
   000E E6 01                51 	and	a,#0x01
   0010 DD 77 FB             52 	ld	-5 (ix), a
   0013 B7                   53 	or	a, a
   0014 28 19                54 	jr	Z,00106$
   0016 AF                   55 	xor	a, a
   0017 DD 96 04             56 	sub	a, 4 (ix)
   001A 6F                   57 	ld	l,a
   001B 3E 00                58 	ld	a, #0x00
   001D DD 9E 05             59 	sbc	a, 5 (ix)
   0020 67                   60 	ld	h,a
   0021 3E 00                61 	ld	a, #0x00
   0023 DD 9E 06             62 	sbc	a, 6 (ix)
   0026 5F                   63 	ld	e,a
   0027 3E 00                64 	ld	a, #0x00
   0029 DD 9E 07             65 	sbc	a, 7 (ix)
   002C 57                   66 	ld	d,a
   002D 18 0C                67 	jr	00107$
   002F                      68 00106$:
   002F DD 6E 04             69 	ld	l,4 (ix)
   0032 DD 66 05             70 	ld	h,5 (ix)
   0035 DD 5E 06             71 	ld	e,6 (ix)
   0038 DD 56 07             72 	ld	d,7 (ix)
   003B                      73 00107$:
   003B DD 75 FC             74 	ld	-4 (ix),l
   003E DD 74 FD             75 	ld	-3 (ix),h
   0041 DD 73 FE             76 	ld	-2 (ix),e
   0044 DD 72 FF             77 	ld	-1 (ix),d
   0047 DD CB 0B 7E          78 	bit	7, 11 (ix)
   004B 28 19                79 	jr	Z,00108$
   004D AF                   80 	xor	a, a
   004E DD 96 08             81 	sub	a, 8 (ix)
   0051 4F                   82 	ld	c,a
   0052 3E 00                83 	ld	a, #0x00
   0054 DD 9E 09             84 	sbc	a, 9 (ix)
   0057 47                   85 	ld	b,a
   0058 3E 00                86 	ld	a, #0x00
   005A DD 9E 0A             87 	sbc	a, 10 (ix)
   005D 6F                   88 	ld	l,a
   005E 3E 00                89 	ld	a, #0x00
   0060 DD 9E 0B             90 	sbc	a, 11 (ix)
   0063 67                   91 	ld	h,a
   0064 18 0C                92 	jr	00109$
   0066                      93 00108$:
   0066 DD 4E 08             94 	ld	c,8 (ix)
   0069 DD 46 09             95 	ld	b,9 (ix)
   006C DD 6E 0A             96 	ld	l,10 (ix)
   006F DD 66 0B             97 	ld	h,11 (ix)
   0072                      98 00109$:
   0072 E5                   99 	push	hl
   0073 C5                  100 	push	bc
   0074 C4 07               101 	ld	hl, 7 (sp)
   0076 E5                  102 	push	hl
   0077 C4 07               103 	ld	hl, 7 (sp)
   0079 E5                  104 	push	hl
   007A CDr00r00            105 	call	__modulong
   007D 27 08               106 	add	sp, #8
                            107 ;../_modslong.c:265: if (a < 0)
   007F DD 7E FB            108 	ld	a,-5 (ix)
   0082 B7                  109 	or	a, a
   0083 28 0F               110 	jr	Z,00102$
                            111 ;../_modslong.c:266: return -r;
   0085 AF                  112 	xor	a, a
   0086 95                  113 	sub	a, l
   0087 6F                  114 	ld	l,a
   0088 3E 00               115 	ld	a, #0x00
   008A 9C                  116 	sbc	a, h
   008B 67                  117 	ld	h,a
   008C 3E 00               118 	ld	a, #0x00
   008E 9B                  119 	sbc	a, e
   008F 5F                  120 	ld	e,a
   0090 3E 00               121 	ld	a, #0x00
   0092 9A                  122 	sbc	a, d
   0093 57                  123 	ld	d,a
                            124 ;../_modslong.c:268: return r;
   0094                     125 00102$:
   0094 DD F9               126 	ld	sp, ix
   0096 DD E1               127 	pop	ix
   0098 C9                  128 	ret
                            129 	.area _HOME
                            130 ;--------------------------------------------------------
                            131 ; code
                            132 ;--------------------------------------------------------
                            133 	.area _CODE
                            134 	.area _CODE
                            135 	.area _INITIALIZER
                            136 	.area _CABS (ABS)
