                              1 ;--------------------------------------------------------
                              2 ; File Created by SDCC : free open source ANSI-C Compiler
                              3 ; Version 3.5.0 #9253 (Apr  4 2022) (Linux)
                              4 ; This file was generated Mon Apr  4 14:16:00 2022
                              5 ;--------------------------------------------------------
                              6 	.module _modulonglong
                              7 	.optsdcc -mr2k
                              8 	
                              9 ;--------------------------------------------------------
                             10 ; Public variables in this module
                             11 ;--------------------------------------------------------
                             12 	.globl __modulonglong
                             13 ;--------------------------------------------------------
                             14 ; special function registers
                             15 ;--------------------------------------------------------
                             16 ;--------------------------------------------------------
                             17 ; ram data
                             18 ;--------------------------------------------------------
                             19 	.area _DATA
                             20 ;--------------------------------------------------------
                             21 ; ram data
                             22 ;--------------------------------------------------------
                             23 	.area _INITIALIZED
                             24 ;--------------------------------------------------------
                             25 ; absolute external ram data
                             26 ;--------------------------------------------------------
                             27 	.area _DABS (ABS)
                             28 ;--------------------------------------------------------
                             29 ; global & static initialisations
                             30 ;--------------------------------------------------------
                             31 	.area _HOME
                             32 	.area _GSINIT
                             33 	.area _GSFINAL
                             34 	.area _GSINIT
                             35 ;--------------------------------------------------------
                             36 ; Home
                             37 ;--------------------------------------------------------
                             38 	.area _HOME
                             39 ;../_modulonglong.c:38: _modulonglong (unsigned long long a, unsigned long long b)
                             40 ;	---------------------------------
                             41 ; Function _modulonglong
                             42 ; ---------------------------------
   0000                      43 __modulonglong::
   0000 DD E5                44 	push	ix
   0002 DD 21 00 00          45 	ld	ix,#0
   0006 DD 39                46 	add	ix,sp
                             47 ;../_modulonglong.c:40: unsigned char count = 0;
   0008 16 00                48 	ld	d,#0x00
                             49 ;../_modulonglong.c:42: while (!MSB_SET(b))
   000A 1E 00                50 	ld	e,#0x00
   000C                      51 00103$:
   000C DD 7E 15             52 	ld	a,21 (ix)
   000F CB 07                53 	rlc	a
   0011 E6 01                54 	and	a,#0x01
   0013 C2r93r00             55 	jp	NZ,00117$
                             56 ;../_modulonglong.c:44: b <<= 1;
   0016 F5                   57 	push	af
   0017 F1                   58 	pop	af
   0018 DD CB 0E 26          59 	sla	14 (ix)
   001C DD CB 0F 16          60 	rl	15 (ix)
   0020 DD CB 10 16          61 	rl	16 (ix)
   0024 DD CB 11 16          62 	rl	17 (ix)
   0028 DD CB 12 16          63 	rl	18 (ix)
   002C DD CB 13 16          64 	rl	19 (ix)
   0030 DD CB 14 16          65 	rl	20 (ix)
   0034 DD CB 15 16          66 	rl	21 (ix)
                             67 ;../_modulonglong.c:45: if (b > a)
   0038 DD 7E 06             68 	ld	a,6 (ix)
   003B DD 96 0E             69 	sub	a, 14 (ix)
   003E DD 7E 07             70 	ld	a,7 (ix)
   0041 DD 9E 0F             71 	sbc	a, 15 (ix)
   0044 DD 7E 08             72 	ld	a,8 (ix)
   0047 DD 9E 10             73 	sbc	a, 16 (ix)
   004A DD 7E 09             74 	ld	a,9 (ix)
   004D DD 9E 11             75 	sbc	a, 17 (ix)
   0050 DD 7E 0A             76 	ld	a,10 (ix)
   0053 DD 9E 12             77 	sbc	a, 18 (ix)
   0056 DD 7E 0B             78 	ld	a,11 (ix)
   0059 DD 9E 13             79 	sbc	a, 19 (ix)
   005C DD 7E 0C             80 	ld	a,12 (ix)
   005F DD 9E 14             81 	sbc	a, 20 (ix)
   0062 DD 7E 0D             82 	ld	a,13 (ix)
   0065 DD 9E 15             83 	sbc	a, 21 (ix)
   0068 30 24                84 	jr	NC,00102$
                             85 ;../_modulonglong.c:47: b >>=1;
   006A F5                   86 	push	af
   006B F1                   87 	pop	af
   006C DD CB 15 3E          88 	srl	21 (ix)
   0070 DD CB 14 1E          89 	rr	20 (ix)
   0074 DD CB 13 1E          90 	rr	19 (ix)
   0078 DD CB 12 1E          91 	rr	18 (ix)
   007C DD CB 11 1E          92 	rr	17 (ix)
   0080 DD CB 10 1E          93 	rr	16 (ix)
   0084 DD CB 0F 1E          94 	rr	15 (ix)
   0088 DD CB 0E 1E          95 	rr	14 (ix)
                             96 ;../_modulonglong.c:48: break;
   008C 18 05                97 	jr	00117$
   008E                      98 00102$:
                             99 ;../_modulonglong.c:50: count++;
   008E 1C                  100 	inc	e
   008F 53                  101 	ld	d,e
   0090 C3r0Cr00            102 	jp	00103$
                            103 ;../_modulonglong.c:52: do
   0093                     104 00117$:
   0093                     105 00108$:
                            106 ;../_modulonglong.c:54: if (a >= b)
   0093 DD 7E 06            107 	ld	a,6 (ix)
   0096 DD 96 0E            108 	sub	a, 14 (ix)
   0099 DD 7E 07            109 	ld	a,7 (ix)
   009C DD 9E 0F            110 	sbc	a, 15 (ix)
   009F DD 7E 08            111 	ld	a,8 (ix)
   00A2 DD 9E 10            112 	sbc	a, 16 (ix)
   00A5 DD 7E 09            113 	ld	a,9 (ix)
   00A8 DD 9E 11            114 	sbc	a, 17 (ix)
   00AB DD 7E 0A            115 	ld	a,10 (ix)
   00AE DD 9E 12            116 	sbc	a, 18 (ix)
   00B1 DD 7E 0B            117 	ld	a,11 (ix)
   00B4 DD 9E 13            118 	sbc	a, 19 (ix)
   00B7 DD 7E 0C            119 	ld	a,12 (ix)
   00BA DD 9E 14            120 	sbc	a, 20 (ix)
   00BD DD 7E 0D            121 	ld	a,13 (ix)
   00C0 DD 9E 15            122 	sbc	a, 21 (ix)
   00C3 38 48               123 	jr	C,00107$
                            124 ;../_modulonglong.c:55: a -= b;
   00C5 DD 7E 06            125 	ld	a,6 (ix)
   00C8 DD 96 0E            126 	sub	a, 14 (ix)
   00CB DD 77 06            127 	ld	6 (ix),a
   00CE DD 7E 07            128 	ld	a,7 (ix)
   00D1 DD 9E 0F            129 	sbc	a, 15 (ix)
   00D4 DD 77 07            130 	ld	7 (ix),a
   00D7 DD 7E 08            131 	ld	a,8 (ix)
   00DA DD 9E 10            132 	sbc	a, 16 (ix)
   00DD DD 77 08            133 	ld	8 (ix),a
   00E0 DD 7E 09            134 	ld	a,9 (ix)
   00E3 DD 9E 11            135 	sbc	a, 17 (ix)
   00E6 DD 77 09            136 	ld	9 (ix),a
   00E9 DD 7E 0A            137 	ld	a,10 (ix)
   00EC DD 9E 12            138 	sbc	a, 18 (ix)
   00EF DD 77 0A            139 	ld	10 (ix),a
   00F2 DD 7E 0B            140 	ld	a,11 (ix)
   00F5 DD 9E 13            141 	sbc	a, 19 (ix)
   00F8 DD 77 0B            142 	ld	11 (ix),a
   00FB DD 7E 0C            143 	ld	a,12 (ix)
   00FE DD 9E 14            144 	sbc	a, 20 (ix)
   0101 DD 77 0C            145 	ld	12 (ix),a
   0104 DD 7E 0D            146 	ld	a,13 (ix)
   0107 DD 9E 15            147 	sbc	a, 21 (ix)
   010A DD 77 0D            148 	ld	13 (ix),a
   010D                     149 00107$:
                            150 ;../_modulonglong.c:56: b >>= 1;
   010D F5                  151 	push	af
   010E F1                  152 	pop	af
   010F DD CB 15 3E         153 	srl	21 (ix)
   0113 DD CB 14 1E         154 	rr	20 (ix)
   0117 DD CB 13 1E         155 	rr	19 (ix)
   011B DD CB 12 1E         156 	rr	18 (ix)
   011F DD CB 11 1E         157 	rr	17 (ix)
   0123 DD CB 10 1E         158 	rr	16 (ix)
   0127 DD CB 0F 1E         159 	rr	15 (ix)
   012B DD CB 0E 1E         160 	rr	14 (ix)
                            161 ;../_modulonglong.c:58: while (count--);
   012F 62                  162 	ld	h,d
   0130 15                  163 	dec	d
   0131 7C                  164 	ld	a,h
   0132 B7                  165 	or	a, a
   0133 C2r93r00            166 	jp	NZ,00108$
                            167 ;../_modulonglong.c:60: return a;
   0136 21 04 00            168 	ld	hl, #4
   0139 39                  169 	add	hl, sp
   013A 5E                  170 	ld	e, (hl)
   013B 23                  171 	inc	hl
   013C 56                  172 	ld	d, (hl)
   013D 21 06 00            173 	ld	hl, #6
   0140 39                  174 	add	hl, sp
   0141 01 08 00            175 	ld	bc, #8
   0144 ED B0               176 	ldir
   0146 DD E1               177 	pop	ix
   0148 C9                  178 	ret
                            179 	.area _HOME
                            180 ;--------------------------------------------------------
                            181 ; code
                            182 ;--------------------------------------------------------
                            183 	.area _CODE
                            184 	.area _CODE
                            185 	.area _INITIALIZER
                            186 	.area _CABS (ABS)
