                              1 ;--------------------------------------------------------
                              2 ; File Created by SDCC : free open source ANSI-C Compiler
                              3 ; Version 3.5.0 #9253 (Apr  4 2022) (Linux)
                              4 ; This file was generated Mon Apr  4 14:16:00 2022
                              5 ;--------------------------------------------------------
                              6 	.module _mullong
                              7 	.optsdcc -mr2k
                              8 	
                              9 ;--------------------------------------------------------
                             10 ; Public variables in this module
                             11 ;--------------------------------------------------------
                             12 	.globl __mullong
                             13 ;--------------------------------------------------------
                             14 ; special function registers
                             15 ;--------------------------------------------------------
                             16 ;--------------------------------------------------------
                             17 ; ram data
                             18 ;--------------------------------------------------------
                             19 	.area _DATA
                             20 ;--------------------------------------------------------
                             21 ; ram data
                             22 ;--------------------------------------------------------
                             23 	.area _INITIALIZED
                             24 ;--------------------------------------------------------
                             25 ; absolute external ram data
                             26 ;--------------------------------------------------------
                             27 	.area _DABS (ABS)
                             28 ;--------------------------------------------------------
                             29 ; global & static initialisations
                             30 ;--------------------------------------------------------
                             31 	.area _HOME
                             32 	.area _GSINIT
                             33 	.area _GSFINAL
                             34 	.area _GSINIT
                             35 ;--------------------------------------------------------
                             36 ; Home
                             37 ;--------------------------------------------------------
                             38 	.area _HOME
                             39 ;../_mullong.c:710: _mullong (long a, long b)
                             40 ;	---------------------------------
                             41 ; Function _mullong
                             42 ; ---------------------------------
   0000                      43 __mullong::
   0000 DD E5                44 	push	ix
   0002 DD 21 00 00          45 	ld	ix,#0
   0006 DD 39                46 	add	ix,sp
   0008 27 F8                47 	add	sp, #-8
                             48 ;../_mullong.c:714: bcast(a)->i.hi *= bcast(b)->i.lo;
   000A 21 0C 00             49 	ld	hl,#0x000C
   000D 39                   50 	add	hl,sp
   000E D4 02                51 	ld	2 (sp), hl
   0010 C4 02                52 	ld	hl, 2 (sp)
   0012 23                   53 	inc	hl
   0013 23                   54 	inc	hl
   0014 D4 04                55 	ld	4 (sp), hl
   0016 C4 02                56 	ld	hl, 2 (sp)
   0018 23                   57 	inc	hl
   0019 23                   58 	inc	hl
   001A 5E                   59 	ld	e,(hl)
   001B 23                   60 	inc	hl
   001C 56                   61 	ld	d,(hl)
   001D 21 10 00             62 	ld	hl,#0x0010
   0020 39                   63 	add	hl,sp
   0021 D4 00                64 	ld	0 (sp), hl
   0023 C4 00                65 	ld	hl, 0 (sp)
   0025 DD E4 00             66 	ld	hl, 0 (hl)
   0028 E5                   67 	push	hl
   0029 D5                   68 	push	de
   002A CDr00r00             69 	call	__mulint
   002D 27 04                70 	add	sp, #4
   002F 55                   71 	ld	d,l
   0030 5C                   72 	ld	e,h
   0031 C4 04                73 	ld	hl, 4 (sp)
   0033 72                   74 	ld	(hl),d
   0034 23                   75 	inc	hl
   0035 73                   76 	ld	(hl),e
                             77 ;../_mullong.c:715: bcast(a)->i.hi += bcast(b)->i.hi * bcast(a)->i.lo;
   0036 C4 02                78 	ld	hl, 2 (sp)
   0038 23                   79 	inc	hl
   0039 23                   80 	inc	hl
   003A D4 04                81 	ld	4 (sp), hl
   003C C4 02                82 	ld	hl, 2 (sp)
   003E 23                   83 	inc	hl
   003F 23                   84 	inc	hl
   0040 4E                   85 	ld	c,(hl)
   0041 23                   86 	inc	hl
   0042 46                   87 	ld	b,(hl)
   0043 C4 00                88 	ld	hl, 0 (sp)
   0045 23                   89 	inc	hl
   0046 23                   90 	inc	hl
   0047 5E                   91 	ld	e,(hl)
   0048 23                   92 	inc	hl
   0049 56                   93 	ld	d,(hl)
   004A C4 02                94 	ld	hl, 2 (sp)
   004C DD E4 00             95 	ld	hl, 0 (hl)
   004F C5                   96 	push	bc
   0050 E5                   97 	push	hl
   0051 D5                   98 	push	de
   0052 CDr00r00             99 	call	__mulint
   0055 27 04               100 	add	sp, #4
   0057 C1                  101 	pop	bc
   0058 09                  102 	add	hl,bc
   0059 55                  103 	ld	d,l
   005A 5C                  104 	ld	e,h
   005B C4 04               105 	ld	hl, 4 (sp)
   005D 72                  106 	ld	(hl),d
   005E 23                  107 	inc	hl
   005F 73                  108 	ld	(hl),e
                            109 ;../_mullong.c:718: bcast(a)->i.hi += bcast(a)->b.b1 * bcast(b)->b.b1;
   0060 C4 02               110 	ld	hl, 2 (sp)
   0062 23                  111 	inc	hl
   0063 23                  112 	inc	hl
   0064 D4 04               113 	ld	4 (sp), hl
   0066 C4 02               114 	ld	hl, 2 (sp)
   0068 23                  115 	inc	hl
   0069 23                  116 	inc	hl
   006A 4E                  117 	ld	c,(hl)
   006B 23                  118 	inc	hl
   006C 46                  119 	ld	b,(hl)
   006D C4 02               120 	ld	hl, 2 (sp)
   006F 23                  121 	inc	hl
   0070 5E                  122 	ld	e,(hl)
   0071 C4 00               123 	ld	hl, 0 (sp)
   0073 23                  124 	inc	hl
   0074 66                  125 	ld	h,(hl)
   0075 C5                  126 	push	bc
   0076 4C                  127 	ld	c, h
   0077 16 00               128 	ld	d, #0x00
   0079 42                  129 	ld	b, d
   007A F7                  130 	mul
   007B 69                  131 	ld	l, c
   007C 60                  132 	ld	h, b
   007D C1                  133 	pop	bc
   007E 09                  134 	add	hl,bc
   007F 55                  135 	ld	d,l
   0080 5C                  136 	ld	e,h
   0081 C4 04               137 	ld	hl, 4 (sp)
   0083 72                  138 	ld	(hl),d
   0084 23                  139 	inc	hl
   0085 73                  140 	ld	(hl),e
                            141 ;../_mullong.c:720: i12 = bcast(b)->b.b0 * bcast(a)->b.b1;
   0086 C4 00               142 	ld	hl, 0 (sp)
   0088 5E                  143 	ld	e,(hl)
   0089 C4 02               144 	ld	hl, 2 (sp)
   008B 23                  145 	inc	hl
   008C 4E                  146 	ld	c,(hl)
   008D 16 00               147 	ld	d,#0x00
   008F 42                  148 	ld	b,d
   0090 F7                  149 	mul
   0091 59                  150 	ld	e,c
   0092 50                  151 	ld	d,b
                            152 ;../_mullong.c:721: bcast(b)->bi.i12 = bcast(a)->b.b0 * bcast(b)->b.b1;
   0093 C4 00               153 	ld	hl, 0 (sp)
   0095 23                  154 	inc	hl
   0096 D4 04               155 	ld	4 (sp), hl
   0098 C4 02               156 	ld	hl, 2 (sp)
   009A 46                  157 	ld	b,(hl)
   009B C4 00               158 	ld	hl, 0 (sp)
   009D 23                  159 	inc	hl
   009E 4E                  160 	ld	c,(hl)
   009F D5                  161 	push	de
   00A0 58                  162 	ld	e,b
   00A1 16 00               163 	ld	d,#0x00
   00A3 42                  164 	ld	b,d
   00A4 F7                  165 	mul
   00A5 D1                  166 	pop	de
   00A6 C4 04               167 	ld	hl, 4 (sp)
   00A8 71                  168 	ld	(hl),c
   00A9 23                  169 	inc	hl
   00AA 70                  170 	ld	(hl),b
                            171 ;../_mullong.c:724: bcast(b)->b.b3 = ((bcast(b)->bi.i12 += i12) < i12);
   00AB C4 00               172 	ld	hl, 0 (sp)
   00AD 23                  173 	inc	hl
   00AE 23                  174 	inc	hl
   00AF 23                  175 	inc	hl
   00B0 D4 04               176 	ld	4 (sp), hl
   00B2 C4 00               177 	ld	hl, 0 (sp)
   00B4 23                  178 	inc	hl
   00B5 D4 06               179 	ld	6 (sp), hl
   00B7 C4 00               180 	ld	hl, 0 (sp)
   00B9 DD E4 01            181 	ld	hl, 1 (hl)
   00BC 19                  182 	add	hl,de
   00BD 4D                  183 	ld	c,l
   00BE 44                  184 	ld	b,h
   00BF C4 06               185 	ld	hl, 6 (sp)
   00C1 71                  186 	ld	(hl),c
   00C2 23                  187 	inc	hl
   00C3 70                  188 	ld	(hl),b
   00C4 79                  189 	ld	a,c
   00C5 93                  190 	sub	a, e
   00C6 78                  191 	ld	a,b
   00C7 9A                  192 	sbc	a, d
   00C8 3E 00               193 	ld	a,#0x00
   00CA 17                  194 	rla
   00CB C4 04               195 	ld	hl, 4 (sp)
   00CD 77                  196 	ld	(hl),a
                            197 ;../_mullong.c:726: bcast(a)->i.lo  = bcast(a)->b.b0 * bcast(b)->b.b0;
   00CE C4 02               198 	ld	hl, 2 (sp)
   00D0 D4 06               199 	ld	6 (sp), hl
   00D2 C4 02               200 	ld	hl, 2 (sp)
   00D4 5E                  201 	ld	e,(hl)
   00D5 C4 00               202 	ld	hl, 0 (sp)
   00D7 4E                  203 	ld	c,(hl)
   00D8 16 00               204 	ld	d,#0x00
   00DA 42                  205 	ld	b,d
   00DB F7                  206 	mul
   00DC C4 06               207 	ld	hl, 6 (sp)
   00DE 71                  208 	ld	(hl),c
   00DF 23                  209 	inc	hl
   00E0 70                  210 	ld	(hl),b
                            211 ;../_mullong.c:728: bcast(b)->bi.b0 = 0;
   00E1 C4 00               212 	ld	hl, 0 (sp)
   00E3 36 00               213 	ld	(hl),#0x00
                            214 ;../_mullong.c:730: return a + b;
   00E5 DD 7E 04            215 	ld	a,4 (ix)
   00E8 DD 86 08            216 	add	a, 8 (ix)
   00EB 6F                  217 	ld	l,a
   00EC DD 7E 05            218 	ld	a,5 (ix)
   00EF DD 8E 09            219 	adc	a, 9 (ix)
   00F2 67                  220 	ld	h,a
   00F3 DD 7E 06            221 	ld	a,6 (ix)
   00F6 DD 8E 0A            222 	adc	a, 10 (ix)
   00F9 5F                  223 	ld	e,a
   00FA DD 7E 07            224 	ld	a,7 (ix)
   00FD DD 8E 0B            225 	adc	a, 11 (ix)
   0100 57                  226 	ld	d,a
   0101 DD F9               227 	ld	sp, ix
   0103 DD E1               228 	pop	ix
   0105 C9                  229 	ret
                            230 	.area _HOME
                            231 ;--------------------------------------------------------
                            232 ; code
                            233 ;--------------------------------------------------------
                            234 	.area _CODE
                            235 	.area _CODE
                            236 	.area _INITIALIZER
                            237 	.area _CABS (ABS)
