                              1 ;--------------------------------------------------------
                              2 ; File Created by SDCC : free open source ANSI-C Compiler
                              3 ; Version 3.5.0 #9253 (Apr  4 2022) (Linux)
                              4 ; This file was generated Mon Apr  4 14:15:52 2022
                              5 ;--------------------------------------------------------
                              6 	.module _schar2fs
                              7 	.optsdcc -mr2k
                              8 	
                              9 ;--------------------------------------------------------
                             10 ; Public variables in this module
                             11 ;--------------------------------------------------------
                             12 	.globl ___slong2fs
                             13 	.globl ___schar2fs
                             14 ;--------------------------------------------------------
                             15 ; special function registers
                             16 ;--------------------------------------------------------
                             17 ;--------------------------------------------------------
                             18 ; ram data
                             19 ;--------------------------------------------------------
                             20 	.area _DATA
                             21 ;--------------------------------------------------------
                             22 ; ram data
                             23 ;--------------------------------------------------------
                             24 	.area _INITIALIZED
                             25 ;--------------------------------------------------------
                             26 ; absolute external ram data
                             27 ;--------------------------------------------------------
                             28 	.area _DABS (ABS)
                             29 ;--------------------------------------------------------
                             30 ; global & static initialisations
                             31 ;--------------------------------------------------------
                             32 	.area _HOME
                             33 	.area _GSINIT
                             34 	.area _GSFINAL
                             35 	.area _GSINIT
                             36 ;--------------------------------------------------------
                             37 ; Home
                             38 ;--------------------------------------------------------
                             39 	.area _HOME
                             40 ;../_schar2fs.c:55: float __schar2fs (signed char sc) {
                             41 ;	---------------------------------
                             42 ; Function __schar2fs
                             43 ; ---------------------------------
   0000                      44 ___schar2fs::
                             45 ;../_schar2fs.c:56: return __slong2fs(sc);
   0000 FD 21 02 00          46 	ld	iy,#2
   0004 FD 39                47 	add	iy,sp
   0006 FD 6E 00             48 	ld	l,0 (iy)
   0009 FD 7E 00             49 	ld	a,0 (iy)
   000C 17                   50 	rla
   000D 9F                   51 	sbc	a, a
   000E 67                   52 	ld	h,a
   000F 5F                   53 	ld	e,a
   0010 57                   54 	ld	d,a
   0011 D5                   55 	push	de
   0012 E5                   56 	push	hl
   0013 CDr00r00             57 	call	___slong2fs
   0016 27 04                58 	add	sp, #4
   0018 C9                   59 	ret
                             60 	.area _HOME
                             61 ;--------------------------------------------------------
                             62 ; code
                             63 ;--------------------------------------------------------
                             64 	.area _CODE
                             65 	.area _CODE
                             66 	.area _INITIALIZER
                             67 	.area _CABS (ABS)
