                              1 ;--------------------------------------------------------
                              2 ; File Created by SDCC : free open source ANSI-C Compiler
                              3 ; Version 3.5.0 #9253 (Apr  4 2022) (Linux)
                              4 ; This file was generated Mon Apr  4 14:15:52 2022
                              5 ;--------------------------------------------------------
                              6 	.module _sint2fs
                              7 	.optsdcc -mr2k
                              8 	
                              9 ;--------------------------------------------------------
                             10 ; Public variables in this module
                             11 ;--------------------------------------------------------
                             12 	.globl ___slong2fs
                             13 	.globl ___sint2fs
                             14 ;--------------------------------------------------------
                             15 ; special function registers
                             16 ;--------------------------------------------------------
                             17 ;--------------------------------------------------------
                             18 ; ram data
                             19 ;--------------------------------------------------------
                             20 	.area _DATA
                             21 ;--------------------------------------------------------
                             22 ; ram data
                             23 ;--------------------------------------------------------
                             24 	.area _INITIALIZED
                             25 ;--------------------------------------------------------
                             26 ; absolute external ram data
                             27 ;--------------------------------------------------------
                             28 	.area _DABS (ABS)
                             29 ;--------------------------------------------------------
                             30 ; global & static initialisations
                             31 ;--------------------------------------------------------
                             32 	.area _HOME
                             33 	.area _GSINIT
                             34 	.area _GSFINAL
                             35 	.area _GSINIT
                             36 ;--------------------------------------------------------
                             37 ; Home
                             38 ;--------------------------------------------------------
                             39 	.area _HOME
                             40 ;../_sint2fs.c:54: float __sint2fs (signed int si) {
                             41 ;	---------------------------------
                             42 ; Function __sint2fs
                             43 ; ---------------------------------
   0000                      44 ___sint2fs::
                             45 ;../_sint2fs.c:55: return __slong2fs(si);
   0000 FD 21 02 00          46 	ld	iy,#2
   0004 FD 39                47 	add	iy,sp
   0006 FD 6E 00             48 	ld	l,0 (iy)
   0009 FD 66 01             49 	ld	h,1 (iy)
   000C FD 7E 01             50 	ld	a,1 (iy)
   000F 17                   51 	rla
   0010 9F                   52 	sbc	a, a
   0011 5F                   53 	ld	e,a
   0012 57                   54 	ld	d,a
   0013 D5                   55 	push	de
   0014 E5                   56 	push	hl
   0015 CDr00r00             57 	call	___slong2fs
   0018 27 04                58 	add	sp, #4
   001A C9                   59 	ret
                             60 	.area _HOME
                             61 ;--------------------------------------------------------
                             62 ; code
                             63 ;--------------------------------------------------------
                             64 	.area _CODE
                             65 	.area _CODE
                             66 	.area _INITIALIZER
                             67 	.area _CABS (ABS)
