                              1 ;--------------------------------------------------------
                              2 ; File Created by SDCC : free open source ANSI-C Compiler
                              3 ; Version 3.5.0 #9253 (Apr  4 2022) (Linux)
                              4 ; This file was generated Mon Apr  4 14:15:52 2022
                              5 ;--------------------------------------------------------
                              6 	.module _slong2fs
                              7 	.optsdcc -mr2k
                              8 	
                              9 ;--------------------------------------------------------
                             10 ; Public variables in this module
                             11 ;--------------------------------------------------------
                             12 	.globl ___ulong2fs
                             13 	.globl ___slong2fs
                             14 ;--------------------------------------------------------
                             15 ; special function registers
                             16 ;--------------------------------------------------------
                             17 ;--------------------------------------------------------
                             18 ; ram data
                             19 ;--------------------------------------------------------
                             20 	.area _DATA
                             21 ;--------------------------------------------------------
                             22 ; ram data
                             23 ;--------------------------------------------------------
                             24 	.area _INITIALIZED
                             25 ;--------------------------------------------------------
                             26 ; absolute external ram data
                             27 ;--------------------------------------------------------
                             28 	.area _DABS (ABS)
                             29 ;--------------------------------------------------------
                             30 ; global & static initialisations
                             31 ;--------------------------------------------------------
                             32 	.area _HOME
                             33 	.area _GSINIT
                             34 	.area _GSFINAL
                             35 	.area _GSINIT
                             36 ;--------------------------------------------------------
                             37 ; Home
                             38 ;--------------------------------------------------------
                             39 	.area _HOME
                             40 ;../_slong2fs.c:79: float __slong2fs (signed long sl) {
                             41 ;	---------------------------------
                             42 ; Function __slong2fs
                             43 ; ---------------------------------
   0000                      44 ___slong2fs::
   0000 DD E5                45 	push	ix
   0002 DD 21 00 00          46 	ld	ix,#0
   0006 DD 39                47 	add	ix,sp
                             48 ;../_slong2fs.c:80: if (sl<0) 
   0008 DD CB 07 7E          49 	bit	7, 7 (ix)
   000C 28 24                50 	jr	Z,00102$
                             51 ;../_slong2fs.c:81: return -__ulong2fs(-sl);
   000E AF                   52 	xor	a, a
   000F DD 96 04             53 	sub	a, 4 (ix)
   0012 6F                   54 	ld	l,a
   0013 3E 00                55 	ld	a, #0x00
   0015 DD 9E 05             56 	sbc	a, 5 (ix)
   0018 67                   57 	ld	h,a
   0019 3E 00                58 	ld	a, #0x00
   001B DD 9E 06             59 	sbc	a, 6 (ix)
   001E 5F                   60 	ld	e,a
   001F 3E 00                61 	ld	a, #0x00
   0021 DD 9E 07             62 	sbc	a, 7 (ix)
   0024 57                   63 	ld	d,a
   0025 D5                   64 	push	de
   0026 E5                   65 	push	hl
   0027 CDr00r00             66 	call	___ulong2fs
   002A 27 04                67 	add	sp, #4
   002C 7A                   68 	ld	a,d
   002D EE 80                69 	xor	a,#0x80
   002F 57                   70 	ld	d,a
   0030 18 0B                71 	jr	00104$
   0032                      72 00102$:
                             73 ;../_slong2fs.c:83: return __ulong2fs(sl);
   0032 C4 06                74 	ld	hl, 6 (sp)
   0034 E5                   75 	push	hl
   0035 C4 06                76 	ld	hl, 6 (sp)
   0037 E5                   77 	push	hl
   0038 CDr00r00             78 	call	___ulong2fs
   003B 27 04                79 	add	sp, #4
   003D                      80 00104$:
   003D DD E1                81 	pop	ix
   003F C9                   82 	ret
                             83 	.area _HOME
                             84 ;--------------------------------------------------------
                             85 ; code
                             86 ;--------------------------------------------------------
                             87 	.area _CODE
                             88 	.area _CODE
                             89 	.area _INITIALIZER
                             90 	.area _CABS (ABS)
