                              1 ;--------------------------------------------------------
                              2 ; File Created by SDCC : free open source ANSI-C Compiler
                              3 ; Version 3.5.0 #9253 (Apr  4 2022) (Linux)
                              4 ; This file was generated Mon Apr  4 14:16:01 2022
                              5 ;--------------------------------------------------------
                              6 	.module _strcmp
                              7 	.optsdcc -mr2k
                              8 	
                              9 ;--------------------------------------------------------
                             10 ; Public variables in this module
                             11 ;--------------------------------------------------------
                             12 	.globl _strcmp
                             13 ;--------------------------------------------------------
                             14 ; special function registers
                             15 ;--------------------------------------------------------
                             16 ;--------------------------------------------------------
                             17 ; ram data
                             18 ;--------------------------------------------------------
                             19 	.area _DATA
                             20 ;--------------------------------------------------------
                             21 ; ram data
                             22 ;--------------------------------------------------------
                             23 	.area _INITIALIZED
                             24 ;--------------------------------------------------------
                             25 ; absolute external ram data
                             26 ;--------------------------------------------------------
                             27 	.area _DABS (ABS)
                             28 ;--------------------------------------------------------
                             29 ; global & static initialisations
                             30 ;--------------------------------------------------------
                             31 	.area _HOME
                             32 	.area _GSINIT
                             33 	.area _GSFINAL
                             34 	.area _GSINIT
                             35 ;--------------------------------------------------------
                             36 ; Home
                             37 ;--------------------------------------------------------
                             38 	.area _HOME
                             39 	.area _HOME
                             40 ;--------------------------------------------------------
                             41 ; code
                             42 ;--------------------------------------------------------
                             43 	.area _CODE
                             44 ;../_strcmp.c:34: int strcmp ( const char * asrc, const char * adst )
                             45 ;	---------------------------------
                             46 ; Function strcmp
                             47 ; ---------------------------------
   0000                      48 _strcmp::
   0000 DD E5                49 	push	ix
   0002 DD 21 00 00          50 	ld	ix,#0
   0006 DD 39                51 	add	ix,sp
   0008 3B                   52 	dec	sp
                             53 ;../_strcmp.c:40: const char * src = asrc;
   0009 DD 4E 04             54 	ld	c,4 (ix)
   000C DD 46 05             55 	ld	b,5 (ix)
                             56 ;../_strcmp.c:41: const char * dst = adst;
   000F FD C4 07             57 	ld	iy, 7 (sp)
                             58 ;../_strcmp.c:43: while( ! (*src - *dst) && *dst)
   0012                      59 00102$:
   0012 0A                   60 	ld	a,(bc)
   0013 57                   61 	ld	d,a
   0014 17                   62 	rla
   0015 9F                   63 	sbc	a, a
   0016 5F                   64 	ld	e,a
   0017 FD 7E 00             65 	ld	a, 0 (iy)
   001A DD 77 FF             66 	ld	-1 (ix), a
   001D 6F                   67 	ld	l, a
   001E DD 7E FF             68 	ld	a,-1 (ix)
   0021 17                   69 	rla
   0022 9F                   70 	sbc	a, a
   0023 67                   71 	ld	h,a
   0024 7A                   72 	ld	a,d
   0025 95                   73 	sub	a, l
   0026 6F                   74 	ld	l,a
   0027 7B                   75 	ld	a,e
   0028 9C                   76 	sbc	a, h
   0029 67                   77 	ld	h,a
   002A B5                   78 	or	a,l
   002B 20 0B                79 	jr	NZ,00104$
   002D DD 7E FF             80 	ld	a,-1 (ix)
   0030 B7                   81 	or	a, a
   0031 28 05                82 	jr	Z,00104$
                             83 ;../_strcmp.c:44: ++src, ++dst;
   0033 03                   84 	inc	bc
   0034 FD 23                85 	inc	iy
   0036 18 DA                86 	jr	00102$
   0038                      87 00104$:
                             88 ;../_strcmp.c:46: return *src - *dst;
   0038 33                   89 	inc	sp
   0039 DD E1                90 	pop	ix
   003B C9                   91 	ret
                             92 	.area _CODE
                             93 	.area _INITIALIZER
                             94 	.area _CABS (ABS)
