                              1 ;--------------------------------------------------------
                              2 ; File Created by SDCC : free open source ANSI-C Compiler
                              3 ; Version 3.5.0 #9253 (Apr  4 2022) (Linux)
                              4 ; This file was generated Mon Apr  4 14:16:02 2022
                              5 ;--------------------------------------------------------
                              6 	.module _strrchr
                              7 	.optsdcc -mr2k
                              8 	
                              9 ;--------------------------------------------------------
                             10 ; Public variables in this module
                             11 ;--------------------------------------------------------
                             12 	.globl _strrchr
                             13 ;--------------------------------------------------------
                             14 ; special function registers
                             15 ;--------------------------------------------------------
                             16 ;--------------------------------------------------------
                             17 ; ram data
                             18 ;--------------------------------------------------------
                             19 	.area _DATA
                             20 ;--------------------------------------------------------
                             21 ; ram data
                             22 ;--------------------------------------------------------
                             23 	.area _INITIALIZED
                             24 ;--------------------------------------------------------
                             25 ; absolute external ram data
                             26 ;--------------------------------------------------------
                             27 	.area _DABS (ABS)
                             28 ;--------------------------------------------------------
                             29 ; global & static initialisations
                             30 ;--------------------------------------------------------
                             31 	.area _HOME
                             32 	.area _GSINIT
                             33 	.area _GSFINAL
                             34 	.area _GSINIT
                             35 ;--------------------------------------------------------
                             36 ; Home
                             37 ;--------------------------------------------------------
                             38 	.area _HOME
                             39 	.area _HOME
                             40 ;--------------------------------------------------------
                             41 ; code
                             42 ;--------------------------------------------------------
                             43 	.area _CODE
                             44 ;../_strrchr.c:34: char * strrchr ( const char * string, int ch )
                             45 ;	---------------------------------
                             46 ; Function strrchr
                             47 ; ---------------------------------
   0000                      48 _strrchr::
   0000 DD E5                49 	push	ix
   0002 DD 21 00 00          50 	ld	ix,#0
   0006 DD 39                51 	add	ix,sp
   0008 27 FE                52 	add	sp, #-2
                             53 ;../_strrchr.c:37: const char * start = string;
   000A DD 7E 04             54 	ld	a,4 (ix)
   000D DD 77 FE             55 	ld	-2 (ix),a
   0010 DD 7E 05             56 	ld	a,5 (ix)
   0013 DD 77 FF             57 	ld	-1 (ix),a
                             58 ;../_strrchr.c:39: while (*string++)                       /* find end of string */
   0016 C4 00                59 	ld	hl, 0 (sp)
   0018                      60 00101$:
   0018 7E                   61 	ld	a,(hl)
   0019 23                   62 	inc	hl
   001A B7                   63 	or	a, a
   001B 20 FB                64 	jr	NZ,00101$
                             65 ;../_strrchr.c:42: while (--string != start && *string != ch)
   001D 4D                   66 	ld	c, l
   001E 44                   67 	ld	b, h
   001F                      68 00105$:
   001F 0B                   69 	dec	bc
   0020 0A                   70 	ld	a,(bc)
   0021 57                   71 	ld	d,a
   0022 17                   72 	rla
   0023 9F                   73 	sbc	a, a
   0024 5F                   74 	ld	e,a
   0025 DD 7E 06             75 	ld	a,6 (ix)
   0028 92                   76 	sub	a, d
   0029 20 0A                77 	jr	NZ,00133$
   002B DD 7E 07             78 	ld	a,7 (ix)
   002E 93                   79 	sub	a, e
   002F 20 04                80 	jr	NZ,00133$
   0031 3E 01                81 	ld	a,#0x01
   0033 18 01                82 	jr	00134$
   0035                      83 00133$:
   0035 AF                   84 	xor	a,a
   0036                      85 00134$:
   0036 57                   86 	ld	d,a
   0037 DD 7E FE             87 	ld	a,-2 (ix)
   003A 91                   88 	sub	a, c
   003B 20 06                89 	jr	NZ,00135$
   003D DD 7E FF             90 	ld	a,-1 (ix)
   0040 90                   91 	sub	a, b
   0041 28 04                92 	jr	Z,00107$
   0043                      93 00135$:
   0043 7A                   94 	ld	a,d
   0044 B7                   95 	or	a, a
   0045 28 D8                96 	jr	Z,00105$
   0047                      97 00107$:
                             98 ;../_strrchr.c:45: if (*string == ch)                      /* char found ? */
   0047 7A                   99 	ld	a,d
   0048 B7                  100 	or	a, a
   0049 28 04               101 	jr	Z,00109$
                            102 ;../_strrchr.c:46: return( (char *)string );
   004B 69                  103 	ld	l, c
   004C 60                  104 	ld	h, b
   004D 18 03               105 	jr	00110$
   004F                     106 00109$:
                            107 ;../_strrchr.c:48: return (NULL) ;
   004F 21 00 00            108 	ld	hl,#0x0000
   0052                     109 00110$:
   0052 DD F9               110 	ld	sp, ix
   0054 DD E1               111 	pop	ix
   0056 C9                  112 	ret
                            113 	.area _CODE
                            114 	.area _INITIALIZER
                            115 	.area _CABS (ABS)
