                              1 ;--------------------------------------------------------
                              2 ; File Created by SDCC : free open source ANSI-C Compiler
                              3 ; Version 3.5.0 #9253 (Apr  4 2022) (Linux)
                              4 ; This file was generated Mon Apr  4 14:16:00 2022
                              5 ;--------------------------------------------------------
                              6 	.module ispunct
                              7 	.optsdcc -mr2k
                              8 	
                              9 ;--------------------------------------------------------
                             10 ; Public variables in this module
                             11 ;--------------------------------------------------------
                             12 	.globl _isalnum
                             13 	.globl _isspace
                             14 	.globl _isprint
                             15 	.globl _ispunct
                             16 ;--------------------------------------------------------
                             17 ; special function registers
                             18 ;--------------------------------------------------------
                             19 ;--------------------------------------------------------
                             20 ; ram data
                             21 ;--------------------------------------------------------
                             22 	.area _DATA
                             23 ;--------------------------------------------------------
                             24 ; ram data
                             25 ;--------------------------------------------------------
                             26 	.area _INITIALIZED
                             27 ;--------------------------------------------------------
                             28 ; absolute external ram data
                             29 ;--------------------------------------------------------
                             30 	.area _DABS (ABS)
                             31 ;--------------------------------------------------------
                             32 ; global & static initialisations
                             33 ;--------------------------------------------------------
                             34 	.area _HOME
                             35 	.area _GSINIT
                             36 	.area _GSFINAL
                             37 	.area _GSINIT
                             38 ;--------------------------------------------------------
                             39 ; Home
                             40 ;--------------------------------------------------------
                             41 	.area _HOME
                             42 	.area _HOME
                             43 ;--------------------------------------------------------
                             44 ; code
                             45 ;--------------------------------------------------------
                             46 	.area _CODE
                             47 ;../ispunct.c:33: int ispunct (int c)
                             48 ;	---------------------------------
                             49 ; Function ispunct
                             50 ; ---------------------------------
   0000                      51 _ispunct::
                             52 ;../ispunct.c:35: return (isprint (c) && !isspace (c) && !isalnum (c));
   0000 C4 02                53 	ld	hl, 2 (sp)
   0002 E5                   54 	push	hl
   0003 CDr00r00             55 	call	_isprint
   0006 27 02                56 	add	sp, #2
   0008 7C                   57 	ld	a,h
   0009 B5                   58 	or	a,l
   000A 28 18                59 	jr	Z,00103$
   000C C4 02                60 	ld	hl, 2 (sp)
   000E E5                   61 	push	hl
   000F CDr00r00             62 	call	_isspace
   0012 27 02                63 	add	sp, #2
   0014 7C                   64 	ld	a,h
   0015 B5                   65 	or	a,l
   0016 20 0C                66 	jr	NZ,00103$
   0018 C4 02                67 	ld	hl, 2 (sp)
   001A E5                   68 	push	hl
   001B CDr00r00             69 	call	_isalnum
   001E 27 02                70 	add	sp, #2
   0020 7C                   71 	ld	a,h
   0021 B5                   72 	or	a,l
   0022 28 04                73 	jr	Z,00104$
   0024                      74 00103$:
   0024 3E 00                75 	ld	a,#0x00
   0026 18 02                76 	jr	00105$
   0028                      77 00104$:
   0028 3E 01                78 	ld	a,#0x01
   002A                      79 00105$:
   002A 6F                   80 	ld	l,a
   002B 17                   81 	rla
   002C 9F                   82 	sbc	a, a
   002D 67                   83 	ld	h,a
   002E C9                   84 	ret
                             85 	.area _CODE
                             86 	.area _INITIALIZER
                             87 	.area _CABS (ABS)
