                              1 ;--------------------------------------------------------
                              2 ; File Created by SDCC : free open source ANSI-C Compiler
                              3 ; Version 3.5.0 #9253 (Apr  4 2022) (Linux)
                              4 ; This file was generated Mon Apr  4 14:16:00 2022
                              5 ;--------------------------------------------------------
                              6 	.module isspace
                              7 	.optsdcc -mr2k
                              8 	
                              9 ;--------------------------------------------------------
                             10 ; Public variables in this module
                             11 ;--------------------------------------------------------
                             12 	.globl _isspace
                             13 ;--------------------------------------------------------
                             14 ; special function registers
                             15 ;--------------------------------------------------------
                             16 ;--------------------------------------------------------
                             17 ; ram data
                             18 ;--------------------------------------------------------
                             19 	.area _DATA
                             20 ;--------------------------------------------------------
                             21 ; ram data
                             22 ;--------------------------------------------------------
                             23 	.area _INITIALIZED
                             24 ;--------------------------------------------------------
                             25 ; absolute external ram data
                             26 ;--------------------------------------------------------
                             27 	.area _DABS (ABS)
                             28 ;--------------------------------------------------------
                             29 ; global & static initialisations
                             30 ;--------------------------------------------------------
                             31 	.area _HOME
                             32 	.area _GSINIT
                             33 	.area _GSFINAL
                             34 	.area _GSINIT
                             35 ;--------------------------------------------------------
                             36 ; Home
                             37 ;--------------------------------------------------------
                             38 	.area _HOME
                             39 	.area _HOME
                             40 ;--------------------------------------------------------
                             41 ; code
                             42 ;--------------------------------------------------------
                             43 	.area _CODE
                             44 ;../isspace.c:37: int isspace (int c)
                             45 ;	---------------------------------
                             46 ; Function isspace
                             47 ; ---------------------------------
   0000                      48 _isspace::
   0000 DD E5                49 	push	ix
   0002 DD 21 00 00          50 	ld	ix,#0
   0006 DD 39                51 	add	ix,sp
                             52 ;../isspace.c:39: return (c == ' ' || c == '\f' || c == '\n' || c == '\r' || c == '\t' || c == '\v');
   0008 DD 7E 04             53 	ld	a,4 (ix)
   000B D6 20                54 	sub	a, #0x20
   000D 20 06                55 	jr	NZ,00142$
   000F DD 7E 05             56 	ld	a,5 (ix)
   0012 B7                   57 	or	a, a
   0013 28 45                58 	jr	Z,00104$
   0015                      59 00142$:
   0015 DD 7E 04             60 	ld	a,4 (ix)
   0018 D6 0C                61 	sub	a, #0x0C
   001A 20 06                62 	jr	NZ,00143$
   001C DD 7E 05             63 	ld	a,5 (ix)
   001F B7                   64 	or	a, a
   0020 28 38                65 	jr	Z,00104$
   0022                      66 00143$:
   0022 DD 7E 04             67 	ld	a,4 (ix)
   0025 D6 0A                68 	sub	a, #0x0A
   0027 20 06                69 	jr	NZ,00144$
   0029 DD 7E 05             70 	ld	a,5 (ix)
   002C B7                   71 	or	a, a
   002D 28 2B                72 	jr	Z,00104$
   002F                      73 00144$:
   002F DD 7E 04             74 	ld	a,4 (ix)
   0032 D6 0D                75 	sub	a, #0x0D
   0034 20 06                76 	jr	NZ,00145$
   0036 DD 7E 05             77 	ld	a,5 (ix)
   0039 B7                   78 	or	a, a
   003A 28 1E                79 	jr	Z,00104$
   003C                      80 00145$:
   003C DD 7E 04             81 	ld	a,4 (ix)
   003F D6 09                82 	sub	a, #0x09
   0041 20 06                83 	jr	NZ,00146$
   0043 DD 7E 05             84 	ld	a,5 (ix)
   0046 B7                   85 	or	a, a
   0047 28 11                86 	jr	Z,00104$
   0049                      87 00146$:
   0049 DD 7E 04             88 	ld	a,4 (ix)
   004C D6 0B                89 	sub	a, #0x0B
   004E 20 06                90 	jr	NZ,00147$
   0050 DD 7E 05             91 	ld	a,5 (ix)
   0053 B7                   92 	or	a, a
   0054 28 04                93 	jr	Z,00104$
   0056                      94 00147$:
   0056 3E 00                95 	ld	a,#0x00
   0058 18 02                96 	jr	00105$
   005A                      97 00104$:
   005A 3E 01                98 	ld	a,#0x01
   005C                      99 00105$:
   005C 6F                  100 	ld	l,a
   005D 17                  101 	rla
   005E 9F                  102 	sbc	a, a
   005F 67                  103 	ld	h,a
   0060 DD E1               104 	pop	ix
   0062 C9                  105 	ret
                            106 	.area _CODE
                            107 	.area _INITIALIZER
                            108 	.area _CABS (ABS)
