                              1 ;--------------------------------------------------------
                              2 ; File Created by SDCC : free open source ANSI-C Compiler
                              3 ; Version 3.5.0 #9253 (Apr  4 2022) (Linux)
                              4 ; This file was generated Mon Apr  4 14:16:00 2022
                              5 ;--------------------------------------------------------
                              6 	.module isupper
                              7 	.optsdcc -mr2k
                              8 	
                              9 ;--------------------------------------------------------
                             10 ; Public variables in this module
                             11 ;--------------------------------------------------------
                             12 	.globl _isupper
                             13 ;--------------------------------------------------------
                             14 ; special function registers
                             15 ;--------------------------------------------------------
                             16 ;--------------------------------------------------------
                             17 ; ram data
                             18 ;--------------------------------------------------------
                             19 	.area _DATA
                             20 ;--------------------------------------------------------
                             21 ; ram data
                             22 ;--------------------------------------------------------
                             23 	.area _INITIALIZED
                             24 ;--------------------------------------------------------
                             25 ; absolute external ram data
                             26 ;--------------------------------------------------------
                             27 	.area _DABS (ABS)
                             28 ;--------------------------------------------------------
                             29 ; global & static initialisations
                             30 ;--------------------------------------------------------
                             31 	.area _HOME
                             32 	.area _GSINIT
                             33 	.area _GSFINAL
                             34 	.area _GSINIT
                             35 ;--------------------------------------------------------
                             36 ; Home
                             37 ;--------------------------------------------------------
                             38 	.area _HOME
                             39 	.area _HOME
                             40 ;--------------------------------------------------------
                             41 ; code
                             42 ;--------------------------------------------------------
                             43 	.area _CODE
                             44 ;./../../include/ctype.h:78: inline int isupper (int c)
                             45 ;	---------------------------------
                             46 ; Function isupper
                             47 ; ---------------------------------
   0000                      48 _isupper::
   0000 3B                   49 	dec	sp
                             50 ;./../../include/ctype.h:80: return ((unsigned char)c >= 'A' && (unsigned char)c <= 'Z');
   0001 FD 21 03 00          51 	ld	iy,#3
   0005 FD 39                52 	add	iy,sp
   0007 FD 66 00             53 	ld	h,0 (iy)
   000A 7C                   54 	ld	a,h
   000B D6 41                55 	sub	a, #0x41
   000D 38 05                56 	jr	C,00103$
   000F 3E 5A                57 	ld	a,#0x5A
   0011 94                   58 	sub	a, h
   0012 30 04                59 	jr	NC,00104$
   0014                      60 00103$:
   0014 3E 00                61 	ld	a,#0x00
   0016 18 02                62 	jr	00105$
   0018                      63 00104$:
   0018 3E 01                64 	ld	a,#0x01
   001A                      65 00105$:
   001A 6F                   66 	ld	l,a
   001B 17                   67 	rla
   001C 9F                   68 	sbc	a, a
   001D 67                   69 	ld	h,a
   001E 33                   70 	inc	sp
   001F C9                   71 	ret
                             72 	.area _CODE
                             73 	.area _INITIALIZER
                             74 	.area _CABS (ABS)
