                              1 ;--------------------------------------------------------
                              2 ; File Created by SDCC : free open source ANSI-C Compiler
                              3 ; Version 3.5.0 #9253 (Apr  4 2022) (Linux)
                              4 ; This file was generated Mon Apr  4 14:16:00 2022
                              5 ;--------------------------------------------------------
                              6 	.module isxdigit
                              7 	.optsdcc -mr2k
                              8 	
                              9 ;--------------------------------------------------------
                             10 ; Public variables in this module
                             11 ;--------------------------------------------------------
                             12 	.globl _isxdigit
                             13 ;--------------------------------------------------------
                             14 ; special function registers
                             15 ;--------------------------------------------------------
                             16 ;--------------------------------------------------------
                             17 ; ram data
                             18 ;--------------------------------------------------------
                             19 	.area _DATA
                             20 ;--------------------------------------------------------
                             21 ; ram data
                             22 ;--------------------------------------------------------
                             23 	.area _INITIALIZED
                             24 ;--------------------------------------------------------
                             25 ; absolute external ram data
                             26 ;--------------------------------------------------------
                             27 	.area _DABS (ABS)
                             28 ;--------------------------------------------------------
                             29 ; global & static initialisations
                             30 ;--------------------------------------------------------
                             31 	.area _HOME
                             32 	.area _GSINIT
                             33 	.area _GSFINAL
                             34 	.area _GSINIT
                             35 ;--------------------------------------------------------
                             36 ; Home
                             37 ;--------------------------------------------------------
                             38 	.area _HOME
                             39 	.area _HOME
                             40 ;--------------------------------------------------------
                             41 ; code
                             42 ;--------------------------------------------------------
                             43 	.area _CODE
                             44 ;../isxdigit.c:33: int isxdigit (int c)
                             45 ;	---------------------------------
                             46 ; Function isxdigit
                             47 ; ---------------------------------
   0000                      48 _isxdigit::
   0000 DD E5                49 	push	ix
   0002 DD 21 00 00          50 	ld	ix,#0
   0006 DD 39                51 	add	ix,sp
   0008 3B                   52 	dec	sp
                             53 ;../isxdigit.c:35: return (c >= '0' && c <= '9' || c >= 'a' && c <= 'f' || c >= 'A' && c <= 'F');
   0009 C4 05                54 	ld	hl, 5 (sp)
   000B 11 30 80             55 	ld	de, #0x8030
   000E 29                   56 	add	hl, hl
   000F 3F                   57 	ccf
   0010 FC                   58 	rr	hl
   0011 ED 52                59 	sbc	hl, de
   0013 38 12                60 	jr	C,00111$
   0015 3E 39                61 	ld	a,#0x39
   0017 DD BE 04             62 	cp	a, 4 (ix)
   001A 3E 00                63 	ld	a,#0x00
   001C DD 9E 05             64 	sbc	a, 5 (ix)
   001F E2r24r00             65 	jp	PO, 00130$
   0022 EE 80                66 	xor	a, #0x80
   0024                      67 00130$:
   0024 F2r67r00             68 	jp	P,00104$
   0027                      69 00111$:
   0027 C4 05                70 	ld	hl, 5 (sp)
   0029 11 61 80             71 	ld	de, #0x8061
   002C 29                   72 	add	hl, hl
   002D 3F                   73 	ccf
   002E FC                   74 	rr	hl
   002F ED 52                75 	sbc	hl, de
   0031 38 12                76 	jr	C,00108$
   0033 3E 66                77 	ld	a,#0x66
   0035 DD BE 04             78 	cp	a, 4 (ix)
   0038 3E 00                79 	ld	a,#0x00
   003A DD 9E 05             80 	sbc	a, 5 (ix)
   003D E2r42r00             81 	jp	PO, 00131$
   0040 EE 80                82 	xor	a, #0x80
   0042                      83 00131$:
   0042 F2r67r00             84 	jp	P,00104$
   0045                      85 00108$:
   0045 C4 05                86 	ld	hl, 5 (sp)
   0047 11 41 80             87 	ld	de, #0x8041
   004A 29                   88 	add	hl, hl
   004B 3F                   89 	ccf
   004C FC                   90 	rr	hl
   004D ED 52                91 	sbc	hl, de
   004F 38 12                92 	jr	C,00103$
   0051 3E 46                93 	ld	a,#0x46
   0053 DD BE 04             94 	cp	a, 4 (ix)
   0056 3E 00                95 	ld	a,#0x00
   0058 DD 9E 05             96 	sbc	a, 5 (ix)
   005B E2r60r00             97 	jp	PO, 00132$
   005E EE 80                98 	xor	a, #0x80
   0060                      99 00132$:
   0060 F2r67r00            100 	jp	P,00104$
   0063                     101 00103$:
   0063 3E 00               102 	ld	a,#0x00
   0065 18 02               103 	jr	00105$
   0067                     104 00104$:
   0067 3E 01               105 	ld	a,#0x01
   0069                     106 00105$:
   0069 6F                  107 	ld	l,a
   006A 17                  108 	rla
   006B 9F                  109 	sbc	a, a
   006C 67                  110 	ld	h,a
   006D 33                  111 	inc	sp
   006E DD E1               112 	pop	ix
   0070 C9                  113 	ret
                            114 	.area _CODE
                            115 	.area _INITIALIZER
                            116 	.area _CABS (ABS)
