                              1 ;--------------------------------------------------------
                              2 ; File Created by SDCC : free open source ANSI-C Compiler
                              3 ; Version 3.5.0 #9253 (Apr  4 2022) (Linux)
                              4 ; This file was generated Mon Apr  4 14:15:57 2022
                              5 ;--------------------------------------------------------
                              6 	.module tanf
                              7 	.optsdcc -mr2k
                              8 	
                              9 ;--------------------------------------------------------
                             10 ; Public variables in this module
                             11 ;--------------------------------------------------------
                             12 	.globl _tancotf
                             13 	.globl _tanf
                             14 ;--------------------------------------------------------
                             15 ; special function registers
                             16 ;--------------------------------------------------------
                             17 ;--------------------------------------------------------
                             18 ; ram data
                             19 ;--------------------------------------------------------
                             20 	.area _DATA
                             21 ;--------------------------------------------------------
                             22 ; ram data
                             23 ;--------------------------------------------------------
                             24 	.area _INITIALIZED
                             25 ;--------------------------------------------------------
                             26 ; absolute external ram data
                             27 ;--------------------------------------------------------
                             28 	.area _DABS (ABS)
                             29 ;--------------------------------------------------------
                             30 ; global & static initialisations
                             31 ;--------------------------------------------------------
                             32 	.area _HOME
                             33 	.area _GSINIT
                             34 	.area _GSFINAL
                             35 	.area _GSINIT
                             36 ;--------------------------------------------------------
                             37 ; Home
                             38 ;--------------------------------------------------------
                             39 	.area _HOME
                             40 	.area _HOME
                             41 ;--------------------------------------------------------
                             42 ; code
                             43 ;--------------------------------------------------------
                             44 	.area _CODE
                             45 ;../tanf.c:36: float tanf(float x) _FLOAT_FUNC_REENTRANT
                             46 ;	---------------------------------
                             47 ; Function tanf
                             48 ; ---------------------------------
   0000                      49 _tanf::
                             50 ;../tanf.c:38: return tancotf(x, 0);
   0000 AF                   51 	xor	a, a
   0001 F5                   52 	push	af
   0002 33                   53 	inc	sp
   0003 C4 05                54 	ld	hl, 5 (sp)
   0005 E5                   55 	push	hl
   0006 C4 05                56 	ld	hl, 5 (sp)
   0008 E5                   57 	push	hl
   0009 CDr00r00             58 	call	_tancotf
   000C 27 05                59 	add	sp, #5
   000E C9                   60 	ret
                             61 	.area _CODE
                             62 	.area _INITIALIZER
                             63 	.area _CABS (ABS)
