                              1 ;--------------------------------------------------------
                              2 ; File Created by SDCC : free open source ANSI-C Compiler
                              3 ; Version 3.5.0 #9253 (Apr  4 2022) (Linux)
                              4 ; This file was generated Mon Apr  4 14:16:00 2022
                              5 ;--------------------------------------------------------
                              6 	.module tolower
                              7 	.optsdcc -mr2k
                              8 	
                              9 ;--------------------------------------------------------
                             10 ; Public variables in this module
                             11 ;--------------------------------------------------------
                             12 	.globl _tolower
                             13 ;--------------------------------------------------------
                             14 ; special function registers
                             15 ;--------------------------------------------------------
                             16 ;--------------------------------------------------------
                             17 ; ram data
                             18 ;--------------------------------------------------------
                             19 	.area _DATA
                             20 ;--------------------------------------------------------
                             21 ; ram data
                             22 ;--------------------------------------------------------
                             23 	.area _INITIALIZED
                             24 ;--------------------------------------------------------
                             25 ; absolute external ram data
                             26 ;--------------------------------------------------------
                             27 	.area _DABS (ABS)
                             28 ;--------------------------------------------------------
                             29 ; global & static initialisations
                             30 ;--------------------------------------------------------
                             31 	.area _HOME
                             32 	.area _GSINIT
                             33 	.area _GSFINAL
                             34 	.area _GSINIT
                             35 ;--------------------------------------------------------
                             36 ; Home
                             37 ;--------------------------------------------------------
                             38 	.area _HOME
                             39 	.area _HOME
                             40 ;--------------------------------------------------------
                             41 ; code
                             42 ;--------------------------------------------------------
                             43 	.area _CODE
                             44 ;../tolower.c:33: int tolower (int c)
                             45 ;	---------------------------------
                             46 ; Function tolower
                             47 ; ---------------------------------
   0000                      48 _tolower::
   0000 3B                   49 	dec	sp
                             50 ;../tolower.c:35: return (isupper (c) ? c + ('a' - 'A') : c);
   0001 C4 03                51 	ld	hl, 3 (sp)
                             52 ;./../../include/ctype.h:80: return ((unsigned char)c >= 'A' && (unsigned char)c <= 'Z');
   0003 55                   53 	ld	d,l
   0004 7A                   54 	ld	a,d
   0005 D6 41                55 	sub	a, #0x41
   0007 38 09                56 	jr	C,00104$
   0009 3E 5A                57 	ld	a,#0x5A
   000B 92                   58 	sub	a, d
   000C 38 04                59 	jr	C,00104$
                             60 ;../tolower.c:35: return (isupper (c) ? c + ('a' - 'A') : c);
   000E 01 20 00             61 	ld	bc,#0x0020
   0011 09                   62 	add	hl,bc
   0012                      63 00104$:
   0012 33                   64 	inc	sp
   0013 C9                   65 	ret
                             66 	.area _CODE
                             67 	.area _INITIALIZER
                             68 	.area _CABS (ABS)
