                                      1 ;--------------------------------------------------------
                                      2 ; File Created by SDCC : free open source ANSI-C Compiler
                                      3 ; Version 3.5.0 #9253 (Apr  4 2022) (Linux)
                                      4 ; This file was generated Mon Apr  4 14:10:43 2022
                                      5 ;--------------------------------------------------------
                                      6 	.module isdigit
                                      7 	.optsdcc -mmcs51 --model-medium
                                      8 	
                                      9 ;--------------------------------------------------------
                                     10 ; Public variables in this module
                                     11 ;--------------------------------------------------------
                                     12 	.globl _isdigit
                                     13 ;--------------------------------------------------------
                                     14 ; special function registers
                                     15 ;--------------------------------------------------------
                                     16 	.area RSEG    (ABS,DATA)
      000000                         17 	.org 0x0000
                                     18 ;--------------------------------------------------------
                                     19 ; special function bits
                                     20 ;--------------------------------------------------------
                                     21 	.area RSEG    (ABS,DATA)
      000000                         22 	.org 0x0000
                                     23 ;--------------------------------------------------------
                                     24 ; overlayable register banks
                                     25 ;--------------------------------------------------------
                                     26 	.area REG_BANK_0	(REL,OVR,DATA)
      000000                         27 	.ds 8
                                     28 ;--------------------------------------------------------
                                     29 ; internal ram data
                                     30 ;--------------------------------------------------------
                                     31 	.area DSEG    (DATA)
                                     32 ;--------------------------------------------------------
                                     33 ; overlayable items in internal ram 
                                     34 ;--------------------------------------------------------
                                     35 ;--------------------------------------------------------
                                     36 ; indirectly addressable internal ram data
                                     37 ;--------------------------------------------------------
                                     38 	.area ISEG    (DATA)
                                     39 ;--------------------------------------------------------
                                     40 ; absolute internal ram data
                                     41 ;--------------------------------------------------------
                                     42 	.area IABS    (ABS,DATA)
                                     43 	.area IABS    (ABS,DATA)
                                     44 ;--------------------------------------------------------
                                     45 ; bit data
                                     46 ;--------------------------------------------------------
                                     47 	.area BSEG    (BIT)
                                     48 ;--------------------------------------------------------
                                     49 ; paged external ram data
                                     50 ;--------------------------------------------------------
                                     51 	.area PSEG    (PAG,XDATA)
                                     52 ;--------------------------------------------------------
                                     53 ; external ram data
                                     54 ;--------------------------------------------------------
                                     55 	.area XSEG    (XDATA)
                                     56 ;--------------------------------------------------------
                                     57 ; absolute external ram data
                                     58 ;--------------------------------------------------------
                                     59 	.area XABS    (ABS,XDATA)
                                     60 ;--------------------------------------------------------
                                     61 ; external initialized ram data
                                     62 ;--------------------------------------------------------
                                     63 	.area XISEG   (XDATA)
                                     64 	.area HOME    (CODE)
                                     65 	.area GSINIT0 (CODE)
                                     66 	.area GSINIT1 (CODE)
                                     67 	.area GSINIT2 (CODE)
                                     68 	.area GSINIT3 (CODE)
                                     69 	.area GSINIT4 (CODE)
                                     70 	.area GSINIT5 (CODE)
                                     71 	.area GSINIT  (CODE)
                                     72 	.area GSFINAL (CODE)
                                     73 	.area CSEG    (CODE)
                                     74 ;--------------------------------------------------------
                                     75 ; global & static initialisations
                                     76 ;--------------------------------------------------------
                                     77 	.area HOME    (CODE)
                                     78 	.area GSINIT  (CODE)
                                     79 	.area GSFINAL (CODE)
                                     80 	.area GSINIT  (CODE)
                                     81 ;--------------------------------------------------------
                                     82 ; Home
                                     83 ;--------------------------------------------------------
                                     84 	.area HOME    (CODE)
                                     85 	.area HOME    (CODE)
                                     86 ;--------------------------------------------------------
                                     87 ; code
                                     88 ;--------------------------------------------------------
                                     89 	.area CSEG    (CODE)
                                     90 ;------------------------------------------------------------
                                     91 ;Allocation info for local variables in function 'isdigit'
                                     92 ;------------------------------------------------------------
                                     93 ;	../../device/include/ctype.h:60: inline int isdigit (int c)
                                     94 ;	-----------------------------------------
                                     95 ;	 function isdigit
                                     96 ;	-----------------------------------------
      000000                         97 _isdigit:
                           000007    98 	ar7 = 0x07
                           000006    99 	ar6 = 0x06
                           000005   100 	ar5 = 0x05
                           000004   101 	ar4 = 0x04
                           000003   102 	ar3 = 0x03
                           000002   103 	ar2 = 0x02
                           000001   104 	ar1 = 0x01
                           000000   105 	ar0 = 0x00
      000000 AE 82            [24]  106 	mov	r6,dpl
      000002 AF 83            [24]  107 	mov	r7,dph
                                    108 ;	../../device/include/ctype.h:62: return ((unsigned char)c >= '0' && (unsigned char)c <= '9');
      000004 BE 30 00         [24]  109 	cjne	r6,#0x30,00109$
      000007                        110 00109$:
      000007 40 05            [24]  111 	jc	00103$
      000009 EE               [12]  112 	mov	a,r6
      00000A 24 C6            [12]  113 	add	a,#0xff - 0x39
      00000C 50 04            [24]  114 	jnc	00104$
      00000E                        115 00103$:
      00000E 7F 00            [12]  116 	mov	r7,#0x00
      000010 80 02            [24]  117 	sjmp	00105$
      000012                        118 00104$:
      000012 7F 01            [12]  119 	mov	r7,#0x01
      000014                        120 00105$:
      000014 EF               [12]  121 	mov	a,r7
      000015 33               [12]  122 	rlc	a
      000016 95 E0            [12]  123 	subb	a,acc
      000018 8F 82            [24]  124 	mov	dpl,r7
      00001A F5 83            [12]  125 	mov	dph,a
      00001C 22               [24]  126 	ret
                                    127 	.area CSEG    (CODE)
                                    128 	.area CONST   (CODE)
                                    129 	.area XINIT   (CODE)
                                    130 	.area CABS    (ABS,CODE)
