                                      1 ;--------------------------------------------------------
                                      2 ; File Created by SDCC : free open source ANSI-C Compiler
                                      3 ; Version 3.5.0 #9253 (Apr  4 2022) (Linux)
                                      4 ; This file was generated Mon Apr  4 14:10:43 2022
                                      5 ;--------------------------------------------------------
                                      6 	.module isprint
                                      7 	.optsdcc -mmcs51 --model-medium
                                      8 	
                                      9 ;--------------------------------------------------------
                                     10 ; Public variables in this module
                                     11 ;--------------------------------------------------------
                                     12 	.globl _isprint
                                     13 ;--------------------------------------------------------
                                     14 ; special function registers
                                     15 ;--------------------------------------------------------
                                     16 	.area RSEG    (ABS,DATA)
      000000                         17 	.org 0x0000
                                     18 ;--------------------------------------------------------
                                     19 ; special function bits
                                     20 ;--------------------------------------------------------
                                     21 	.area RSEG    (ABS,DATA)
      000000                         22 	.org 0x0000
                                     23 ;--------------------------------------------------------
                                     24 ; overlayable register banks
                                     25 ;--------------------------------------------------------
                                     26 	.area REG_BANK_0	(REL,OVR,DATA)
      000000                         27 	.ds 8
                                     28 ;--------------------------------------------------------
                                     29 ; internal ram data
                                     30 ;--------------------------------------------------------
                                     31 	.area DSEG    (DATA)
                                     32 ;--------------------------------------------------------
                                     33 ; overlayable items in internal ram 
                                     34 ;--------------------------------------------------------
                                     35 ;--------------------------------------------------------
                                     36 ; indirectly addressable internal ram data
                                     37 ;--------------------------------------------------------
                                     38 	.area ISEG    (DATA)
                                     39 ;--------------------------------------------------------
                                     40 ; absolute internal ram data
                                     41 ;--------------------------------------------------------
                                     42 	.area IABS    (ABS,DATA)
                                     43 	.area IABS    (ABS,DATA)
                                     44 ;--------------------------------------------------------
                                     45 ; bit data
                                     46 ;--------------------------------------------------------
                                     47 	.area BSEG    (BIT)
                                     48 ;--------------------------------------------------------
                                     49 ; paged external ram data
                                     50 ;--------------------------------------------------------
                                     51 	.area PSEG    (PAG,XDATA)
                                     52 ;--------------------------------------------------------
                                     53 ; external ram data
                                     54 ;--------------------------------------------------------
                                     55 	.area XSEG    (XDATA)
                                     56 ;--------------------------------------------------------
                                     57 ; absolute external ram data
                                     58 ;--------------------------------------------------------
                                     59 	.area XABS    (ABS,XDATA)
                                     60 ;--------------------------------------------------------
                                     61 ; external initialized ram data
                                     62 ;--------------------------------------------------------
                                     63 	.area XISEG   (XDATA)
                                     64 	.area HOME    (CODE)
                                     65 	.area GSINIT0 (CODE)
                                     66 	.area GSINIT1 (CODE)
                                     67 	.area GSINIT2 (CODE)
                                     68 	.area GSINIT3 (CODE)
                                     69 	.area GSINIT4 (CODE)
                                     70 	.area GSINIT5 (CODE)
                                     71 	.area GSINIT  (CODE)
                                     72 	.area GSFINAL (CODE)
                                     73 	.area CSEG    (CODE)
                                     74 ;--------------------------------------------------------
                                     75 ; global & static initialisations
                                     76 ;--------------------------------------------------------
                                     77 	.area HOME    (CODE)
                                     78 	.area GSINIT  (CODE)
                                     79 	.area GSFINAL (CODE)
                                     80 	.area GSINIT  (CODE)
                                     81 ;--------------------------------------------------------
                                     82 ; Home
                                     83 ;--------------------------------------------------------
                                     84 	.area HOME    (CODE)
                                     85 	.area HOME    (CODE)
                                     86 ;--------------------------------------------------------
                                     87 ; code
                                     88 ;--------------------------------------------------------
                                     89 	.area CSEG    (CODE)
                                     90 ;------------------------------------------------------------
                                     91 ;Allocation info for local variables in function 'isprint'
                                     92 ;------------------------------------------------------------
                                     93 ;	isprint.c:33: int isprint (int c)
                                     94 ;	-----------------------------------------
                                     95 ;	 function isprint
                                     96 ;	-----------------------------------------
      000000                         97 _isprint:
                           000007    98 	ar7 = 0x07
                           000006    99 	ar6 = 0x06
                           000005   100 	ar5 = 0x05
                           000004   101 	ar4 = 0x04
                           000003   102 	ar3 = 0x03
                           000002   103 	ar2 = 0x02
                           000001   104 	ar1 = 0x01
                           000000   105 	ar0 = 0x00
      000000 AE 82            [24]  106 	mov	r6,dpl
      000002 AF 83            [24]  107 	mov	r7,dph
                                    108 ;	isprint.c:35: return (c >= ' ' && c <= '~');
      000004 C3               [12]  109 	clr	c
      000005 EE               [12]  110 	mov	a,r6
      000006 94 20            [12]  111 	subb	a,#0x20
      000008 EF               [12]  112 	mov	a,r7
      000009 64 80            [12]  113 	xrl	a,#0x80
      00000B 94 80            [12]  114 	subb	a,#0x80
      00000D 40 0E            [24]  115 	jc	00103$
      00000F 74 7E            [12]  116 	mov	a,#0x7E
      000011 9E               [12]  117 	subb	a,r6
      000012 74 80            [12]  118 	mov	a,#(0x00 ^ 0x80)
      000014 8F F0            [24]  119 	mov	b,r7
      000016 63 F0 80         [24]  120 	xrl	b,#0x80
      000019 95 F0            [12]  121 	subb	a,b
      00001B 50 04            [24]  122 	jnc	00104$
      00001D                        123 00103$:
      00001D 7F 00            [12]  124 	mov	r7,#0x00
      00001F 80 02            [24]  125 	sjmp	00105$
      000021                        126 00104$:
      000021 7F 01            [12]  127 	mov	r7,#0x01
      000023                        128 00105$:
      000023 EF               [12]  129 	mov	a,r7
      000024 33               [12]  130 	rlc	a
      000025 95 E0            [12]  131 	subb	a,acc
      000027 8F 82            [24]  132 	mov	dpl,r7
      000029 F5 83            [12]  133 	mov	dph,a
      00002B 22               [24]  134 	ret
                                    135 	.area CSEG    (CODE)
                                    136 	.area CONST   (CODE)
                                    137 	.area XINIT   (CODE)
                                    138 	.area CABS    (ABS,CODE)
