                                      1 ;--------------------------------------------------------
                                      2 ; File Created by SDCC : free open source ANSI-C Compiler
                                      3 ; Version 3.5.0 #9253 (Apr  4 2022) (Linux)
                                      4 ; This file was generated Mon Apr  4 14:10:43 2022
                                      5 ;--------------------------------------------------------
                                      6 	.module ispunct
                                      7 	.optsdcc -mmcs51 --model-medium
                                      8 	
                                      9 ;--------------------------------------------------------
                                     10 ; Public variables in this module
                                     11 ;--------------------------------------------------------
                                     12 	.globl _isalnum
                                     13 	.globl _isspace
                                     14 	.globl _isprint
                                     15 	.globl _ispunct
                                     16 ;--------------------------------------------------------
                                     17 ; special function registers
                                     18 ;--------------------------------------------------------
                                     19 	.area RSEG    (ABS,DATA)
      000000                         20 	.org 0x0000
                                     21 ;--------------------------------------------------------
                                     22 ; special function bits
                                     23 ;--------------------------------------------------------
                                     24 	.area RSEG    (ABS,DATA)
      000000                         25 	.org 0x0000
                                     26 ;--------------------------------------------------------
                                     27 ; overlayable register banks
                                     28 ;--------------------------------------------------------
                                     29 	.area REG_BANK_0	(REL,OVR,DATA)
      000000                         30 	.ds 8
                                     31 ;--------------------------------------------------------
                                     32 ; internal ram data
                                     33 ;--------------------------------------------------------
                                     34 	.area DSEG    (DATA)
                                     35 ;--------------------------------------------------------
                                     36 ; overlayable items in internal ram 
                                     37 ;--------------------------------------------------------
                                     38 ;--------------------------------------------------------
                                     39 ; indirectly addressable internal ram data
                                     40 ;--------------------------------------------------------
                                     41 	.area ISEG    (DATA)
                                     42 ;--------------------------------------------------------
                                     43 ; absolute internal ram data
                                     44 ;--------------------------------------------------------
                                     45 	.area IABS    (ABS,DATA)
                                     46 	.area IABS    (ABS,DATA)
                                     47 ;--------------------------------------------------------
                                     48 ; bit data
                                     49 ;--------------------------------------------------------
                                     50 	.area BSEG    (BIT)
                                     51 ;--------------------------------------------------------
                                     52 ; paged external ram data
                                     53 ;--------------------------------------------------------
                                     54 	.area PSEG    (PAG,XDATA)
                                     55 ;--------------------------------------------------------
                                     56 ; external ram data
                                     57 ;--------------------------------------------------------
                                     58 	.area XSEG    (XDATA)
                                     59 ;--------------------------------------------------------
                                     60 ; absolute external ram data
                                     61 ;--------------------------------------------------------
                                     62 	.area XABS    (ABS,XDATA)
                                     63 ;--------------------------------------------------------
                                     64 ; external initialized ram data
                                     65 ;--------------------------------------------------------
                                     66 	.area XISEG   (XDATA)
                                     67 	.area HOME    (CODE)
                                     68 	.area GSINIT0 (CODE)
                                     69 	.area GSINIT1 (CODE)
                                     70 	.area GSINIT2 (CODE)
                                     71 	.area GSINIT3 (CODE)
                                     72 	.area GSINIT4 (CODE)
                                     73 	.area GSINIT5 (CODE)
                                     74 	.area GSINIT  (CODE)
                                     75 	.area GSFINAL (CODE)
                                     76 	.area CSEG    (CODE)
                                     77 ;--------------------------------------------------------
                                     78 ; global & static initialisations
                                     79 ;--------------------------------------------------------
                                     80 	.area HOME    (CODE)
                                     81 	.area GSINIT  (CODE)
                                     82 	.area GSFINAL (CODE)
                                     83 	.area GSINIT  (CODE)
                                     84 ;--------------------------------------------------------
                                     85 ; Home
                                     86 ;--------------------------------------------------------
                                     87 	.area HOME    (CODE)
                                     88 	.area HOME    (CODE)
                                     89 ;--------------------------------------------------------
                                     90 ; code
                                     91 ;--------------------------------------------------------
                                     92 	.area CSEG    (CODE)
                                     93 ;------------------------------------------------------------
                                     94 ;Allocation info for local variables in function 'ispunct'
                                     95 ;------------------------------------------------------------
                                     96 ;	ispunct.c:33: int ispunct (int c)
                                     97 ;	-----------------------------------------
                                     98 ;	 function ispunct
                                     99 ;	-----------------------------------------
      000000                        100 _ispunct:
                           000007   101 	ar7 = 0x07
                           000006   102 	ar6 = 0x06
                           000005   103 	ar5 = 0x05
                           000004   104 	ar4 = 0x04
                           000003   105 	ar3 = 0x03
                           000002   106 	ar2 = 0x02
                           000001   107 	ar1 = 0x01
                           000000   108 	ar0 = 0x00
                                    109 ;	ispunct.c:35: return (isprint (c) && !isspace (c) && !isalnum (c));
      000000 AE 82            [24]  110 	mov	r6,dpl
      000002 AF 83            [24]  111 	mov  r7,dph
      000004 C0 07            [24]  112 	push	ar7
      000006 C0 06            [24]  113 	push	ar6
      000008 12r00r00         [24]  114 	lcall	_isprint
      00000B E5 82            [12]  115 	mov	a,dpl
      00000D 85 83 F0         [24]  116 	mov	b,dph
      000010 D0 06            [24]  117 	pop	ar6
      000012 D0 07            [24]  118 	pop	ar7
      000014 45 F0            [12]  119 	orl	a,b
      000016 60 26            [24]  120 	jz	00103$
      000018 8E 82            [24]  121 	mov	dpl,r6
      00001A 8F 83            [24]  122 	mov	dph,r7
      00001C C0 07            [24]  123 	push	ar7
      00001E C0 06            [24]  124 	push	ar6
      000020 12r00r00         [24]  125 	lcall	_isspace
      000023 AC 82            [24]  126 	mov	r4,dpl
      000025 AD 83            [24]  127 	mov	r5,dph
      000027 D0 06            [24]  128 	pop	ar6
      000029 D0 07            [24]  129 	pop	ar7
      00002B EC               [12]  130 	mov	a,r4
      00002C 4D               [12]  131 	orl	a,r5
      00002D 70 0F            [24]  132 	jnz	00103$
      00002F 8E 82            [24]  133 	mov	dpl,r6
      000031 8F 83            [24]  134 	mov	dph,r7
      000033 12r00r00         [24]  135 	lcall	_isalnum
      000036 AE 82            [24]  136 	mov	r6,dpl
      000038 AF 83            [24]  137 	mov	r7,dph
      00003A EE               [12]  138 	mov	a,r6
      00003B 4F               [12]  139 	orl	a,r7
      00003C 60 04            [24]  140 	jz	00104$
      00003E                        141 00103$:
      00003E 7F 00            [12]  142 	mov	r7,#0x00
      000040 80 02            [24]  143 	sjmp	00105$
      000042                        144 00104$:
      000042 7F 01            [12]  145 	mov	r7,#0x01
      000044                        146 00105$:
      000044 EF               [12]  147 	mov	a,r7
      000045 33               [12]  148 	rlc	a
      000046 95 E0            [12]  149 	subb	a,acc
      000048 8F 82            [24]  150 	mov	dpl,r7
      00004A F5 83            [12]  151 	mov	dph,a
      00004C 22               [24]  152 	ret
                                    153 	.area CSEG    (CODE)
                                    154 	.area CONST   (CODE)
                                    155 	.area XINIT   (CODE)
                                    156 	.area CABS    (ABS,CODE)
