                                      1 ;--------------------------------------------------------
                                      2 ; File Created by SDCC : free open source ANSI-C Compiler
                                      3 ; Version 3.5.0 #9253 (Apr  4 2022) (Linux)
                                      4 ; This file was generated Mon Apr  4 14:10:43 2022
                                      5 ;--------------------------------------------------------
                                      6 	.module isxdigit
                                      7 	.optsdcc -mmcs51 --model-medium
                                      8 	
                                      9 ;--------------------------------------------------------
                                     10 ; Public variables in this module
                                     11 ;--------------------------------------------------------
                                     12 	.globl _isxdigit
                                     13 ;--------------------------------------------------------
                                     14 ; special function registers
                                     15 ;--------------------------------------------------------
                                     16 	.area RSEG    (ABS,DATA)
      000000                         17 	.org 0x0000
                                     18 ;--------------------------------------------------------
                                     19 ; special function bits
                                     20 ;--------------------------------------------------------
                                     21 	.area RSEG    (ABS,DATA)
      000000                         22 	.org 0x0000
                                     23 ;--------------------------------------------------------
                                     24 ; overlayable register banks
                                     25 ;--------------------------------------------------------
                                     26 	.area REG_BANK_0	(REL,OVR,DATA)
      000000                         27 	.ds 8
                                     28 ;--------------------------------------------------------
                                     29 ; internal ram data
                                     30 ;--------------------------------------------------------
                                     31 	.area DSEG    (DATA)
                                     32 ;--------------------------------------------------------
                                     33 ; overlayable items in internal ram 
                                     34 ;--------------------------------------------------------
                                     35 ;--------------------------------------------------------
                                     36 ; indirectly addressable internal ram data
                                     37 ;--------------------------------------------------------
                                     38 	.area ISEG    (DATA)
                                     39 ;--------------------------------------------------------
                                     40 ; absolute internal ram data
                                     41 ;--------------------------------------------------------
                                     42 	.area IABS    (ABS,DATA)
                                     43 	.area IABS    (ABS,DATA)
                                     44 ;--------------------------------------------------------
                                     45 ; bit data
                                     46 ;--------------------------------------------------------
                                     47 	.area BSEG    (BIT)
                                     48 ;--------------------------------------------------------
                                     49 ; paged external ram data
                                     50 ;--------------------------------------------------------
                                     51 	.area PSEG    (PAG,XDATA)
                                     52 ;--------------------------------------------------------
                                     53 ; external ram data
                                     54 ;--------------------------------------------------------
                                     55 	.area XSEG    (XDATA)
                                     56 ;--------------------------------------------------------
                                     57 ; absolute external ram data
                                     58 ;--------------------------------------------------------
                                     59 	.area XABS    (ABS,XDATA)
                                     60 ;--------------------------------------------------------
                                     61 ; external initialized ram data
                                     62 ;--------------------------------------------------------
                                     63 	.area XISEG   (XDATA)
                                     64 	.area HOME    (CODE)
                                     65 	.area GSINIT0 (CODE)
                                     66 	.area GSINIT1 (CODE)
                                     67 	.area GSINIT2 (CODE)
                                     68 	.area GSINIT3 (CODE)
                                     69 	.area GSINIT4 (CODE)
                                     70 	.area GSINIT5 (CODE)
                                     71 	.area GSINIT  (CODE)
                                     72 	.area GSFINAL (CODE)
                                     73 	.area CSEG    (CODE)
                                     74 ;--------------------------------------------------------
                                     75 ; global & static initialisations
                                     76 ;--------------------------------------------------------
                                     77 	.area HOME    (CODE)
                                     78 	.area GSINIT  (CODE)
                                     79 	.area GSFINAL (CODE)
                                     80 	.area GSINIT  (CODE)
                                     81 ;--------------------------------------------------------
                                     82 ; Home
                                     83 ;--------------------------------------------------------
                                     84 	.area HOME    (CODE)
                                     85 	.area HOME    (CODE)
                                     86 ;--------------------------------------------------------
                                     87 ; code
                                     88 ;--------------------------------------------------------
                                     89 	.area CSEG    (CODE)
                                     90 ;------------------------------------------------------------
                                     91 ;Allocation info for local variables in function 'isxdigit'
                                     92 ;------------------------------------------------------------
                                     93 ;	isxdigit.c:33: int isxdigit (int c)
                                     94 ;	-----------------------------------------
                                     95 ;	 function isxdigit
                                     96 ;	-----------------------------------------
      000000                         97 _isxdigit:
                           000007    98 	ar7 = 0x07
                           000006    99 	ar6 = 0x06
                           000005   100 	ar5 = 0x05
                           000004   101 	ar4 = 0x04
                           000003   102 	ar3 = 0x03
                           000002   103 	ar2 = 0x02
                           000001   104 	ar1 = 0x01
                           000000   105 	ar0 = 0x00
      000000 AE 82            [24]  106 	mov	r6,dpl
      000002 AF 83            [24]  107 	mov	r7,dph
                                    108 ;	isxdigit.c:35: return (c >= '0' && c <= '9' || c >= 'a' && c <= 'f' || c >= 'A' && c <= 'F');
      000004 C3               [12]  109 	clr	c
      000005 EE               [12]  110 	mov	a,r6
      000006 94 30            [12]  111 	subb	a,#0x30
      000008 EF               [12]  112 	mov	a,r7
      000009 64 80            [12]  113 	xrl	a,#0x80
      00000B 94 80            [12]  114 	subb	a,#0x80
      00000D 40 0E            [24]  115 	jc	00111$
      00000F 74 39            [12]  116 	mov	a,#0x39
      000011 9E               [12]  117 	subb	a,r6
      000012 74 80            [12]  118 	mov	a,#(0x00 ^ 0x80)
      000014 8F F0            [24]  119 	mov	b,r7
      000016 63 F0 80         [24]  120 	xrl	b,#0x80
      000019 95 F0            [12]  121 	subb	a,b
      00001B 50 36            [24]  122 	jnc	00104$
      00001D                        123 00111$:
      00001D C3               [12]  124 	clr	c
      00001E EE               [12]  125 	mov	a,r6
      00001F 94 61            [12]  126 	subb	a,#0x61
      000021 EF               [12]  127 	mov	a,r7
      000022 64 80            [12]  128 	xrl	a,#0x80
      000024 94 80            [12]  129 	subb	a,#0x80
      000026 40 0E            [24]  130 	jc	00108$
      000028 74 66            [12]  131 	mov	a,#0x66
      00002A 9E               [12]  132 	subb	a,r6
      00002B 74 80            [12]  133 	mov	a,#(0x00 ^ 0x80)
      00002D 8F F0            [24]  134 	mov	b,r7
      00002F 63 F0 80         [24]  135 	xrl	b,#0x80
      000032 95 F0            [12]  136 	subb	a,b
      000034 50 1D            [24]  137 	jnc	00104$
      000036                        138 00108$:
      000036 C3               [12]  139 	clr	c
      000037 EE               [12]  140 	mov	a,r6
      000038 94 41            [12]  141 	subb	a,#0x41
      00003A EF               [12]  142 	mov	a,r7
      00003B 64 80            [12]  143 	xrl	a,#0x80
      00003D 94 80            [12]  144 	subb	a,#0x80
      00003F 40 0E            [24]  145 	jc	00103$
      000041 74 46            [12]  146 	mov	a,#0x46
      000043 9E               [12]  147 	subb	a,r6
      000044 74 80            [12]  148 	mov	a,#(0x00 ^ 0x80)
      000046 8F F0            [24]  149 	mov	b,r7
      000048 63 F0 80         [24]  150 	xrl	b,#0x80
      00004B 95 F0            [12]  151 	subb	a,b
      00004D 50 04            [24]  152 	jnc	00104$
      00004F                        153 00103$:
      00004F 7F 00            [12]  154 	mov	r7,#0x00
      000051 80 02            [24]  155 	sjmp	00105$
      000053                        156 00104$:
      000053 7F 01            [12]  157 	mov	r7,#0x01
      000055                        158 00105$:
      000055 EF               [12]  159 	mov	a,r7
      000056 33               [12]  160 	rlc	a
      000057 95 E0            [12]  161 	subb	a,acc
      000059 8F 82            [24]  162 	mov	dpl,r7
      00005B F5 83            [12]  163 	mov	dph,a
      00005D 22               [24]  164 	ret
                                    165 	.area CSEG    (CODE)
                                    166 	.area CONST   (CODE)
                                    167 	.area XINIT   (CODE)
                                    168 	.area CABS    (ABS,CODE)
