                              1 ;--------------------------------------------------------
                              2 ; File Created by SDCC : free open source ANSI-C Compiler
                              3 ; Version 3.5.0 #9253 (Apr  4 2022) (Linux)
                              4 ; This file was generated Mon Apr  4 14:16:43 2022
                              5 ;--------------------------------------------------------
                              6 	.module _fs2uint
                              7 	.optsdcc -mgbz80
                              8 	
                              9 ;--------------------------------------------------------
                             10 ; Public variables in this module
                             11 ;--------------------------------------------------------
                             12 	.globl ___fs2ulong
                             13 	.globl ___fs2uint
                             14 ;--------------------------------------------------------
                             15 ; ram data
                             16 ;--------------------------------------------------------
                             17 	.area _DATA
                             18 ;--------------------------------------------------------
                             19 ; absolute external ram data
                             20 ;--------------------------------------------------------
                             21 	.area _DABS (ABS)
                             22 ;--------------------------------------------------------
                             23 ; global & static initialisations
                             24 ;--------------------------------------------------------
                             25 	.area _HOME
                             26 	.area _GSINIT
                             27 	.area _GSFINAL
                             28 	.area _GSINIT
                             29 ;--------------------------------------------------------
                             30 ; Home
                             31 ;--------------------------------------------------------
                             32 	.area _HOME
                             33 ;../_fs2uint.c:54: unsigned int __fs2uint (float f)
                             34 ;	---------------------------------
                             35 ; Function __fs2uint
                             36 ; ---------------------------------
   0000                      37 ___fs2uint::
   0000 E8 FC                38 	add	sp, #-4
                             39 ;../_fs2uint.c:56: unsigned long ul=__fs2ulong(f);
   0002 F8 08                40 	ldhl	sp,#8
   0004 2A                   41 	ld	a,(hl+)
   0005 66                   42 	ld	h,(hl)
   0006 6F                   43 	ld	l,a
   0007 E5                   44 	push	hl
   0008 F8 08                45 	ldhl	sp,#8
   000A 2A                   46 	ld	a,(hl+)
   000B 66                   47 	ld	h,(hl)
   000C 6F                   48 	ld	l,a
   000D E5                   49 	push	hl
   000E CDr00r00             50 	call	___fs2ulong
   0011 E8 04                51 	add	sp, #4
   0013 45                   52 	ld	b,l
   0014 4C                   53 	ld	c,h
   0015 F8 00                54 	ldhl	sp,#0
   0017 73                   55 	ld	(hl),e
   0018 23                   56 	inc	hl
   0019 72                   57 	ld	(hl),d
   001A 23                   58 	inc	hl
   001B 70                   59 	ld	(hl),b
   001C 23                   60 	inc	hl
   001D 71                   61 	ld	(hl),c
                             62 ;../_fs2uint.c:57: if (ul>=UINT_MAX) return UINT_MAX;
   001E F8 00                63 	ldhl	sp,#0
   0020 7E                   64 	ld	a, (hl)
   0021 D6 FF                65 	sub	a, #0xFF
   0023 23                   66 	inc	hl
   0024 7E                   67 	ld	a, (hl)
   0025 DE FF                68 	sbc	a, #0xFF
   0027 23                   69 	inc	hl
   0028 7E                   70 	ld	a, (hl)
   0029 DE 00                71 	sbc	a, #0x00
   002B 23                   72 	inc	hl
   002C 7E                   73 	ld	a, (hl)
   002D DE 00                74 	sbc	a, #0x00
   002F 38 05                75 	jr	C,00102$
   0031 11 FF FF             76 	ld	de,#0xFFFF
   0034 18 02                77 	jr	00103$
   0036                      78 00102$:
                             79 ;../_fs2uint.c:58: return ul;
   0036 D1                   80 	pop	de
   0037 D5                   81 	push	de
   0038                      82 00103$:
   0038 E8 04                83 	add	sp, #4
   003A C9                   84 	ret
                             85 	.area _HOME
                             86 ;--------------------------------------------------------
                             87 ; code
                             88 ;--------------------------------------------------------
                             89 	.area _CODE
                             90 	.area _CODE
                             91 	.area _CABS (ABS)
