                              1 ;--------------------------------------------------------
                              2 ; File Created by SDCC : free open source ANSI-C Compiler
                              3 ; Version 3.5.0 #9253 (Apr  4 2022) (Linux)
                              4 ; This file was generated Mon Apr  4 14:16:44 2022
                              5 ;--------------------------------------------------------
                              6 	.module _fssub
                              7 	.optsdcc -mgbz80
                              8 	
                              9 ;--------------------------------------------------------
                             10 ; Public variables in this module
                             11 ;--------------------------------------------------------
                             12 	.globl ___fssub
                             13 ;--------------------------------------------------------
                             14 ; ram data
                             15 ;--------------------------------------------------------
                             16 	.area _DATA
                             17 ;--------------------------------------------------------
                             18 ; absolute external ram data
                             19 ;--------------------------------------------------------
                             20 	.area _DABS (ABS)
                             21 ;--------------------------------------------------------
                             22 ; global & static initialisations
                             23 ;--------------------------------------------------------
                             24 	.area _HOME
                             25 	.area _GSINIT
                             26 	.area _GSFINAL
                             27 	.area _GSINIT
                             28 ;--------------------------------------------------------
                             29 ; Home
                             30 ;--------------------------------------------------------
                             31 	.area _HOME
                             32 ;../_fssub.c:73: float __fssub (float a1, float a2)
                             33 ;	---------------------------------
                             34 ; Function __fssub
                             35 ; ---------------------------------
   0000                      36 ___fssub::
   0000 E8 F8                37 	add	sp, #-8
                             38 ;../_fssub.c:75: float neg = -a1;
   0002 F8 0D                39 	ldhl	sp,#13
   0004 7E                   40 	ld	a,(hl)
   0005 EE 80                41 	xor	a,#0x80
   0007 F8 03                42 	ldhl	sp,#3
   0009 77                   43 	ld	(hl),a
   000A F8 0A                44 	ldhl	sp,#10
   000C 7E                   45 	ld	a,(hl)
   000D F8 00                46 	ldhl	sp,#0
   000F 77                   47 	ld	(hl),a
   0010 F8 0B                48 	ldhl	sp,#11
   0012 7E                   49 	ld	a,(hl)
   0013 F8 01                50 	ldhl	sp,#1
   0015 77                   51 	ld	(hl),a
   0016 F8 0C                52 	ldhl	sp,#12
   0018 7E                   53 	ld	a,(hl)
   0019 F8 02                54 	ldhl	sp,#2
   001B 32                   55 	ld	(hl-),a
   001C 2B                   56 	dec	hl
   001D 5E                   57 	ld	e,(hl)
   001E 23                   58 	inc	hl
   001F 56                   59 	ld	d,(hl)
   0020 23                   60 	inc	hl
   0021 4E                   61 	ld	c,(hl)
   0022 23                   62 	inc	hl
   0023 46                   63 	ld	b,(hl)
                             64 ;../_fssub.c:76: return -(neg + a2);
   0024 F8 10                65 	ldhl	sp,#16
   0026 2A                   66 	ld	a,(hl+)
   0027 66                   67 	ld	h,(hl)
   0028 6F                   68 	ld	l,a
   0029 E5                   69 	push	hl
   002A F8 10                70 	ldhl	sp,#16
   002C 2A                   71 	ld	a,(hl+)
   002D 66                   72 	ld	h,(hl)
   002E 6F                   73 	ld	l,a
   002F E5                   74 	push	hl
   0030 C5                   75 	push	bc
   0031 D5                   76 	push	de
   0032 CDr00r00             77 	call	___fsadd
   0035 E8 08                78 	add	sp, #8
   0037 E5                   79 	push	hl
   0038 F8 06                80 	ldhl	sp,#6
   003A 73                   81 	ld	(hl),e
   003B 23                   82 	inc	hl
   003C 72                   83 	ld	(hl),d
   003D D1                   84 	pop	de
   003E 23                   85 	inc	hl
   003F 73                   86 	ld	(hl),e
   0040 23                   87 	inc	hl
   0041 72                   88 	ld	(hl),d
   0042 F8 07                89 	ldhl	sp,#7
   0044 7E                   90 	ld	a,(hl)
   0045 EE 80                91 	xor	a,#0x80
   0047 77                   92 	ld	(hl),a
   0048 F8 04                93 	ldhl	sp,#4
   004A 7E                   94 	ld	a,(hl)
   004B 22                   95 	ld	(hl+),a
   004C 7E                   96 	ld	a,(hl)
   004D 22                   97 	ld	(hl+),a
   004E 7E                   98 	ld	a,(hl)
   004F 32                   99 	ld	(hl-),a
   0050 2B                  100 	dec	hl
   0051 5E                  101 	ld	e,(hl)
   0052 23                  102 	inc	hl
   0053 56                  103 	ld	d,(hl)
   0054 23                  104 	inc	hl
   0055 2A                  105 	ld	a,(hl+)
   0056 66                  106 	ld	h,(hl)
   0057 6F                  107 	ld	l,a
   0058 E8 08               108 	add	sp, #8
   005A C9                  109 	ret
                            110 	.area _HOME
                            111 ;--------------------------------------------------------
                            112 ; code
                            113 ;--------------------------------------------------------
                            114 	.area _CODE
                            115 	.area _CODE
                            116 	.area _CABS (ABS)
