                              1 ;--------------------------------------------------------
                              2 ; File Created by SDCC : free open source ANSI-C Compiler
                              3 ; Version 3.5.0 #9253 (Apr  4 2022) (Linux)
                              4 ; This file was generated Mon Apr  4 14:16:43 2022
                              5 ;--------------------------------------------------------
                              6 	.module _sint2fs
                              7 	.optsdcc -mgbz80
                              8 	
                              9 ;--------------------------------------------------------
                             10 ; Public variables in this module
                             11 ;--------------------------------------------------------
                             12 	.globl ___slong2fs
                             13 	.globl ___sint2fs
                             14 ;--------------------------------------------------------
                             15 ; ram data
                             16 ;--------------------------------------------------------
                             17 	.area _DATA
                             18 ;--------------------------------------------------------
                             19 ; absolute external ram data
                             20 ;--------------------------------------------------------
                             21 	.area _DABS (ABS)
                             22 ;--------------------------------------------------------
                             23 ; global & static initialisations
                             24 ;--------------------------------------------------------
                             25 	.area _HOME
                             26 	.area _GSINIT
                             27 	.area _GSFINAL
                             28 	.area _GSINIT
                             29 ;--------------------------------------------------------
                             30 ; Home
                             31 ;--------------------------------------------------------
                             32 	.area _HOME
                             33 ;../_sint2fs.c:54: float __sint2fs (signed int si) {
                             34 ;	---------------------------------
                             35 ; Function __sint2fs
                             36 ; ---------------------------------
   0000                      37 ___sint2fs::
                             38 ;../_sint2fs.c:55: return __slong2fs(si);
   0000 F8 02                39 	ldhl	sp,#2
   0002 5E                   40 	ld	e,(hl)
   0003 23                   41 	inc	hl
   0004 56                   42 	ld	d,(hl)
   0005 7E                   43 	ld	a,(hl)
   0006 17                   44 	rla
   0007 9F                   45 	sbc	a, a
   0008 4F                   46 	ld	c,a
   0009 47                   47 	ld	b,a
   000A C5                   48 	push	bc
   000B D5                   49 	push	de
   000C CDr00r00             50 	call	___slong2fs
   000F E8 04                51 	add	sp, #4
   0011 45                   52 	ld	b,l
   0012 4C                   53 	ld	c,h
   0013 C9                   54 	ret
                             55 	.area _HOME
                             56 ;--------------------------------------------------------
                             57 ; code
                             58 ;--------------------------------------------------------
                             59 	.area _CODE
                             60 	.area _CODE
                             61 	.area _CABS (ABS)
