                              1 ;--------------------------------------------------------
                              2 ; File Created by SDCC : free open source ANSI-C Compiler
                              3 ; Version 3.5.0 #9253 (Apr  4 2022) (Linux)
                              4 ; This file was generated Mon Apr  4 14:16:52 2022
                              5 ;--------------------------------------------------------
                              6 	.module _strlen
                              7 	.optsdcc -mgbz80
                              8 	
                              9 ;--------------------------------------------------------
                             10 ; Public variables in this module
                             11 ;--------------------------------------------------------
                             12 	.globl _strlen
                             13 ;--------------------------------------------------------
                             14 ; ram data
                             15 ;--------------------------------------------------------
                             16 	.area _DATA
                             17 ;--------------------------------------------------------
                             18 ; absolute external ram data
                             19 ;--------------------------------------------------------
                             20 	.area _DABS (ABS)
                             21 ;--------------------------------------------------------
                             22 ; global & static initialisations
                             23 ;--------------------------------------------------------
                             24 	.area _HOME
                             25 	.area _GSINIT
                             26 	.area _GSFINAL
                             27 	.area _GSINIT
                             28 ;--------------------------------------------------------
                             29 ; Home
                             30 ;--------------------------------------------------------
                             31 	.area _HOME
                             32 	.area _HOME
                             33 ;--------------------------------------------------------
                             34 ; code
                             35 ;--------------------------------------------------------
                             36 	.area _CODE
                             37 ;../_strlen.c:35: size_t strlen ( const char * str )
                             38 ;	---------------------------------
                             39 ; Function strlen
                             40 ; ---------------------------------
   0000                      41 _strlen::
   0000 E8 FE                42 	add	sp, #-2
                             43 ;../_strlen.c:39: while (*str++)
   0002 F8 00                44 	ldhl	sp,#0
   0004 36 00                45 	ld	(hl),#0x00
   0006 23                   46 	inc	hl
   0007 36 00                47 	ld	(hl),#0x00
   0009 F8 05                48 	ldhl	sp,#5
   000B 2B                   49 	dec	hl
   000C 4E                   50 	ld	c,(hl)
   000D 23                   51 	inc	hl
   000E 46                   52 	ld	b,(hl)
   000F                      53 00101$:
   000F 0A                   54 	ld	a,(bc)
   0010 03                   55 	inc	bc
   0011 B7                   56 	or	a, a
   0012 28 09                57 	jr	Z,00103$
                             58 ;../_strlen.c:40: i++ ;
   0014 F8 00                59 	ldhl	sp,#0
   0016 34                   60 	inc	(hl)
   0017 20 F6                61 	jr	NZ,00101$
   0019 23                   62 	inc	hl
   001A 34                   63 	inc	(hl)
   001B 18 F2                64 	jr	00101$
   001D                      65 00103$:
                             66 ;../_strlen.c:42: return i;
   001D D1                   67 	pop	de
   001E D5                   68 	push	de
   001F E8 02                69 	add	sp, #2
   0021 C9                   70 	ret
                             71 	.area _CODE
                             72 	.area _CABS (ABS)
