                              1 ;--------------------------------------------------------
                              2 ; File Created by SDCC : free open source ANSI-C Compiler
                              3 ; Version 3.5.0 #9253 (Apr  4 2022) (Linux)
                              4 ; This file was generated Mon Apr  4 14:16:48 2022
                              5 ;--------------------------------------------------------
                              6 	.module _strncpy
                              7 	.optsdcc -mgbz80
                              8 	
                              9 ;--------------------------------------------------------
                             10 ; Public variables in this module
                             11 ;--------------------------------------------------------
                             12 	.globl _strncpy
                             13 ;--------------------------------------------------------
                             14 ; ram data
                             15 ;--------------------------------------------------------
                             16 	.area _DATA
                             17 ;--------------------------------------------------------
                             18 ; absolute external ram data
                             19 ;--------------------------------------------------------
                             20 	.area _DABS (ABS)
                             21 ;--------------------------------------------------------
                             22 ; global & static initialisations
                             23 ;--------------------------------------------------------
                             24 	.area _HOME
                             25 	.area _GSINIT
                             26 	.area _GSFINAL
                             27 	.area _GSINIT
                             28 ;--------------------------------------------------------
                             29 ; Home
                             30 ;--------------------------------------------------------
                             31 	.area _HOME
                             32 	.area _HOME
                             33 ;--------------------------------------------------------
                             34 ; code
                             35 ;--------------------------------------------------------
                             36 	.area _CODE
                             37 ;../_strncpy.c:33: char *strncpy ( char * d, const char * s, size_t n )
                             38 ;	---------------------------------
                             39 ; Function strncpy
                             40 ; ---------------------------------
   0000                      41 _strncpy::
   0000 E8 F9                42 	add	sp, #-7
                             43 ;../_strncpy.c:35: register char * d1 =  d;
   0002 F8 09                44 	ldhl	sp,#9
   0004 2A                   45 	ld	a,(hl+)
   0005 5E                   46 	ld	e, (hl)
   0006 F8 00                47 	ldhl	sp,#0
   0008 22                   48 	ld	(hl+),a
   0009 73                   49 	ld	(hl),e
                             50 ;../_strncpy.c:37: while ( n && *s )
   000A F8 0E                51 	ldhl	sp,#14
   000C 2B                   52 	dec	hl
   000D 4E                   53 	ld	c,(hl)
   000E 23                   54 	inc	hl
   000F 46                   55 	ld	b,(hl)
   0010 F8 0B                56 	ldhl	sp,#11
   0012 2A                   57 	ld	a,(hl+)
   0013 5E                   58 	ld	e, (hl)
   0014 F8 05                59 	ldhl	sp,#5
   0016 22                   60 	ld	(hl+),a
   0017 73                   61 	ld	(hl),e
   0018 F8 00                62 	ldhl	sp,#0
   001A 2A                   63 	ld	a,(hl+)
   001B 5E                   64 	ld	e, (hl)
   001C 23                   65 	inc	hl
   001D 23                   66 	inc	hl
   001E 22                   67 	ld	(hl+),a
   001F 73                   68 	ld	(hl),e
   0020                      69 00102$:
   0020 78                   70 	ld	a,b
   0021 B1                   71 	or	a,c
   0022 28 27                72 	jr	Z,00114$
   0024 F8 06                73 	ldhl	sp,#6
   0026 2B                   74 	dec	hl
   0027 5E                   75 	ld	e,(hl)
   0028 23                   76 	inc	hl
   0029 56                   77 	ld	d,(hl)
   002A 1A                   78 	ld	a,(de)
   002B F8 02                79 	ldhl	sp,#2
   002D 77                   80 	ld	(hl),a
   002E 7E                   81 	ld	a,(hl)
   002F B7                   82 	or	a, a
   0030 28 19                83 	jr	Z,00114$
                             84 ;../_strncpy.c:39: n-- ;
   0032 0B                   85 	dec	bc
                             86 ;../_strncpy.c:40: *d++ = *s++ ;
   0033 7E                   87 	ld	a,(hl)
   0034 F8 05                88 	ldhl	sp,#5
   0036 34                   89 	inc	(hl)
   0037 20 02                90 	jr	NZ,00132$
   0039 23                   91 	inc	hl
   003A 34                   92 	inc	(hl)
   003B                      93 00132$:
   003B F8 04                94 	ldhl	sp,#4
   003D 2B                   95 	dec	hl
   003E 5E                   96 	ld	e,(hl)
   003F 23                   97 	inc	hl
   0040 56                   98 	ld	d,(hl)
   0041 12                   99 	ld	(de),a
   0042 2B                  100 	dec	hl
   0043 34                  101 	inc	(hl)
   0044 20 DA               102 	jr	NZ,00102$
   0046 23                  103 	inc	hl
   0047 34                  104 	inc	(hl)
   0048 C3r20r00            105 	jp	00102$
                            106 ;../_strncpy.c:42: while ( n-- )
   004B                     107 00114$:
   004B                     108 00105$:
   004B F8 05               109 	ldhl	sp,#5
   004D 71                  110 	ld	(hl),c
   004E 23                  111 	inc	hl
   004F 70                  112 	ld	(hl),b
   0050 0B                  113 	dec	bc
   0051 3A                  114 	ld	a,(hl-)
   0052 B6                  115 	or	a,(hl)
   0053 28 10               116 	jr	Z,00107$
                            117 ;../_strncpy.c:44: *d++ = '\0' ;
   0055 2B                  118 	dec	hl
   0056 2B                  119 	dec	hl
   0057 2A                  120 	ld	a,(hl+)
   0058 66                  121 	ld	h,(hl)
   0059 6F                  122 	ld	l,a
   005A 36 00               123 	ld	(hl),#0x00
   005C F8 03               124 	ldhl	sp,#3
   005E 34                  125 	inc	(hl)
   005F 20 EA               126 	jr	NZ,00105$
   0061 23                  127 	inc	hl
   0062 34                  128 	inc	(hl)
   0063 18 E6               129 	jr	00105$
   0065                     130 00107$:
                            131 ;../_strncpy.c:46: return d1;
   0065 D1                  132 	pop	de
   0066 D5                  133 	push	de
   0067 E8 07               134 	add	sp, #7
   0069 C9                  135 	ret
                            136 	.area _CODE
                            137 	.area _CABS (ABS)
