                              1 ;--------------------------------------------------------
                              2 ; File Created by SDCC : free open source ANSI-C Compiler
                              3 ; Version 3.5.0 #9253 (Apr  4 2022) (Linux)
                              4 ; This file was generated Mon Apr  4 14:16:52 2022
                              5 ;--------------------------------------------------------
                              6 	.module _strcpy
                              7 	.optsdcc -mgbz80
                              8 	
                              9 ;--------------------------------------------------------
                             10 ; Public variables in this module
                             11 ;--------------------------------------------------------
                             12 	.globl _strcpy
                             13 ;--------------------------------------------------------
                             14 ; ram data
                             15 ;--------------------------------------------------------
                             16 	.area _DATA
                             17 ;--------------------------------------------------------
                             18 ; absolute external ram data
                             19 ;--------------------------------------------------------
                             20 	.area _DABS (ABS)
                             21 ;--------------------------------------------------------
                             22 ; global & static initialisations
                             23 ;--------------------------------------------------------
                             24 	.area _HOME
                             25 	.area _GSINIT
                             26 	.area _GSFINAL
                             27 	.area _GSINIT
                             28 ;--------------------------------------------------------
                             29 ; Home
                             30 ;--------------------------------------------------------
                             31 	.area _HOME
                             32 	.area _HOME
                             33 ;--------------------------------------------------------
                             34 ; code
                             35 ;--------------------------------------------------------
                             36 	.area _CODE
                             37 ;../_strcpy.c:34: char * strcpy ( char * d, const char * s )
                             38 ;	---------------------------------
                             39 ; Function strcpy
                             40 ; ---------------------------------
   0000                      41 _strcpy::
   0000 E8 FE                42 	add	sp, #-2
                             43 ;../_strcpy.c:37: register char * to = d;
   0002 F8 05                44 	ldhl	sp,#5
   0004 2B                   45 	dec	hl
   0005 4E                   46 	ld	c,(hl)
   0006 23                   47 	inc	hl
   0007 46                   48 	ld	b,(hl)
                             49 ;../_strcpy.c:38: register const char * from = s;
   0008 23                   50 	inc	hl
   0009 2A                   51 	ld	a,(hl+)
   000A 5E                   52 	ld	e, (hl)
   000B F8 00                53 	ldhl	sp,#0
   000D 22                   54 	ld	(hl+),a
   000E 73                   55 	ld	(hl),e
                             56 ;../_strcpy.c:40: while (*to++ = *from++) ;
   000F                      57 00101$:
   000F D1                   58 	pop	de
   0010 D5                   59 	push	de
   0011 1A                   60 	ld	a,(de)
   0012 F8 00                61 	ldhl	sp,#0
   0014 34                   62 	inc	(hl)
   0015 20 02                63 	jr	NZ,00115$
   0017 23                   64 	inc	hl
   0018 34                   65 	inc	(hl)
   0019                      66 00115$:
   0019 02                   67 	ld	(bc),a
   001A 03                   68 	inc	bc
   001B B7                   69 	or	a, a
   001C 20 F1                70 	jr	NZ,00101$
                             71 ;../_strcpy.c:42: return d;
   001E F8 05                72 	ldhl	sp,#5
   0020 2B                   73 	dec	hl
   0021 5E                   74 	ld	e,(hl)
   0022 23                   75 	inc	hl
   0023 56                   76 	ld	d,(hl)
   0024 E8 02                77 	add	sp, #2
   0026 C9                   78 	ret
                             79 	.area _CODE
                             80 	.area _CABS (ABS)
