                              1 ;--------------------------------------------------------
                              2 ; File Created by SDCC : free open source ANSI-C Compiler
                              3 ; Version 3.5.0 #9253 (Apr  4 2022) (Linux)
                              4 ; This file was generated Mon Apr  4 14:16:43 2022
                              5 ;--------------------------------------------------------
                              6 	.module _uchar2fs
                              7 	.optsdcc -mgbz80
                              8 	
                              9 ;--------------------------------------------------------
                             10 ; Public variables in this module
                             11 ;--------------------------------------------------------
                             12 	.globl ___ulong2fs
                             13 	.globl ___uchar2fs
                             14 ;--------------------------------------------------------
                             15 ; ram data
                             16 ;--------------------------------------------------------
                             17 	.area _DATA
                             18 ;--------------------------------------------------------
                             19 ; absolute external ram data
                             20 ;--------------------------------------------------------
                             21 	.area _DABS (ABS)
                             22 ;--------------------------------------------------------
                             23 ; global & static initialisations
                             24 ;--------------------------------------------------------
                             25 	.area _HOME
                             26 	.area _GSINIT
                             27 	.area _GSFINAL
                             28 	.area _GSINIT
                             29 ;--------------------------------------------------------
                             30 ; Home
                             31 ;--------------------------------------------------------
                             32 	.area _HOME
                             33 ;../_uchar2fs.c:55: float __uchar2fs (unsigned char uc) {
                             34 ;	---------------------------------
                             35 ; Function __uchar2fs
                             36 ; ---------------------------------
   0000                      37 ___uchar2fs::
                             38 ;../_uchar2fs.c:56: return __ulong2fs(uc);
   0000 F8 02                39 	ldhl	sp,#2
   0002 5E                   40 	ld	e,(hl)
   0003 16 00                41 	ld	d,#0x00
   0005 01 00 00             42 	ld	bc,#0x0000
   0008 C5                   43 	push	bc
   0009 D5                   44 	push	de
   000A CDr00r00             45 	call	___ulong2fs
   000D E8 04                46 	add	sp, #4
   000F 45                   47 	ld	b,l
   0010 4C                   48 	ld	c,h
   0011 C9                   49 	ret
                             50 	.area _HOME
                             51 ;--------------------------------------------------------
                             52 ; code
                             53 ;--------------------------------------------------------
                             54 	.area _CODE
                             55 	.area _CODE
                             56 	.area _CABS (ABS)
