                              1 ;--------------------------------------------------------
                              2 ; File Created by SDCC : free open source ANSI-C Compiler
                              3 ; Version 3.5.0 #9253 (Apr  4 2022) (Linux)
                              4 ; This file was generated Mon Apr  4 14:16:48 2022
                              5 ;--------------------------------------------------------
                              6 	.module abs
                              7 	.optsdcc -mgbz80
                              8 	
                              9 ;--------------------------------------------------------
                             10 ; Public variables in this module
                             11 ;--------------------------------------------------------
                             12 	.globl _abs
                             13 ;--------------------------------------------------------
                             14 ; ram data
                             15 ;--------------------------------------------------------
                             16 	.area _DATA
                             17 ;--------------------------------------------------------
                             18 ; absolute external ram data
                             19 ;--------------------------------------------------------
                             20 	.area _DABS (ABS)
                             21 ;--------------------------------------------------------
                             22 ; global & static initialisations
                             23 ;--------------------------------------------------------
                             24 	.area _HOME
                             25 	.area _GSINIT
                             26 	.area _GSFINAL
                             27 	.area _GSINIT
                             28 ;--------------------------------------------------------
                             29 ; Home
                             30 ;--------------------------------------------------------
                             31 	.area _HOME
                             32 	.area _HOME
                             33 ;--------------------------------------------------------
                             34 ; code
                             35 ;--------------------------------------------------------
                             36 	.area _CODE
                             37 ;../abs.c:54: int abs(int j)
                             38 ;	---------------------------------
                             39 ; Function abs
                             40 ; ---------------------------------
   0000                      41 _abs::
                             42 ;../abs.c:56: return (j < 0) ? -j : j;
   0000 F8 02                43 	ldhl	sp,#2
   0002 7E                   44 	ld	a, (hl)
   0003 D6 00                45 	sub	a, #0x00
   0005 23                   46 	inc	hl
   0006 7E                   47 	ld	a, (hl)
   0007 DE 00                48 	sbc	a, #0x00
   0009 56                   49 	ld	d, (hl)
   000A 3E 00                50 	ld	a,#0x00
   000C 5F                   51 	ld	e, a
   000D CB 7B                52 	bit	7, e
   000F 28 07                53 	jr	Z,00109$
   0011 CB 7A                54 	bit	7, d
   0013 20 08                55 	jr	NZ,00110$
   0015 BF                   56 	cp	a, a
   0016 18 05                57 	jr	00110$
   0018                      58 00109$:
   0018 CB 7A                59 	bit	7, d
   001A 28 01                60 	jr	Z,00110$
   001C 37                   61 	scf
   001D                      62 00110$:
   001D 30 0C                63 	jr	NC,00103$
   001F AF                   64 	xor	a, a
   0020 F8 02                65 	ldhl	sp,#2
   0022 96                   66 	sub	a, (hl)
   0023 4F                   67 	ld	c,a
   0024 3E 00                68 	ld	a, #0x00
   0026 23                   69 	inc	hl
   0027 9E                   70 	sbc	a, (hl)
   0028 47                   71 	ld	b,a
   0029 18 04                72 	jr	00104$
   002B                      73 00103$:
   002B D1                   74 	pop	de
   002C C1                   75 	pop	bc
   002D C5                   76 	push	bc
   002E D5                   77 	push	de
   002F                      78 00104$:
   002F 59                   79 	ld	e, c
   0030 50                   80 	ld	d, b
   0031 C9                   81 	ret
                             82 	.area _CODE
                             83 	.area _CABS (ABS)
