                              1 ;--------------------------------------------------------
                              2 ; File Created by SDCC : free open source ANSI-C Compiler
                              3 ; Version 3.5.0 #9253 (Apr  4 2022) (Linux)
                              4 ; This file was generated Mon Apr  4 14:16:51 2022
                              5 ;--------------------------------------------------------
                              6 	.module assert
                              7 	.optsdcc -mgbz80
                              8 	
                              9 ;--------------------------------------------------------
                             10 ; Public variables in this module
                             11 ;--------------------------------------------------------
                             12 	.globl __assert
                             13 	.globl _printf
                             14 ;--------------------------------------------------------
                             15 ; ram data
                             16 ;--------------------------------------------------------
                             17 	.area _DATA
                             18 ;--------------------------------------------------------
                             19 ; absolute external ram data
                             20 ;--------------------------------------------------------
                             21 	.area _DABS (ABS)
                             22 ;--------------------------------------------------------
                             23 ; global & static initialisations
                             24 ;--------------------------------------------------------
                             25 	.area _HOME
                             26 	.area _GSINIT
                             27 	.area _GSFINAL
                             28 	.area _GSINIT
                             29 ;--------------------------------------------------------
                             30 ; Home
                             31 ;--------------------------------------------------------
                             32 	.area _HOME
                             33 	.area _HOME
                             34 ;--------------------------------------------------------
                             35 ; code
                             36 ;--------------------------------------------------------
                             37 	.area _CODE
                             38 ;../assert.c:32: void _assert(char *expr, const char *filename, unsigned int linenumber)
                             39 ;	---------------------------------
                             40 ; Function _assert
                             41 ; ---------------------------------
   0000                      42 __assert::
                             43 ;../assert.c:34: printf("Assert(%s) failed at line %u in file %s.\n",
   0000 11r1Er00             44 	ld	de,#___str_0
   0003 F8 04                45 	ldhl	sp,#4
   0005 2A                   46 	ld	a,(hl+)
   0006 66                   47 	ld	h,(hl)
   0007 6F                   48 	ld	l,a
   0008 E5                   49 	push	hl
   0009 F8 08                50 	ldhl	sp,#8
   000B 2A                   51 	ld	a,(hl+)
   000C 66                   52 	ld	h,(hl)
   000D 6F                   53 	ld	l,a
   000E E5                   54 	push	hl
   000F F8 06                55 	ldhl	sp,#6
   0011 2A                   56 	ld	a,(hl+)
   0012 66                   57 	ld	h,(hl)
   0013 6F                   58 	ld	l,a
   0014 E5                   59 	push	hl
   0015 D5                   60 	push	de
   0016 CDr00r00             61 	call	_printf
   0019 E8 08                62 	add	sp, #8
                             63 ;../assert.c:36: while(1);
   001B                      64 00102$:
   001B 18 FE                65 	jr	00102$
   001D C9                   66 	ret
   001E                      67 ___str_0:
   001E 41 73 73 65 72 74    68 	.ascii "Assert(%s) failed at line %u in file %s."
        28 25 73 29 20 66
        61 69 6C 65 64 20
        61 74 20 6C 69 6E
        65 20 25 75 20 69
        6E 20 66 69 6C 65
        20 25 73 2E
   0046 0A                   69 	.db 0x0A
   0047 00                   70 	.db 0x00
                             71 	.area _CODE
                             72 	.area _CABS (ABS)
