                              1 ;--------------------------------------------------------
                              2 ; File Created by SDCC : free open source ANSI-C Compiler
                              3 ; Version 3.5.0 #9253 (Apr  4 2022) (Linux)
                              4 ; This file was generated Mon Apr  4 14:16:45 2022
                              5 ;--------------------------------------------------------
                              6 	.module cosf
                              7 	.optsdcc -mgbz80
                              8 	
                              9 ;--------------------------------------------------------
                             10 ; Public variables in this module
                             11 ;--------------------------------------------------------
                             12 	.globl _sincosf
                             13 	.globl _cosf
                             14 ;--------------------------------------------------------
                             15 ; ram data
                             16 ;--------------------------------------------------------
                             17 	.area _DATA
                             18 ;--------------------------------------------------------
                             19 ; absolute external ram data
                             20 ;--------------------------------------------------------
                             21 	.area _DABS (ABS)
                             22 ;--------------------------------------------------------
                             23 ; global & static initialisations
                             24 ;--------------------------------------------------------
                             25 	.area _HOME
                             26 	.area _GSINIT
                             27 	.area _GSFINAL
                             28 	.area _GSINIT
                             29 ;--------------------------------------------------------
                             30 ; Home
                             31 ;--------------------------------------------------------
                             32 	.area _HOME
                             33 	.area _HOME
                             34 ;--------------------------------------------------------
                             35 ; code
                             36 ;--------------------------------------------------------
                             37 	.area _CODE
                             38 ;../cosf.c:36: float cosf(float x) _FLOAT_FUNC_REENTRANT
                             39 ;	---------------------------------
                             40 ; Function cosf
                             41 ; ---------------------------------
   0000                      42 _cosf::
                             43 ;../cosf.c:38: if (x==0.0) return 1.0;
   0000 F8 05                44 	ldhl	sp,#5
   0002 7E                   45 	ld	a,(hl)
   0003 CB BF                46 	res	7, a
   0005 2B                   47 	dec	hl
   0006 B6                   48 	or	a, (hl)
   0007 2B                   49 	dec	hl
   0008 B6                   50 	or	a, (hl)
   0009 2B                   51 	dec	hl
   000A B6                   52 	or	a,(hl)
   000B 20 07                53 	jr	NZ,00102$
   000D 11 00 00             54 	ld	de,#0x0000
   0010 21 80 3F             55 	ld	hl,#0x3F80
   0013 C9                   56 	ret
   0014                      57 00102$:
                             58 ;../cosf.c:39: return sincosf(x, 1);
   0014 3E 01                59 	ld	a,#0x01
   0016 F5                   60 	push	af
   0017 33                   61 	inc	sp
   0018 F8 05                62 	ldhl	sp,#5
   001A 2A                   63 	ld	a,(hl+)
   001B 66                   64 	ld	h,(hl)
   001C 6F                   65 	ld	l,a
   001D E5                   66 	push	hl
   001E F8 05                67 	ldhl	sp,#5
   0020 2A                   68 	ld	a,(hl+)
   0021 66                   69 	ld	h,(hl)
   0022 6F                   70 	ld	l,a
   0023 E5                   71 	push	hl
   0024 CDr00r00             72 	call	_sincosf
   0027 E8 05                73 	add	sp, #5
   0029 45                   74 	ld	b,l
   002A 4C                   75 	ld	c,h
   002B C9                   76 	ret
                             77 	.area _CODE
                             78 	.area _CABS (ABS)
