                              1 ;--------------------------------------------------------------------------
                              2 ;  crt0_rle.s
                              3 ;
                              4 ;  Copyright (C) 2001, Michael Hope
                              5 ;
                              6 ;  This library is free software; you can redistribute it and/or modify it
                              7 ;  under the terms of the GNU General Public License as published by the
                              8 ;  Free Software Foundation; either version 2, or (at your option) any
                              9 ;  later version.
                             10 ;
                             11 ;  This library is distributed in the hope that it will be useful,
                             12 ;  but WITHOUT ANY WARRANTY; without even the implied warranty of
                             13 ;  MERCHANTABILITY or FITNESS FOR A PARTICULAR PURPOSE. See the
                             14 ;  GNU General Public License for more details.
                             15 ;
                             16 ;  You should have received a copy of the GNU General Public License 
                             17 ;  along with this library; see the file COPYING. If not, write to the
                             18 ;  Free Software Foundation, 51 Franklin Street, Fifth Floor, Boston,
                             19 ;   MA 02110-1301, USA.
                             20 ;
                             21 ;  As a special exception, if you link this library with other files,
                             22 ;  some of which are compiled with SDCC, to produce an executable,
                             23 ;  this library does not by itself cause the resulting executable to
                             24 ;  be covered by the GNU General Public License. This exception does
                             25 ;  not however invalidate any other reasons why the executable file
                             26 ;   might be covered by the GNU General Public License.
                             27 ;--------------------------------------------------------------------------
                             28 
                             29         .area   _CODE
                             30 
                             31         ;; Special RLE decoder used for initing global data
   0000                      32 __initrleblock::
                             33         ;; Pull the destination address out
   0000 4D                   34         ld      c,l
   0001 44                   35         ld      b,h
                             36 
                             37         ;; Pop the return address
   0002 E1                   38         pop     hl
   0003                      39 1$:
                             40         ;; Fetch the run
   0003 5E                   41         ld      e,(hl)
   0004 23                   42         inc     hl
                             43         ;; Negative means a run
   0005 CB 7B                44         bit     7,e
   0007 CAr15r00             45         jp      Z,2$
                             46         ;; Code for expanding a run
   000A 7E                   47         ld      a,(hl)
   000B 23                   48         inc     hl
   000C                      49 3$:
   000C 02                   50         ld      (bc),a
   000D 03                   51         inc     bc
   000E 1C                   52         inc     e
   000F C2r0Cr00             53         jp      NZ,3$
   0012 C3r03r00             54         jp      1$
   0015                      55 2$:
                             56         ;; Zero means end of a block
   0015 AF                   57         xor     a
   0016 B3                   58         or      e
   0017 CAr25r00             59         jp      Z,4$
                             60         ;; Code for expanding a block
   001A                      61 5$:
   001A 7E                   62         ld      a,(hl)
   001B 23                   63         inc     hl
   001C 02                   64         ld      (bc),a
   001D 03                   65         inc     bc
   001E 1D                   66         dec     e
   001F C2r1Ar00             67         jp      NZ,5$
   0022 C3r03r00             68         jp      1$
   0025                      69 4$:
                             70         ;; Push the return address back onto the stack
   0025 E5                   71         push    hl
   0026 C9                   72         ret
