                              1 ;--------------------------------------------------------
                              2 ; File Created by SDCC : free open source ANSI-C Compiler
                              3 ; Version 3.5.0 #9253 (Apr  4 2022) (Linux)
                              4 ; This file was generated Mon Apr  4 14:16:44 2022
                              5 ;--------------------------------------------------------
                              6 	.module frexpf
                              7 	.optsdcc -mgbz80
                              8 	
                              9 ;--------------------------------------------------------
                             10 ; Public variables in this module
                             11 ;--------------------------------------------------------
                             12 	.globl _frexpf
                             13 ;--------------------------------------------------------
                             14 ; ram data
                             15 ;--------------------------------------------------------
                             16 	.area _DATA
                             17 ;--------------------------------------------------------
                             18 ; absolute external ram data
                             19 ;--------------------------------------------------------
                             20 	.area _DABS (ABS)
                             21 ;--------------------------------------------------------
                             22 ; global & static initialisations
                             23 ;--------------------------------------------------------
                             24 	.area _HOME
                             25 	.area _GSINIT
                             26 	.area _GSFINAL
                             27 	.area _GSINIT
                             28 ;--------------------------------------------------------
                             29 ; Home
                             30 ;--------------------------------------------------------
                             31 	.area _HOME
                             32 	.area _HOME
                             33 ;--------------------------------------------------------
                             34 ; code
                             35 ;--------------------------------------------------------
                             36 	.area _CODE
                             37 ;../frexpf.c:34: float frexpf(float x, int *pw2)
                             38 ;	---------------------------------
                             39 ; Function frexpf
                             40 ; ---------------------------------
   0000                      41 _frexpf::
   0000 E8 F2                42 	add	sp, #-14
                             43 ;../frexpf.c:39: fl.f=x;
   0002 F8 04                44 	ldhl	sp,#4
   0004 5D                   45 	ld	e,l
   0005 54                   46 	ld	d,h
   0006 F8 10                47 	ldhl	sp,#16
   0008 7E                   48 	ld	a,(hl)
   0009 12                   49 	ld	(de),a
   000A 13                   50 	inc	de
   000B 23                   51 	inc	hl
   000C 7E                   52 	ld	a,(hl)
   000D 12                   53 	ld	(de),a
   000E 13                   54 	inc	de
   000F 23                   55 	inc	hl
   0010 7E                   56 	ld	a,(hl)
   0011 12                   57 	ld	(de),a
   0012 13                   58 	inc	de
   0013 23                   59 	inc	hl
   0014 7E                   60 	ld	a,(hl)
   0015 12                   61 	ld	(de),a
                             62 ;../frexpf.c:41: i  = ( fl.l >> 23) & 0x000000ff;
   0016 F8 04                63 	ldhl	sp,#4
   0018 7D                   64 	ld	a,l
   0019 54                   65 	ld	d,h
   001A F8 0C                66 	ldhl	sp,#12
   001C 22                   67 	ld	(hl+),a
   001D 72                   68 	ld	(hl),d
   001E 2B                   69 	dec	hl
   001F 5E                   70 	ld	e,(hl)
   0020 23                   71 	inc	hl
   0021 56                   72 	ld	d,(hl)
   0022 1A                   73 	ld	a,(de)
   0023 F8 08                74 	ldhl	sp,#8
   0025 22                   75 	ld	(hl+),a
   0026 13                   76 	inc	de
   0027 1A                   77 	ld	a,(de)
   0028 22                   78 	ld	(hl+),a
   0029 13                   79 	inc	de
   002A 1A                   80 	ld	a,(de)
   002B 22                   81 	ld	(hl+),a
   002C 13                   82 	inc	de
   002D 1A                   83 	ld	a,(de)
   002E 77                   84 	ld	(hl),a
   002F F5                   85 	push	af
   0030 F8 0A                86 	ldhl	sp,#10
   0032 56                   87 	ld	d,(hl)
   0033 23                   88 	inc	hl
   0034 5E                   89 	ld	e,(hl)
   0035 23                   90 	inc	hl
   0036 46                   91 	ld	b,(hl)
   0037 23                   92 	inc	hl
   0038 4E                   93 	ld	c,(hl)
   0039 F1                   94 	pop	af
   003A 3E 17                95 	ld	a,#0x17
   003C                      96 00103$:
   003C CB 29                97 	sra	c
   003E CB 18                98 	rr	b
   0040 CB 1B                99 	rr	e
   0042 CB 1A               100 	rr	d
   0044 3D                  101 	dec	a
   0045 20 F5               102 	jr	NZ,00103$
   0047 F8 08               103 	ldhl	sp,#8
   0049 72                  104 	ld	(hl),d
   004A 23                  105 	inc	hl
   004B 36 00               106 	ld	(hl),#0x00
   004D 23                  107 	inc	hl
   004E 36 00               108 	ld	(hl),#0x00
   0050 23                  109 	inc	hl
   0051 36 00               110 	ld	(hl),#0x00
                            111 ;../frexpf.c:42: i -= 0x7e;
   0053 2B                  112 	dec	hl
   0054 2B                  113 	dec	hl
   0055 2B                  114 	dec	hl
   0056 5E                  115 	ld	e,(hl)
   0057 23                  116 	inc	hl
   0058 56                  117 	ld	d,(hl)
   0059 7B                  118 	ld	a,e
   005A D6 7E               119 	sub	a, #0x7E
   005C 5F                  120 	ld	e,a
   005D 7A                  121 	ld	a,d
   005E DE 00               122 	sbc	a, #0x00
   0060 F5                  123 	push	af
   0061 F8 03               124 	ldhl	sp,#3
   0063 32                  125 	ld	(hl-),a
   0064 73                  126 	ld	(hl),e
   0065 F8 0D               127 	ldhl	sp,#13
   0067 2B                  128 	dec	hl
   0068 5E                  129 	ld	e,(hl)
   0069 23                  130 	inc	hl
   006A 56                  131 	ld	d,(hl)
   006B F1                  132 	pop	af
   006C 7B                  133 	ld	a,e
   006D DE 00               134 	sbc	a, #0x00
   006F 5F                  135 	ld	e,a
   0070 7A                  136 	ld	a,d
   0071 DE 00               137 	sbc	a, #0x00
   0073 F8 03               138 	ldhl	sp,#3
   0075 32                  139 	ld	(hl-),a
   0076 73                  140 	ld	(hl),e
                            141 ;../frexpf.c:43: *pw2 = i;
   0077 F8 15               142 	ldhl	sp,#21
   0079 2B                  143 	dec	hl
   007A 5E                  144 	ld	e,(hl)
   007B 23                  145 	inc	hl
   007C 56                  146 	ld	d,(hl)
   007D F8 00               147 	ldhl	sp,#0
   007F 46                  148 	ld	b,(hl)
   0080 23                  149 	inc	hl
   0081 4E                  150 	ld	c,(hl)
   0082 78                  151 	ld	a,b
   0083 12                  152 	ld	(de),a
   0084 13                  153 	inc	de
   0085 79                  154 	ld	a,c
   0086 12                  155 	ld	(de),a
                            156 ;../frexpf.c:44: fl.l &= 0x807fffff; /* strip all exponent bits */
   0087 F8 0D               157 	ldhl	sp,#13
   0089 2B                  158 	dec	hl
   008A 5E                  159 	ld	e,(hl)
   008B 23                  160 	inc	hl
   008C 56                  161 	ld	d,(hl)
   008D 1A                  162 	ld	a,(de)
   008E F8 08               163 	ldhl	sp,#8
   0090 22                  164 	ld	(hl+),a
   0091 13                  165 	inc	de
   0092 1A                  166 	ld	a,(de)
   0093 22                  167 	ld	(hl+),a
   0094 13                  168 	inc	de
   0095 1A                  169 	ld	a,(de)
   0096 22                  170 	ld	(hl+),a
   0097 13                  171 	inc	de
   0098 1A                  172 	ld	a,(de)
   0099 77                  173 	ld	(hl),a
   009A F8 08               174 	ldhl	sp,#8
   009C 56                  175 	ld	d,(hl)
   009D 23                  176 	inc	hl
   009E 5E                  177 	ld	e,(hl)
   009F 23                  178 	inc	hl
   00A0 46                  179 	ld	b,(hl)
   00A1 23                  180 	inc	hl
   00A2 4E                  181 	ld	c,(hl)
   00A3 F8 08               182 	ldhl	sp,#8
   00A5 72                  183 	ld	(hl),d
   00A6 23                  184 	inc	hl
   00A7 73                  185 	ld	(hl),e
   00A8 78                  186 	ld	a,b
   00A9 E6 7F               187 	and	a, #0x7F
   00AB 23                  188 	inc	hl
   00AC 77                  189 	ld	(hl),a
   00AD 79                  190 	ld	a,c
   00AE E6 80               191 	and	a, #0x80
   00B0 23                  192 	inc	hl
   00B1 22                  193 	ld	(hl+),a
   00B2 5E                  194 	ld	e,(hl)
   00B3 23                  195 	inc	hl
   00B4 56                  196 	ld	d,(hl)
   00B5 F8 08               197 	ldhl	sp,#8
   00B7 7E                  198 	ld	a,(hl)
   00B8 12                  199 	ld	(de),a
   00B9 13                  200 	inc	de
   00BA 23                  201 	inc	hl
   00BB 7E                  202 	ld	a,(hl)
   00BC 12                  203 	ld	(de),a
   00BD 13                  204 	inc	de
   00BE 23                  205 	inc	hl
   00BF 7E                  206 	ld	a,(hl)
   00C0 12                  207 	ld	(de),a
   00C1 13                  208 	inc	de
   00C2 23                  209 	inc	hl
   00C3 7E                  210 	ld	a,(hl)
   00C4 12                  211 	ld	(de),a
                            212 ;../frexpf.c:45: fl.l |= 0x3f000000; /* mantissa between 0.5 and 1 */
   00C5 23                  213 	inc	hl
   00C6 5E                  214 	ld	e,(hl)
   00C7 23                  215 	inc	hl
   00C8 56                  216 	ld	d,(hl)
   00C9 1A                  217 	ld	a,(de)
   00CA F8 08               218 	ldhl	sp,#8
   00CC 22                  219 	ld	(hl+),a
   00CD 13                  220 	inc	de
   00CE 1A                  221 	ld	a,(de)
   00CF 22                  222 	ld	(hl+),a
   00D0 13                  223 	inc	de
   00D1 1A                  224 	ld	a,(de)
   00D2 22                  225 	ld	(hl+),a
   00D3 13                  226 	inc	de
   00D4 1A                  227 	ld	a,(de)
   00D5 77                  228 	ld	(hl),a
   00D6 7E                  229 	ld	a,(hl)
   00D7 F6 3F               230 	or	a, #0x3F
   00D9 22                  231 	ld	(hl+),a
   00DA 5E                  232 	ld	e,(hl)
   00DB 23                  233 	inc	hl
   00DC 56                  234 	ld	d,(hl)
   00DD F8 08               235 	ldhl	sp,#8
   00DF 7E                  236 	ld	a,(hl)
   00E0 12                  237 	ld	(de),a
   00E1 13                  238 	inc	de
   00E2 23                  239 	inc	hl
   00E3 7E                  240 	ld	a,(hl)
   00E4 12                  241 	ld	(de),a
   00E5 13                  242 	inc	de
   00E6 23                  243 	inc	hl
   00E7 7E                  244 	ld	a,(hl)
   00E8 12                  245 	ld	(de),a
   00E9 13                  246 	inc	de
   00EA 23                  247 	inc	hl
   00EB 7E                  248 	ld	a,(hl)
   00EC 12                  249 	ld	(de),a
                            250 ;../frexpf.c:46: return(fl.f);
   00ED F8 04               251 	ldhl	sp,#4
   00EF 45                  252 	ld	b,l
   00F0 4C                  253 	ld	c,h
   00F1 58                  254 	ld	e, b
   00F2 51                  255 	ld	d, c
   00F3 1A                  256 	ld	a,(de)
   00F4 F8 08               257 	ldhl	sp,#8
   00F6 22                  258 	ld	(hl+),a
   00F7 13                  259 	inc	de
   00F8 1A                  260 	ld	a,(de)
   00F9 22                  261 	ld	(hl+),a
   00FA 13                  262 	inc	de
   00FB 1A                  263 	ld	a,(de)
   00FC 22                  264 	ld	(hl+),a
   00FD 13                  265 	inc	de
   00FE 1A                  266 	ld	a,(de)
   00FF 32                  267 	ld	(hl-),a
   0100 2B                  268 	dec	hl
   0101 2B                  269 	dec	hl
   0102 5E                  270 	ld	e,(hl)
   0103 23                  271 	inc	hl
   0104 56                  272 	ld	d,(hl)
   0105 23                  273 	inc	hl
   0106 2A                  274 	ld	a,(hl+)
   0107 66                  275 	ld	h,(hl)
   0108 6F                  276 	ld	l,a
   0109 E8 0E               277 	add	sp, #14
   010B C9                  278 	ret
                            279 	.area _CODE
                            280 	.area _CABS (ABS)
