                              1 ;--------------------------------------------------------
                              2 ; File Created by SDCC : free open source ANSI-C Compiler
                              3 ; Version 3.5.0 #9253 (Apr  4 2022) (Linux)
                              4 ; This file was generated Mon Apr  4 14:16:47 2022
                              5 ;--------------------------------------------------------
                              6 	.module ispunct
                              7 	.optsdcc -mgbz80
                              8 	
                              9 ;--------------------------------------------------------
                             10 ; Public variables in this module
                             11 ;--------------------------------------------------------
                             12 	.globl _isalnum
                             13 	.globl _isspace
                             14 	.globl _isprint
                             15 	.globl _ispunct
                             16 ;--------------------------------------------------------
                             17 ; ram data
                             18 ;--------------------------------------------------------
                             19 	.area _DATA
                             20 ;--------------------------------------------------------
                             21 ; absolute external ram data
                             22 ;--------------------------------------------------------
                             23 	.area _DABS (ABS)
                             24 ;--------------------------------------------------------
                             25 ; global & static initialisations
                             26 ;--------------------------------------------------------
                             27 	.area _HOME
                             28 	.area _GSINIT
                             29 	.area _GSFINAL
                             30 	.area _GSINIT
                             31 ;--------------------------------------------------------
                             32 ; Home
                             33 ;--------------------------------------------------------
                             34 	.area _HOME
                             35 	.area _HOME
                             36 ;--------------------------------------------------------
                             37 ; code
                             38 ;--------------------------------------------------------
                             39 	.area _CODE
                             40 ;../ispunct.c:33: int ispunct (int c)
                             41 ;	---------------------------------
                             42 ; Function ispunct
                             43 ; ---------------------------------
   0000                      44 _ispunct::
                             45 ;../ispunct.c:35: return (isprint (c) && !isspace (c) && !isalnum (c));
   0000 C1                   46 	pop	bc
   0001 E1                   47 	pop	hl
   0002 E5                   48 	push	hl
   0003 C5                   49 	push	bc
   0004 E5                   50 	push	hl
   0005 CDr00r00             51 	call	_isprint
   0008 E8 02                52 	add	sp, #2
   000A 7A                   53 	ld	a,d
   000B B3                   54 	or	a,e
   000C 28 1C                55 	jr	Z,00103$
   000E C1                   56 	pop	bc
   000F E1                   57 	pop	hl
   0010 E5                   58 	push	hl
   0011 C5                   59 	push	bc
   0012 E5                   60 	push	hl
   0013 CDr00r00             61 	call	_isspace
   0016 E8 02                62 	add	sp, #2
   0018 7A                   63 	ld	a,d
   0019 B3                   64 	or	a,e
   001A 20 0E                65 	jr	NZ,00103$
   001C C1                   66 	pop	bc
   001D E1                   67 	pop	hl
   001E E5                   68 	push	hl
   001F C5                   69 	push	bc
   0020 E5                   70 	push	hl
   0021 CDr00r00             71 	call	_isalnum
   0024 E8 02                72 	add	sp, #2
   0026 7A                   73 	ld	a,d
   0027 B3                   74 	or	a,e
   0028 28 04                75 	jr	Z,00104$
   002A                      76 00103$:
   002A 3E 00                77 	ld	a,#0x00
   002C 18 02                78 	jr	00105$
   002E                      79 00104$:
   002E 3E 01                80 	ld	a,#0x01
   0030                      81 00105$:
   0030 5F                   82 	ld	e,a
   0031 17                   83 	rla
   0032 9F                   84 	sbc	a, a
   0033 57                   85 	ld	d,a
   0034 C9                   86 	ret
                             87 	.area _CODE
                             88 	.area _CABS (ABS)
