                              1 ;--------------------------------------------------------
                              2 ; File Created by SDCC : free open source ANSI-C Compiler
                              3 ; Version 3.5.0 #9253 (Apr  4 2022) (Linux)
                              4 ; This file was generated Mon Apr  4 14:16:45 2022
                              5 ;--------------------------------------------------------
                              6 	.module log10f
                              7 	.optsdcc -mgbz80
                              8 	
                              9 ;--------------------------------------------------------
                             10 ; Public variables in this module
                             11 ;--------------------------------------------------------
                             12 	.globl _logf
                             13 	.globl _log10f
                             14 ;--------------------------------------------------------
                             15 ; ram data
                             16 ;--------------------------------------------------------
                             17 	.area _DATA
                             18 ;--------------------------------------------------------
                             19 ; absolute external ram data
                             20 ;--------------------------------------------------------
                             21 	.area _DABS (ABS)
                             22 ;--------------------------------------------------------
                             23 ; global & static initialisations
                             24 ;--------------------------------------------------------
                             25 	.area _HOME
                             26 	.area _GSINIT
                             27 	.area _GSFINAL
                             28 	.area _GSINIT
                             29 ;--------------------------------------------------------
                             30 ; Home
                             31 ;--------------------------------------------------------
                             32 	.area _HOME
                             33 	.area _HOME
                             34 ;--------------------------------------------------------
                             35 ; code
                             36 ;--------------------------------------------------------
                             37 	.area _CODE
                             38 ;../log10f.c:34: float log10f(float x) _FLOAT_FUNC_REENTRANT
                             39 ;	---------------------------------
                             40 ; Function log10f
                             41 ; ---------------------------------
   0000                      42 _log10f::
                             43 ;../log10f.c:36: return logf(x)*0.4342944819;
   0000 F8 04                44 	ldhl	sp,#4
   0002 2A                   45 	ld	a,(hl+)
   0003 66                   46 	ld	h,(hl)
   0004 6F                   47 	ld	l,a
   0005 E5                   48 	push	hl
   0006 F8 04                49 	ldhl	sp,#4
   0008 2A                   50 	ld	a,(hl+)
   0009 66                   51 	ld	h,(hl)
   000A 6F                   52 	ld	l,a
   000B E5                   53 	push	hl
   000C CDr00r00             54 	call	_logf
   000F E8 04                55 	add	sp, #4
   0011 4D                   56 	ld	c,l
   0012 44                   57 	ld	b,h
   0013 C5                   58 	push	bc
   0014 D5                   59 	push	de
   0015 21 DE 3E             60 	ld	hl,#0x3EDE
   0018 E5                   61 	push	hl
   0019 21 D9 5B             62 	ld	hl,#0x5BD9
   001C E5                   63 	push	hl
   001D CDr00r00             64 	call	___fsmul
   0020 E8 08                65 	add	sp, #8
   0022 45                   66 	ld	b,l
   0023 4C                   67 	ld	c,h
   0024 C9                   68 	ret
                             69 	.area _CODE
                             70 	.area _CABS (ABS)
