                              1 ;--------------------------------------------------------------------------
                              2 ;  putchar.s
                              3 ;
                              4 ;  Copyright (C) 2000, Michael Hope
                              5 ;
                              6 ;  This library is free software; you can redistribute it and/or modify it
                              7 ;  under the terms of the GNU General Public License as published by the
                              8 ;  Free Software Foundation; either version 2, or (at your option) any
                              9 ;  later version.
                             10 ;
                             11 ;  This library is distributed in the hope that it will be useful,
                             12 ;  but WITHOUT ANY WARRANTY; without even the implied warranty of
                             13 ;  MERCHANTABILITY or FITNESS FOR A PARTICULAR PURPOSE. See the
                             14 ;  GNU General Public License for more details.
                             15 ;
                             16 ;  You should have received a copy of the GNU General Public License 
                             17 ;  along with this library; see the file COPYING. If not, write to the
                             18 ;  Free Software Foundation, 51 Franklin Street, Fifth Floor, Boston,
                             19 ;   MA 02110-1301, USA.
                             20 ;
                             21 ;  As a special exception, if you link this library with other files,
                             22 ;  some of which are compiled with SDCC, to produce an executable,
                             23 ;  this library does not by itself cause the resulting executable to
                             24 ;  be covered by the GNU General Public License. This exception does
                             25 ;  not however invalidate any other reasons why the executable file
                             26 ;   might be covered by the GNU General Public License.
                             27 ;--------------------------------------------------------------------------
                             28 
                             29 	.area	_CODE
   0000                      30 _putchar::
   0000                      31 _putchar_rr_s::
   0000 21 02 00             32         ld      hl,#2
   0003 39                   33         add     hl,sp
                             34 
   0004 6E                   35         ld      l,(hl)
   0005 3E 01                36         ld      a,#1
   0007 CF                   37         rst     0x08
                             38 
   0008 C9                   39         ret
                             40 
   0009                      41 _putchar_rr_dbs::
   0009 6B                   42         ld      l,e
   000A 3E 01                43 	ld	a,#1
   000C CF                   44         rst     0x08
                             45 
   000D C9                   46         ret
