                              1 ;--------------------------------------------------------
                              2 ; File Created by SDCC : free open source ANSI-C Compiler
                              3 ; Version 3.5.0 #9253 (Apr  4 2022) (Linux)
                              4 ; This file was generated Mon Apr  4 14:16:47 2022
                              5 ;--------------------------------------------------------
                              6 	.module toupper
                              7 	.optsdcc -mgbz80
                              8 	
                              9 ;--------------------------------------------------------
                             10 ; Public variables in this module
                             11 ;--------------------------------------------------------
                             12 	.globl _toupper
                             13 ;--------------------------------------------------------
                             14 ; ram data
                             15 ;--------------------------------------------------------
                             16 	.area _DATA
                             17 ;--------------------------------------------------------
                             18 ; absolute external ram data
                             19 ;--------------------------------------------------------
                             20 	.area _DABS (ABS)
                             21 ;--------------------------------------------------------
                             22 ; global & static initialisations
                             23 ;--------------------------------------------------------
                             24 	.area _HOME
                             25 	.area _GSINIT
                             26 	.area _GSFINAL
                             27 	.area _GSINIT
                             28 ;--------------------------------------------------------
                             29 ; Home
                             30 ;--------------------------------------------------------
                             31 	.area _HOME
                             32 	.area _HOME
                             33 ;--------------------------------------------------------
                             34 ; code
                             35 ;--------------------------------------------------------
                             36 	.area _CODE
                             37 ;../toupper.c:33: int toupper (int c)
                             38 ;	---------------------------------
                             39 ; Function toupper
                             40 ; ---------------------------------
   0000                      41 _toupper::
   0000 E8 FE                42 	add	sp, #-2
                             43 ;../toupper.c:35: return (islower (c) ? c + ('A' - 'a') : c);
   0002 F8 05                44 	ldhl	sp,#5
   0004 2B                   45 	dec	hl
   0005 4E                   46 	ld	c,(hl)
   0006 23                   47 	inc	hl
   0007 46                   48 	ld	b,(hl)
                             49 ;./../../include/ctype.h:71: return ((unsigned char)c >= 'a' && (unsigned char)c <= 'z');
   0008 F8 01                50 	ldhl	sp,#1
   000A 71                   51 	ld	(hl),c
   000B 7E                   52 	ld	a,(hl)
   000C D6 61                53 	sub	a, #0x61
   000E 38 0B                54 	jr	C,00104$
   0010 3E 7A                55 	ld	a,#0x7A
   0012 96                   56 	sub	a, (hl)
   0013 38 06                57 	jr	C,00104$
                             58 ;../toupper.c:35: return (islower (c) ? c + ('A' - 'a') : c);
   0015 21 E0 FF             59 	ld	hl,#0xFFE0
   0018 09                   60 	add	hl,bc
   0019 4D                   61 	ld	c,l
   001A 44                   62 	ld	b,h
   001B                      63 00104$:
   001B 59                   64 	ld	e, c
   001C 50                   65 	ld	d, b
   001D E8 02                66 	add	sp, #2
   001F C9                   67 	ret
                             68 	.area _CODE
                             69 	.area _CABS (ABS)
