                              1 ;--------------------------------------------------------
                              2 ; File Created by SDCC : free open source ANSI-C Compiler
                              3 ; Version 3.5.0 #9253 (Apr  4 2022) (Linux)
                              4 ; This file was generated Mon Apr  4 14:16:37 2022
                              5 ;--------------------------------------------------------
                              6 	.module _calloc
                              7 	.optsdcc -mtlcs90
                              8 	
                              9 ;--------------------------------------------------------
                             10 ; Public variables in this module
                             11 ;--------------------------------------------------------
                             12 	.globl _memset
                             13 	.globl _malloc
                             14 	.globl _calloc
                             15 ;--------------------------------------------------------
                             16 ; ram data
                             17 ;--------------------------------------------------------
                             18 	.area _DATA
                             19 ;--------------------------------------------------------
                             20 ; ram data
                             21 ;--------------------------------------------------------
                             22 	.area _INITIALIZED
                             23 ;--------------------------------------------------------
                             24 ; absolute external ram data
                             25 ;--------------------------------------------------------
                             26 	.area _DABS (ABS)
                             27 ;--------------------------------------------------------
                             28 ; global & static initialisations
                             29 ;--------------------------------------------------------
                             30 	.area _HOME
                             31 	.area _GSINIT
                             32 	.area _GSFINAL
                             33 	.area _GSINIT
                             34 ;--------------------------------------------------------
                             35 ; Home
                             36 ;--------------------------------------------------------
                             37 	.area _HOME
                             38 	.area _HOME
                             39 ;--------------------------------------------------------
                             40 ; code
                             41 ;--------------------------------------------------------
                             42 	.area _CODE
                             43 ;../_calloc.c:45: void __xdata * calloc (size_t nmemb, size_t size)
                             44 ;	---------------------------------
                             45 ; Function calloc
                             46 ; ---------------------------------
   0000                      47 _calloc::
   0000 54            [ 4]   48 	push	ix
                             49 ;../_calloc.c:49: ptr = malloc(nmemb * size);
   0001 F2 06 4A      [10]   50 	ld	hl, 6 (sp)
   0004 52            [ 4]   51 	push	hl
   0005 F2 06 4A      [10]   52 	ld	hl, 6 (sp)
   0008 52            [ 4]   53 	push	hl
   0009 1Cr00r00      [ 4]   54 	call	__mulint
   000C 16 04 00      [ 7]   55 	add	sp, #4
   000F 08            [ 4]   56 	ex	de,hl
   0010 51            [ 4]   57 	push	de
   0011 51            [ 4]   58 	push	de
   0012 1Cr00r00      [ 4]   59 	call	_malloc
   0015 16 02 00      [ 7]   60 	add	sp, #2
   0018 59            [ 4]   61 	pop	de
                             62 ;../_calloc.c:50: if (ptr)
   0019 24            [ 4]   63 	ld	a,h
   001A FD 66         [19]   64 	or	a,l
   001C C6 0E         [ 7]   65 	jr	Z,00102$
                             66 ;../_calloc.c:52: memset(ptr, 0, nmemb * size);
   001E 52            [ 4]   67 	push	hl
   001F 51            [ 4]   68 	push	de
   0020 38 00 00      [12]   69 	ld	bc,#0x0000
   0023 50            [ 4]   70 	push	bc
   0024 52            [ 4]   71 	push	hl
   0025 1Cr00r00      [ 4]   72 	call	_memset
   0028 16 06 00      [ 7]   73 	add	sp, #6
   002B 5A            [ 4]   74 	pop	hl
   002C                      75 00102$:
                             76 ;../_calloc.c:54: return ptr;
   002C 5C            [ 4]   77 	pop	ix
   002D 1E            [ 7]   78 	ret
                             79 	.area _CODE
                             80 	.area _INITIALIZER
                             81 	.area _CABS (ABS)
