                              1 ;--------------------------------------------------------
                              2 ; File Created by SDCC : free open source ANSI-C Compiler
                              3 ; Version 3.5.0 #9253 (Apr  4 2022) (Linux)
                              4 ; This file was generated Mon Apr  4 14:16:38 2022
                              5 ;--------------------------------------------------------
                              6 	.module _free
                              7 	.optsdcc -mtlcs90
                              8 	
                              9 ;--------------------------------------------------------
                             10 ; Public variables in this module
                             11 ;--------------------------------------------------------
                             12 	.globl __sdcc_find_memheader
                             13 	.globl __sdcc_prev_memheader
                             14 	.globl _free
                             15 ;--------------------------------------------------------
                             16 ; ram data
                             17 ;--------------------------------------------------------
                             18 	.area _DATA
   0000                      19 __sdcc_prev_memheader::
   0000                      20 	.ds 2
                             21 ;--------------------------------------------------------
                             22 ; ram data
                             23 ;--------------------------------------------------------
                             24 	.area _INITIALIZED
                             25 ;--------------------------------------------------------
                             26 ; absolute external ram data
                             27 ;--------------------------------------------------------
                             28 	.area _DABS (ABS)
                             29 ;--------------------------------------------------------
                             30 ; global & static initialisations
                             31 ;--------------------------------------------------------
                             32 	.area _HOME
                             33 	.area _GSINIT
                             34 	.area _GSFINAL
                             35 	.area _GSINIT
                             36 ;--------------------------------------------------------
                             37 ; Home
                             38 ;--------------------------------------------------------
                             39 	.area _HOME
                             40 	.area _HOME
                             41 ;--------------------------------------------------------
                             42 ; code
                             43 ;--------------------------------------------------------
                             44 	.area _CODE
                             45 ;../_free.c:62: _sdcc_find_memheader(void * p)
                             46 ;	---------------------------------
                             47 ; Function _sdcc_find_memheader
                             48 ; ---------------------------------
   0000                      49 __sdcc_find_memheader::
                             50 ;../_free.c:65: if (!p)
   0000 3A 03 00      [13]   51 	ld	hl, #2+1
   0003 FE 70         [ 7]   52 	add	hl, sp
   0005 E2 2E         [10]   53 	ld	a, (hl)
   0007 9A            [ 4]   54 	dec	hl
   0008 E2 66         [10]   55 	or	a,(hl)
   000A CE 04         [ 7]   56 	jr	NZ,00102$
                             57 ;../_free.c:66: return NULL;
   000C 3A 00 00      [13]   58 	ld	hl,#0x0000
   000F 1E            [ 7]   59 	ret
   0010                      60 00102$:
                             61 ;../_free.c:67: pthis = (MEMHEADER * )((char *)  p - HEADER_SIZE); //to start of header
   0010 58            [ 4]   62 	pop	bc
   0011 59            [ 4]   63 	pop	de
   0012 51            [ 4]   64 	push	de
   0013 50            [ 4]   65 	push	bc
   0014 23            [ 6]   66 	ld	a,e
   0015 68 FA         [ 4]   67 	add	a,#0xFA
   0017 2B            [ 6]   68 	ld	e,a
   0018 22            [16]   69 	ld	a,d
   0019 69 FF         [ 4]   70 	adc	a,#0xFF
   001B 2A            [16]   71 	ld	d,a
                             72 ;../_free.c:68: _sdcc_prev_memheader = pthis->prev;
   001C FB 35         [ 4]   73 	ld	l, e
   001E FA 34         [10]   74 	ld	h, d
   0020 92            [ 4]   75 	inc	hl
   0021 92            [ 4]   76 	inc	hl
   0022 E2 2E         [10]   77 	ld	a,(hl)
   0024 3Dr00r00      [ 4]   78 	ld	iy,#__sdcc_prev_memheader
   0027 ED 26                79 	ld	0 (iy),a
   0029 92            [ 4]   80 	inc	hl
   002A E2 2E         [10]   81 	ld	a,(hl)
   002C EBr01r00 26   [ 4]   82 	ld	(#__sdcc_prev_memheader + 1),a
                             83 ;../_free.c:70: return (pthis);
   0030 08            [ 4]   84 	ex	de,hl
   0031 1E            [ 7]   85 	ret
                             86 ;../_free.c:74: free (void *p)
                             87 ;	---------------------------------
                             88 ; Function free
                             89 ; ---------------------------------
   0032                      90 _free::
   0032 54            [ 4]   91 	push	ix
   0033 3C 00 00      [ 4]   92 	ld	ix,#0
   0036 FE 14         [ 7]   93 	add	ix,sp
   0038 16 FE FF      [ 7]   94 	add	sp, #-2
                             95 ;../_free.c:78: if ( p ) //For allocated pointers only!
   003B F0 05 2E      [11]   96 	ld	a,5 (ix)
   003E F0 04 66      [11]   97 	or	a,4 (ix)
   0041 EBr9Cr00 C6   [ 4]   98 	jp	Z,00108$
                             99 ;../_free.c:95: }
   0045 02            [ 7]  100 	di
                            101 ;../_free.c:81: pthis = (MEMHEADER * )((char *)  p - HEADER_SIZE); //to start of header
   0046 F2 06 4A      [10]  102 	ld	hl, 6 (sp)
   0049 38 FA FF      [12]  103 	ld	bc, #0xFFFA
   004C F8 70         [11]  104 	add	hl,bc
                            105 ;../_free.c:82: if ( pthis->prev ) // For the regular header
   004E FD 31               106 	ld	c,l
   0050 FC 30         [17]  107 	ld	b,h
   0052 92            [ 4]  108 	inc	hl
   0053 92            [ 4]  109 	inc	hl
   0054 E2 2E         [10]  110 	ld	a, (hl)
   0056 92            [ 4]  111 	inc	hl
   0057 E2 2C         [10]  112 	ld	h,(hl)
   0059 2D            [ 4]  113 	ld	l,a
   005A FC 66         [17]  114 	or	a,h
   005C EBr8Fr00 C6   [ 4]  115 	jp	Z,00104$
                            116 ;../_free.c:84: prev_header = pthis->prev;
   0060 EE 42         [ 7]  117 	ld	0 (sp), hl
                            118 ;../_free.c:85: prev_header->next = pthis->next;
   0062 F9 35         [ 6]  119 	ld	l, c
   0064 F8 34         [11]  120 	ld	h, b
   0066 E2 2A         [10]  121 	ld	d,(hl)
   0068 92            [ 4]  122 	inc	hl
   0069 E2 2B         [10]  123 	ld	e,(hl)
   006B 5A            [ 4]  124 	pop	hl
   006C 52            [ 4]  125 	push	hl
   006D EA 22         [10]  126 	ld	(hl),d
   006F 92            [ 4]  127 	inc	hl
   0070 EA 23         [10]  128 	ld	(hl),e
                            129 ;../_free.c:86: if (pthis->next)
   0072 F9 35         [ 6]  130 	ld	l, c
   0074 F8 34         [11]  131 	ld	h, b
   0076 E2 2B         [10]  132 	ld	e,(hl)
   0078 92            [ 4]  133 	inc	hl
   0079 E2 2A         [10]  134 	ld	d,(hl)
   007B 22            [16]  135 	ld	a,d
   007C FB 66         [ 4]  136 	or	a,e
   007E C6 1B         [ 7]  137 	jr	Z,00105$
                            138 ;../_free.c:88: pthis->next->prev = prev_header;
   0080 91            [ 4]  139 	inc	de
   0081 91            [ 4]  140 	inc	de
   0082 F0 FE 2E      [11]  141 	ld	a,-2 (ix)
   0085 E9 26         [ 4]  142 	ld	(de),a
   0087 91            [ 4]  143 	inc	de
   0088 F0 FF 2E      [11]  144 	ld	a,-1 (ix)
   008B E9 26         [ 4]  145 	ld	(de),a
   008D C8 0C         [11]  146 	jr	00105$
   008F                     147 00104$:
                            148 ;../_free.c:93: pthis->len = 0; //For the first header
   008F 3A 04 00      [13]  149 	ld	hl,#0x0004
   0092 F8 70         [11]  150 	add	hl,bc
   0094 FE 65         [ 7]  151 	xor	a, a
   0096 EA 26         [10]  152 	ld	(hl), a
   0098 92            [ 4]  153 	inc	hl
   0099 EA 26         [10]  154 	ld	(hl), a
   009B                     155 00105$:
   009B 03            [ 6]  156 	ei
   009C                     157 00108$:
   009C FC 3E         [17]  158 	ld	sp, ix
   009E 5C            [ 4]  159 	pop	ix
   009F 1E            [ 7]  160 	ret
                            161 	.area _CODE
                            162 	.area _INITIALIZER
                            163 	.area _CABS (ABS)
