                              1 ;--------------------------------------------------------
                              2 ; File Created by SDCC : free open source ANSI-C Compiler
                              3 ; Version 3.5.0 #9253 (Apr  4 2022) (Linux)
                              4 ; This file was generated Mon Apr  4 14:16:27 2022
                              5 ;--------------------------------------------------------
                              6 	.module _fs2ulong
                              7 	.optsdcc -mtlcs90
                              8 	
                              9 ;--------------------------------------------------------
                             10 ; Public variables in this module
                             11 ;--------------------------------------------------------
                             12 	.globl ___fs2ulong
                             13 ;--------------------------------------------------------
                             14 ; ram data
                             15 ;--------------------------------------------------------
                             16 	.area _DATA
                             17 ;--------------------------------------------------------
                             18 ; ram data
                             19 ;--------------------------------------------------------
                             20 	.area _INITIALIZED
                             21 ;--------------------------------------------------------
                             22 ; absolute external ram data
                             23 ;--------------------------------------------------------
                             24 	.area _DABS (ABS)
                             25 ;--------------------------------------------------------
                             26 ; global & static initialisations
                             27 ;--------------------------------------------------------
                             28 	.area _HOME
                             29 	.area _GSINIT
                             30 	.area _GSFINAL
                             31 	.area _GSINIT
                             32 ;--------------------------------------------------------
                             33 ; Home
                             34 ;--------------------------------------------------------
                             35 	.area _HOME
                             36 ;../_fs2ulong.c:103: __fs2ulong (float a1)
                             37 ;	---------------------------------
                             38 ; Function __fs2ulong
                             39 ; ---------------------------------
   0000                      40 ___fs2ulong::
   0000 54            [ 4]   41 	push	ix
   0001 3C 00 00      [ 4]   42 	ld	ix,#0
   0004 FE 14         [ 7]   43 	add	ix,sp
   0006 16 F6 FF      [ 7]   44 	add	sp, #-10
                             45 ;../_fs2ulong.c:109: fl1.f = a1;
   0009 3A 06 00      [13]   46 	ld	hl,#0x0006
   000C FE 70         [ 7]   47 	add	hl,sp
   000E 08            [ 4]   48 	ex	de,hl
   000F 3A 0E 00      [13]   49 	ld	hl, #0x000E
   0012 FE 70         [ 7]   50 	add	hl, sp
   0014 38 04 00      [12]   51 	ld	bc, #0x0004
   0017 FE 59         [ 7]   52 	ldir
                             53 ;../_fs2ulong.c:111: if (!fl1.l || SIGN(fl1.l))
   0019 3A 06 00      [13]   54 	ld	hl,#0x0006
   001C FE 70         [ 7]   55 	add	hl,sp
   001E E2 2B         [10]   56 	ld	e,(hl)
   0020 92            [ 4]   57 	inc	hl
   0021 E2 2A         [10]   58 	ld	d,(hl)
   0023 92            [ 4]   59 	inc	hl
   0024 E2 29         [10]   60 	ld	c,(hl)
   0026 92            [ 4]   61 	inc	hl
   0027 E2 2E         [10]   62 	ld	a, (hl)
   0029 F9 66         [ 6]   63 	or	a, c
   002B FA 66         [10]   64 	or	a, d
   002D FB 66         [ 4]   65 	or	a,e
   002F C6 16         [ 7]   66 	jr	Z,00101$
   0031 3A 06 00      [13]   67 	ld	hl,#0x0006
   0034 FE 70         [ 7]   68 	add	hl,sp
   0036 E2 2B         [10]   69 	ld	e,(hl)
   0038 92            [ 4]   70 	inc	hl
   0039 E2 2A         [10]   71 	ld	d,(hl)
   003B 92            [ 4]   72 	inc	hl
   003C E2 29         [10]   73 	ld	c,(hl)
   003E 92            [ 4]   74 	inc	hl
   003F E2 2E         [10]   75 	ld	a, (hl)
   0041 FE A0         [ 7]   76 	rlc	a
   0043 6C 01         [ 4]   77 	and	a,#0x01
   0045 C6 0A         [ 7]   78 	jr	Z,00102$
   0047                      79 00101$:
                             80 ;../_fs2ulong.c:112: return (0);
   0047 3A 00 00      [13]   81 	ld	hl,#0x0000
   004A FD 33                82 	ld	e,l
   004C FC 32         [17]   83 	ld	d,h
   004E 1ArD4r00      [ 7]   84 	jp	00104$
   0051                      85 00102$:
                             86 ;../_fs2ulong.c:114: exp = EXP (fl1.l) - EXCESS - 24;
   0051 3A 06 00      [13]   87 	ld	hl,#0x0006
   0054 FE 70         [ 7]   88 	add	hl,sp
   0056 E2 2B         [10]   89 	ld	e,(hl)
   0058 92            [ 4]   90 	inc	hl
   0059 E2 2A         [10]   91 	ld	d,(hl)
   005B 92            [ 4]   92 	inc	hl
   005C E2 29         [10]   93 	ld	c,(hl)
   005E 92            [ 4]   94 	inc	hl
   005F E2 28         [10]   95 	ld	b,(hl)
   0061 36 17         [10]   96 	ld	a,#0x17
   0063                      97 00110$:
   0063 F8 A7         [11]   98 	srl	b
   0065 F9 A3         [ 6]   99 	rr	c
   0067 FA A3         [10]  100 	rr	d
   0069 FB A3         [ 4]  101 	rr	e
   006B 8E            [ 7]  102 	dec	a
   006C CE F5         [ 7]  103 	jr	NZ,00110$
   006E 32 00         [13]  104 	ld	d,#0x00
   0070 38 00 00      [12]  105 	ld	bc,#0x0000
   0073 23            [ 6]  106 	ld	a,e
   0074 68 6A         [ 4]  107 	add	a,#0x6A
   0076 2D            [ 4]  108 	ld	l,a
   0077 22            [16]  109 	ld	a,d
   0078 69 FF         [ 4]  110 	adc	a,#0xFF
   007A 2C            [ 4]  111 	ld	h,a
   007B 21            [10]  112 	ld	a,c
   007C 69 FF         [ 4]  113 	adc	a,#0xFF
   007E 20            [12]  114 	ld	a,b
   007F 69 FF         [ 4]  115 	adc	a,#0xFF
   0081 F4 FA 25      [17]  116 	ld	-6 (ix),l
   0084 F4 FB 24      [17]  117 	ld	-5 (ix),h
                            118 ;../_fs2ulong.c:115: l = MANT (fl1.l);
   0087 3A 06 00      [13]  119 	ld	hl,#0x0006
   008A FE 70         [ 7]  120 	add	hl,sp
   008C E2 2B         [10]  121 	ld	e,(hl)
   008E 92            [ 4]  122 	inc	hl
   008F E2 2A         [10]  123 	ld	d,(hl)
   0091 92            [ 4]  124 	inc	hl
   0092 E2 29         [10]  125 	ld	c,(hl)
   0094 92            [ 4]  126 	inc	hl
   0095 E2 28         [10]  127 	ld	b,(hl)
   0097 F9 B7         [ 6]  128 	res	7, c
   0099 30 00         [12]  129 	ld	b,#0x00
   009B F4 F6 23      [17]  130 	ld	-10 (ix),e
   009E F4 F7 22      [17]  131 	ld	-9 (ix),d
   00A1 21            [10]  132 	ld	a,c
   00A2 FE BF         [ 7]  133 	set	7, a
   00A4 F4 F8 26      [17]  134 	ld	-8 (ix),a
   00A7 F4 F9 20      [17]  135 	ld	-7 (ix),b
                            136 ;../_fs2ulong.c:117: l >>= -exp;
   00AA FE 65         [ 7]  137 	xor	a, a
   00AC F0 FA 62      [11]  138 	sub	a, -6 (ix)
   00AF 28            [12]  139 	ld	b,a
   00B0 36 00         [10]  140 	ld	a, #0x00
   00B2 F0 FB 63      [11]  141 	sbc	a, -5 (ix)
   00B5 56            [ 7]  142 	push	af
   00B6 5E            [ 7]  143 	pop	af
   00B7 80            [ 4]  144 	inc	b
   00B8 C8 0C         [11]  145 	jr	00113$
   00BA                     146 00112$:
   00BA E7 F9 A5      [11]  147 	sra	-7 (ix)
   00BD E7 F8 A3      [11]  148 	rr	-8 (ix)
   00C0 E7 F7 A3      [11]  149 	rr	-9 (ix)
   00C3 E7 F6 A3      [11]  150 	rr	-10 (ix)
   00C6                     151 00113$:
   00C6 18 F2         [12]  152 	djnz	00112$
                            153 ;../_fs2ulong.c:119: return l;
   00C8 F0 F6 2D      [11]  154 	ld	l,-10 (ix)
   00CB F0 F7 2C      [11]  155 	ld	h,-9 (ix)
   00CE F0 F8 2B      [11]  156 	ld	e,-8 (ix)
   00D1 F0 F9 2A      [11]  157 	ld	d,-7 (ix)
   00D4                     158 00104$:
   00D4 FC 3E         [17]  159 	ld	sp, ix
   00D6 5C            [ 4]  160 	pop	ix
   00D7 1E            [ 7]  161 	ret
                            162 	.area _HOME
                            163 ;--------------------------------------------------------
                            164 ; code
                            165 ;--------------------------------------------------------
                            166 	.area _CODE
                            167 	.area _CODE
                            168 	.area _INITIALIZER
                            169 	.area _CABS (ABS)
