                              1 ;--------------------------------------------------------
                              2 ; File Created by SDCC : free open source ANSI-C Compiler
                              3 ; Version 3.5.0 #9253 (Apr  4 2022) (Linux)
                              4 ; This file was generated Mon Apr  4 14:16:29 2022
                              5 ;--------------------------------------------------------
                              6 	.module _fseq
                              7 	.optsdcc -mtlcs90
                              8 	
                              9 ;--------------------------------------------------------
                             10 ; Public variables in this module
                             11 ;--------------------------------------------------------
                             12 	.globl ___fseq
                             13 ;--------------------------------------------------------
                             14 ; ram data
                             15 ;--------------------------------------------------------
                             16 	.area _DATA
                             17 ;--------------------------------------------------------
                             18 ; ram data
                             19 ;--------------------------------------------------------
                             20 	.area _INITIALIZED
                             21 ;--------------------------------------------------------
                             22 ; absolute external ram data
                             23 ;--------------------------------------------------------
                             24 	.area _DABS (ABS)
                             25 ;--------------------------------------------------------
                             26 ; global & static initialisations
                             27 ;--------------------------------------------------------
                             28 	.area _HOME
                             29 	.area _GSINIT
                             30 	.area _GSFINAL
                             31 	.area _GSINIT
                             32 ;--------------------------------------------------------
                             33 ; Home
                             34 ;--------------------------------------------------------
                             35 	.area _HOME
                             36 ;../_fseq.c:83: __fseq (float a1, float a2)
                             37 ;	---------------------------------
                             38 ; Function __fseq
                             39 ; ---------------------------------
   0000                      40 ___fseq::
   0000 54            [ 4]   41 	push	ix
   0001 3C 00 00      [ 4]   42 	ld	ix,#0
   0004 FE 14         [ 7]   43 	add	ix,sp
   0006 16 F4 FF      [ 7]   44 	add	sp, #-12
                             45 ;../_fseq.c:87: fl1.f = a1;
   0009 3A 04 00      [13]   46 	ld	hl,#0x0004
   000C FE 70         [ 7]   47 	add	hl,sp
   000E 08            [ 4]   48 	ex	de,hl
   000F 3A 10 00      [13]   49 	ld	hl, #0x0010
   0012 FE 70         [ 7]   50 	add	hl, sp
   0014 38 04 00      [12]   51 	ld	bc, #0x0004
   0017 FE 59         [ 7]   52 	ldir
                             53 ;../_fseq.c:88: fl2.f = a2;
   0019 3A 00 00      [13]   54 	ld	hl,#0x0000
   001C FE 70         [ 7]   55 	add	hl,sp
   001E 08            [ 4]   56 	ex	de,hl
   001F 3A 14 00      [13]   57 	ld	hl, #0x0014
   0022 FE 70         [ 7]   58 	add	hl, sp
   0024 38 04 00      [12]   59 	ld	bc, #0x0004
   0027 FE 59         [ 7]   60 	ldir
                             61 ;../_fseq.c:90: if (fl1.l == fl2.l)
   0029 3A 04 00      [13]   62 	ld	hl,#0x0004
   002C FE 70         [ 7]   63 	add	hl,sp
   002E 08            [ 4]   64 	ex	de,hl
   002F 3A 08 00      [13]   65 	ld	hl, #0x0008
   0032 FE 70         [ 7]   66 	add	hl, sp
   0034 08            [ 4]   67 	ex	de, hl
   0035 38 04 00      [12]   68 	ld	bc, #0x0004
   0038 FE 59         [ 7]   69 	ldir
   003A 3A 00 00      [13]   70 	ld	hl,#0x0000
   003D FE 70         [ 7]   71 	add	hl,sp
   003F E2 2A         [10]   72 	ld	d,(hl)
   0041 92            [ 4]   73 	inc	hl
   0042 E2 2B         [10]   74 	ld	e,(hl)
   0044 92            [ 4]   75 	inc	hl
   0045 E2 29         [10]   76 	ld	c,(hl)
   0047 92            [ 4]   77 	inc	hl
   0048 E2 28         [10]   78 	ld	b,(hl)
   004A F0 FC 2E      [11]   79 	ld	a,-4 (ix)
   004D FA 62         [10]   80 	sub	a, d
   004F CE 1A         [ 7]   81 	jr	NZ,00102$
   0051 F0 FD 2E      [11]   82 	ld	a,-3 (ix)
   0054 FB 62         [ 4]   83 	sub	a, e
   0056 CE 13         [ 7]   84 	jr	NZ,00102$
   0058 F0 FE 2E      [11]   85 	ld	a,-2 (ix)
   005B F9 62         [ 6]   86 	sub	a, c
   005D CE 0C         [ 7]   87 	jr	NZ,00102$
   005F F0 FF 2E      [11]   88 	ld	a,-1 (ix)
   0062 F8 62         [11]   89 	sub	a, b
   0064 CE 05         [ 7]   90 	jr	NZ,00102$
                             91 ;../_fseq.c:91: return (1);
   0066 35 01         [11]   92 	ld	l,#0x01
   0068 1ArB9r00      [ 7]   93 	jp	00105$
   006B                      94 00102$:
                             95 ;../_fseq.c:92: if (((fl1.l | fl2.l) & 0x7FFFFFFF) == 0)
   006B 3A 04 00      [13]   96 	ld	hl,#0x0004
   006E FE 70         [ 7]   97 	add	hl,sp
   0070 08            [ 4]   98 	ex	de,hl
   0071 3A 08 00      [13]   99 	ld	hl, #0x0008
   0074 FE 70         [ 7]  100 	add	hl, sp
   0076 08            [ 4]  101 	ex	de, hl
   0077 38 04 00      [12]  102 	ld	bc, #0x0004
   007A FE 59         [ 7]  103 	ldir
   007C 3A 00 00      [13]  104 	ld	hl,#0x0000
   007F FE 70         [ 7]  105 	add	hl,sp
   0081 E2 2B         [10]  106 	ld	e,(hl)
   0083 92            [ 4]  107 	inc	hl
   0084 E2 2A         [10]  108 	ld	d,(hl)
   0086 92            [ 4]  109 	inc	hl
   0087 E2 29         [10]  110 	ld	c,(hl)
   0089 92            [ 4]  111 	inc	hl
   008A E2 28         [10]  112 	ld	b,(hl)
   008C F0 FC 2E      [11]  113 	ld	a,-4 (ix)
   008F FB 66         [ 4]  114 	or	a, e
   0091 2B            [ 6]  115 	ld	e,a
   0092 F0 FD 2E      [11]  116 	ld	a,-3 (ix)
   0095 FA 66         [10]  117 	or	a, d
   0097 2A            [16]  118 	ld	d,a
   0098 F0 FE 2E      [11]  119 	ld	a,-2 (ix)
   009B F9 66         [ 6]  120 	or	a, c
   009D 2D            [ 4]  121 	ld	l,a
   009E F0 FF 2E      [11]  122 	ld	a,-1 (ix)
   00A1 F8 66         [11]  123 	or	a, b
   00A3 2C            [ 4]  124 	ld	h,a
   00A4 23            [ 6]  125 	ld	a,e
   00A5 FE 66         [ 7]  126 	or	a,a
   00A7 CE 0E         [ 7]  127 	jr	NZ,00104$
   00A9 FA 66         [10]  128 	or	a,d
   00AB CE 0A         [ 7]  129 	jr	NZ,00104$
   00AD FE 67         [ 7]  130 	cp	a, a
   00AF FA 71         [10]  131 	adc	hl, hl
   00B1 CE 04         [ 7]  132 	jr	NZ,00104$
                            133 ;../_fseq.c:93: return (1);
   00B3 35 01         [11]  134 	ld	l,#0x01
   00B5 C8 02         [11]  135 	jr	00105$
   00B7                     136 00104$:
                            137 ;../_fseq.c:94: return (0);
   00B7 35 00         [11]  138 	ld	l,#0x00
   00B9                     139 00105$:
   00B9 FC 3E         [17]  140 	ld	sp, ix
   00BB 5C            [ 4]  141 	pop	ix
   00BC 1E            [ 7]  142 	ret
                            143 	.area _HOME
                            144 ;--------------------------------------------------------
                            145 ; code
                            146 ;--------------------------------------------------------
                            147 	.area _CODE
                            148 	.area _CODE
                            149 	.area _INITIALIZER
                            150 	.area _CABS (ABS)
