                              1 ;--------------------------------------------------------
                              2 ; File Created by SDCC : free open source ANSI-C Compiler
                              3 ; Version 3.5.0 #9253 (Apr  4 2022) (Linux)
                              4 ; This file was generated Mon Apr  4 14:16:37 2022
                              5 ;--------------------------------------------------------
                              6 	.module _memset
                              7 	.optsdcc -mtlcs90
                              8 	
                              9 ;--------------------------------------------------------
                             10 ; Public variables in this module
                             11 ;--------------------------------------------------------
                             12 	.globl _memset
                             13 ;--------------------------------------------------------
                             14 ; ram data
                             15 ;--------------------------------------------------------
                             16 	.area _DATA
                             17 ;--------------------------------------------------------
                             18 ; ram data
                             19 ;--------------------------------------------------------
                             20 	.area _INITIALIZED
                             21 ;--------------------------------------------------------
                             22 ; absolute external ram data
                             23 ;--------------------------------------------------------
                             24 	.area _DABS (ABS)
                             25 ;--------------------------------------------------------
                             26 ; global & static initialisations
                             27 ;--------------------------------------------------------
                             28 	.area _HOME
                             29 	.area _GSINIT
                             30 	.area _GSFINAL
                             31 	.area _GSINIT
                             32 ;--------------------------------------------------------
                             33 ; Home
                             34 ;--------------------------------------------------------
                             35 	.area _HOME
                             36 	.area _HOME
                             37 ;--------------------------------------------------------
                             38 ; code
                             39 ;--------------------------------------------------------
                             40 	.area _CODE
                             41 ;../_memset.c:41: void *memset (void *s, int c, size_t n)
                             42 ;	---------------------------------
                             43 ; Function memset
                             44 ; ---------------------------------
   0000                      45 _memset::
   0000 54            [ 4]   46 	push	ix
   0001 3C 00 00      [ 4]   47 	ld	ix,#0
   0004 FE 14         [ 7]   48 	add	ix,sp
                             49 ;../_memset.c:44: register unsigned char *ret = s;
   0006 F2 04 4A      [10]   50 	ld	hl, 4 (sp)
                             51 ;../_memset.c:46: while (n--)
   0009 08            [ 4]   52 	ex	de, hl
   000A F2 08 4A      [10]   53 	ld	hl, 8 (sp)
   000D 08            [ 4]   54 	ex	de, hl
   000E                      55 00101$:
   000E FB 30         [ 4]   56 	ld	b,e
   0010 FA 31         [10]   57 	ld	c,d
   0012 99            [ 4]   58 	dec	de
   0013 21            [10]   59 	ld	a,c
   0014 F8 66         [11]   60 	or	a,b
   0016 C6 08         [ 7]   61 	jr	Z,00103$
                             62 ;../_memset.c:48: *(unsigned char *) ret = c;
   0018 F0 06 2E      [11]   63 	ld	a,6 (ix)
   001B EA 26         [10]   64 	ld	(hl),a
                             65 ;../_memset.c:49: ret = ((unsigned char *) ret) + 1;
   001D 92            [ 4]   66 	inc	hl
   001E C8 EE         [11]   67 	jr	00101$
   0020                      68 00103$:
                             69 ;../_memset.c:52: return s;
   0020 F2 04 4A      [10]   70 	ld	hl, 4 (sp)
   0023 5C            [ 4]   71 	pop	ix
   0024 1E            [ 7]   72 	ret
                             73 	.area _CODE
                             74 	.area _INITIALIZER
                             75 	.area _CABS (ABS)
