                              1 ;--------------------------------------------------------
                              2 ; File Created by SDCC : free open source ANSI-C Compiler
                              3 ; Version 3.5.0 #9253 (Apr  4 2022) (Linux)
                              4 ; This file was generated Mon Apr  4 14:16:37 2022
                              5 ;--------------------------------------------------------
                              6 	.module _memcmp
                              7 	.optsdcc -mtlcs90
                              8 	
                              9 ;--------------------------------------------------------
                             10 ; Public variables in this module
                             11 ;--------------------------------------------------------
                             12 	.globl _memcmp
                             13 ;--------------------------------------------------------
                             14 ; ram data
                             15 ;--------------------------------------------------------
                             16 	.area _DATA
                             17 ;--------------------------------------------------------
                             18 ; ram data
                             19 ;--------------------------------------------------------
                             20 	.area _INITIALIZED
                             21 ;--------------------------------------------------------
                             22 ; absolute external ram data
                             23 ;--------------------------------------------------------
                             24 	.area _DABS (ABS)
                             25 ;--------------------------------------------------------
                             26 ; global & static initialisations
                             27 ;--------------------------------------------------------
                             28 	.area _HOME
                             29 	.area _GSINIT
                             30 	.area _GSFINAL
                             31 	.area _GSINIT
                             32 ;--------------------------------------------------------
                             33 ; Home
                             34 ;--------------------------------------------------------
                             35 	.area _HOME
                             36 	.area _HOME
                             37 ;--------------------------------------------------------
                             38 ; code
                             39 ;--------------------------------------------------------
                             40 	.area _CODE
                             41 ;../_memcmp.c:31: int memcmp (const void * buf1, const void * buf2, size_t count)
                             42 ;	---------------------------------
                             43 ; Function memcmp
                             44 ; ---------------------------------
   0000                      45 _memcmp::
   0000 54            [ 4]   46 	push	ix
   0001 3C 00 00      [ 4]   47 	ld	ix,#0
   0004 FE 14         [ 7]   48 	add	ix,sp
   0006 16 FE FF      [ 7]   49 	add	sp, #-2
                             50 ;../_memcmp.c:33: if (!count)
   0009 F0 09 2E      [11]   51 	ld	a,9 (ix)
   000C F0 08 66      [11]   52 	or	a,8 (ix)
   000F CE 06         [ 7]   53 	jr	NZ,00112$
                             54 ;../_memcmp.c:34: return(0);
   0011 3A 00 00      [13]   55 	ld	hl,#0x0000
   0014 1Ar68r00      [ 7]   56 	jp	00107$
                             57 ;../_memcmp.c:36: while ( --count && *((char *)buf1) == *((char *)buf2) ) {
   0017                      58 00112$:
   0017 08            [ 4]   59 	ex	de, hl
   0018 F2 0A 4A      [10]   60 	ld	hl, 10 (sp)
   001B 08            [ 4]   61 	ex	de, hl
   001C                      62 00104$:
   001C 99            [ 4]   63 	dec	de
   001D 22            [16]   64 	ld	a,d
   001E FB 66         [ 4]   65 	or	a,e
   0020 EBr52r00 C6   [ 4]   66 	jp	Z,00106$
   0024 F2 06 4D      [10]   67 	ld	iy, 6 (sp)
   0027 E5 2E         [11]   68 	ld	a, 0 (iy)
   0029 F4 FF 26      [17]   69 	ld	-1 (ix),a
   002C F0 06 29      [11]   70 	ld	c,6 (ix)
   002F F0 07 28      [11]   71 	ld	b,7 (ix)
   0032 E0 2E         [11]   72 	ld	a,(bc)
   0034 F4 FE 26      [17]   73 	ld	-2 (ix),a
   0037 F0 FF 2E      [11]   74 	ld	a,-1 (ix)
   003A F0 FE 62      [11]   75 	sub	a, -2 (ix)
   003D CE 13         [ 7]   76 	jr	NZ,00106$
                             77 ;../_memcmp.c:37: buf1 = (char *)buf1 + 1;
   003F 95            [ 4]   78 	inc	iy
   0040 52            [ 4]   79 	push	hl
   0041 55            [ 4]   80 	push	iy
   0042 5A            [ 4]   81 	pop	hl
   0043 F6 08 42      [ 7]   82 	ld	8 (sp), hl
   0046 5A            [ 4]   83 	pop	hl
                             84 ;../_memcmp.c:38: buf2 = (char *)buf2 + 1;
   0047 F9 35         [ 6]   85 	ld	l, c
   0049 F8 34         [11]   86 	ld	h, b
   004B 92            [ 4]   87 	inc	hl
   004C F6 08 42      [ 7]   88 	ld	8 (sp), hl
   004F 1Ar1Cr00      [ 7]   89 	jp	00104$
   0052                      90 00106$:
                             91 ;../_memcmp.c:41: return( *((unsigned char *)buf1) - *((unsigned char *)buf2) );
   0052 F2 06 4A      [10]   92 	ld	hl, 6 (sp)
   0055 E2 2B         [10]   93 	ld	e,(hl)
   0057 32 00         [13]   94 	ld	d,#0x00
   0059 F2 08 4A      [10]   95 	ld	hl, 8 (sp)
   005C E2 2D         [10]   96 	ld	l,(hl)
   005E 34 00         [11]   97 	ld	h,#0x00
   0060 23            [ 6]   98 	ld	a,e
   0061 FD 62                99 	sub	a, l
   0063 2D            [ 4]  100 	ld	l,a
   0064 22            [16]  101 	ld	a,d
   0065 FC 63         [17]  102 	sbc	a, h
   0067 2C            [ 4]  103 	ld	h,a
   0068                     104 00107$:
   0068 FC 3E         [17]  105 	ld	sp, ix
   006A 5C            [ 4]  106 	pop	ix
   006B 1E            [ 7]  107 	ret
                            108 	.area _CODE
                            109 	.area _INITIALIZER
                            110 	.area _CABS (ABS)
