                              1 ;--------------------------------------------------------
                              2 ; File Created by SDCC : free open source ANSI-C Compiler
                              3 ; Version 3.5.0 #9253 (Apr  4 2022) (Linux)
                              4 ; This file was generated Mon Apr  4 14:16:34 2022
                              5 ;--------------------------------------------------------
                              6 	.module _mullonglong
                              7 	.optsdcc -mtlcs90
                              8 	
                              9 ;--------------------------------------------------------
                             10 ; Public variables in this module
                             11 ;--------------------------------------------------------
                             12 	.globl __mullonglong
                             13 ;--------------------------------------------------------
                             14 ; ram data
                             15 ;--------------------------------------------------------
                             16 	.area _DATA
                             17 ;--------------------------------------------------------
                             18 ; ram data
                             19 ;--------------------------------------------------------
                             20 	.area _INITIALIZED
                             21 ;--------------------------------------------------------
                             22 ; absolute external ram data
                             23 ;--------------------------------------------------------
                             24 	.area _DABS (ABS)
                             25 ;--------------------------------------------------------
                             26 ; global & static initialisations
                             27 ;--------------------------------------------------------
                             28 	.area _HOME
                             29 	.area _GSINIT
                             30 	.area _GSFINAL
                             31 	.area _GSINIT
                             32 ;--------------------------------------------------------
                             33 ; Home
                             34 ;--------------------------------------------------------
                             35 	.area _HOME
                             36 ;../_mullonglong.c:35: long long _mullonglong(long long ll, long long lr)
                             37 ;	---------------------------------
                             38 ; Function _mullonglong
                             39 ; ---------------------------------
   0000                      40 __mullonglong::
   0000 54            [ 4]   41 	push	ix
   0001 3C 00 00      [ 4]   42 	ld	ix,#0
   0004 FE 14         [ 7]   43 	add	ix,sp
   0006 16 ED FF      [ 7]   44 	add	sp, #-19
                             45 ;../_mullonglong.c:37: unsigned long long ret = 0ull;
   0009 FE 65         [ 7]   46 	xor	a, a
   000B F4 EE 26      [17]   47 	ld	-18 (ix),a
   000E F4 EF 26      [17]   48 	ld	-17 (ix),a
   0011 F4 F0 26      [17]   49 	ld	-16 (ix),a
   0014 F4 F1 26      [17]   50 	ld	-15 (ix),a
   0017 F4 F2 26      [17]   51 	ld	-14 (ix),a
   001A F4 F3 26      [17]   52 	ld	-13 (ix),a
   001D F4 F4 26      [17]   53 	ld	-12 (ix),a
   0020 F4 F5 26      [17]   54 	ld	-11 (ix),a
                             55 ;../_mullonglong.c:40: for (i = 0; i < sizeof (long long); i++)
   0023 31 00         [10]   56 	ld	c,#0x00
   0025                      57 00106$:
                             58 ;../_mullonglong.c:42: unsigned char l = ll >> (i * 8);
   0025 F9 33         [ 6]   59 	ld	e,c
   0027 32 00         [13]   60 	ld	d,#0x00
   0029 FB 35         [ 4]   61 	ld	l, e
   002B FA 34         [10]   62 	ld	h, d
   002D FA 70         [10]   63 	add	hl, hl
   002F FA 70         [10]   64 	add	hl, hl
   0031 FA 70         [10]   65 	add	hl, hl
   0033 56            [ 7]   66 	push	af
   0034 F0 06 2E      [11]   67 	ld	a,6 (ix)
   0037 F4 F8 26      [17]   68 	ld	-8 (ix),a
   003A F0 07 2E      [11]   69 	ld	a,7 (ix)
   003D F4 F9 26      [17]   70 	ld	-7 (ix),a
   0040 F0 08 2E      [11]   71 	ld	a,8 (ix)
   0043 F4 FA 26      [17]   72 	ld	-6 (ix),a
   0046 F0 09 2E      [11]   73 	ld	a,9 (ix)
   0049 F4 FB 26      [17]   74 	ld	-5 (ix),a
   004C F0 0A 2E      [11]   75 	ld	a,10 (ix)
   004F F4 FC 26      [17]   76 	ld	-4 (ix),a
   0052 F0 0B 2E      [11]   77 	ld	a,11 (ix)
   0055 F4 FD 26      [17]   78 	ld	-3 (ix),a
   0058 F0 0C 2E      [11]   79 	ld	a,12 (ix)
   005B F4 FE 26      [17]   80 	ld	-2 (ix),a
   005E F0 0D 2E      [11]   81 	ld	a,13 (ix)
   0061 F4 FF 26      [17]   82 	ld	-1 (ix),a
   0064 5E            [ 7]   83 	pop	af
   0065 85            [ 4]   84 	inc	l
   0066 C8 18         [11]   85 	jr	00129$
   0068                      86 00128$:
   0068 E7 FF A5      [11]   87 	sra	-1 (ix)
   006B E7 FE A3      [11]   88 	rr	-2 (ix)
   006E E7 FD A3      [11]   89 	rr	-3 (ix)
   0071 E7 FC A3      [11]   90 	rr	-4 (ix)
   0074 E7 FB A3      [11]   91 	rr	-5 (ix)
   0077 E7 FA A3      [11]   92 	rr	-6 (ix)
   007A E7 F9 A3      [11]   93 	rr	-7 (ix)
   007D E7 F8 A3      [11]   94 	rr	-8 (ix)
   0080                      95 00129$:
   0080 8D            [ 4]   96 	dec	l
   0081 CE E5         [ 7]   97 	jr	NZ,00128$
   0083 F0 F8 28      [11]   98 	ld	b,-8 (ix)
                             99 ;../_mullonglong.c:43: for(j = 0; (i + j) < sizeof (long long); j++)
   0086 F4 ED 37 00   [17]  100 	ld	-19 (ix),#0x00
   008A                     101 00104$:
   008A F0 ED 2D      [11]  102 	ld	l,-19 (ix)
   008D 34 00         [11]  103 	ld	h,#0x00
   008F 25            [ 4]  104 	ld	a,l
   0090 FB 60         [ 4]  105 	add	a, e
   0092 F4 F6 26      [17]  106 	ld	-10 (ix),a
   0095 24            [ 4]  107 	ld	a,h
   0096 FA 61         [10]  108 	adc	a, d
   0098 F4 F7 26      [17]  109 	ld	-9 (ix),a
   009B F0 F6 2E      [11]  110 	ld	a,-10 (ix)
   009E 6A 08         [ 4]  111 	sub	a, #0x08
   00A0 F0 F7 2E      [11]  112 	ld	a,-9 (ix)
   00A3 A2            [ 4]  113 	rla
   00A4 0E            [ 7]  114 	ccf
   00A5 A3            [ 4]  115 	rra
   00A6 6B 80         [ 4]  116 	sbc	a, #0x80
   00A8 EBrAEr01 CF   [ 4]  117 	jp	NC,00107$
                            118 ;../_mullonglong.c:45: unsigned char r = lr >> (j * 8);
   00AC FA 70         [10]  119 	add	hl, hl
   00AE FA 70         [10]  120 	add	hl, hl
   00B0 FA 70         [10]  121 	add	hl, hl
   00B2 56            [ 7]  122 	push	af
   00B3 F0 0E 2E      [11]  123 	ld	a,14 (ix)
   00B6 F4 F8 26      [17]  124 	ld	-8 (ix),a
   00B9 F0 0F 2E      [11]  125 	ld	a,15 (ix)
   00BC F4 F9 26      [17]  126 	ld	-7 (ix),a
   00BF F0 10 2E      [11]  127 	ld	a,16 (ix)
   00C2 F4 FA 26      [17]  128 	ld	-6 (ix),a
   00C5 F0 11 2E      [11]  129 	ld	a,17 (ix)
   00C8 F4 FB 26      [17]  130 	ld	-5 (ix),a
   00CB F0 12 2E      [11]  131 	ld	a,18 (ix)
   00CE F4 FC 26      [17]  132 	ld	-4 (ix),a
   00D1 F0 13 2E      [11]  133 	ld	a,19 (ix)
   00D4 F4 FD 26      [17]  134 	ld	-3 (ix),a
   00D7 F0 14 2E      [11]  135 	ld	a,20 (ix)
   00DA F4 FE 26      [17]  136 	ld	-2 (ix),a
   00DD F0 15 2E      [11]  137 	ld	a,21 (ix)
   00E0 F4 FF 26      [17]  138 	ld	-1 (ix),a
   00E3 5E            [ 7]  139 	pop	af
   00E4 85            [ 4]  140 	inc	l
   00E5 C8 18         [11]  141 	jr	00131$
   00E7                     142 00130$:
   00E7 E7 FF A5      [11]  143 	sra	-1 (ix)
   00EA E7 FE A3      [11]  144 	rr	-2 (ix)
   00ED E7 FD A3      [11]  145 	rr	-3 (ix)
   00F0 E7 FC A3      [11]  146 	rr	-4 (ix)
   00F3 E7 FB A3      [11]  147 	rr	-5 (ix)
   00F6 E7 FA A3      [11]  148 	rr	-6 (ix)
   00F9 E7 F9 A3      [11]  149 	rr	-7 (ix)
   00FC E7 F8 A3      [11]  150 	rr	-8 (ix)
   00FF                     151 00131$:
   00FF 8D            [ 4]  152 	dec	l
   0100 CE E5         [ 7]  153 	jr	NZ,00130$
   0102 F0 F8 2C      [11]  154 	ld	h,-8 (ix)
                            155 ;../_mullonglong.c:46: ret += (unsigned long long)((unsigned short)(l * r)) << ((i + j) * 8);
   0105 51            [ 4]  156 	push	de
   0106 50            [ 4]  157 	push	bc
   0107 F8 33         [11]  158 	ld	e,b
   0109 35 00         [11]  159 	ld	l, #0x00
   010B FD 32               160 	ld	d, l
   010D 30 08         [12]  161 	ld	b, #0x08
   010F                     162 00132$:
   010F FA 70         [10]  163 	add	hl,hl
   0111 CF 02         [11]  164 	jr	NC,00133$
   0113 F9 70         [ 6]  165 	add	hl,de
   0115                     166 00133$:
   0115 18 F8         [12]  167 	djnz	00132$
   0117 58            [ 4]  168 	pop	bc
   0118 59            [ 4]  169 	pop	de
   0119 F4 F8 25      [17]  170 	ld	-8 (ix),l
   011C F4 F9 24      [17]  171 	ld	-7 (ix),h
   011F F4 FA 37 00   [17]  172 	ld	-6 (ix),#0x00
   0123 F4 FB 37 00   [17]  173 	ld	-5 (ix),#0x00
   0127 F4 FC 37 00   [17]  174 	ld	-4 (ix),#0x00
   012B F4 FD 37 00   [17]  175 	ld	-3 (ix),#0x00
   012F F4 FE 37 00   [17]  176 	ld	-2 (ix),#0x00
   0133 F4 FF 37 00   [17]  177 	ld	-1 (ix),#0x00
   0137 F2 09 4A      [10]  178 	ld	hl, 9 (sp)
   013A FA 70         [10]  179 	add	hl, hl
   013C FA 70         [10]  180 	add	hl, hl
   013E FA 70         [10]  181 	add	hl, hl
   0140 56            [ 7]  182 	push	af
   0141 5E            [ 7]  183 	pop	af
   0142 85            [ 4]  184 	inc	l
   0143 C8 18         [11]  185 	jr	00135$
   0145                     186 00134$:
   0145 E7 F8 A4      [11]  187 	sla	-8 (ix)
   0148 E7 F9 A2      [11]  188 	rl	-7 (ix)
   014B E7 FA A2      [11]  189 	rl	-6 (ix)
   014E E7 FB A2      [11]  190 	rl	-5 (ix)
   0151 E7 FC A2      [11]  191 	rl	-4 (ix)
   0154 E7 FD A2      [11]  192 	rl	-3 (ix)
   0157 E7 FE A2      [11]  193 	rl	-2 (ix)
   015A E7 FF A2      [11]  194 	rl	-1 (ix)
   015D                     195 00135$:
   015D 8D            [ 4]  196 	dec	l
   015E CE E5         [ 7]  197 	jr	NZ,00134$
   0160 F0 EE 2E      [11]  198 	ld	a,-18 (ix)
   0163 F0 F8 60      [11]  199 	add	a, -8 (ix)
   0166 F4 EE 26      [17]  200 	ld	-18 (ix),a
   0169 F0 EF 2E      [11]  201 	ld	a,-17 (ix)
   016C F0 F9 61      [11]  202 	adc	a, -7 (ix)
   016F F4 EF 26      [17]  203 	ld	-17 (ix),a
   0172 F0 F0 2E      [11]  204 	ld	a,-16 (ix)
   0175 F0 FA 61      [11]  205 	adc	a, -6 (ix)
   0178 F4 F0 26      [17]  206 	ld	-16 (ix),a
   017B F0 F1 2E      [11]  207 	ld	a,-15 (ix)
   017E F0 FB 61      [11]  208 	adc	a, -5 (ix)
   0181 F4 F1 26      [17]  209 	ld	-15 (ix),a
   0184 F0 F2 2E      [11]  210 	ld	a,-14 (ix)
   0187 F0 FC 61      [11]  211 	adc	a, -4 (ix)
   018A F4 F2 26      [17]  212 	ld	-14 (ix),a
   018D F0 F3 2E      [11]  213 	ld	a,-13 (ix)
   0190 F0 FD 61      [11]  214 	adc	a, -3 (ix)
   0193 F4 F3 26      [17]  215 	ld	-13 (ix),a
   0196 F0 F4 2E      [11]  216 	ld	a,-12 (ix)
   0199 F0 FE 61      [11]  217 	adc	a, -2 (ix)
   019C F4 F4 26      [17]  218 	ld	-12 (ix),a
   019F F0 F5 2E      [11]  219 	ld	a,-11 (ix)
   01A2 F0 FF 61      [11]  220 	adc	a, -1 (ix)
   01A5 F4 F5 26      [17]  221 	ld	-11 (ix),a
                            222 ;../_mullonglong.c:43: for(j = 0; (i + j) < sizeof (long long); j++)
   01A8 F0 ED 87      [11]  223 	inc	-19 (ix)
   01AB 1Ar8Ar00      [ 7]  224 	jp	00104$
   01AE                     225 00107$:
                            226 ;../_mullonglong.c:40: for (i = 0; i < sizeof (long long); i++)
   01AE 81            [ 4]  227 	inc	c
   01AF 21            [10]  228 	ld	a,c
   01B0 6A 08         [ 4]  229 	sub	a, #0x08
   01B2 EBr25r00 C7   [ 4]  230 	jp	C,00106$
                            231 ;../_mullonglong.c:50: return(ret);
   01B6 3A 17 00      [13]  232 	ld	hl, #23
   01B9 FE 70         [ 7]  233 	add	hl, sp
   01BB E2 2B         [10]  234 	ld	e, (hl)
   01BD 92            [ 4]  235 	inc	hl
   01BE E2 2A         [10]  236 	ld	d, (hl)
   01C0 3A 01 00      [13]  237 	ld	hl, #1
   01C3 FE 70         [ 7]  238 	add	hl, sp
   01C5 38 08 00      [12]  239 	ld	bc, #8
   01C8 FE 59         [ 7]  240 	ldir
   01CA FC 3E         [17]  241 	ld	sp, ix
   01CC 5C            [ 4]  242 	pop	ix
   01CD 1E            [ 7]  243 	ret
                            244 	.area _HOME
                            245 ;--------------------------------------------------------
                            246 ; code
                            247 ;--------------------------------------------------------
                            248 	.area _CODE
                            249 	.area _CODE
                            250 	.area _INITIALIZER
                            251 	.area _CABS (ABS)
