                              1 ;--------------------------------------------------------
                              2 ; File Created by SDCC : free open source ANSI-C Compiler
                              3 ; Version 3.5.0 #9253 (Apr  4 2022) (Linux)
                              4 ; This file was generated Mon Apr  4 14:16:26 2022
                              5 ;--------------------------------------------------------
                              6 	.module _slong2fs
                              7 	.optsdcc -mtlcs90
                              8 	
                              9 ;--------------------------------------------------------
                             10 ; Public variables in this module
                             11 ;--------------------------------------------------------
                             12 	.globl ___ulong2fs
                             13 	.globl ___slong2fs
                             14 ;--------------------------------------------------------
                             15 ; ram data
                             16 ;--------------------------------------------------------
                             17 	.area _DATA
                             18 ;--------------------------------------------------------
                             19 ; ram data
                             20 ;--------------------------------------------------------
                             21 	.area _INITIALIZED
                             22 ;--------------------------------------------------------
                             23 ; absolute external ram data
                             24 ;--------------------------------------------------------
                             25 	.area _DABS (ABS)
                             26 ;--------------------------------------------------------
                             27 ; global & static initialisations
                             28 ;--------------------------------------------------------
                             29 	.area _HOME
                             30 	.area _GSINIT
                             31 	.area _GSFINAL
                             32 	.area _GSINIT
                             33 ;--------------------------------------------------------
                             34 ; Home
                             35 ;--------------------------------------------------------
                             36 	.area _HOME
                             37 ;../_slong2fs.c:79: float __slong2fs (signed long sl) {
                             38 ;	---------------------------------
                             39 ; Function __slong2fs
                             40 ; ---------------------------------
   0000                      41 ___slong2fs::
   0000 54            [ 4]   42 	push	ix
   0001 3C 00 00      [ 4]   43 	ld	ix,#0
   0004 FE 14         [ 7]   44 	add	ix,sp
                             45 ;../_slong2fs.c:80: if (sl<0) 
   0006 F0 07 AF      [11]   46 	bit	7, 7 (ix)
   0009 C6 26         [ 7]   47 	jr	Z,00102$
                             48 ;../_slong2fs.c:81: return -__ulong2fs(-sl);
   000B FE 65         [ 7]   49 	xor	a, a
   000D F0 04 62      [11]   50 	sub	a, 4 (ix)
   0010 2D            [ 4]   51 	ld	l,a
   0011 36 00         [10]   52 	ld	a, #0x00
   0013 F0 05 63      [11]   53 	sbc	a, 5 (ix)
   0016 2C            [ 4]   54 	ld	h,a
   0017 36 00         [10]   55 	ld	a, #0x00
   0019 F0 06 63      [11]   56 	sbc	a, 6 (ix)
   001C 2B            [ 6]   57 	ld	e,a
   001D 36 00         [10]   58 	ld	a, #0x00
   001F F0 07 63      [11]   59 	sbc	a, 7 (ix)
   0022 2A            [16]   60 	ld	d,a
   0023 51            [ 4]   61 	push	de
   0024 52            [ 4]   62 	push	hl
   0025 1Cr00r00      [ 4]   63 	call	___ulong2fs
   0028 16 04 00      [ 7]   64 	add	sp, #4
   002B 22            [16]   65 	ld	a,d
   002C 6D 80         [ 4]   66 	xor	a,#0x80
   002E 2A            [16]   67 	ld	d,a
   002F C8 0E         [11]   68 	jr	00104$
   0031                      69 00102$:
                             70 ;../_slong2fs.c:83: return __ulong2fs(sl);
   0031 F2 06 4A      [10]   71 	ld	hl, 6 (sp)
   0034 52            [ 4]   72 	push	hl
   0035 F2 06 4A      [10]   73 	ld	hl, 6 (sp)
   0038 52            [ 4]   74 	push	hl
   0039 1Cr00r00      [ 4]   75 	call	___ulong2fs
   003C 16 04 00      [ 7]   76 	add	sp, #4
   003F                      77 00104$:
   003F 5C            [ 4]   78 	pop	ix
   0040 1E            [ 7]   79 	ret
                             80 	.area _HOME
                             81 ;--------------------------------------------------------
                             82 ; code
                             83 ;--------------------------------------------------------
                             84 	.area _CODE
                             85 	.area _CODE
                             86 	.area _INITIALIZER
                             87 	.area _CABS (ABS)
