                              1 ;--------------------------------------------------------
                              2 ; File Created by SDCC : free open source ANSI-C Compiler
                              3 ; Version 3.5.0 #9253 (Apr  4 2022) (Linux)
                              4 ; This file was generated Mon Apr  4 14:16:36 2022
                              5 ;--------------------------------------------------------
                              6 	.module _strspn
                              7 	.optsdcc -mtlcs90
                              8 	
                              9 ;--------------------------------------------------------
                             10 ; Public variables in this module
                             11 ;--------------------------------------------------------
                             12 	.globl _strchr
                             13 	.globl _strspn
                             14 ;--------------------------------------------------------
                             15 ; ram data
                             16 ;--------------------------------------------------------
                             17 	.area _DATA
                             18 ;--------------------------------------------------------
                             19 ; ram data
                             20 ;--------------------------------------------------------
                             21 	.area _INITIALIZED
                             22 ;--------------------------------------------------------
                             23 ; absolute external ram data
                             24 ;--------------------------------------------------------
                             25 	.area _DABS (ABS)
                             26 ;--------------------------------------------------------
                             27 ; global & static initialisations
                             28 ;--------------------------------------------------------
                             29 	.area _HOME
                             30 	.area _GSINIT
                             31 	.area _GSFINAL
                             32 	.area _GSINIT
                             33 ;--------------------------------------------------------
                             34 ; Home
                             35 ;--------------------------------------------------------
                             36 	.area _HOME
                             37 	.area _HOME
                             38 ;--------------------------------------------------------
                             39 ; code
                             40 ;--------------------------------------------------------
                             41 	.area _CODE
                             42 ;../_strspn.c:31: size_t strspn ( const char * string, const char * control )
                             43 ;	---------------------------------
                             44 ; Function strspn
                             45 ; ---------------------------------
   0000                      46 _strspn::
   0000 54            [ 4]   47 	push	ix
   0001 3C 00 00      [ 4]   48 	ld	ix,#0
   0004 FE 14         [ 7]   49 	add	ix,sp
                             50 ;../_strspn.c:36: while (ch = *string) {
   0006 38 00 00      [12]   51 	ld	bc,#0x0000
   0009 08            [ 4]   52 	ex	de, hl
   000A F2 04 4A      [10]   53 	ld	hl, 4 (sp)
   000D 08            [ 4]   54 	ex	de, hl
   000E                      55 00104$:
   000E E1 2E         [10]   56 	ld	a,(de)
                             57 ;../_strspn.c:37: if ( strchr(control,ch) )
   0010 2D            [ 4]   58 	ld	l,a
   0011 FE 66         [ 7]   59 	or	a,a
   0013 C6 1D         [ 7]   60 	jr	Z,00106$
   0015 A2            [ 4]   61 	rla
   0016 FE 63         [ 7]   62 	sbc	a, a
   0018 2C            [ 4]   63 	ld	h,a
   0019 50            [ 4]   64 	push	bc
   001A 51            [ 4]   65 	push	de
   001B 52            [ 4]   66 	push	hl
   001C F2 0C 4A      [10]   67 	ld	hl, 12 (sp)
   001F 52            [ 4]   68 	push	hl
   0020 1Cr00r00      [ 4]   69 	call	_strchr
   0023 16 04 00      [ 7]   70 	add	sp, #4
   0026 59            [ 4]   71 	pop	de
   0027 58            [ 4]   72 	pop	bc
   0028 24            [ 4]   73 	ld	a,h
   0029 FD 66         [19]   74 	or	a,l
   002B C6 05         [ 7]   75 	jr	Z,00106$
                             76 ;../_strspn.c:38: count++ ;
   002D 90            [ 4]   77 	inc	bc
                             78 ;../_strspn.c:41: string++ ;
   002E 91            [ 4]   79 	inc	de
   002F 1Ar0Er00      [ 7]   80 	jp	00104$
   0032                      81 00106$:
                             82 ;../_strspn.c:44: return count ;
   0032 F9 35         [ 6]   83 	ld	l, c
   0034 F8 34         [11]   84 	ld	h, b
   0036 5C            [ 4]   85 	pop	ix
   0037 1E            [ 7]   86 	ret
                             87 	.area _CODE
                             88 	.area _INITIALIZER
                             89 	.area _CABS (ABS)
