                              1 ;--------------------------------------------------------
                              2 ; File Created by SDCC : free open source ANSI-C Compiler
                              3 ; Version 3.5.0 #9253 (Apr  4 2022) (Linux)
                              4 ; This file was generated Mon Apr  4 14:16:36 2022
                              5 ;--------------------------------------------------------
                              6 	.module _strncat
                              7 	.optsdcc -mtlcs90
                              8 	
                              9 ;--------------------------------------------------------
                             10 ; Public variables in this module
                             11 ;--------------------------------------------------------
                             12 	.globl _strncat
                             13 ;--------------------------------------------------------
                             14 ; ram data
                             15 ;--------------------------------------------------------
                             16 	.area _DATA
                             17 ;--------------------------------------------------------
                             18 ; ram data
                             19 ;--------------------------------------------------------
                             20 	.area _INITIALIZED
                             21 ;--------------------------------------------------------
                             22 ; absolute external ram data
                             23 ;--------------------------------------------------------
                             24 	.area _DABS (ABS)
                             25 ;--------------------------------------------------------
                             26 ; global & static initialisations
                             27 ;--------------------------------------------------------
                             28 	.area _HOME
                             29 	.area _GSINIT
                             30 	.area _GSFINAL
                             31 	.area _GSINIT
                             32 ;--------------------------------------------------------
                             33 ; Home
                             34 ;--------------------------------------------------------
                             35 	.area _HOME
                             36 	.area _HOME
                             37 ;--------------------------------------------------------
                             38 ; code
                             39 ;--------------------------------------------------------
                             40 	.area _CODE
                             41 ;../_strncat.c:31: char * strncat ( char * front, const char * back, size_t count )
                             42 ;	---------------------------------
                             43 ; Function strncat
                             44 ; ---------------------------------
   0000                      45 _strncat::
   0000 54            [ 4]   46 	push	ix
   0001 3C 00 00      [ 4]   47 	ld	ix,#0
   0004 FE 14         [ 7]   48 	add	ix,sp
   0006 16 FB FF      [ 7]   49 	add	sp, #-5
                             50 ;../_strncat.c:33: char *start = front;
   0009 F0 04 29      [11]   51 	ld	c,4 (ix)
   000C F0 05 28      [11]   52 	ld	b,5 (ix)
                             53 ;../_strncat.c:35: while (*front++);
   000F F9 35         [ 6]   54 	ld	l, c
   0011 F8 34         [11]   55 	ld	h, b
   0013                      56 00101$:
   0013 E2 2E         [10]   57 	ld	a,(hl)
   0015 92            [ 4]   58 	inc	hl
   0016 FE 66         [ 7]   59 	or	a, a
   0018 CE F9         [ 7]   60 	jr	NZ,00101$
                             61 ;../_strncat.c:37: front--;
   001A 25            [ 4]   62 	ld	a,l
   001B 68 FF         [ 4]   63 	add	a,#0xFF
   001D F4 04 26      [17]   64 	ld	4 (ix),a
   0020 24            [ 4]   65 	ld	a,h
   0021 69 FF         [ 4]   66 	adc	a,#0xFF
   0023 F4 05 26      [17]   67 	ld	5 (ix),a
                             68 ;../_strncat.c:39: while (count--)
   0026 F0 06 2E      [11]   69 	ld	a,6 (ix)
   0029 F4 FB 26      [17]   70 	ld	-5 (ix),a
   002C F0 07 2E      [11]   71 	ld	a,7 (ix)
   002F F4 FC 26      [17]   72 	ld	-4 (ix),a
   0032 08            [ 4]   73 	ex	de, hl
   0033 F2 09 4A      [10]   74 	ld	hl, 9 (sp)
   0036 08            [ 4]   75 	ex	de, hl
   0037 F0 08 2E      [11]   76 	ld	a,8 (ix)
   003A F4 FE 26      [17]   77 	ld	-2 (ix),a
   003D F0 09 2E      [11]   78 	ld	a,9 (ix)
   0040 F4 FF 26      [17]   79 	ld	-1 (ix),a
   0043                      80 00106$:
   0043 F2 03 4A      [10]   81 	ld	hl, 3 (sp)
   0046 F0 FE 2E      [11]   82 	ld	a,-2 (ix)
   0049 68 FF         [ 4]   83 	add	a,#0xFF
   004B F4 FE 26      [17]   84 	ld	-2 (ix),a
   004E F0 FF 2E      [11]   85 	ld	a,-1 (ix)
   0051 69 FF         [ 4]   86 	adc	a,#0xFF
   0053 F4 FF 26      [17]   87 	ld	-1 (ix),a
   0056 24            [ 4]   88 	ld	a,h
   0057 FD 66         [19]   89 	or	a,l
   0059 C6 2A         [ 7]   90 	jr	Z,00108$
                             91 ;../_strncat.c:40: if (!(*front++ = *back++))
   005B 5A            [ 4]   92 	pop	hl
   005C 52            [ 4]   93 	push	hl
   005D E2 2E         [10]   94 	ld	a,(hl)
   005F F4 FD 26      [17]   95 	ld	-3 (ix),a
   0062 F0 FB 87      [11]   96 	inc	-5 (ix)
   0065 CE 03         [ 7]   97 	jr	NZ,00132$
   0067 F0 FC 87      [11]   98 	inc	-4 (ix)
   006A                      99 00132$:
   006A F0 FD 2E      [11]  100 	ld	a,-3 (ix)
   006D E9 26         [ 4]  101 	ld	(de),a
   006F 91            [ 4]  102 	inc	de
   0070 F4 04 23      [17]  103 	ld	4 (ix),e
   0073 F4 05 22      [17]  104 	ld	5 (ix),d
   0076 F0 FD 2E      [11]  105 	ld	a,-3 (ix)
   0079 FE 66         [ 7]  106 	or	a, a
   007B EBr43r00 CE   [ 4]  107 	jp	NZ,00106$
                            108 ;../_strncat.c:41: return(start);
   007F F9 35         [ 6]  109 	ld	l, c
   0081 F8 34         [11]  110 	ld	h, b
   0083 C8 0A         [11]  111 	jr	00109$
   0085                     112 00108$:
                            113 ;../_strncat.c:43: *front = '\0';
   0085 F2 09 4A      [10]  114 	ld	hl, 9 (sp)
   0088 EA 37 00      [10]  115 	ld	(hl),#0x00
                            116 ;../_strncat.c:44: return(start);
   008B F9 35         [ 6]  117 	ld	l, c
   008D F8 34         [11]  118 	ld	h, b
   008F                     119 00109$:
   008F FC 3E         [17]  120 	ld	sp, ix
   0091 5C            [ 4]  121 	pop	ix
   0092 1E            [ 7]  122 	ret
                            123 	.area _CODE
                            124 	.area _INITIALIZER
                            125 	.area _CABS (ABS)
