                              1 ;--------------------------------------------------------
                              2 ; File Created by SDCC : free open source ANSI-C Compiler
                              3 ; Version 3.5.0 #9253 (Apr  4 2022) (Linux)
                              4 ; This file was generated Mon Apr  4 14:16:26 2022
                              5 ;--------------------------------------------------------
                              6 	.module _uchar2fs
                              7 	.optsdcc -mtlcs90
                              8 	
                              9 ;--------------------------------------------------------
                             10 ; Public variables in this module
                             11 ;--------------------------------------------------------
                             12 	.globl ___ulong2fs
                             13 	.globl ___uchar2fs
                             14 ;--------------------------------------------------------
                             15 ; ram data
                             16 ;--------------------------------------------------------
                             17 	.area _DATA
                             18 ;--------------------------------------------------------
                             19 ; ram data
                             20 ;--------------------------------------------------------
                             21 	.area _INITIALIZED
                             22 ;--------------------------------------------------------
                             23 ; absolute external ram data
                             24 ;--------------------------------------------------------
                             25 	.area _DABS (ABS)
                             26 ;--------------------------------------------------------
                             27 ; global & static initialisations
                             28 ;--------------------------------------------------------
                             29 	.area _HOME
                             30 	.area _GSINIT
                             31 	.area _GSFINAL
                             32 	.area _GSINIT
                             33 ;--------------------------------------------------------
                             34 ; Home
                             35 ;--------------------------------------------------------
                             36 	.area _HOME
                             37 ;../_uchar2fs.c:55: float __uchar2fs (unsigned char uc) {
                             38 ;	---------------------------------
                             39 ; Function __uchar2fs
                             40 ; ---------------------------------
   0000                      41 ___uchar2fs::
                             42 ;../_uchar2fs.c:56: return __ulong2fs(uc);
   0000 3D 02 00      [ 4]   43 	ld	iy,#2
   0003 FE 15         [ 7]   44 	add	iy,sp
   0005 E5 2D         [11]   45 	ld	l,0 (iy)
   0007 34 00         [11]   46 	ld	h,#0x00
   0009 39 00 00      [11]   47 	ld	de,#0x0000
   000C 51            [ 4]   48 	push	de
   000D 52            [ 4]   49 	push	hl
   000E 1Cr00r00      [ 4]   50 	call	___ulong2fs
   0011 16 04 00      [ 7]   51 	add	sp, #4
   0014 1E            [ 7]   52 	ret
                             53 	.area _HOME
                             54 ;--------------------------------------------------------
                             55 ; code
                             56 ;--------------------------------------------------------
                             57 	.area _CODE
                             58 	.area _CODE
                             59 	.area _INITIALIZER
                             60 	.area _CABS (ABS)
