                              1 ;--------------------------------------------------------------------------
                              2 ;  crtenter.s
                              3 ;
                              4 ;  Copyright (C) 2015, Alan Cox, Philipp Klaus Krause
                              5 ;
                              6 ;  This library is free software; you can redistribute it and/or modify it
                              7 ;  under the terms of the GNU General Public License as published by the
                              8 ;  Free Software Foundation; either version 2, or (at your option) any
                              9 ;  later version.
                             10 ;
                             11 ;  This library is distributed in the hope that it will be useful,
                             12 ;  but WITHOUT ANY WARRANTY; without even the implied warranty of
                             13 ;  MERCHANTABILITY or FITNESS FOR A PARTICULAR PURPOSE. See the
                             14 ;  GNU General Public License for more details.
                             15 ;
                             16 ;  You should have received a copy of the GNU General Public License
                             17 ;  along with this library; see the file COPYING. If not, write to the
                             18 ;  Free Software Foundation, 51 Franklin Street, Fifth Floor, Boston,
                             19 ;   MA 02110-1301, USA.
                             20 ;
                             21 ;  As a special exception, if you link this library with other files,
                             22 ;  some of which are compiled with SDCC, to produce an executable,
                             23 ;  this library does not by itself cause the resulting executable to
                             24 ;  be covered by the GNU General Public License. This exception does
                             25 ;  not however invalidate any other reasons why the executable file
                             26 ;   might be covered by the GNU General Public License.
                             27 ;--------------------------------------------------------------------------
                             28 
                             29 	.area   _CODE
                             30 
                             31 	.globl ___sdcc_enter_ix
                             32 
                             33 ; Factor out some start of function code to reduce code size
                             34 
   0000                      35 ___sdcc_enter_ix:
   0000 5A            [ 4]   36 	pop	hl	; return address
   0001 54            [ 4]   37 	push	ix	; save frame pointer
   0002 3C 00 00      [ 4]   38 	ld	ix, #0
   0005 FE 14         [ 7]   39 	add	ix, sp	; set ix to the stack frame
   0007 EA C8         [10]   40 	jp	(hl)	; and return
                             41 
