                              1 ;--------------------------------------------------------
                              2 ; File Created by SDCC : free open source ANSI-C Compiler
                              3 ; Version 3.5.0 #9253 (Apr  4 2022) (Linux)
                              4 ; This file was generated Mon Apr  4 14:16:29 2022
                              5 ;--------------------------------------------------------
                              6 	.module fabsf
                              7 	.optsdcc -mtlcs90
                              8 	
                              9 ;--------------------------------------------------------
                             10 ; Public variables in this module
                             11 ;--------------------------------------------------------
                             12 	.globl _fabsf
                             13 ;--------------------------------------------------------
                             14 ; ram data
                             15 ;--------------------------------------------------------
                             16 	.area _DATA
                             17 ;--------------------------------------------------------
                             18 ; ram data
                             19 ;--------------------------------------------------------
                             20 	.area _INITIALIZED
                             21 ;--------------------------------------------------------
                             22 ; absolute external ram data
                             23 ;--------------------------------------------------------
                             24 	.area _DABS (ABS)
                             25 ;--------------------------------------------------------
                             26 ; global & static initialisations
                             27 ;--------------------------------------------------------
                             28 	.area _HOME
                             29 	.area _GSINIT
                             30 	.area _GSFINAL
                             31 	.area _GSINIT
                             32 ;--------------------------------------------------------
                             33 ; Home
                             34 ;--------------------------------------------------------
                             35 	.area _HOME
                             36 	.area _HOME
                             37 ;--------------------------------------------------------
                             38 ; code
                             39 ;--------------------------------------------------------
                             40 	.area _CODE
                             41 ;../fabsf.c:34: float fabsf(float x) _FLOAT_FUNC_REENTRANT
                             42 ;	---------------------------------
                             43 ; Function fabsf
                             44 ; ---------------------------------
   0000                      45 _fabsf::
   0000 54            [ 4]   46 	push	ix
   0001 3C 00 00      [ 4]   47 	ld	ix,#0
   0004 FE 14         [ 7]   48 	add	ix,sp
   0006 16 FC FF      [ 7]   49 	add	sp, #-4
                             50 ;../fabsf.c:38: fl.f = x;
   0009 3A 00 00      [13]   51 	ld	hl,#0x0000
   000C FE 70         [ 7]   52 	add	hl,sp
   000E 08            [ 4]   53 	ex	de,hl
   000F 3A 08 00      [13]   54 	ld	hl, #0x0008
   0012 FE 70         [ 7]   55 	add	hl, sp
   0014 38 04 00      [12]   56 	ld	bc, #0x0004
   0017 FE 59         [ 7]   57 	ldir
                             58 ;../fabsf.c:39: fl.l &= 0x7fffffff;
   0019 3A 00 00      [13]   59 	ld	hl,#0x0000
   001C FE 70         [ 7]   60 	add	hl,sp
   001E 52            [ 4]   61 	push	hl
   001F E2 2B         [10]   62 	ld	e,(hl)
   0021 92            [ 4]   63 	inc	hl
   0022 E2 2A         [10]   64 	ld	d,(hl)
   0024 92            [ 4]   65 	inc	hl
   0025 E2 29         [10]   66 	ld	c,(hl)
   0027 92            [ 4]   67 	inc	hl
   0028 E2 28         [10]   68 	ld	b,(hl)
   002A 5A            [ 4]   69 	pop	hl
   002B F8 B7         [11]   70 	res	7, b
   002D EA 23         [10]   71 	ld	(hl),e
   002F 92            [ 4]   72 	inc	hl
   0030 EA 22         [10]   73 	ld	(hl),d
   0032 92            [ 4]   74 	inc	hl
   0033 EA 21         [10]   75 	ld	(hl),c
   0035 92            [ 4]   76 	inc	hl
   0036 EA 20         [10]   77 	ld	(hl),b
                             78 ;../fabsf.c:40: return fl.f;
   0038 3A 00 00      [13]   79 	ld	hl,#0x0000
   003B FE 70         [ 7]   80 	add	hl,sp
   003D E2 28         [10]   81 	ld	b,(hl)
   003F 92            [ 4]   82 	inc	hl
   0040 E2 29         [10]   83 	ld	c,(hl)
   0042 92            [ 4]   84 	inc	hl
   0043 E2 2B         [10]   85 	ld	e,(hl)
   0045 92            [ 4]   86 	inc	hl
   0046 E2 2A         [10]   87 	ld	d,(hl)
   0048 F8 35         [11]   88 	ld	l,b
   004A F9 34         [ 6]   89 	ld	h,c
   004C FC 3E         [17]   90 	ld	sp, ix
   004E 5C            [ 4]   91 	pop	ix
   004F 1E            [ 7]   92 	ret
                             93 	.area _CODE
                             94 	.area _INITIALIZER
                             95 	.area _CABS (ABS)
