                              1 ;--------------------------------------------------------
                              2 ; File Created by SDCC : free open source ANSI-C Compiler
                              3 ; Version 3.5.0 #9253 (Apr  4 2022) (Linux)
                              4 ; This file was generated Mon Apr  4 14:16:29 2022
                              5 ;--------------------------------------------------------
                              6 	.module frexpf
                              7 	.optsdcc -mtlcs90
                              8 	
                              9 ;--------------------------------------------------------
                             10 ; Public variables in this module
                             11 ;--------------------------------------------------------
                             12 	.globl _frexpf
                             13 ;--------------------------------------------------------
                             14 ; ram data
                             15 ;--------------------------------------------------------
                             16 	.area _DATA
                             17 ;--------------------------------------------------------
                             18 ; ram data
                             19 ;--------------------------------------------------------
                             20 	.area _INITIALIZED
                             21 ;--------------------------------------------------------
                             22 ; absolute external ram data
                             23 ;--------------------------------------------------------
                             24 	.area _DABS (ABS)
                             25 ;--------------------------------------------------------
                             26 ; global & static initialisations
                             27 ;--------------------------------------------------------
                             28 	.area _HOME
                             29 	.area _GSINIT
                             30 	.area _GSFINAL
                             31 	.area _GSINIT
                             32 ;--------------------------------------------------------
                             33 ; Home
                             34 ;--------------------------------------------------------
                             35 	.area _HOME
                             36 	.area _HOME
                             37 ;--------------------------------------------------------
                             38 ; code
                             39 ;--------------------------------------------------------
                             40 	.area _CODE
                             41 ;../frexpf.c:34: float frexpf(float x, int *pw2)
                             42 ;	---------------------------------
                             43 ; Function frexpf
                             44 ; ---------------------------------
   0000                      45 _frexpf::
   0000 54            [ 4]   46 	push	ix
   0001 3C 00 00      [ 4]   47 	ld	ix,#0
   0004 FE 14         [ 7]   48 	add	ix,sp
   0006 16 FA FF      [ 7]   49 	add	sp, #-6
                             50 ;../frexpf.c:39: fl.f=x;
   0009 3A 00 00      [13]   51 	ld	hl,#0x0000
   000C FE 70         [ 7]   52 	add	hl,sp
   000E 08            [ 4]   53 	ex	de,hl
   000F 3A 0A 00      [13]   54 	ld	hl, #0x000A
   0012 FE 70         [ 7]   55 	add	hl, sp
   0014 38 04 00      [12]   56 	ld	bc, #0x0004
   0017 FE 59         [ 7]   57 	ldir
                             58 ;../frexpf.c:41: i  = ( fl.l >> 23) & 0x000000ff;
   0019 3A 00 00      [13]   59 	ld	hl,#0x0000
   001C FE 70         [ 7]   60 	add	hl,sp
   001E F6 04 42      [ 7]   61 	ld	4 (sp), hl
   0021 F2 04 4A      [10]   62 	ld	hl, 4 (sp)
   0024 E2 2B         [10]   63 	ld	e,(hl)
   0026 92            [ 4]   64 	inc	hl
   0027 E2 2A         [10]   65 	ld	d,(hl)
   0029 92            [ 4]   66 	inc	hl
   002A E2 29         [10]   67 	ld	c,(hl)
   002C 92            [ 4]   68 	inc	hl
   002D E2 28         [10]   69 	ld	b,(hl)
   002F 36 17         [10]   70 	ld	a,#0x17
   0031                      71 00103$:
   0031 F8 A5         [11]   72 	sra	b
   0033 F9 A3         [ 6]   73 	rr	c
   0035 FA A3         [10]   74 	rr	d
   0037 FB A3         [ 4]   75 	rr	e
   0039 8E            [ 7]   76 	dec	a
   003A CE F5         [ 7]   77 	jr	NZ,00103$
   003C 32 00         [13]   78 	ld	d,#0x00
   003E 3A 00 00      [13]   79 	ld	hl,#0x0000
                             80 ;../frexpf.c:42: i -= 0x7e;
   0041 23            [ 6]   81 	ld	a,e
   0042 68 82         [ 4]   82 	add	a,#0x82
   0044 2B            [ 6]   83 	ld	e,a
   0045 22            [16]   84 	ld	a,d
   0046 69 FF         [ 4]   85 	adc	a,#0xFF
   0048 2A            [16]   86 	ld	d,a
   0049 25            [ 4]   87 	ld	a,l
   004A 69 FF         [ 4]   88 	adc	a,#0xFF
   004C 24            [ 4]   89 	ld	a,h
   004D 69 FF         [ 4]   90 	adc	a,#0xFF
                             91 ;../frexpf.c:43: *pw2 = i;
   004F F2 0E 4A      [10]   92 	ld	hl, 14 (sp)
   0052 EA 23         [10]   93 	ld	(hl),e
   0054 92            [ 4]   94 	inc	hl
   0055 EA 22         [10]   95 	ld	(hl),d
                             96 ;../frexpf.c:44: fl.l &= 0x807fffff; /* strip all exponent bits */
   0057 F2 04 4A      [10]   97 	ld	hl, 4 (sp)
   005A E2 2B         [10]   98 	ld	e,(hl)
   005C 92            [ 4]   99 	inc	hl
   005D E2 2A         [10]  100 	ld	d,(hl)
   005F 92            [ 4]  101 	inc	hl
   0060 E2 29         [10]  102 	ld	c,(hl)
   0062 92            [ 4]  103 	inc	hl
   0063 E2 28         [10]  104 	ld	b,(hl)
   0065 F9 B7         [ 6]  105 	res	7, c
   0067 20            [12]  106 	ld	a,b
   0068 6C 80         [ 4]  107 	and	a, #0x80
   006A 28            [12]  108 	ld	b,a
   006B F2 04 4A      [10]  109 	ld	hl, 4 (sp)
   006E EA 23         [10]  110 	ld	(hl),e
   0070 92            [ 4]  111 	inc	hl
   0071 EA 22         [10]  112 	ld	(hl),d
   0073 92            [ 4]  113 	inc	hl
   0074 EA 21         [10]  114 	ld	(hl),c
   0076 92            [ 4]  115 	inc	hl
   0077 EA 20         [10]  116 	ld	(hl),b
                            117 ;../frexpf.c:45: fl.l |= 0x3f000000; /* mantissa between 0.5 and 1 */
   0079 F2 04 4A      [10]  118 	ld	hl, 4 (sp)
   007C E2 2B         [10]  119 	ld	e,(hl)
   007E 92            [ 4]  120 	inc	hl
   007F E2 2A         [10]  121 	ld	d,(hl)
   0081 92            [ 4]  122 	inc	hl
   0082 E2 29         [10]  123 	ld	c,(hl)
   0084 92            [ 4]  124 	inc	hl
   0085 E2 2E         [10]  125 	ld	a, (hl)
   0087 6E 3F         [ 7]  126 	or	a, #0x3F
   0089 28            [12]  127 	ld	b,a
   008A F2 04 4A      [10]  128 	ld	hl, 4 (sp)
   008D EA 23         [10]  129 	ld	(hl),e
   008F 92            [ 4]  130 	inc	hl
   0090 EA 22         [10]  131 	ld	(hl),d
   0092 92            [ 4]  132 	inc	hl
   0093 EA 21         [10]  133 	ld	(hl),c
   0095 92            [ 4]  134 	inc	hl
   0096 EA 20         [10]  135 	ld	(hl),b
                            136 ;../frexpf.c:46: return(fl.f);
   0098 3A 00 00      [13]  137 	ld	hl,#0x0000
   009B FE 70         [ 7]  138 	add	hl,sp
   009D E2 28         [10]  139 	ld	b,(hl)
   009F 92            [ 4]  140 	inc	hl
   00A0 E2 29         [10]  141 	ld	c,(hl)
   00A2 92            [ 4]  142 	inc	hl
   00A3 E2 2B         [10]  143 	ld	e,(hl)
   00A5 92            [ 4]  144 	inc	hl
   00A6 E2 2A         [10]  145 	ld	d,(hl)
   00A8 F8 35         [11]  146 	ld	l,b
   00AA F9 34         [ 6]  147 	ld	h,c
   00AC FC 3E         [17]  148 	ld	sp, ix
   00AE 5C            [ 4]  149 	pop	ix
   00AF 1E            [ 7]  150 	ret
                            151 	.area _CODE
                            152 	.area _INITIALIZER
                            153 	.area _CABS (ABS)
