                              1 ;--------------------------------------------------------
                              2 ; File Created by SDCC : free open source ANSI-C Compiler
                              3 ; Version 3.5.0 #9253 (Apr  4 2022) (Linux)
                              4 ; This file was generated Mon Apr  4 14:16:35 2022
                              5 ;--------------------------------------------------------
                              6 	.module isalpha
                              7 	.optsdcc -mtlcs90
                              8 	
                              9 ;--------------------------------------------------------
                             10 ; Public variables in this module
                             11 ;--------------------------------------------------------
                             12 	.globl _isalpha
                             13 ;--------------------------------------------------------
                             14 ; ram data
                             15 ;--------------------------------------------------------
                             16 	.area _DATA
                             17 ;--------------------------------------------------------
                             18 ; ram data
                             19 ;--------------------------------------------------------
                             20 	.area _INITIALIZED
                             21 ;--------------------------------------------------------
                             22 ; absolute external ram data
                             23 ;--------------------------------------------------------
                             24 	.area _DABS (ABS)
                             25 ;--------------------------------------------------------
                             26 ; global & static initialisations
                             27 ;--------------------------------------------------------
                             28 	.area _HOME
                             29 	.area _GSINIT
                             30 	.area _GSFINAL
                             31 	.area _GSINIT
                             32 ;--------------------------------------------------------
                             33 ; Home
                             34 ;--------------------------------------------------------
                             35 	.area _HOME
                             36 	.area _HOME
                             37 ;--------------------------------------------------------
                             38 ; code
                             39 ;--------------------------------------------------------
                             40 	.area _CODE
                             41 ;../isalpha.c:37: int isalpha (int c)
                             42 ;	---------------------------------
                             43 ; Function isalpha
                             44 ; ---------------------------------
   0000                      45 _isalpha::
   0000 9E            [ 7]   46 	dec	sp
                             47 ;../isalpha.c:39: return (isupper (c) || islower (c));
   0001 F2 03 4A      [10]   48 	ld	hl, 3 (sp)
                             49 ;./../../include/ctype.h:80: return ((unsigned char)c >= 'A' && (unsigned char)c <= 'Z');
   0004 25            [ 4]   50 	ld	a,l
   0005 6A 41         [ 4]   51 	sub	a, #0x41
   0007 C7 06         [11]   52 	jr	C,00110$
   0009 36 5A         [10]   53 	ld	a,#0x5A
   000B FD 62                54 	sub	a, l
   000D CF 0F         [11]   55 	jr	NC,00106$
   000F                      56 00110$:
                             57 ;./../../include/ctype.h:71: return ((unsigned char)c >= 'a' && (unsigned char)c <= 'z');
   000F 25            [ 4]   58 	ld	a,l
   0010 6A 61         [ 4]   59 	sub	a, #0x61
   0012 C7 06         [11]   60 	jr	C,00113$
   0014 36 7A         [10]   61 	ld	a,#0x7A
   0016 FD 62                62 	sub	a, l
   0018 CF 04         [11]   63 	jr	NC,00106$
   001A                      64 00113$:
                             65 ;../isalpha.c:39: return (isupper (c) || islower (c));
   001A 36 00         [10]   66 	ld	a,#0x00
   001C C8 02         [11]   67 	jr	00107$
   001E                      68 00106$:
   001E 36 01         [10]   69 	ld	a,#0x01
   0020                      70 00107$:
   0020 2D            [ 4]   71 	ld	l,a
   0021 A2            [ 4]   72 	rla
   0022 FE 63         [ 7]   73 	sbc	a, a
   0024 2C            [ 4]   74 	ld	h,a
   0025 96            [ 7]   75 	inc	sp
   0026 1E            [ 7]   76 	ret
                             77 	.area _CODE
                             78 	.area _INITIALIZER
                             79 	.area _CABS (ABS)
