                              1 ;--------------------------------------------------------
                              2 ; File Created by SDCC : free open source ANSI-C Compiler
                              3 ; Version 3.5.0 #9253 (Apr  4 2022) (Linux)
                              4 ; This file was generated Mon Apr  4 14:16:35 2022
                              5 ;--------------------------------------------------------
                              6 	.module isprint
                              7 	.optsdcc -mtlcs90
                              8 	
                              9 ;--------------------------------------------------------
                             10 ; Public variables in this module
                             11 ;--------------------------------------------------------
                             12 	.globl _isprint
                             13 ;--------------------------------------------------------
                             14 ; ram data
                             15 ;--------------------------------------------------------
                             16 	.area _DATA
                             17 ;--------------------------------------------------------
                             18 ; ram data
                             19 ;--------------------------------------------------------
                             20 	.area _INITIALIZED
                             21 ;--------------------------------------------------------
                             22 ; absolute external ram data
                             23 ;--------------------------------------------------------
                             24 	.area _DABS (ABS)
                             25 ;--------------------------------------------------------
                             26 ; global & static initialisations
                             27 ;--------------------------------------------------------
                             28 	.area _HOME
                             29 	.area _GSINIT
                             30 	.area _GSFINAL
                             31 	.area _GSINIT
                             32 ;--------------------------------------------------------
                             33 ; Home
                             34 ;--------------------------------------------------------
                             35 	.area _HOME
                             36 	.area _HOME
                             37 ;--------------------------------------------------------
                             38 ; code
                             39 ;--------------------------------------------------------
                             40 	.area _CODE
                             41 ;../isprint.c:33: int isprint (int c)
                             42 ;	---------------------------------
                             43 ; Function isprint
                             44 ; ---------------------------------
   0000                      45 _isprint::
   0000 9E            [ 7]   46 	dec	sp
                             47 ;../isprint.c:35: return (c >= ' ' && c <= '~');
   0001 3D 03 00      [ 4]   48 	ld	iy,#3
   0004 FE 15         [ 7]   49 	add	iy,sp
   0006 E5 2E         [11]   50 	ld	a,0 (iy)
   0008 6A 20         [ 4]   51 	sub	a, #0x20
   000A F1 01 2E      [10]   52 	ld	a,1 (iy)
   000D A2            [ 4]   53 	rla
   000E 0E            [ 7]   54 	ccf
   000F A3            [ 4]   55 	rra
   0010 6B 80         [ 4]   56 	sbc	a, #0x80
   0012 C7 13         [11]   57 	jr	C,00103$
   0014 36 7E         [10]   58 	ld	a,#0x7E
   0016 E5 67         [11]   59 	cp	a, 0 (iy)
   0018 36 00         [10]   60 	ld	a,#0x00
   001A F1 01 63      [10]   61 	sbc	a, 1 (iy)
   001D EBr23r00 CC   [ 4]   62 	jp	PO, 00110$
   0021 6D 80         [ 4]   63 	xor	a, #0x80
   0023                      64 00110$:
   0023 EBr2Br00 CD   [ 4]   65 	jp	P,00104$
   0027                      66 00103$:
   0027 36 00         [10]   67 	ld	a,#0x00
   0029 C8 02         [11]   68 	jr	00105$
   002B                      69 00104$:
   002B 36 01         [10]   70 	ld	a,#0x01
   002D                      71 00105$:
   002D 2D            [ 4]   72 	ld	l,a
   002E A2            [ 4]   73 	rla
   002F FE 63         [ 7]   74 	sbc	a, a
   0031 2C            [ 4]   75 	ld	h,a
   0032 96            [ 7]   76 	inc	sp
   0033 1E            [ 7]   77 	ret
                             78 	.area _CODE
                             79 	.area _INITIALIZER
                             80 	.area _CABS (ABS)
