                              1 ;--------------------------------------------------------
                              2 ; File Created by SDCC : free open source ANSI-C Compiler
                              3 ; Version 3.5.0 #9253 (Apr  4 2022) (Linux)
                              4 ; This file was generated Mon Apr  4 14:16:35 2022
                              5 ;--------------------------------------------------------
                              6 	.module isspace
                              7 	.optsdcc -mtlcs90
                              8 	
                              9 ;--------------------------------------------------------
                             10 ; Public variables in this module
                             11 ;--------------------------------------------------------
                             12 	.globl _isspace
                             13 ;--------------------------------------------------------
                             14 ; ram data
                             15 ;--------------------------------------------------------
                             16 	.area _DATA
                             17 ;--------------------------------------------------------
                             18 ; ram data
                             19 ;--------------------------------------------------------
                             20 	.area _INITIALIZED
                             21 ;--------------------------------------------------------
                             22 ; absolute external ram data
                             23 ;--------------------------------------------------------
                             24 	.area _DABS (ABS)
                             25 ;--------------------------------------------------------
                             26 ; global & static initialisations
                             27 ;--------------------------------------------------------
                             28 	.area _HOME
                             29 	.area _GSINIT
                             30 	.area _GSFINAL
                             31 	.area _GSINIT
                             32 ;--------------------------------------------------------
                             33 ; Home
                             34 ;--------------------------------------------------------
                             35 	.area _HOME
                             36 	.area _HOME
                             37 ;--------------------------------------------------------
                             38 ; code
                             39 ;--------------------------------------------------------
                             40 	.area _CODE
                             41 ;../isspace.c:37: int isspace (int c)
                             42 ;	---------------------------------
                             43 ; Function isspace
                             44 ; ---------------------------------
   0000                      45 _isspace::
   0000 54            [ 4]   46 	push	ix
   0001 3C 00 00      [ 4]   47 	ld	ix,#0
   0004 FE 14         [ 7]   48 	add	ix,sp
                             49 ;../isspace.c:39: return (c == ' ' || c == '\f' || c == '\n' || c == '\r' || c == '\t' || c == '\v');
   0006 F0 04 2E      [11]   50 	ld	a,4 (ix)
   0009 6A 20         [ 4]   51 	sub	a, #0x20
   000B CE 09         [ 7]   52 	jr	NZ,00142$
   000D F0 05 2E      [11]   53 	ld	a,5 (ix)
   0010 FE 66         [ 7]   54 	or	a, a
   0012 EBr62r00 C6   [ 4]   55 	jp	Z,00104$
   0016                      56 00142$:
   0016 F0 04 2E      [11]   57 	ld	a,4 (ix)
   0019 6A 0C         [ 4]   58 	sub	a, #0x0C
   001B CE 09         [ 7]   59 	jr	NZ,00143$
   001D F0 05 2E      [11]   60 	ld	a,5 (ix)
   0020 FE 66         [ 7]   61 	or	a, a
   0022 EBr62r00 C6   [ 4]   62 	jp	Z,00104$
   0026                      63 00143$:
   0026 F0 04 2E      [11]   64 	ld	a,4 (ix)
   0029 6A 0A         [ 4]   65 	sub	a, #0x0A
   002B CE 07         [ 7]   66 	jr	NZ,00144$
   002D F0 05 2E      [11]   67 	ld	a,5 (ix)
   0030 FE 66         [ 7]   68 	or	a, a
   0032 C6 2E         [ 7]   69 	jr	Z,00104$
   0034                      70 00144$:
   0034 F0 04 2E      [11]   71 	ld	a,4 (ix)
   0037 6A 0D         [ 4]   72 	sub	a, #0x0D
   0039 CE 07         [ 7]   73 	jr	NZ,00145$
   003B F0 05 2E      [11]   74 	ld	a,5 (ix)
   003E FE 66         [ 7]   75 	or	a, a
   0040 C6 20         [ 7]   76 	jr	Z,00104$
   0042                      77 00145$:
   0042 F0 04 2E      [11]   78 	ld	a,4 (ix)
   0045 6A 09         [ 4]   79 	sub	a, #0x09
   0047 CE 07         [ 7]   80 	jr	NZ,00146$
   0049 F0 05 2E      [11]   81 	ld	a,5 (ix)
   004C FE 66         [ 7]   82 	or	a, a
   004E C6 12         [ 7]   83 	jr	Z,00104$
   0050                      84 00146$:
   0050 F0 04 2E      [11]   85 	ld	a,4 (ix)
   0053 6A 0B         [ 4]   86 	sub	a, #0x0B
   0055 CE 07         [ 7]   87 	jr	NZ,00147$
   0057 F0 05 2E      [11]   88 	ld	a,5 (ix)
   005A FE 66         [ 7]   89 	or	a, a
   005C C6 04         [ 7]   90 	jr	Z,00104$
   005E                      91 00147$:
   005E 36 00         [10]   92 	ld	a,#0x00
   0060 C8 02         [11]   93 	jr	00105$
   0062                      94 00104$:
   0062 36 01         [10]   95 	ld	a,#0x01
   0064                      96 00105$:
   0064 2D            [ 4]   97 	ld	l,a
   0065 A2            [ 4]   98 	rla
   0066 FE 63         [ 7]   99 	sbc	a, a
   0068 2C            [ 4]  100 	ld	h,a
   0069 5C            [ 4]  101 	pop	ix
   006A 1E            [ 7]  102 	ret
                            103 	.area _CODE
                            104 	.area _INITIALIZER
                            105 	.area _CABS (ABS)
