                              1 ;--------------------------------------------------------
                              2 ; File Created by SDCC : free open source ANSI-C Compiler
                              3 ; Version 3.5.0 #9253 (Apr  4 2022) (Linux)
                              4 ; This file was generated Mon Apr  4 14:16:31 2022
                              5 ;--------------------------------------------------------
                              6 	.module logf
                              7 	.optsdcc -mtlcs90
                              8 	
                              9 ;--------------------------------------------------------
                             10 ; Public variables in this module
                             11 ;--------------------------------------------------------
                             12 	.globl _frexpf
                             13 	.globl _logf
                             14 ;--------------------------------------------------------
                             15 ; ram data
                             16 ;--------------------------------------------------------
                             17 	.area _DATA
                             18 ;--------------------------------------------------------
                             19 ; ram data
                             20 ;--------------------------------------------------------
                             21 	.area _INITIALIZED
                             22 ;--------------------------------------------------------
                             23 ; absolute external ram data
                             24 ;--------------------------------------------------------
                             25 	.area _DABS (ABS)
                             26 ;--------------------------------------------------------
                             27 ; global & static initialisations
                             28 ;--------------------------------------------------------
                             29 	.area _HOME
                             30 	.area _GSINIT
                             31 	.area _GSFINAL
                             32 	.area _GSINIT
                             33 ;--------------------------------------------------------
                             34 ; Home
                             35 ;--------------------------------------------------------
                             36 	.area _HOME
                             37 	.area _HOME
                             38 ;--------------------------------------------------------
                             39 ; code
                             40 ;--------------------------------------------------------
                             41 	.area _CODE
                             42 ;../logf.c:216: float logf(float x) _FLOAT_FUNC_REENTRANT
                             43 ;	---------------------------------
                             44 ; Function logf
                             45 ; ---------------------------------
   0000                      46 _logf::
   0000 54            [ 4]   47 	push	ix
   0001 3C 00 00      [ 4]   48 	ld	ix,#0
   0004 FE 14         [ 7]   49 	add	ix,sp
   0006 16 E6 FF      [ 7]   50 	add	sp, #-26
                             51 ;../logf.c:226: if (x<=0.0)
   0009 3A 00 00      [13]   52 	ld	hl,#0x0000
   000C 52            [ 4]   53 	push	hl
   000D 3A 00 00      [13]   54 	ld	hl,#0x0000
   0010 52            [ 4]   55 	push	hl
   0011 F2 24 4A      [10]   56 	ld	hl, 36 (sp)
   0014 52            [ 4]   57 	push	hl
   0015 F2 24 4A      [10]   58 	ld	hl, 36 (sp)
   0018 52            [ 4]   59 	push	hl
   0019 1Cr00r00      [ 4]   60 	call	___fsgt
   001C 16 08 00      [ 7]   61 	add	sp, #8
   001F 25            [ 4]   62 	ld	a, l
   0020 FE 66         [ 7]   63 	or	a, a
   0022 CE 11         [ 7]   64 	jr	NZ,00102$
                             65 ;../logf.c:228: errno=EDOM;
   0024 3A 21 00      [13]   66 	ld	hl,#0x0021
   0027 EBr00r00 42   [ 4]   67 	ld	(_errno),hl
                             68 ;../logf.c:229: return 0.0;
   002B 3A 00 00      [13]   69 	ld	hl,#0x0000
   002E FD 33                70 	ld	e,l
   0030 FC 32         [17]   71 	ld	d,h
   0032 1Ar31r02      [ 7]   72 	jp	00106$
   0035                      73 00102$:
                             74 ;../logf.c:231: f=frexpf(x, &n);
   0035 3A 00 00      [13]   75 	ld	hl,#0x0000
   0038 FE 70         [ 7]   76 	add	hl,sp
   003A 52            [ 4]   77 	push	hl
   003B F2 22 4A      [10]   78 	ld	hl, 34 (sp)
   003E 52            [ 4]   79 	push	hl
   003F F2 22 4A      [10]   80 	ld	hl, 34 (sp)
   0042 52            [ 4]   81 	push	hl
   0043 1Cr00r00      [ 4]   82 	call	_frexpf
   0046 16 06 00      [ 7]   83 	add	sp, #6
   0049 F4 F4 25      [17]   84 	ld	-12 (ix),l
   004C F4 F5 24      [17]   85 	ld	-11 (ix),h
   004F F4 F6 23      [17]   86 	ld	-10 (ix),e
   0052 F4 F7 22      [17]   87 	ld	-9 (ix),d
                             88 ;../logf.c:232: znum=f-0.5;
   0055 3A 00 3F      [13]   89 	ld	hl,#0x3F00
   0058 52            [ 4]   90 	push	hl
   0059 3A 00 00      [13]   91 	ld	hl,#0x0000
   005C 52            [ 4]   92 	push	hl
   005D F2 14 4A      [10]   93 	ld	hl, 20 (sp)
   0060 52            [ 4]   94 	push	hl
   0061 F2 14 4A      [10]   95 	ld	hl, 20 (sp)
   0064 52            [ 4]   96 	push	hl
   0065 1Cr00r00      [ 4]   97 	call	___fssub
   0068 16 08 00      [ 7]   98 	add	sp, #8
   006B F4 EC 25      [17]   99 	ld	-20 (ix),l
   006E F4 ED 24      [17]  100 	ld	-19 (ix),h
   0071 F4 EE 23      [17]  101 	ld	-18 (ix),e
   0074 F4 EF 22      [17]  102 	ld	-17 (ix),d
                            103 ;../logf.c:233: if (f>C0)
   0077 3A 35 3F      [13]  104 	ld	hl,#0x3F35
   007A 52            [ 4]  105 	push	hl
   007B 3A F3 04      [13]  106 	ld	hl,#0x04F3
   007E 52            [ 4]  107 	push	hl
   007F F2 14 4A      [10]  108 	ld	hl, 20 (sp)
   0082 52            [ 4]  109 	push	hl
   0083 F2 14 4A      [10]  110 	ld	hl, 20 (sp)
   0086 52            [ 4]  111 	push	hl
   0087 1Cr00r00      [ 4]  112 	call	___fsgt
   008A 16 08 00      [ 7]  113 	add	sp, #8
   008D 25            [ 4]  114 	ld	a,l
   008E FE 66         [ 7]  115 	or	a, a
   0090 EBrE7r00 C6   [ 4]  116 	jp	Z,00104$
                            117 ;../logf.c:235: znum-=0.5;
   0094 3A 00 3F      [13]  118 	ld	hl,#0x3F00
   0097 52            [ 4]  119 	push	hl
   0098 3A 00 00      [13]  120 	ld	hl,#0x0000
   009B 52            [ 4]  121 	push	hl
   009C F2 0C 4A      [10]  122 	ld	hl, 12 (sp)
   009F 52            [ 4]  123 	push	hl
   00A0 F2 0C 4A      [10]  124 	ld	hl, 12 (sp)
   00A3 52            [ 4]  125 	push	hl
   00A4 1Cr00r00      [ 4]  126 	call	___fssub
   00A7 16 08 00      [ 7]  127 	add	sp, #8
   00AA F4 EC 25      [17]  128 	ld	-20 (ix),l
   00AD F4 ED 24      [17]  129 	ld	-19 (ix),h
   00B0 F4 EE 23      [17]  130 	ld	-18 (ix),e
   00B3 F4 EF 22      [17]  131 	ld	-17 (ix),d
                            132 ;../logf.c:236: zden=(f*0.5)+0.5;
   00B6 F2 10 4A      [10]  133 	ld	hl, 16 (sp)
   00B9 52            [ 4]  134 	push	hl
   00BA F2 10 4A      [10]  135 	ld	hl, 16 (sp)
   00BD 52            [ 4]  136 	push	hl
   00BE 3A 00 3F      [13]  137 	ld	hl,#0x3F00
   00C1 52            [ 4]  138 	push	hl
   00C2 3A 00 00      [13]  139 	ld	hl,#0x0000
   00C5 52            [ 4]  140 	push	hl
   00C6 1Cr00r00      [ 4]  141 	call	___fsmul
   00C9 16 08 00      [ 7]  142 	add	sp, #8
   00CC FD 31               143 	ld	c,l
   00CE FC 30         [17]  144 	ld	b,h
   00D0 3A 00 3F      [13]  145 	ld	hl,#0x3F00
   00D3 52            [ 4]  146 	push	hl
   00D4 3A 00 00      [13]  147 	ld	hl,#0x0000
   00D7 52            [ 4]  148 	push	hl
   00D8 51            [ 4]  149 	push	de
   00D9 50            [ 4]  150 	push	bc
   00DA 1Cr00r00      [ 4]  151 	call	___fsadd
   00DD 16 08 00      [ 7]  152 	add	sp, #8
   00E0 FD 31               153 	ld	c,l
   00E2 FC 30         [17]  154 	ld	b,h
   00E4 1Ar1Ar01      [ 7]  155 	jp	00105$
   00E7                     156 00104$:
                            157 ;../logf.c:240: n--;
   00E7 5A            [ 4]  158 	pop	hl
   00E8 52            [ 4]  159 	push	hl
   00E9 9A            [ 4]  160 	dec	hl
   00EA E6 52         [ 7]  161 	ex	(sp), hl
                            162 ;../logf.c:241: zden=znum*0.5+0.5;
   00EC F2 08 4A      [10]  163 	ld	hl, 8 (sp)
   00EF 52            [ 4]  164 	push	hl
   00F0 F2 08 4A      [10]  165 	ld	hl, 8 (sp)
   00F3 52            [ 4]  166 	push	hl
   00F4 3A 00 3F      [13]  167 	ld	hl,#0x3F00
   00F7 52            [ 4]  168 	push	hl
   00F8 3A 00 00      [13]  169 	ld	hl,#0x0000
   00FB 52            [ 4]  170 	push	hl
   00FC 1Cr00r00      [ 4]  171 	call	___fsmul
   00FF 16 08 00      [ 7]  172 	add	sp, #8
   0102 FD 31               173 	ld	c,l
   0104 FC 30         [17]  174 	ld	b,h
   0106 3A 00 3F      [13]  175 	ld	hl,#0x3F00
   0109 52            [ 4]  176 	push	hl
   010A 3A 00 00      [13]  177 	ld	hl,#0x0000
   010D 52            [ 4]  178 	push	hl
   010E 51            [ 4]  179 	push	de
   010F 50            [ 4]  180 	push	bc
   0110 1Cr00r00      [ 4]  181 	call	___fsadd
   0113 16 08 00      [ 7]  182 	add	sp, #8
   0116 FD 31               183 	ld	c,l
   0118 FC 30         [17]  184 	ld	b,h
   011A                     185 00105$:
                            186 ;../logf.c:243: z=znum/zden;
   011A 51            [ 4]  187 	push	de
   011B 50            [ 4]  188 	push	bc
   011C F2 0C 4A      [10]  189 	ld	hl, 12 (sp)
   011F 52            [ 4]  190 	push	hl
   0120 F2 0C 4A      [10]  191 	ld	hl, 12 (sp)
   0123 52            [ 4]  192 	push	hl
   0124 1Cr00r00      [ 4]  193 	call	___fsdiv
   0127 16 08 00      [ 7]  194 	add	sp, #8
   012A F4 F0 25      [17]  195 	ld	-16 (ix),l
   012D F4 F1 24      [17]  196 	ld	-15 (ix),h
   0130 F4 F2 23      [17]  197 	ld	-14 (ix),e
   0133 F4 F3 22      [17]  198 	ld	-13 (ix),d
                            199 ;../logf.c:244: w=z*z;
   0136 F2 0C 4A      [10]  200 	ld	hl, 12 (sp)
   0139 52            [ 4]  201 	push	hl
   013A F2 0C 4A      [10]  202 	ld	hl, 12 (sp)
   013D 52            [ 4]  203 	push	hl
   013E F2 10 4A      [10]  204 	ld	hl, 16 (sp)
   0141 52            [ 4]  205 	push	hl
   0142 F2 10 4A      [10]  206 	ld	hl, 16 (sp)
   0145 52            [ 4]  207 	push	hl
   0146 1Cr00r00      [ 4]  208 	call	___fsmul
   0149 16 08 00      [ 7]  209 	add	sp, #8
   014C FD 31               210 	ld	c,l
   014E FC 30         [17]  211 	ld	b,h
                            212 ;../logf.c:246: Rz=z+z*(w*A(w)/B(w));
   0150 50            [ 4]  213 	push	bc
   0151 51            [ 4]  214 	push	de
   0152 51            [ 4]  215 	push	de
   0153 50            [ 4]  216 	push	bc
   0154 3A 0D BF      [13]  217 	ld	hl,#0xBF0D
   0157 52            [ 4]  218 	push	hl
   0158 3A 3D 7E      [13]  219 	ld	hl,#0x7E3D
   015B 52            [ 4]  220 	push	hl
   015C 1Cr00r00      [ 4]  221 	call	___fsmul
   015F 16 08 00      [ 7]  222 	add	sp, #8
   0162 F4 FF 22      [17]  223 	ld	-1 (ix),d
   0165 F4 FE 23      [17]  224 	ld	-2 (ix),e
   0168 F4 FD 24      [17]  225 	ld	-3 (ix),h
   016B F4 FC 25      [17]  226 	ld	-4 (ix),l
   016E 59            [ 4]  227 	pop	de
   016F 58            [ 4]  228 	pop	bc
   0170 3A D4 C0      [13]  229 	ld	hl,#0xC0D4
   0173 52            [ 4]  230 	push	hl
   0174 3A 3A 3F      [13]  231 	ld	hl,#0x3F3A
   0177 52            [ 4]  232 	push	hl
   0178 51            [ 4]  233 	push	de
   0179 50            [ 4]  234 	push	bc
   017A 1Cr00r00      [ 4]  235 	call	___fsadd
   017D 16 08 00      [ 7]  236 	add	sp, #8
   0180 08            [ 4]  237 	ex	de, hl
   0181 52            [ 4]  238 	push	hl
   0182 51            [ 4]  239 	push	de
   0183 F2 1C 4A      [10]  240 	ld	hl, 28 (sp)
   0186 52            [ 4]  241 	push	hl
   0187 F2 1C 4A      [10]  242 	ld	hl, 28 (sp)
   018A 52            [ 4]  243 	push	hl
   018B 1Cr00r00      [ 4]  244 	call	___fsdiv
   018E 16 08 00      [ 7]  245 	add	sp, #8
   0191 08            [ 4]  246 	ex	de, hl
   0192 52            [ 4]  247 	push	hl
   0193 51            [ 4]  248 	push	de
   0194 F2 10 4A      [10]  249 	ld	hl, 16 (sp)
   0197 52            [ 4]  250 	push	hl
   0198 F2 10 4A      [10]  251 	ld	hl, 16 (sp)
   019B 52            [ 4]  252 	push	hl
   019C 1Cr00r00      [ 4]  253 	call	___fsmul
   019F 16 08 00      [ 7]  254 	add	sp, #8
   01A2 08            [ 4]  255 	ex	de, hl
   01A3 52            [ 4]  256 	push	hl
   01A4 51            [ 4]  257 	push	de
   01A5 F2 10 4A      [10]  258 	ld	hl, 16 (sp)
   01A8 52            [ 4]  259 	push	hl
   01A9 F2 10 4A      [10]  260 	ld	hl, 16 (sp)
   01AC 52            [ 4]  261 	push	hl
   01AD 1Cr00r00      [ 4]  262 	call	___fsadd
   01B0 16 08 00      [ 7]  263 	add	sp, #8
   01B3 F4 F8 25      [17]  264 	ld	-8 (ix),l
   01B6 F4 F9 24      [17]  265 	ld	-7 (ix),h
   01B9 F4 FA 23      [17]  266 	ld	-6 (ix),e
   01BC F4 FB 22      [17]  267 	ld	-5 (ix),d
                            268 ;../logf.c:247: xn=n;
   01BF 5A            [ 4]  269 	pop	hl
   01C0 52            [ 4]  270 	push	hl
   01C1 52            [ 4]  271 	push	hl
   01C2 1Cr00r00      [ 4]  272 	call	___sint2fs
   01C5 16 02 00      [ 7]  273 	add	sp, #2
   01C8 F4 E8 25      [17]  274 	ld	-24 (ix),l
   01CB F4 E9 24      [17]  275 	ld	-23 (ix),h
   01CE F4 EA 23      [17]  276 	ld	-22 (ix),e
   01D1 F4 EB 22      [17]  277 	ld	-21 (ix),d
                            278 ;../logf.c:248: return ((xn*C2+Rz)+xn*C1);
   01D4 F2 04 4A      [10]  279 	ld	hl, 4 (sp)
   01D7 52            [ 4]  280 	push	hl
   01D8 F2 04 4A      [10]  281 	ld	hl, 4 (sp)
   01DB 52            [ 4]  282 	push	hl
   01DC 3A 5E B9      [13]  283 	ld	hl,#0xB95E
   01DF 52            [ 4]  284 	push	hl
   01E0 3A 83 80      [13]  285 	ld	hl,#0x8083
   01E3 52            [ 4]  286 	push	hl
   01E4 1Cr00r00      [ 4]  287 	call	___fsmul
   01E7 16 08 00      [ 7]  288 	add	sp, #8
   01EA FD 31               289 	ld	c,l
   01EC FC 30         [17]  290 	ld	b,h
   01EE F2 14 4A      [10]  291 	ld	hl, 20 (sp)
   01F1 52            [ 4]  292 	push	hl
   01F2 F2 14 4A      [10]  293 	ld	hl, 20 (sp)
   01F5 52            [ 4]  294 	push	hl
   01F6 51            [ 4]  295 	push	de
   01F7 50            [ 4]  296 	push	bc
   01F8 1Cr00r00      [ 4]  297 	call	___fsadd
   01FB 16 08 00      [ 7]  298 	add	sp, #8
   01FE F4 FF 22      [17]  299 	ld	-1 (ix),d
   0201 F4 FE 23      [17]  300 	ld	-2 (ix),e
   0204 F4 FD 24      [17]  301 	ld	-3 (ix),h
   0207 F4 FC 25      [17]  302 	ld	-4 (ix),l
   020A F2 04 4A      [10]  303 	ld	hl, 4 (sp)
   020D 52            [ 4]  304 	push	hl
   020E F2 04 4A      [10]  305 	ld	hl, 4 (sp)
   0211 52            [ 4]  306 	push	hl
   0212 3A 31 3F      [13]  307 	ld	hl,#0x3F31
   0215 52            [ 4]  308 	push	hl
   0216 3A 00 80      [13]  309 	ld	hl,#0x8000
   0219 52            [ 4]  310 	push	hl
   021A 1Cr00r00      [ 4]  311 	call	___fsmul
   021D 16 08 00      [ 7]  312 	add	sp, #8
   0220 08            [ 4]  313 	ex	de, hl
   0221 52            [ 4]  314 	push	hl
   0222 51            [ 4]  315 	push	de
   0223 F2 1C 4A      [10]  316 	ld	hl, 28 (sp)
   0226 52            [ 4]  317 	push	hl
   0227 F2 1C 4A      [10]  318 	ld	hl, 28 (sp)
   022A 52            [ 4]  319 	push	hl
   022B 1Cr00r00      [ 4]  320 	call	___fsadd
   022E 16 08 00      [ 7]  321 	add	sp, #8
   0231                     322 00106$:
   0231 FC 3E         [17]  323 	ld	sp, ix
   0233 5C            [ 4]  324 	pop	ix
   0234 1E            [ 7]  325 	ret
                            326 	.area _CODE
                            327 	.area _INITIALIZER
                            328 	.area _CABS (ABS)
