                              1 ;--------------------------------------------------------------------------
                              2 ;  modunsigned.s
                              3 ;
                              4 ;  Copyright (C) 2009-2010, Philipp Klaus Krause
                              5 ;
                              6 ;  This library is free software; you can redistribute it and/or modify it
                              7 ;  under the terms of the GNU General Public License as published by the
                              8 ;  Free Software Foundation; either version 2, or (at your option) any
                              9 ;  later version.
                             10 ;
                             11 ;  This library is distributed in the hope that it will be useful,
                             12 ;  but WITHOUT ANY WARRANTY; without even the implied warranty of
                             13 ;  MERCHANTABILITY or FITNESS FOR A PARTICULAR PURPOSE. See the
                             14 ;  GNU General Public License for more details.
                             15 ;
                             16 ;  You should have received a copy of the GNU General Public License 
                             17 ;  along with this library; see the file COPYING. If not, write to the
                             18 ;  Free Software Foundation, 51 Franklin Street, Fifth Floor, Boston,
                             19 ;   MA 02110-1301, USA.
                             20 ;
                             21 ;  As a special exception, if you link this library with other files,
                             22 ;  some of which are compiled with SDCC, to produce an executable,
                             23 ;  this library does not by itself cause the resulting executable to
                             24 ;  be covered by the GNU General Public License. This exception does
                             25 ;  not however invalidate any other reasons why the executable file
                             26 ;   might be covered by the GNU General Public License.
                             27 ;--------------------------------------------------------------------------
                             28 
                             29 .area   _CODE
                             30 
                             31 .globl	__moduchar
                             32 .globl	__moduint
                             33 
   0000                      34 __moduchar:
   0000 3A 03 00      [13]   35         ld      hl,#2+1
   0003 FE 70         [ 7]   36         add     hl,sp
                             37 
   0005 E2 2B         [10]   38         ld      e,(hl)
   0007 9A            [ 4]   39         dec     hl
   0008 E2 2D         [10]   40         ld      l,(hl)
                             41 
   000A 1Cr00r00      [ 4]   42         call    __divu8
                             43 
   000D 08            [ 4]   44 	ex	de,hl
                             45 
   000E 1E            [ 7]   46         ret
                             47 
   000F                      48 __moduint:
   000F F2 02 4A      [10]   49         ld	hl, 2 (sp)
   0012 F2 04 49      [10]   50         ld	de, 4 (sp)
                             51 
   0015 1Cr00r00      [ 4]   52         call    __divu16
                             53 
   0018 08            [ 4]   54         ex      de,hl
                             55 
   0019 1E            [ 7]   56         ret
                             57 
