                              1 ;--------------------------------------------------------
                              2 ; File Created by SDCC : free open source ANSI-C Compiler
                              3 ; Version 3.5.0 #9253 (Apr  4 2022) (Linux)
                              4 ; This file was generated Mon Apr  4 14:16:30 2022
                              5 ;--------------------------------------------------------
                              6 	.module powf
                              7 	.optsdcc -mtlcs90
                              8 	
                              9 ;--------------------------------------------------------
                             10 ; Public variables in this module
                             11 ;--------------------------------------------------------
                             12 	.globl _logf
                             13 	.globl _expf
                             14 	.globl _powf
                             15 ;--------------------------------------------------------
                             16 ; ram data
                             17 ;--------------------------------------------------------
                             18 	.area _DATA
                             19 ;--------------------------------------------------------
                             20 ; ram data
                             21 ;--------------------------------------------------------
                             22 	.area _INITIALIZED
                             23 ;--------------------------------------------------------
                             24 ; absolute external ram data
                             25 ;--------------------------------------------------------
                             26 	.area _DABS (ABS)
                             27 ;--------------------------------------------------------
                             28 ; global & static initialisations
                             29 ;--------------------------------------------------------
                             30 	.area _HOME
                             31 	.area _GSINIT
                             32 	.area _GSFINAL
                             33 	.area _GSINIT
                             34 ;--------------------------------------------------------
                             35 ; Home
                             36 ;--------------------------------------------------------
                             37 	.area _HOME
                             38 	.area _HOME
                             39 ;--------------------------------------------------------
                             40 ; code
                             41 ;--------------------------------------------------------
                             42 	.area _CODE
                             43 ;../powf.c:35: float powf(float x, float y)
                             44 ;	---------------------------------
                             45 ; Function powf
                             46 ; ---------------------------------
   0000                      47 _powf::
   0000 54            [ 4]   48 	push	ix
   0001 3C 00 00      [ 4]   49 	ld	ix,#0
   0004 FE 14         [ 7]   50 	add	ix,sp
                             51 ;../powf.c:37: if(y == 0.0) return 1.0;
   0006 F0 0B 2E      [11]   52 	ld	a,11 (ix)
   0009 FE B7         [ 7]   53 	res	7, a
   000B F0 0A 66      [11]   54 	or	a, 10 (ix)
   000E F0 09 66      [11]   55 	or	a, 9 (ix)
   0011 F0 08 66      [11]   56 	or	a,8 (ix)
   0014 CE 09         [ 7]   57 	jr	NZ,00102$
   0016 3A 00 00      [13]   58 	ld	hl,#0x0000
   0019 39 80 3F      [11]   59 	ld	de,#0x3F80
   001C 1Ar97r00      [ 7]   60 	jp	00107$
   001F                      61 00102$:
                             62 ;../powf.c:38: if(y == 1.0) return x;
   001F 3A 80 3F      [13]   63 	ld	hl,#0x3F80
   0022 52            [ 4]   64 	push	hl
   0023 3A 00 00      [13]   65 	ld	hl,#0x0000
   0026 52            [ 4]   66 	push	hl
   0027 F2 0E 4A      [10]   67 	ld	hl, 14 (sp)
   002A 52            [ 4]   68 	push	hl
   002B F2 0E 4A      [10]   69 	ld	hl, 14 (sp)
   002E 52            [ 4]   70 	push	hl
   002F 1Cr00r00      [ 4]   71 	call	___fseq
   0032 16 08 00      [ 7]   72 	add	sp, #8
   0035 25            [ 4]   73 	ld	a,l
   0036 FE 66         [ 7]   74 	or	a, a
   0038 C6 0F         [ 7]   75 	jr	Z,00104$
   003A F0 04 2D      [11]   76 	ld	l,4 (ix)
   003D F0 05 2C      [11]   77 	ld	h,5 (ix)
   0040 F0 06 2B      [11]   78 	ld	e,6 (ix)
   0043 F0 07 2A      [11]   79 	ld	d,7 (ix)
   0046 1Ar97r00      [ 7]   80 	jp	00107$
   0049                      81 00104$:
                             82 ;../powf.c:39: if(x <= 0.0) return 0.0;
   0049 3A 00 00      [13]   83 	ld	hl,#0x0000
   004C 52            [ 4]   84 	push	hl
   004D 3A 00 00      [13]   85 	ld	hl,#0x0000
   0050 52            [ 4]   86 	push	hl
   0051 F2 0A 4A      [10]   87 	ld	hl, 10 (sp)
   0054 52            [ 4]   88 	push	hl
   0055 F2 0A 4A      [10]   89 	ld	hl, 10 (sp)
   0058 52            [ 4]   90 	push	hl
   0059 1Cr00r00      [ 4]   91 	call	___fsgt
   005C 16 08 00      [ 7]   92 	add	sp, #8
   005F 25            [ 4]   93 	ld	a,l
   0060 FE 66         [ 7]   94 	or	a, a
   0062 CE 09         [ 7]   95 	jr	NZ,00106$
   0064 3A 00 00      [13]   96 	ld	hl,#0x0000
   0067 FD 33                97 	ld	e,l
   0069 FC 32         [17]   98 	ld	d,h
   006B C8 2A         [11]   99 	jr	00107$
   006D                     100 00106$:
                            101 ;../powf.c:40: return expf(logf(x) * y);
   006D F2 06 4A      [10]  102 	ld	hl, 6 (sp)
   0070 52            [ 4]  103 	push	hl
   0071 F2 06 4A      [10]  104 	ld	hl, 6 (sp)
   0074 52            [ 4]  105 	push	hl
   0075 1Cr00r00      [ 4]  106 	call	_logf
   0078 16 04 00      [ 7]  107 	add	sp, #4
   007B FD 31               108 	ld	c,l
   007D FC 30         [17]  109 	ld	b,h
   007F F2 0A 4A      [10]  110 	ld	hl, 10 (sp)
   0082 52            [ 4]  111 	push	hl
   0083 F2 0A 4A      [10]  112 	ld	hl, 10 (sp)
   0086 52            [ 4]  113 	push	hl
   0087 51            [ 4]  114 	push	de
   0088 50            [ 4]  115 	push	bc
   0089 1Cr00r00      [ 4]  116 	call	___fsmul
   008C 16 08 00      [ 7]  117 	add	sp, #8
   008F 51            [ 4]  118 	push	de
   0090 52            [ 4]  119 	push	hl
   0091 1Cr00r00      [ 4]  120 	call	_expf
   0094 16 04 00      [ 7]  121 	add	sp, #4
   0097                     122 00107$:
   0097 5C            [ 4]  123 	pop	ix
   0098 1E            [ 7]  124 	ret
                            125 	.area _CODE
                            126 	.area _INITIALIZER
                            127 	.area _CABS (ABS)
