                              1 ;--------------------------------------------------------
                              2 ; File Created by SDCC : free open source ANSI-C Compiler
                              3 ; Version 3.5.0 #9253 (Apr  4 2022) (Linux)
                              4 ; This file was generated Mon Apr  4 14:16:30 2022
                              5 ;--------------------------------------------------------
                              6 	.module sincosf
                              7 	.optsdcc -mtlcs90
                              8 	
                              9 ;--------------------------------------------------------
                             10 ; Public variables in this module
                             11 ;--------------------------------------------------------
                             12 	.globl _sincosf
                             13 	.globl _fabsf
                             14 ;--------------------------------------------------------
                             15 ; ram data
                             16 ;--------------------------------------------------------
                             17 	.area _DATA
                             18 ;--------------------------------------------------------
                             19 ; ram data
                             20 ;--------------------------------------------------------
                             21 	.area _INITIALIZED
                             22 ;--------------------------------------------------------
                             23 ; absolute external ram data
                             24 ;--------------------------------------------------------
                             25 	.area _DABS (ABS)
                             26 ;--------------------------------------------------------
                             27 ; global & static initialisations
                             28 ;--------------------------------------------------------
                             29 	.area _HOME
                             30 	.area _GSINIT
                             31 	.area _GSFINAL
                             32 	.area _GSINIT
                             33 ;--------------------------------------------------------
                             34 ; Home
                             35 ;--------------------------------------------------------
                             36 	.area _HOME
                             37 	.area _HOME
                             38 ;--------------------------------------------------------
                             39 ; code
                             40 ;--------------------------------------------------------
                             41 	.area _CODE
                             42 ;../sincosf.c:50: float sincosf(float x, bool iscos)
                             43 ;	---------------------------------
                             44 ; Function sincosf
                             45 ; ---------------------------------
   0000                      46 _sincosf::
   0000 54            [ 4]   47 	push	ix
   0001 3C 00 00      [ 4]   48 	ld	ix,#0
   0004 FE 14         [ 7]   49 	add	ix,sp
   0006 16 E4 FF      [ 7]   50 	add	sp, #-28
                             51 ;../sincosf.c:56: if(iscos)
   0009 F0 08 A8      [11]   52 	bit	0,8 (ix)
   000C EBr45r00 C6   [ 4]   53 	jp	Z,00105$
                             54 ;../sincosf.c:58: y=fabsf(x)+HALF_PI;
   0010 F2 22 4A      [10]   55 	ld	hl, 34 (sp)
   0013 52            [ 4]   56 	push	hl
   0014 F2 22 4A      [10]   57 	ld	hl, 34 (sp)
   0017 52            [ 4]   58 	push	hl
   0018 1Cr00r00      [ 4]   59 	call	_fabsf
   001B 16 04 00      [ 7]   60 	add	sp, #4
   001E FD 31                61 	ld	c,l
   0020 FC 30         [17]   62 	ld	b,h
   0022 3A C9 3F      [13]   63 	ld	hl,#0x3FC9
   0025 52            [ 4]   64 	push	hl
   0026 3A DB 0F      [13]   65 	ld	hl,#0x0FDB
   0029 52            [ 4]   66 	push	hl
   002A 51            [ 4]   67 	push	de
   002B 50            [ 4]   68 	push	bc
   002C 1Cr00r00      [ 4]   69 	call	___fsadd
   002F 16 08 00      [ 7]   70 	add	sp, #8
   0032 F4 F8 25      [17]   71 	ld	-8 (ix),l
   0035 F4 F9 24      [17]   72 	ld	-7 (ix),h
   0038 F4 FA 23      [17]   73 	ld	-6 (ix),e
   003B F4 FB 22      [17]   74 	ld	-5 (ix),d
                             75 ;../sincosf.c:59: sign=0;
   003E F4 E4 37 00   [17]   76 	ld	-28 (ix),#0x00
   0042 1Ar94r00      [ 7]   77 	jp	00106$
   0045                      78 00105$:
                             79 ;../sincosf.c:63: if(x<0.0)
   0045 3A 00 00      [13]   80 	ld	hl,#0x0000
   0048 52            [ 4]   81 	push	hl
   0049 3A 00 00      [13]   82 	ld	hl,#0x0000
   004C 52            [ 4]   83 	push	hl
   004D F2 26 4A      [10]   84 	ld	hl, 38 (sp)
   0050 52            [ 4]   85 	push	hl
   0051 F2 26 4A      [10]   86 	ld	hl, 38 (sp)
   0054 52            [ 4]   87 	push	hl
   0055 1Cr00r00      [ 4]   88 	call	___fslt
   0058 16 08 00      [ 7]   89 	add	sp, #8
   005B 25            [ 4]   90 	ld	a,l
   005C FE 66         [ 7]   91 	or	a, a
   005E C6 20         [ 7]   92 	jr	Z,00102$
                             93 ;../sincosf.c:64: { y=-x; sign=1; }
   0060 F0 07 2E      [11]   94 	ld	a,7 (ix)
   0063 6D 80         [ 4]   95 	xor	a,#0x80
   0065 F4 FB 26      [17]   96 	ld	-5 (ix),a
   0068 F0 04 2E      [11]   97 	ld	a,4 (ix)
   006B F4 F8 26      [17]   98 	ld	-8 (ix),a
   006E F0 05 2E      [11]   99 	ld	a,5 (ix)
   0071 F4 F9 26      [17]  100 	ld	-7 (ix),a
   0074 F0 06 2E      [11]  101 	ld	a,6 (ix)
   0077 F4 FA 26      [17]  102 	ld	-6 (ix),a
   007A F4 E4 37 01   [17]  103 	ld	-28 (ix),#0x01
   007E C8 14         [11]  104 	jr	00106$
   0080                     105 00102$:
                            106 ;../sincosf.c:66: { y=x; sign=0; }
   0080 3A 14 00      [13]  107 	ld	hl, #20
   0083 FE 70         [ 7]  108 	add	hl, sp
   0085 08            [ 4]  109 	ex	de, hl
   0086 3A 20 00      [13]  110 	ld	hl, #32
   0089 FE 70         [ 7]  111 	add	hl, sp
   008B 38 04 00      [12]  112 	ld	bc, #4
   008E FE 59         [ 7]  113 	ldir
   0090 F4 E4 37 00   [17]  114 	ld	-28 (ix),#0x00
   0094                     115 00106$:
                            116 ;../sincosf.c:69: if(y>YMAX)
   0094 3A 49 46      [13]  117 	ld	hl,#0x4649
   0097 52            [ 4]  118 	push	hl
   0098 3A 00 0C      [13]  119 	ld	hl,#0x0C00
   009B 52            [ 4]  120 	push	hl
   009C F2 1A 4A      [10]  121 	ld	hl, 26 (sp)
   009F 52            [ 4]  122 	push	hl
   00A0 F2 1A 4A      [10]  123 	ld	hl, 26 (sp)
   00A3 52            [ 4]  124 	push	hl
   00A4 1Cr00r00      [ 4]  125 	call	___fsgt
   00A7 16 08 00      [ 7]  126 	add	sp, #8
   00AA F4 F7 25      [17]  127 	ld	-9 (ix), l
   00AD 25            [ 4]  128 	ld	a, l
   00AE FE 66         [ 7]  129 	or	a, a
   00B0 C6 11         [ 7]  130 	jr	Z,00108$
                            131 ;../sincosf.c:71: errno=ERANGE;
   00B2 3A 22 00      [13]  132 	ld	hl,#0x0022
   00B5 EBr00r00 42   [ 4]  133 	ld	(_errno),hl
                            134 ;../sincosf.c:72: return 0.0;
   00B9 3A 00 00      [13]  135 	ld	hl,#0x0000
   00BC FD 33               136 	ld	e,l
   00BE FC 32         [17]  137 	ld	d,h
   00C0 1Ar9Ar03      [ 7]  138 	jp	00115$
   00C3                     139 00108$:
                            140 ;../sincosf.c:76: N=((y*iPI)+0.5); /*y is positive*/
   00C3 F2 16 4A      [10]  141 	ld	hl, 22 (sp)
   00C6 52            [ 4]  142 	push	hl
   00C7 F2 16 4A      [10]  143 	ld	hl, 22 (sp)
   00CA 52            [ 4]  144 	push	hl
   00CB 3A A2 3E      [13]  145 	ld	hl,#0x3EA2
   00CE 52            [ 4]  146 	push	hl
   00CF 3A 83 F9      [13]  147 	ld	hl,#0xF983
   00D2 52            [ 4]  148 	push	hl
   00D3 1Cr00r00      [ 4]  149 	call	___fsmul
   00D6 16 08 00      [ 7]  150 	add	sp, #8
   00D9 F4 FB 22      [17]  151 	ld	-5 (ix),d
   00DC F4 FA 23      [17]  152 	ld	-6 (ix),e
   00DF F4 F9 24      [17]  153 	ld	-7 (ix),h
   00E2 F4 F8 25      [17]  154 	ld	-8 (ix),l
   00E5 3A 00 3F      [13]  155 	ld	hl,#0x3F00
   00E8 52            [ 4]  156 	push	hl
   00E9 3A 00 00      [13]  157 	ld	hl,#0x0000
   00EC 52            [ 4]  158 	push	hl
   00ED F2 1A 4A      [10]  159 	ld	hl, 26 (sp)
   00F0 52            [ 4]  160 	push	hl
   00F1 F2 1A 4A      [10]  161 	ld	hl, 26 (sp)
   00F4 52            [ 4]  162 	push	hl
   00F5 1Cr00r00      [ 4]  163 	call	___fsadd
   00F8 16 08 00      [ 7]  164 	add	sp, #8
   00FB F4 FB 22      [17]  165 	ld	-5 (ix),d
   00FE F4 FA 23      [17]  166 	ld	-6 (ix),e
   0101 F4 F9 24      [17]  167 	ld	-7 (ix),h
   0104 F4 F8 25      [17]  168 	ld	-8 (ix),l
   0107 F2 16 4A      [10]  169 	ld	hl, 22 (sp)
   010A 52            [ 4]  170 	push	hl
   010B F2 16 4A      [10]  171 	ld	hl, 22 (sp)
   010E 52            [ 4]  172 	push	hl
   010F 1Cr00r00      [ 4]  173 	call	___fs2sint
   0112 16 04 00      [ 7]  174 	add	sp, #4
   0115 F4 E6 24      [17]  175 	ld	-26 (ix),h
   0118 F4 E5 25      [17]  176 	ld	-27 (ix),l
   011B 08            [ 4]  177 	ex	de, hl
   011C F2 01 4A      [10]  178 	ld	hl, 1 (sp)
   011F 08            [ 4]  179 	ex	de, hl
                            180 ;../sincosf.c:79: if(N&1) sign=!sign;
   0120 FB A8         [ 4]  181 	bit	0, e
   0122 C6 08         [ 7]  182 	jr	Z,00110$
   0124 F0 E4 2E      [11]  183 	ld	a,-28 (ix)
   0127 6D 01         [ 4]  184 	xor	a, #0x01
   0129 F4 E4 26      [17]  185 	ld	-28 (ix),a
   012C                     186 00110$:
                            187 ;../sincosf.c:81: XN=N;
   012C 51            [ 4]  188 	push	de
   012D 1Cr00r00      [ 4]  189 	call	___sint2fs
   0130 16 02 00      [ 7]  190 	add	sp, #2
   0133 F4 E7 25      [17]  191 	ld	-25 (ix),l
   0136 F4 E8 24      [17]  192 	ld	-24 (ix),h
   0139 F4 E9 23      [17]  193 	ld	-23 (ix),e
   013C F4 EA 22      [17]  194 	ld	-22 (ix),d
                            195 ;../sincosf.c:83: if(iscos) XN-=0.5;
   013F F0 08 A8      [11]  196 	bit	0,8 (ix)
   0142 EBr78r01 C6   [ 4]  197 	jp	Z,00112$
   0146 3A 00 3F      [13]  198 	ld	hl,#0x3F00
   0149 52            [ 4]  199 	push	hl
   014A 3A 00 00      [13]  200 	ld	hl,#0x0000
   014D 52            [ 4]  201 	push	hl
   014E F2 09 4A      [10]  202 	ld	hl, 9 (sp)
   0151 52            [ 4]  203 	push	hl
   0152 F2 09 4A      [10]  204 	ld	hl, 9 (sp)
   0155 52            [ 4]  205 	push	hl
   0156 1Cr00r00      [ 4]  206 	call	___fssub
   0159 16 08 00      [ 7]  207 	add	sp, #8
   015C F4 FB 22      [17]  208 	ld	-5 (ix),d
   015F F4 FA 23      [17]  209 	ld	-6 (ix),e
   0162 F4 F9 24      [17]  210 	ld	-7 (ix),h
   0165 F4 F8 25      [17]  211 	ld	-8 (ix),l
   0168 3A 03 00      [13]  212 	ld	hl, #3
   016B FE 70         [ 7]  213 	add	hl, sp
   016D 08            [ 4]  214 	ex	de, hl
   016E 3A 14 00      [13]  215 	ld	hl, #20
   0171 FE 70         [ 7]  216 	add	hl, sp
   0173 38 04 00      [12]  217 	ld	bc, #4
   0176 FE 59         [ 7]  218 	ldir
   0178                     219 00112$:
                            220 ;../sincosf.c:85: y=fabsf(x);
   0178 F2 22 4A      [10]  221 	ld	hl, 34 (sp)
   017B 52            [ 4]  222 	push	hl
   017C F2 22 4A      [10]  223 	ld	hl, 34 (sp)
   017F 52            [ 4]  224 	push	hl
   0180 1Cr00r00      [ 4]  225 	call	_fabsf
   0183 16 04 00      [ 7]  226 	add	sp, #4
   0186 F4 F3 25      [17]  227 	ld	-13 (ix),l
   0189 F4 F4 24      [17]  228 	ld	-12 (ix),h
   018C F4 F5 23      [17]  229 	ld	-11 (ix),e
   018F F4 F6 22      [17]  230 	ld	-10 (ix),d
                            231 ;../sincosf.c:86: r=(int)y;
   0192 F2 11 4A      [10]  232 	ld	hl, 17 (sp)
   0195 52            [ 4]  233 	push	hl
   0196 F2 11 4A      [10]  234 	ld	hl, 17 (sp)
   0199 52            [ 4]  235 	push	hl
   019A 1Cr00r00      [ 4]  236 	call	___fs2sint
   019D 16 04 00      [ 7]  237 	add	sp, #4
   01A0 52            [ 4]  238 	push	hl
   01A1 1Cr00r00      [ 4]  239 	call	___sint2fs
   01A4 16 02 00      [ 7]  240 	add	sp, #2
   01A7 F4 F8 25      [17]  241 	ld	-8 (ix),l
   01AA F4 F9 24      [17]  242 	ld	-7 (ix),h
   01AD F4 FA 23      [17]  243 	ld	-6 (ix),e
   01B0 F4 FB 22      [17]  244 	ld	-5 (ix),d
                            245 ;../sincosf.c:87: g=y-r;
   01B3 F2 16 4A      [10]  246 	ld	hl, 22 (sp)
   01B6 52            [ 4]  247 	push	hl
   01B7 F2 16 4A      [10]  248 	ld	hl, 22 (sp)
   01BA 52            [ 4]  249 	push	hl
   01BB F2 15 4A      [10]  250 	ld	hl, 21 (sp)
   01BE 52            [ 4]  251 	push	hl
   01BF F2 15 4A      [10]  252 	ld	hl, 21 (sp)
   01C2 52            [ 4]  253 	push	hl
   01C3 1Cr00r00      [ 4]  254 	call	___fssub
   01C6 16 08 00      [ 7]  255 	add	sp, #8
   01C9 F4 FC 25      [17]  256 	ld	-4 (ix),l
   01CC F4 FD 24      [17]  257 	ld	-3 (ix),h
   01CF F4 FE 23      [17]  258 	ld	-2 (ix),e
   01D2 F4 FF 22      [17]  259 	ld	-1 (ix),d
                            260 ;../sincosf.c:88: f=((r-XN*C1)+g)-XN*C2;
   01D5 F2 05 4A      [10]  261 	ld	hl, 5 (sp)
   01D8 52            [ 4]  262 	push	hl
   01D9 F2 05 4A      [10]  263 	ld	hl, 5 (sp)
   01DC 52            [ 4]  264 	push	hl
   01DD 3A 49 40      [13]  265 	ld	hl,#0x4049
   01E0 52            [ 4]  266 	push	hl
   01E1 3A 00 00      [13]  267 	ld	hl,#0x0000
   01E4 52            [ 4]  268 	push	hl
   01E5 1Cr00r00      [ 4]  269 	call	___fsmul
   01E8 16 08 00      [ 7]  270 	add	sp, #8
   01EB 08            [ 4]  271 	ex	de, hl
   01EC 52            [ 4]  272 	push	hl
   01ED 51            [ 4]  273 	push	de
   01EE F2 1A 4A      [10]  274 	ld	hl, 26 (sp)
   01F1 52            [ 4]  275 	push	hl
   01F2 F2 1A 4A      [10]  276 	ld	hl, 26 (sp)
   01F5 52            [ 4]  277 	push	hl
   01F6 1Cr00r00      [ 4]  278 	call	___fssub
   01F9 16 08 00      [ 7]  279 	add	sp, #8
   01FC FD 31               280 	ld	c,l
   01FE FC 30         [17]  281 	ld	b,h
   0200 F2 1A 4A      [10]  282 	ld	hl, 26 (sp)
   0203 52            [ 4]  283 	push	hl
   0204 F2 1A 4A      [10]  284 	ld	hl, 26 (sp)
   0207 52            [ 4]  285 	push	hl
   0208 51            [ 4]  286 	push	de
   0209 50            [ 4]  287 	push	bc
   020A 1Cr00r00      [ 4]  288 	call	___fsadd
   020D 16 08 00      [ 7]  289 	add	sp, #8
   0210 F4 FF 22      [17]  290 	ld	-1 (ix),d
   0213 F4 FE 23      [17]  291 	ld	-2 (ix),e
   0216 F4 FD 24      [17]  292 	ld	-3 (ix),h
   0219 F4 FC 25      [17]  293 	ld	-4 (ix),l
   021C F2 05 4A      [10]  294 	ld	hl, 5 (sp)
   021F 52            [ 4]  295 	push	hl
   0220 F2 05 4A      [10]  296 	ld	hl, 5 (sp)
   0223 52            [ 4]  297 	push	hl
   0224 3A 7D 3A      [13]  298 	ld	hl,#0x3A7D
   0227 52            [ 4]  299 	push	hl
   0228 3A 22 AA      [13]  300 	ld	hl,#0xAA22
   022B 52            [ 4]  301 	push	hl
   022C 1Cr00r00      [ 4]  302 	call	___fsmul
   022F 16 08 00      [ 7]  303 	add	sp, #8
   0232 08            [ 4]  304 	ex	de, hl
   0233 52            [ 4]  305 	push	hl
   0234 51            [ 4]  306 	push	de
   0235 F2 1E 4A      [10]  307 	ld	hl, 30 (sp)
   0238 52            [ 4]  308 	push	hl
   0239 F2 1E 4A      [10]  309 	ld	hl, 30 (sp)
   023C 52            [ 4]  310 	push	hl
   023D 1Cr00r00      [ 4]  311 	call	___fssub
   0240 16 08 00      [ 7]  312 	add	sp, #8
   0243 F4 F2 22      [17]  313 	ld	-14 (ix),d
   0246 F4 F1 23      [17]  314 	ld	-15 (ix),e
   0249 F4 F0 24      [17]  315 	ld	-16 (ix),h
   024C F4 EF 25      [17]  316 	ld	-17 (ix),l
                            317 ;../sincosf.c:90: g=f*f;
   024F F2 0D 4A      [10]  318 	ld	hl, 13 (sp)
   0252 52            [ 4]  319 	push	hl
   0253 F2 0D 4A      [10]  320 	ld	hl, 13 (sp)
   0256 52            [ 4]  321 	push	hl
   0257 F2 11 4A      [10]  322 	ld	hl, 17 (sp)
   025A 52            [ 4]  323 	push	hl
   025B F2 11 4A      [10]  324 	ld	hl, 17 (sp)
   025E 52            [ 4]  325 	push	hl
   025F 1Cr00r00      [ 4]  326 	call	___fsmul
   0262 16 08 00      [ 7]  327 	add	sp, #8
   0265 F4 EB 25      [17]  328 	ld	-21 (ix),l
   0268 F4 EC 24      [17]  329 	ld	-20 (ix),h
   026B F4 ED 23      [17]  330 	ld	-19 (ix),e
   026E F4 EE 22      [17]  331 	ld	-18 (ix),d
                            332 ;../sincosf.c:91: if(g>EPS2) //Used to be if(fabsf(f)>EPS)
   0271 3A 7F 33      [13]  333 	ld	hl,#0x337F
   0274 52            [ 4]  334 	push	hl
   0275 3A F3 FF      [13]  335 	ld	hl,#0xFFF3
   0278 52            [ 4]  336 	push	hl
   0279 F2 0D 4A      [10]  337 	ld	hl, 13 (sp)
   027C 52            [ 4]  338 	push	hl
   027D F2 0D 4A      [10]  339 	ld	hl, 13 (sp)
   0280 52            [ 4]  340 	push	hl
   0281 1Cr00r00      [ 4]  341 	call	___fsgt
   0284 16 08 00      [ 7]  342 	add	sp, #8
   0287 F4 FC 25      [17]  343 	ld	-4 (ix), l
   028A 25            [ 4]  344 	ld	a, l
   028B FE 66         [ 7]  345 	or	a, a
   028D EBr5Dr03 C6   [ 4]  346 	jp	Z,00114$
                            347 ;../sincosf.c:93: r=(((r4*g+r3)*g+r2)*g+r1)*g;
   0291 F2 09 4A      [10]  348 	ld	hl, 9 (sp)
   0294 52            [ 4]  349 	push	hl
   0295 F2 09 4A      [10]  350 	ld	hl, 9 (sp)
   0298 52            [ 4]  351 	push	hl
   0299 3A 2E 36      [13]  352 	ld	hl,#0x362E
   029C 52            [ 4]  353 	push	hl
   029D 3A 5B 9C      [13]  354 	ld	hl,#0x9C5B
   02A0 52            [ 4]  355 	push	hl
   02A1 1Cr00r00      [ 4]  356 	call	___fsmul
   02A4 16 08 00      [ 7]  357 	add	sp, #8
   02A7 FD 31               358 	ld	c,l
   02A9 FC 30         [17]  359 	ld	b,h
   02AB 3A 4F B9      [13]  360 	ld	hl,#0xB94F
   02AE 52            [ 4]  361 	push	hl
   02AF 3A 22 B2      [13]  362 	ld	hl,#0xB222
   02B2 52            [ 4]  363 	push	hl
   02B3 51            [ 4]  364 	push	de
   02B4 50            [ 4]  365 	push	bc
   02B5 1Cr00r00      [ 4]  366 	call	___fsadd
   02B8 16 08 00      [ 7]  367 	add	sp, #8
   02BB FD 31               368 	ld	c,l
   02BD FC 30         [17]  369 	ld	b,h
   02BF F2 09 4A      [10]  370 	ld	hl, 9 (sp)
   02C2 52            [ 4]  371 	push	hl
   02C3 F2 09 4A      [10]  372 	ld	hl, 9 (sp)
   02C6 52            [ 4]  373 	push	hl
   02C7 51            [ 4]  374 	push	de
   02C8 50            [ 4]  375 	push	bc
   02C9 1Cr00r00      [ 4]  376 	call	___fsmul
   02CC 16 08 00      [ 7]  377 	add	sp, #8
   02CF FD 31               378 	ld	c,l
   02D1 FC 30         [17]  379 	ld	b,h
   02D3 3A 08 3C      [13]  380 	ld	hl,#0x3C08
   02D6 52            [ 4]  381 	push	hl
   02D7 3A 3E 87      [13]  382 	ld	hl,#0x873E
   02DA 52            [ 4]  383 	push	hl
   02DB 51            [ 4]  384 	push	de
   02DC 50            [ 4]  385 	push	bc
   02DD 1Cr00r00      [ 4]  386 	call	___fsadd
   02E0 16 08 00      [ 7]  387 	add	sp, #8
   02E3 FD 31               388 	ld	c,l
   02E5 FC 30         [17]  389 	ld	b,h
   02E7 F2 09 4A      [10]  390 	ld	hl, 9 (sp)
   02EA 52            [ 4]  391 	push	hl
   02EB F2 09 4A      [10]  392 	ld	hl, 9 (sp)
   02EE 52            [ 4]  393 	push	hl
   02EF 51            [ 4]  394 	push	de
   02F0 50            [ 4]  395 	push	bc
   02F1 1Cr00r00      [ 4]  396 	call	___fsmul
   02F4 16 08 00      [ 7]  397 	add	sp, #8
   02F7 FD 31               398 	ld	c,l
   02F9 FC 30         [17]  399 	ld	b,h
   02FB 3A 2A BE      [13]  400 	ld	hl,#0xBE2A
   02FE 52            [ 4]  401 	push	hl
   02FF 3A A4 AA      [13]  402 	ld	hl,#0xAAA4
   0302 52            [ 4]  403 	push	hl
   0303 51            [ 4]  404 	push	de
   0304 50            [ 4]  405 	push	bc
   0305 1Cr00r00      [ 4]  406 	call	___fsadd
   0308 16 08 00      [ 7]  407 	add	sp, #8
   030B FD 31               408 	ld	c,l
   030D FC 30         [17]  409 	ld	b,h
   030F F2 09 4A      [10]  410 	ld	hl, 9 (sp)
   0312 52            [ 4]  411 	push	hl
   0313 F2 09 4A      [10]  412 	ld	hl, 9 (sp)
   0316 52            [ 4]  413 	push	hl
   0317 51            [ 4]  414 	push	de
   0318 50            [ 4]  415 	push	bc
   0319 1Cr00r00      [ 4]  416 	call	___fsmul
   031C 16 08 00      [ 7]  417 	add	sp, #8
   031F 08            [ 4]  418 	ex	de, hl
                            419 ;../sincosf.c:94: f+=f*r;
   0320 52            [ 4]  420 	push	hl
   0321 51            [ 4]  421 	push	de
   0322 F2 11 4A      [10]  422 	ld	hl, 17 (sp)
   0325 52            [ 4]  423 	push	hl
   0326 F2 11 4A      [10]  424 	ld	hl, 17 (sp)
   0329 52            [ 4]  425 	push	hl
   032A 1Cr00r00      [ 4]  426 	call	___fsmul
   032D 16 08 00      [ 7]  427 	add	sp, #8
   0330 08            [ 4]  428 	ex	de, hl
   0331 52            [ 4]  429 	push	hl
   0332 51            [ 4]  430 	push	de
   0333 F2 11 4A      [10]  431 	ld	hl, 17 (sp)
   0336 52            [ 4]  432 	push	hl
   0337 F2 11 4A      [10]  433 	ld	hl, 17 (sp)
   033A 52            [ 4]  434 	push	hl
   033B 1Cr00r00      [ 4]  435 	call	___fsadd
   033E 16 08 00      [ 7]  436 	add	sp, #8
   0341 F4 FF 22      [17]  437 	ld	-1 (ix),d
   0344 F4 FE 23      [17]  438 	ld	-2 (ix),e
   0347 F4 FD 24      [17]  439 	ld	-3 (ix),h
   034A F4 FC 25      [17]  440 	ld	-4 (ix),l
   034D 3A 0B 00      [13]  441 	ld	hl, #11
   0350 FE 70         [ 7]  442 	add	hl, sp
   0352 08            [ 4]  443 	ex	de, hl
   0353 3A 18 00      [13]  444 	ld	hl, #24
   0356 FE 70         [ 7]  445 	add	hl, sp
   0358 38 04 00      [12]  446 	ld	bc, #4
   035B FE 59         [ 7]  447 	ldir
   035D                     448 00114$:
                            449 ;../sincosf.c:96: return (sign?-f:f);
   035D F0 E4 A8      [11]  450 	bit	0,-28 (ix)
   0360 C6 1C         [ 7]  451 	jr	Z,00117$
   0362 F0 F2 2E      [11]  452 	ld	a,-14 (ix)
   0365 6D 80         [ 4]  453 	xor	a,#0x80
   0367 F4 FF 26      [17]  454 	ld	-1 (ix),a
   036A F0 EF 2E      [11]  455 	ld	a,-17 (ix)
   036D F4 FC 26      [17]  456 	ld	-4 (ix),a
   0370 F0 F0 2E      [11]  457 	ld	a,-16 (ix)
   0373 F4 FD 26      [17]  458 	ld	-3 (ix),a
   0376 F0 F1 2E      [11]  459 	ld	a,-15 (ix)
   0379 F4 FE 26      [17]  460 	ld	-2 (ix),a
   037C C8 10         [11]  461 	jr	00118$
   037E                     462 00117$:
   037E 3A 18 00      [13]  463 	ld	hl, #24
   0381 FE 70         [ 7]  464 	add	hl, sp
   0383 08            [ 4]  465 	ex	de, hl
   0384 3A 0B 00      [13]  466 	ld	hl, #11
   0387 FE 70         [ 7]  467 	add	hl, sp
   0389 38 04 00      [12]  468 	ld	bc, #4
   038C FE 59         [ 7]  469 	ldir
   038E                     470 00118$:
   038E F0 FC 2D      [11]  471 	ld	l,-4 (ix)
   0391 F0 FD 2C      [11]  472 	ld	h,-3 (ix)
   0394 F0 FE 2B      [11]  473 	ld	e,-2 (ix)
   0397 F0 FF 2A      [11]  474 	ld	d,-1 (ix)
   039A                     475 00115$:
   039A FC 3E         [17]  476 	ld	sp, ix
   039C 5C            [ 4]  477 	pop	ix
   039D 1E            [ 7]  478 	ret
                            479 	.area _CODE
                            480 	.area _INITIALIZER
                            481 	.area _CABS (ABS)
