                              1 ;--------------------------------------------------------
                              2 ; File Created by SDCC : free open source ANSI-C Compiler
                              3 ; Version 3.5.0 #9253 (Apr  4 2022) (Linux)
                              4 ; This file was generated Mon Apr  4 14:16:30 2022
                              5 ;--------------------------------------------------------
                              6 	.module sinf
                              7 	.optsdcc -mtlcs90
                              8 	
                              9 ;--------------------------------------------------------
                             10 ; Public variables in this module
                             11 ;--------------------------------------------------------
                             12 	.globl _sincosf
                             13 	.globl _sinf
                             14 ;--------------------------------------------------------
                             15 ; ram data
                             16 ;--------------------------------------------------------
                             17 	.area _DATA
                             18 ;--------------------------------------------------------
                             19 ; ram data
                             20 ;--------------------------------------------------------
                             21 	.area _INITIALIZED
                             22 ;--------------------------------------------------------
                             23 ; absolute external ram data
                             24 ;--------------------------------------------------------
                             25 	.area _DABS (ABS)
                             26 ;--------------------------------------------------------
                             27 ; global & static initialisations
                             28 ;--------------------------------------------------------
                             29 	.area _HOME
                             30 	.area _GSINIT
                             31 	.area _GSFINAL
                             32 	.area _GSINIT
                             33 ;--------------------------------------------------------
                             34 ; Home
                             35 ;--------------------------------------------------------
                             36 	.area _HOME
                             37 	.area _HOME
                             38 ;--------------------------------------------------------
                             39 ; code
                             40 ;--------------------------------------------------------
                             41 	.area _CODE
                             42 ;../sinf.c:36: float sinf(float x) _FLOAT_FUNC_REENTRANT
                             43 ;	---------------------------------
                             44 ; Function sinf
                             45 ; ---------------------------------
   0000                      46 _sinf::
                             47 ;../sinf.c:38: if (x==0.0) return 0.0;
   0000 3D 02 00      [ 4]   48 	ld	iy,#2
   0003 FE 15         [ 7]   49 	add	iy,sp
   0005 F1 03 2E      [10]   50 	ld	a,3 (iy)
   0008 FE B7         [ 7]   51 	res	7, a
   000A F1 02 66      [10]   52 	or	a, 2 (iy)
   000D F1 01 66      [10]   53 	or	a, 1 (iy)
   0010 E5 66         [11]   54 	or	a,0 (iy)
   0012 CE 08         [ 7]   55 	jr	NZ,00102$
   0014 3A 00 00      [13]   56 	ld	hl,#0x0000
   0017 FD 33                57 	ld	e,l
   0019 FC 32         [17]   58 	ld	d,h
   001B 1E            [ 7]   59 	ret
   001C                      60 00102$:
                             61 ;../sinf.c:39: return sincosf(x, 0);
   001C FE 65         [ 7]   62 	xor	a, a
   001E 56            [ 7]   63 	push	af
   001F 96            [ 7]   64 	inc	sp
   0020 F2 05 4A      [10]   65 	ld	hl, 5 (sp)
   0023 52            [ 4]   66 	push	hl
   0024 F2 05 4A      [10]   67 	ld	hl, 5 (sp)
   0027 52            [ 4]   68 	push	hl
   0028 1Cr00r00      [ 4]   69 	call	_sincosf
   002B 16 05 00      [ 7]   70 	add	sp, #5
   002E 1E            [ 7]   71 	ret
                             72 	.area _CODE
                             73 	.area _INITIALIZER
                             74 	.area _CABS (ABS)
