                                      1 ;--------------------------------------------------------
                                      2 ; File Created by SDCC : free open source ANSI-C Compiler
                                      3 ; Version 3.5.0 #9253 (Apr  4 2022) (Linux)
                                      4 ; This file was generated Mon Apr  4 14:17:17 2022
                                      5 ;--------------------------------------------------------
                                      6 	.module _calloc
                                      7 	.optsdcc -mstm8
                                      8 	
                                      9 ;--------------------------------------------------------
                                     10 ; Public variables in this module
                                     11 ;--------------------------------------------------------
                                     12 	.globl _memset
                                     13 	.globl _malloc
                                     14 	.globl _calloc
                                     15 ;--------------------------------------------------------
                                     16 ; ram data
                                     17 ;--------------------------------------------------------
                                     18 	.area DATA
                                     19 ;--------------------------------------------------------
                                     20 ; ram data
                                     21 ;--------------------------------------------------------
                                     22 	.area INITIALIZED
                                     23 ;--------------------------------------------------------
                                     24 ; absolute external ram data
                                     25 ;--------------------------------------------------------
                                     26 	.area DABS (ABS)
                                     27 ;--------------------------------------------------------
                                     28 ; global & static initialisations
                                     29 ;--------------------------------------------------------
                                     30 	.area HOME
                                     31 	.area GSINIT
                                     32 	.area GSFINAL
                                     33 	.area GSINIT
                                     34 ;--------------------------------------------------------
                                     35 ; Home
                                     36 ;--------------------------------------------------------
                                     37 	.area HOME
                                     38 	.area HOME
                                     39 ;--------------------------------------------------------
                                     40 ; code
                                     41 ;--------------------------------------------------------
                                     42 	.area CODE
                                     43 ;	../_calloc.c: 45: void __xdata * calloc (size_t nmemb, size_t size)
                                     44 ;	-----------------------------------------
                                     45 ;	 function calloc
                                     46 ;	-----------------------------------------
      000000                         47 _calloc:
      000000 52 02            [ 2]   48 	sub	sp, #2
                                     49 ;	../_calloc.c: 49: ptr = malloc(nmemb * size);
      000002 1E 07            [ 2]   50 	ldw	x, (0x07, sp)
      000004 89               [ 2]   51 	pushw	x
      000005 1E 07            [ 2]   52 	ldw	x, (0x07, sp)
      000007 89               [ 2]   53 	pushw	x
      000008 CDr00r00         [ 4]   54 	call	__mulint
      00000B 5B 04            [ 2]   55 	addw	sp, #4
      00000D 1F 01            [ 2]   56 	ldw	(0x01, sp), x
      00000F 1E 01            [ 2]   57 	ldw	x, (0x01, sp)
      000011 89               [ 2]   58 	pushw	x
      000012 CDr00r00         [ 4]   59 	call	_malloc
      000015 5B 02            [ 2]   60 	addw	sp, #2
                                     61 ;	../_calloc.c: 50: if (ptr)
      000017 5D               [ 2]   62 	tnzw	x
      000018 27 10            [ 1]   63 	jreq	00102$
                                     64 ;	../_calloc.c: 52: memset(ptr, 0, nmemb * size);
      00001A 89               [ 2]   65 	pushw	x
      00001B 16 03            [ 2]   66 	ldw	y, (0x03, sp)
      00001D 90 89            [ 2]   67 	pushw	y
      00001F 4B 00            [ 1]   68 	push	#0x00
      000021 4B 00            [ 1]   69 	push	#0x00
      000023 89               [ 2]   70 	pushw	x
      000024 CDr00r00         [ 4]   71 	call	_memset
      000027 5B 06            [ 2]   72 	addw	sp, #6
      000029 85               [ 2]   73 	popw	x
      00002A                         74 00102$:
                                     75 ;	../_calloc.c: 54: return ptr;
      00002A 5B 02            [ 2]   76 	addw	sp, #2
      00002C 81               [ 4]   77 	ret
                                     78 	.area CODE
                                     79 	.area INITIALIZER
                                     80 	.area CABS (ABS)
