                                      1 ;--------------------------------------------------------
                                      2 ; File Created by SDCC : free open source ANSI-C Compiler
                                      3 ; Version 3.5.0 #9253 (Apr  4 2022) (Linux)
                                      4 ; This file was generated Mon Apr  4 14:16:53 2022
                                      5 ;--------------------------------------------------------
                                      6 	.module _fs2uchar
                                      7 	.optsdcc -mstm8
                                      8 	
                                      9 ;--------------------------------------------------------
                                     10 ; Public variables in this module
                                     11 ;--------------------------------------------------------
                                     12 	.globl ___fs2ulong
                                     13 	.globl ___fs2uchar
                                     14 ;--------------------------------------------------------
                                     15 ; ram data
                                     16 ;--------------------------------------------------------
                                     17 	.area DATA
                                     18 ;--------------------------------------------------------
                                     19 ; ram data
                                     20 ;--------------------------------------------------------
                                     21 	.area INITIALIZED
                                     22 ;--------------------------------------------------------
                                     23 ; absolute external ram data
                                     24 ;--------------------------------------------------------
                                     25 	.area DABS (ABS)
                                     26 ;--------------------------------------------------------
                                     27 ; global & static initialisations
                                     28 ;--------------------------------------------------------
                                     29 	.area HOME
                                     30 	.area GSINIT
                                     31 	.area GSFINAL
                                     32 	.area GSINIT
                                     33 ;--------------------------------------------------------
                                     34 ; Home
                                     35 ;--------------------------------------------------------
                                     36 	.area HOME
                                     37 	.area HOME
                                     38 ;--------------------------------------------------------
                                     39 ; code
                                     40 ;--------------------------------------------------------
                                     41 	.area CODE
                                     42 ;	../_fs2uchar.c: 51: unsigned char __fs2uchar (float f)
                                     43 ;	-----------------------------------------
                                     44 ;	 function __fs2uchar
                                     45 ;	-----------------------------------------
      000000                         46 ___fs2uchar:
                                     47 ;	../_fs2uchar.c: 53: unsigned long ul=__fs2ulong(f);
      000000 1E 05            [ 2]   48 	ldw	x, (0x05, sp)
      000002 89               [ 2]   49 	pushw	x
      000003 1E 05            [ 2]   50 	ldw	x, (0x05, sp)
      000005 89               [ 2]   51 	pushw	x
      000006 CDr00r00         [ 4]   52 	call	___fs2ulong
      000009 5B 04            [ 2]   53 	addw	sp, #4
                                     54 ;	../_fs2uchar.c: 54: if (ul>=UCHAR_MAX) return UCHAR_MAX;
      00000B A3 00 FF         [ 2]   55 	cpw	x, #0x00ff
      00000E 90 9F            [ 1]   56 	ld	a, yl
      000010 A2 00            [ 1]   57 	sbc	a, #0x00
      000012 90 9E            [ 1]   58 	ld	a, yh
      000014 A2 00            [ 1]   59 	sbc	a, #0x00
      000016 25 03            [ 1]   60 	jrc	00102$
      000018 A6 FF            [ 1]   61 	ld	a, #0xff
                                     62 ;	../_fs2uchar.c: 55: return ul;
      00001A 21                      63 	.byte 0x21
      00001B                         64 00102$:
      00001B 9F               [ 1]   65 	ld	a, xl
      00001C                         66 00103$:
      00001C 81               [ 4]   67 	ret
                                     68 	.area CODE
                                     69 	.area INITIALIZER
                                     70 	.area CABS (ABS)
