                                      1 ;--------------------------------------------------------
                                      2 ; File Created by SDCC : free open source ANSI-C Compiler
                                      3 ; Version 3.5.0 #9253 (Apr  4 2022) (Linux)
                                      4 ; This file was generated Mon Apr  4 14:16:59 2022
                                      5 ;--------------------------------------------------------
                                      6 	.module _fsmul
                                      7 	.optsdcc -mstm8
                                      8 	
                                      9 ;--------------------------------------------------------
                                     10 ; Public variables in this module
                                     11 ;--------------------------------------------------------
                                     12 	.globl ___fsmul
                                     13 ;--------------------------------------------------------
                                     14 ; ram data
                                     15 ;--------------------------------------------------------
                                     16 	.area DATA
                                     17 ;--------------------------------------------------------
                                     18 ; ram data
                                     19 ;--------------------------------------------------------
                                     20 	.area INITIALIZED
                                     21 ;--------------------------------------------------------
                                     22 ; absolute external ram data
                                     23 ;--------------------------------------------------------
                                     24 	.area DABS (ABS)
                                     25 ;--------------------------------------------------------
                                     26 ; global & static initialisations
                                     27 ;--------------------------------------------------------
                                     28 	.area HOME
                                     29 	.area GSINIT
                                     30 	.area GSFINAL
                                     31 	.area GSINIT
                                     32 ;--------------------------------------------------------
                                     33 ; Home
                                     34 ;--------------------------------------------------------
                                     35 	.area HOME
                                     36 	.area HOME
                                     37 ;--------------------------------------------------------
                                     38 ; code
                                     39 ;--------------------------------------------------------
                                     40 	.area CODE
                                     41 ;	../_fsmul.c: 241: float __fsmul (float a1, float a2) {
                                     42 ;	-----------------------------------------
                                     43 ;	 function __fsmul
                                     44 ;	-----------------------------------------
      000000                         45 ___fsmul:
      000000 52 7C            [ 2]   46 	sub	sp, #124
                                     47 ;	../_fsmul.c: 247: fl1.f = a1;
      000002 96               [ 1]   48 	ldw	x, sp
      000003 1C 00 0C         [ 2]   49 	addw	x, #12
      000006 16 81            [ 2]   50 	ldw	y, (0x81, sp)
      000008 EF 02            [ 2]   51 	ldw	(0x2, x), y
      00000A 16 7F            [ 2]   52 	ldw	y, (0x7f, sp)
      00000C FF               [ 2]   53 	ldw	(x), y
                                     54 ;	../_fsmul.c: 248: fl2.f = a2;
      00000D 96               [ 1]   55 	ldw	x, sp
      00000E 1C 00 08         [ 2]   56 	addw	x, #8
      000011 16 85            [ 2]   57 	ldw	y, (0x85, sp)
      000013 EF 02            [ 2]   58 	ldw	(0x2, x), y
      000015 16 83            [ 2]   59 	ldw	y, (0x83, sp)
      000017 FF               [ 2]   60 	ldw	(x), y
                                     61 ;	../_fsmul.c: 250: if (!fl1.l || !fl2.l)
      000018 96               [ 1]   62 	ldw	x, sp
      000019 1C 00 0C         [ 2]   63 	addw	x, #12
      00001C E6 03            [ 1]   64 	ld	a, (0x3, x)
      00001E 6B 6D            [ 1]   65 	ld	(0x6d, sp), a
      000020 E6 02            [ 1]   66 	ld	a, (0x2, x)
      000022 6B 6C            [ 1]   67 	ld	(0x6c, sp), a
      000024 FE               [ 2]   68 	ldw	x, (x)
      000025 1F 6A            [ 2]   69 	ldw	(0x6a, sp), x
      000027 1E 6C            [ 2]   70 	ldw	x, (0x6c, sp)
      000029 26 04            [ 1]   71 	jrne	00143$
      00002B 1E 6A            [ 2]   72 	ldw	x, (0x6a, sp)
      00002D 27 14            [ 1]   73 	jreq	00101$
      00002F                         74 00143$:
      00002F 96               [ 1]   75 	ldw	x, sp
      000030 1C 00 08         [ 2]   76 	addw	x, #8
      000033 E6 03            [ 1]   77 	ld	a, (0x3, x)
      000035 6B 5D            [ 1]   78 	ld	(0x5d, sp), a
      000037 E6 02            [ 1]   79 	ld	a, (0x2, x)
      000039 6B 5C            [ 1]   80 	ld	(0x5c, sp), a
      00003B FE               [ 2]   81 	ldw	x, (x)
      00003C 16 5C            [ 2]   82 	ldw	y, (0x5c, sp)
      00003E 26 09            [ 1]   83 	jrne	00102$
      000040 5D               [ 2]   84 	tnzw	x
      000041 26 06            [ 1]   85 	jrne	00102$
      000043                         86 00101$:
                                     87 ;	../_fsmul.c: 251: return (0);
      000043 5F               [ 1]   88 	clrw	x
      000044 90 5F            [ 1]   89 	clrw	y
      000046 CCr02rFF         [ 2]   90 	jp	00113$
      000049                         91 00102$:
                                     92 ;	../_fsmul.c: 254: sign = SIGN (fl1.l) ^ SIGN (fl2.l);
      000049 96               [ 1]   93 	ldw	x, sp
      00004A 1C 00 0C         [ 2]   94 	addw	x, #12
      00004D E6 03            [ 1]   95 	ld	a, (0x3, x)
      00004F 6B 1B            [ 1]   96 	ld	(0x1b, sp), a
      000051 E6 02            [ 1]   97 	ld	a, (0x2, x)
      000053 FE               [ 2]   98 	ldw	x, (x)
      000054 9E               [ 1]   99 	ld	a, xh
      000055 48               [ 1]  100 	sll	a
      000056 4F               [ 1]  101 	clr	a
      000057 49               [ 1]  102 	rlc	a
      000058 6B 7C            [ 1]  103 	ld	(0x7c, sp), a
      00005A 96               [ 1]  104 	ldw	x, sp
      00005B 1C 00 08         [ 2]  105 	addw	x, #8
      00005E E6 03            [ 1]  106 	ld	a, (0x3, x)
      000060 6B 59            [ 1]  107 	ld	(0x59, sp), a
      000062 E6 02            [ 1]  108 	ld	a, (0x2, x)
      000064 FE               [ 2]  109 	ldw	x, (x)
      000065 9E               [ 1]  110 	ld	a, xh
      000066 48               [ 1]  111 	sll	a
      000067 4F               [ 1]  112 	clr	a
      000068 49               [ 1]  113 	rlc	a
      000069 18 7C            [ 1]  114 	xor	a, (0x7c, sp)
      00006B 6B 01            [ 1]  115 	ld	(0x01, sp), a
                                    116 ;	../_fsmul.c: 255: exp = EXP (fl1.l) - EXCESS;
      00006D 96               [ 1]  117 	ldw	x, sp
      00006E 1C 00 0C         [ 2]  118 	addw	x, #12
      000071 E6 03            [ 1]  119 	ld	a, (0x3, x)
      000073 90 97            [ 1]  120 	ld	yl, a
      000075 E6 02            [ 1]  121 	ld	a, (0x2, x)
      000077 FE               [ 2]  122 	ldw	x, (x)
      000078 88               [ 1]  123 	push	a
      000079 A6 17            [ 1]  124 	ld	a, #0x17
      00007B                        125 00146$:
      00007B 54               [ 2]  126 	srlw	x
      00007C 06 01            [ 1]  127 	rrc	(1, sp)
      00007E 61               [ 1]  128 	exg	a, yl
      00007F 46               [ 1]  129 	rrc	a
      000080 61               [ 1]  130 	exg	a, yl
      000081 4A               [ 1]  131 	dec	a
      000082 26 F7            [ 1]  132 	jrne	00146$
      000084 84               [ 1]  133 	pop	a
      000085 4F               [ 1]  134 	clr	a
      000086 90 95            [ 1]  135 	ld	yh, a
      000088 5F               [ 1]  136 	clrw	x
      000089 72 A2 00 7E      [ 2]  137 	subw	y, #0x007e
      00008D 9F               [ 1]  138 	ld	a, xl
      00008E A2 00            [ 1]  139 	sbc	a, #0x00
      000090 02               [ 1]  140 	rlwa	x
      000091 A2 00            [ 1]  141 	sbc	a, #0x00
      000093 17 02            [ 2]  142 	ldw	(0x02, sp), y
                                    143 ;	../_fsmul.c: 256: exp += EXP (fl2.l);
      000095 96               [ 1]  144 	ldw	x, sp
      000096 1C 00 08         [ 2]  145 	addw	x, #8
      000099 E6 03            [ 1]  146 	ld	a, (0x3, x)
      00009B 90 97            [ 1]  147 	ld	yl, a
      00009D E6 02            [ 1]  148 	ld	a, (0x2, x)
      00009F FE               [ 2]  149 	ldw	x, (x)
      0000A0 88               [ 1]  150 	push	a
      0000A1 A6 17            [ 1]  151 	ld	a, #0x17
      0000A3                        152 00148$:
      0000A3 54               [ 2]  153 	srlw	x
      0000A4 06 01            [ 1]  154 	rrc	(1, sp)
      0000A6 61               [ 1]  155 	exg	a, yl
      0000A7 46               [ 1]  156 	rrc	a
      0000A8 61               [ 1]  157 	exg	a, yl
      0000A9 4A               [ 1]  158 	dec	a
      0000AA 26 F7            [ 1]  159 	jrne	00148$
      0000AC 84               [ 1]  160 	pop	a
      0000AD 4F               [ 1]  161 	clr	a
      0000AE 0F 21            [ 1]  162 	clr	(0x21, sp)
      0000B0 0F 20            [ 1]  163 	clr	(0x20, sp)
      0000B2 1E 02            [ 2]  164 	ldw	x, (0x02, sp)
      0000B4 1F 2E            [ 2]  165 	ldw	(0x2e, sp), x
      0000B6 5F               [ 1]  166 	clrw	x
      0000B7 0D 2E            [ 1]  167 	tnz	(0x2e, sp)
      0000B9 2A 01            [ 1]  168 	jrpl	00150$
      0000BB 5A               [ 2]  169 	decw	x
      0000BC                        170 00150$:
      0000BC 90 95            [ 1]  171 	ld	yh, a
      0000BE 72 F9 2E         [ 2]  172 	addw	y, (0x2e, sp)
      0000C1 9F               [ 1]  173 	ld	a, xl
      0000C2 19 21            [ 1]  174 	adc	a, (0x21, sp)
      0000C4 02               [ 1]  175 	rlwa	x
      0000C5 19 20            [ 1]  176 	adc	a, (0x20, sp)
      0000C7 17 02            [ 2]  177 	ldw	(0x02, sp), y
                                    178 ;	../_fsmul.c: 258: fl1.l = MANT (fl1.l);
      0000C9 96               [ 1]  179 	ldw	x, sp
      0000CA 1C 00 0C         [ 2]  180 	addw	x, #12
      0000CD 1F 32            [ 2]  181 	ldw	(0x32, sp), x
      0000CF 96               [ 1]  182 	ldw	x, sp
      0000D0 1C 00 0C         [ 2]  183 	addw	x, #12
      0000D3 E6 03            [ 1]  184 	ld	a, (0x3, x)
      0000D5 90 97            [ 1]  185 	ld	yl, a
      0000D7 E6 02            [ 1]  186 	ld	a, (0x2, x)
      0000D9 90 95            [ 1]  187 	ld	yh, a
      0000DB FE               [ 2]  188 	ldw	x, (x)
      0000DC 9F               [ 1]  189 	ld	a, xl
      0000DD A4 7F            [ 1]  190 	and	a, #0x7f
      0000DF 97               [ 1]  191 	ld	xl, a
      0000E0 4F               [ 1]  192 	clr	a
      0000E1 6B 3C            [ 1]  193 	ld	(0x3c, sp), a
      0000E3 9F               [ 1]  194 	ld	a, xl
      0000E4 AA 80            [ 1]  195 	or	a, #0x80
      0000E6 6B 3D            [ 1]  196 	ld	(0x3d, sp), a
      0000E8 1E 32            [ 2]  197 	ldw	x, (0x32, sp)
      0000EA EF 02            [ 2]  198 	ldw	(0x2, x), y
      0000EC 16 3C            [ 2]  199 	ldw	y, (0x3c, sp)
      0000EE FF               [ 2]  200 	ldw	(x), y
                                    201 ;	../_fsmul.c: 259: fl2.l = MANT (fl2.l);
      0000EF 96               [ 1]  202 	ldw	x, sp
      0000F0 1C 00 08         [ 2]  203 	addw	x, #8
      0000F3 1F 44            [ 2]  204 	ldw	(0x44, sp), x
      0000F5 96               [ 1]  205 	ldw	x, sp
      0000F6 1C 00 08         [ 2]  206 	addw	x, #8
      0000F9 E6 03            [ 1]  207 	ld	a, (0x3, x)
      0000FB 90 97            [ 1]  208 	ld	yl, a
      0000FD E6 02            [ 1]  209 	ld	a, (0x2, x)
      0000FF 90 95            [ 1]  210 	ld	yh, a
      000101 FE               [ 2]  211 	ldw	x, (x)
      000102 9F               [ 1]  212 	ld	a, xl
      000103 A4 7F            [ 1]  213 	and	a, #0x7f
      000105 97               [ 1]  214 	ld	xl, a
      000106 4F               [ 1]  215 	clr	a
      000107 6B 46            [ 1]  216 	ld	(0x46, sp), a
      000109 9F               [ 1]  217 	ld	a, xl
      00010A AA 80            [ 1]  218 	or	a, #0x80
      00010C 6B 47            [ 1]  219 	ld	(0x47, sp), a
      00010E 1E 44            [ 2]  220 	ldw	x, (0x44, sp)
      000110 EF 02            [ 2]  221 	ldw	(0x2, x), y
      000112 16 46            [ 2]  222 	ldw	y, (0x46, sp)
      000114 FF               [ 2]  223 	ldw	(x), y
                                    224 ;	../_fsmul.c: 262: result = (fl1.l >> 8) * (fl2.l >> 8);
      000115 96               [ 1]  225 	ldw	x, sp
      000116 1C 00 0C         [ 2]  226 	addw	x, #12
      000119 E6 03            [ 1]  227 	ld	a, (0x3, x)
      00011B 6B 4D            [ 1]  228 	ld	(0x4d, sp), a
      00011D E6 02            [ 1]  229 	ld	a, (0x2, x)
      00011F FE               [ 2]  230 	ldw	x, (x)
      000120 6B 61            [ 1]  231 	ld	(0x61, sp), a
      000122 0F 5E            [ 1]  232 	clr	(0x5e, sp)
      000124 90 96            [ 1]  233 	ldw	y, sp
      000126 72 A9 00 08      [ 2]  234 	addw	y, #8
      00012A 90 E6 03         [ 1]  235 	ld	a, (0x3, y)
      00012D 6B 43            [ 1]  236 	ld	(0x43, sp), a
      00012F 90 E6 02         [ 1]  237 	ld	a, (0x2, y)
      000132 90 FE            [ 2]  238 	ldw	y, (y)
      000134 17 15            [ 2]  239 	ldw	(0x15, sp), y
      000136 90 97            [ 1]  240 	ld	yl, a
      000138 0F 14            [ 1]  241 	clr	(0x14, sp)
      00013A 90 9F            [ 1]  242 	ld	a, yl
      00013C 88               [ 1]  243 	push	a
      00013D 16 16            [ 2]  244 	ldw	y, (0x16, sp)
      00013F 90 89            [ 2]  245 	pushw	y
      000141 7B 17            [ 1]  246 	ld	a, (0x17, sp)
      000143 88               [ 1]  247 	push	a
      000144 7B 65            [ 1]  248 	ld	a, (0x65, sp)
      000146 88               [ 1]  249 	push	a
      000147 89               [ 2]  250 	pushw	x
      000148 7B 65            [ 1]  251 	ld	a, (0x65, sp)
      00014A 88               [ 1]  252 	push	a
      00014B CDr00r00         [ 4]  253 	call	__mullong
      00014E 5B 08            [ 2]  254 	addw	sp, #8
      000150 1F 06            [ 2]  255 	ldw	(0x06, sp), x
      000152 17 04            [ 2]  256 	ldw	(0x04, sp), y
                                    257 ;	../_fsmul.c: 263: result += ((fl1.l & (unsigned long) 0xFF) * (fl2.l >> 8)) >> 8;
      000154 96               [ 1]  258 	ldw	x, sp
      000155 1C 00 0C         [ 2]  259 	addw	x, #12
      000158 E6 03            [ 1]  260 	ld	a, (0x3, x)
      00015A 90 95            [ 1]  261 	ld	yh, a
      00015C E6 02            [ 1]  262 	ld	a, (0x2, x)
      00015E FE               [ 2]  263 	ldw	x, (x)
      00015F 0F 12            [ 1]  264 	clr	(0x12, sp)
      000161 0F 11            [ 1]  265 	clr	(0x11, sp)
      000163 0F 10            [ 1]  266 	clr	(0x10, sp)
      000165 96               [ 1]  267 	ldw	x, sp
      000166 1C 00 08         [ 2]  268 	addw	x, #8
      000169 E6 03            [ 1]  269 	ld	a, (0x3, x)
      00016B 6B 73            [ 1]  270 	ld	(0x73, sp), a
      00016D E6 02            [ 1]  271 	ld	a, (0x2, x)
      00016F FE               [ 2]  272 	ldw	x, (x)
      000170 0F 74            [ 1]  273 	clr	(0x74, sp)
      000172 88               [ 1]  274 	push	a
      000173 89               [ 2]  275 	pushw	x
      000174 7B 77            [ 1]  276 	ld	a, (0x77, sp)
      000176 88               [ 1]  277 	push	a
      000177 90 9E            [ 1]  278 	ld	a, yh
      000179 88               [ 1]  279 	push	a
      00017A 1E 16            [ 2]  280 	ldw	x, (0x16, sp)
      00017C 89               [ 2]  281 	pushw	x
      00017D 7B 17            [ 1]  282 	ld	a, (0x17, sp)
      00017F 88               [ 1]  283 	push	a
      000180 CDr00r00         [ 4]  284 	call	__mullong
      000183 5B 08            [ 2]  285 	addw	sp, #8
      000185 9E               [ 1]  286 	ld	a, xh
      000186 97               [ 1]  287 	ld	xl, a
      000187 4F               [ 1]  288 	clr	a
      000188 02               [ 1]  289 	rlwa	x
      000189 90 9F            [ 1]  290 	ld	a, yl
      00018B 01               [ 1]  291 	rrwa	x
      00018C 72 FB 06         [ 2]  292 	addw	x, (0x06, sp)
      00018F 88               [ 1]  293 	push	a
      000190 90 9E            [ 1]  294 	ld	a, yh
      000192 19 06            [ 1]  295 	adc	a, (0x06, sp)
      000194 90 97            [ 1]  296 	ld	yl, a
      000196 84               [ 1]  297 	pop	a
      000197 19 04            [ 1]  298 	adc	a, (0x04, sp)
      000199 90 95            [ 1]  299 	ld	yh, a
      00019B 1F 06            [ 2]  300 	ldw	(0x06, sp), x
      00019D 17 04            [ 2]  301 	ldw	(0x04, sp), y
                                    302 ;	../_fsmul.c: 264: result += ((fl2.l & (unsigned long) 0xFF) * (fl1.l >> 8)) >> 8;
      00019F 96               [ 1]  303 	ldw	x, sp
      0001A0 1C 00 08         [ 2]  304 	addw	x, #8
      0001A3 E6 03            [ 1]  305 	ld	a, (0x3, x)
      0001A5 90 95            [ 1]  306 	ld	yh, a
      0001A7 E6 02            [ 1]  307 	ld	a, (0x2, x)
      0001A9 FE               [ 2]  308 	ldw	x, (x)
      0001AA 0F 7A            [ 1]  309 	clr	(0x7a, sp)
      0001AC 0F 79            [ 1]  310 	clr	(0x79, sp)
      0001AE 0F 78            [ 1]  311 	clr	(0x78, sp)
      0001B0 96               [ 1]  312 	ldw	x, sp
      0001B1 1C 00 0C         [ 2]  313 	addw	x, #12
      0001B4 E6 03            [ 1]  314 	ld	a, (0x3, x)
      0001B6 6B 55            [ 1]  315 	ld	(0x55, sp), a
      0001B8 E6 02            [ 1]  316 	ld	a, (0x2, x)
      0001BA FE               [ 2]  317 	ldw	x, (x)
      0001BB 0F 24            [ 1]  318 	clr	(0x24, sp)
      0001BD 88               [ 1]  319 	push	a
      0001BE 89               [ 2]  320 	pushw	x
      0001BF 7B 27            [ 1]  321 	ld	a, (0x27, sp)
      0001C1 88               [ 1]  322 	push	a
      0001C2 90 9E            [ 1]  323 	ld	a, yh
      0001C4 88               [ 1]  324 	push	a
      0001C5 1E 7E            [ 2]  325 	ldw	x, (0x7e, sp)
      0001C7 89               [ 2]  326 	pushw	x
      0001C8 7B 7F            [ 1]  327 	ld	a, (0x7f, sp)
      0001CA 88               [ 1]  328 	push	a
      0001CB CDr00r00         [ 4]  329 	call	__mullong
      0001CE 5B 08            [ 2]  330 	addw	sp, #8
      0001D0 9E               [ 1]  331 	ld	a, xh
      0001D1 97               [ 1]  332 	ld	xl, a
      0001D2 4F               [ 1]  333 	clr	a
      0001D3 02               [ 1]  334 	rlwa	x
      0001D4 90 9F            [ 1]  335 	ld	a, yl
      0001D6 01               [ 1]  336 	rrwa	x
      0001D7 72 FB 06         [ 2]  337 	addw	x, (0x06, sp)
      0001DA 88               [ 1]  338 	push	a
      0001DB 90 9E            [ 1]  339 	ld	a, yh
      0001DD 19 06            [ 1]  340 	adc	a, (0x06, sp)
      0001DF 90 97            [ 1]  341 	ld	yl, a
      0001E1 84               [ 1]  342 	pop	a
      0001E2 19 04            [ 1]  343 	adc	a, (0x04, sp)
      0001E4 90 95            [ 1]  344 	ld	yh, a
      0001E6 1F 06            [ 2]  345 	ldw	(0x06, sp), x
      0001E8 17 04            [ 2]  346 	ldw	(0x04, sp), y
                                    347 ;	../_fsmul.c: 267: result += 0x40;
      0001EA 16 06            [ 2]  348 	ldw	y, (0x06, sp)
      0001EC 72 A9 00 40      [ 2]  349 	addw	y, #0x0040
      0001F0 7B 05            [ 1]  350 	ld	a, (0x05, sp)
      0001F2 A9 00            [ 1]  351 	adc	a, #0x00
      0001F4 97               [ 1]  352 	ld	xl, a
      0001F5 7B 04            [ 1]  353 	ld	a, (0x04, sp)
      0001F7 A9 00            [ 1]  354 	adc	a, #0x00
      0001F9 95               [ 1]  355 	ld	xh, a
      0001FA 17 06            [ 2]  356 	ldw	(0x06, sp), y
      0001FC 1F 04            [ 2]  357 	ldw	(0x04, sp), x
                                    358 ;	../_fsmul.c: 269: if (result & SIGNBIT)
      0001FE 0D 04            [ 1]  359 	tnz	(0x04, sp)
      000200 2A 21            [ 1]  360 	jrpl	00105$
                                    361 ;	../_fsmul.c: 272: result += 0x40;
      000202 16 06            [ 2]  362 	ldw	y, (0x06, sp)
      000204 72 A9 00 40      [ 2]  363 	addw	y, #0x0040
      000208 7B 05            [ 1]  364 	ld	a, (0x05, sp)
      00020A A9 00            [ 1]  365 	adc	a, #0x00
      00020C 97               [ 1]  366 	ld	xl, a
      00020D 7B 04            [ 1]  367 	ld	a, (0x04, sp)
      00020F A9 00            [ 1]  368 	adc	a, #0x00
      000211 95               [ 1]  369 	ld	xh, a
      000212 17 06            [ 2]  370 	ldw	(0x06, sp), y
      000214 1F 04            [ 2]  371 	ldw	(0x04, sp), x
                                    372 ;	../_fsmul.c: 273: result >>= 8;
      000216 16 05            [ 2]  373 	ldw	y, (0x05, sp)
      000218 7B 04            [ 1]  374 	ld	a, (0x04, sp)
      00021A 97               [ 1]  375 	ld	xl, a
      00021B 4F               [ 1]  376 	clr	a
      00021C 95               [ 1]  377 	ld	xh, a
      00021D 17 06            [ 2]  378 	ldw	(0x06, sp), y
      00021F 1F 04            [ 2]  379 	ldw	(0x04, sp), x
      000221 20 22            [ 2]  380 	jra	00106$
      000223                        381 00105$:
                                    382 ;	../_fsmul.c: 277: result >>= 7;
      000223 16 06            [ 2]  383 	ldw	y, (0x06, sp)
      000225 1E 04            [ 2]  384 	ldw	x, (0x04, sp)
      000227 54               [ 2]  385 	srlw	x
      000228 90 56            [ 2]  386 	rrcw	y
      00022A 54               [ 2]  387 	srlw	x
      00022B 90 56            [ 2]  388 	rrcw	y
      00022D 54               [ 2]  389 	srlw	x
      00022E 90 56            [ 2]  390 	rrcw	y
      000230 54               [ 2]  391 	srlw	x
      000231 90 56            [ 2]  392 	rrcw	y
      000233 54               [ 2]  393 	srlw	x
      000234 90 56            [ 2]  394 	rrcw	y
      000236 54               [ 2]  395 	srlw	x
      000237 90 56            [ 2]  396 	rrcw	y
      000239 54               [ 2]  397 	srlw	x
      00023A 90 56            [ 2]  398 	rrcw	y
      00023C 17 06            [ 2]  399 	ldw	(0x06, sp), y
      00023E 1F 04            [ 2]  400 	ldw	(0x04, sp), x
                                    401 ;	../_fsmul.c: 278: exp--;
      000240 1E 02            [ 2]  402 	ldw	x, (0x02, sp)
      000242 5A               [ 2]  403 	decw	x
      000243 1F 02            [ 2]  404 	ldw	(0x02, sp), x
      000245                        405 00106$:
                                    406 ;	../_fsmul.c: 281: result &= ~HIDDEN;
      000245 16 06            [ 2]  407 	ldw	y, (0x06, sp)
      000247 7B 05            [ 1]  408 	ld	a, (0x05, sp)
      000249 A4 7F            [ 1]  409 	and	a, #0x7f
      00024B 97               [ 1]  410 	ld	xl, a
      00024C 7B 04            [ 1]  411 	ld	a, (0x04, sp)
      00024E 95               [ 1]  412 	ld	xh, a
      00024F 17 06            [ 2]  413 	ldw	(0x06, sp), y
      000251 1F 04            [ 2]  414 	ldw	(0x04, sp), x
                                    415 ;	../_fsmul.c: 284: if (exp >= 0x100)
      000253 1E 02            [ 2]  416 	ldw	x, (0x02, sp)
      000255 A3 01 00         [ 2]  417 	cpw	x, #0x0100
      000258 2F 2A            [ 1]  418 	jrslt	00111$
                                    419 ;	../_fsmul.c: 285: fl1.l = (sign ? SIGNBIT : 0) | __INFINITY;
      00025A 96               [ 1]  420 	ldw	x, sp
      00025B 1C 00 0C         [ 2]  421 	addw	x, #12
      00025E 1F 30            [ 2]  422 	ldw	(0x30, sp), x
      000260 0D 01            [ 1]  423 	tnz	(0x01, sp)
      000262 27 08            [ 1]  424 	jreq	00115$
      000264 90 5F            [ 1]  425 	clrw	y
      000266 0F 39            [ 1]  426 	clr	(0x39, sp)
      000268 A6 80            [ 1]  427 	ld	a, #0x80
      00026A 20 05            [ 2]  428 	jra	00116$
      00026C                        429 00115$:
      00026C 90 5F            [ 1]  430 	clrw	y
      00026E 0F 39            [ 1]  431 	clr	(0x39, sp)
      000270 4F               [ 1]  432 	clr	a
      000271                        433 00116$:
      000271 AA 7F            [ 1]  434 	or	a, #0x7f
      000273 6B 66            [ 1]  435 	ld	(0x66, sp), a
      000275 7B 39            [ 1]  436 	ld	a, (0x39, sp)
      000277 AA 80            [ 1]  437 	or	a, #0x80
      000279 6B 67            [ 1]  438 	ld	(0x67, sp), a
      00027B 1E 30            [ 2]  439 	ldw	x, (0x30, sp)
      00027D EF 02            [ 2]  440 	ldw	(0x2, x), y
      00027F 16 66            [ 2]  441 	ldw	y, (0x66, sp)
      000281 FF               [ 2]  442 	ldw	(x), y
      000282 20 6D            [ 2]  443 	jra	00112$
      000284                        444 00111$:
                                    445 ;	../_fsmul.c: 286: else if (exp < 0)
      000284 0D 02            [ 1]  446 	tnz	(0x02, sp)
      000286 2A 0D            [ 1]  447 	jrpl	00108$
                                    448 ;	../_fsmul.c: 287: fl1.l = 0;
      000288 96               [ 1]  449 	ldw	x, sp
      000289 1C 00 0C         [ 2]  450 	addw	x, #12
      00028C 6F 03            [ 1]  451 	clr	(0x3, x)
      00028E 6F 02            [ 1]  452 	clr	(0x2, x)
      000290 6F 01            [ 1]  453 	clr	(0x1, x)
      000292 7F               [ 1]  454 	clr	(x)
      000293 20 5C            [ 2]  455 	jra	00112$
      000295                        456 00108$:
                                    457 ;	../_fsmul.c: 289: fl1.l = PACK (sign ? SIGNBIT : 0 , exp, result);
      000295 96               [ 1]  458 	ldw	x, sp
      000296 1C 00 0C         [ 2]  459 	addw	x, #12
      000299 1F 6E            [ 2]  460 	ldw	(0x6e, sp), x
      00029B 0D 01            [ 1]  461 	tnz	(0x01, sp)
      00029D 27 0A            [ 1]  462 	jreq	00117$
      00029F 5F               [ 1]  463 	clrw	x
      0002A0 1F 1E            [ 2]  464 	ldw	(0x1e, sp), x
      0002A2 AE 80 00         [ 2]  465 	ldw	x, #0x8000
      0002A5 1F 1C            [ 2]  466 	ldw	(0x1c, sp), x
      0002A7 20 05            [ 2]  467 	jra	00118$
      0002A9                        468 00117$:
      0002A9 5F               [ 1]  469 	clrw	x
      0002AA 1F 1E            [ 2]  470 	ldw	(0x1e, sp), x
      0002AC 1F 1C            [ 2]  471 	ldw	(0x1c, sp), x
      0002AE                        472 00118$:
      0002AE 1E 02            [ 2]  473 	ldw	x, (0x02, sp)
      0002B0 9E               [ 1]  474 	ld	a, xh
      0002B1 49               [ 1]  475 	rlc	a
      0002B2 4F               [ 1]  476 	clr	a
      0002B3 A2 00            [ 1]  477 	sbc	a, #0x00
      0002B5 6B 29            [ 1]  478 	ld	(0x29, sp), a
      0002B7 6B 34            [ 1]  479 	ld	(0x34, sp), a
      0002B9 7B 29            [ 1]  480 	ld	a, (0x29, sp)
      0002BB 88               [ 1]  481 	push	a
      0002BC A6 17            [ 1]  482 	ld	a, #0x17
      0002BE                        483 00156$:
      0002BE 58               [ 2]  484 	sllw	x
      0002BF 09 01            [ 1]  485 	rlc	(1, sp)
      0002C1 09 35            [ 1]  486 	rlc	(0x35, sp)
      0002C3 4A               [ 1]  487 	dec	a
      0002C4 26 F8            [ 1]  488 	jrne	00156$
      0002C6 84               [ 1]  489 	pop	a
      0002C7 1A 1D            [ 1]  490 	or	a, (0x1d, sp)
      0002C9 6B 4F            [ 1]  491 	ld	(0x4f, sp), a
      0002CB 9F               [ 1]  492 	ld	a, xl
      0002CC 1A 1F            [ 1]  493 	or	a, (0x1f, sp)
      0002CE 02               [ 1]  494 	rlwa	x
      0002CF 1A 1E            [ 1]  495 	or	a, (0x1e, sp)
      0002D1 95               [ 1]  496 	ld	xh, a
      0002D2 7B 34            [ 1]  497 	ld	a, (0x34, sp)
      0002D4 1A 1C            [ 1]  498 	or	a, (0x1c, sp)
      0002D6 1A 04            [ 1]  499 	or	a, (0x04, sp)
      0002D8 6B 62            [ 1]  500 	ld	(0x62, sp), a
      0002DA 9F               [ 1]  501 	ld	a, xl
      0002DB 1A 07            [ 1]  502 	or	a, (0x07, sp)
      0002DD 90 97            [ 1]  503 	ld	yl, a
      0002DF 9E               [ 1]  504 	ld	a, xh
      0002E0 1A 06            [ 1]  505 	or	a, (0x06, sp)
      0002E2 90 95            [ 1]  506 	ld	yh, a
      0002E4 7B 4F            [ 1]  507 	ld	a, (0x4f, sp)
      0002E6 1A 05            [ 1]  508 	or	a, (0x05, sp)
      0002E8 6B 63            [ 1]  509 	ld	(0x63, sp), a
      0002EA 1E 6E            [ 2]  510 	ldw	x, (0x6e, sp)
      0002EC EF 02            [ 2]  511 	ldw	(0x2, x), y
      0002EE 16 62            [ 2]  512 	ldw	y, (0x62, sp)
      0002F0 FF               [ 2]  513 	ldw	(x), y
      0002F1                        514 00112$:
                                    515 ;	../_fsmul.c: 290: return (fl1.f);
      0002F1 96               [ 1]  516 	ldw	x, sp
      0002F2 1C 00 0C         [ 2]  517 	addw	x, #12
      0002F5 E6 03            [ 1]  518 	ld	a, (0x3, x)
      0002F7 90 97            [ 1]  519 	ld	yl, a
      0002F9 E6 02            [ 1]  520 	ld	a, (0x2, x)
      0002FB 90 95            [ 1]  521 	ld	yh, a
      0002FD FE               [ 2]  522 	ldw	x, (x)
      0002FE 51               [ 1]  523 	exgw	x, y
      0002FF                        524 00113$:
      0002FF 5B 7C            [ 2]  525 	addw	sp, #124
      000301 81               [ 4]  526 	ret
                                    527 	.area CODE
                                    528 	.area INITIALIZER
                                    529 	.area CABS (ABS)
