                                      1 ;--------------------------------------------------------
                                      2 ; File Created by SDCC : free open source ANSI-C Compiler
                                      3 ; Version 3.5.0 #9253 (Apr  4 2022) (Linux)
                                      4 ; This file was generated Mon Apr  4 14:17:12 2022
                                      5 ;--------------------------------------------------------
                                      6 	.module _rrslonglong
                                      7 	.optsdcc -mstm8
                                      8 	
                                      9 ;--------------------------------------------------------
                                     10 ; Public variables in this module
                                     11 ;--------------------------------------------------------
                                     12 	.globl __rrslonglong
                                     13 ;--------------------------------------------------------
                                     14 ; ram data
                                     15 ;--------------------------------------------------------
                                     16 	.area DATA
                                     17 ;--------------------------------------------------------
                                     18 ; ram data
                                     19 ;--------------------------------------------------------
                                     20 	.area INITIALIZED
                                     21 ;--------------------------------------------------------
                                     22 ; absolute external ram data
                                     23 ;--------------------------------------------------------
                                     24 	.area DABS (ABS)
                                     25 ;--------------------------------------------------------
                                     26 ; global & static initialisations
                                     27 ;--------------------------------------------------------
                                     28 	.area HOME
                                     29 	.area GSINIT
                                     30 	.area GSFINAL
                                     31 	.area GSINIT
                                     32 ;--------------------------------------------------------
                                     33 ; Home
                                     34 ;--------------------------------------------------------
                                     35 	.area HOME
                                     36 	.area HOME
                                     37 ;--------------------------------------------------------
                                     38 ; code
                                     39 ;--------------------------------------------------------
                                     40 	.area CODE
                                     41 ;	../_rrslonglong.c: 35: long long _rrslonglong(long long l, signed char s)
                                     42 ;	-----------------------------------------
                                     43 ;	 function _rrslonglong
                                     44 ;	-----------------------------------------
      000000                         45 __rrslonglong:
      000000 52 31            [ 2]   46 	sub	sp, #49
                                     47 ;	../_rrslonglong.c: 37: int32_t *top = (uint32_t *)((char *)(&l) + 4);
      000002 96               [ 1]   48 	ldw	x, sp
      000003 1C 00 34         [ 2]   49 	addw	x, #52
      000006 1F 29            [ 2]   50 	ldw	(0x29, sp), x
      000008 1E 29            [ 2]   51 	ldw	x, (0x29, sp)
      00000A 1C 00 04         [ 2]   52 	addw	x, #0x0004
      00000D 1F 07            [ 2]   53 	ldw	(0x07, sp), x
                                     54 ;	../_rrslonglong.c: 38: uint16_t *middle = (uint16_t *)((char *)(&l) + 3);
      00000F 1E 29            [ 2]   55 	ldw	x, (0x29, sp)
      000011 1C 00 03         [ 2]   56 	addw	x, #0x0003
      000014 1F 05            [ 2]   57 	ldw	(0x05, sp), x
                                     58 ;	../_rrslonglong.c: 39: uint32_t *bottom = (uint32_t *)(&l);
      000016 16 29            [ 2]   59 	ldw	y, (0x29, sp)
      000018 17 03            [ 2]   60 	ldw	(0x03, sp), y
                                     61 ;	../_rrslonglong.c: 40: uint16_t *b = (uint16_t *)(&l);
      00001A 16 29            [ 2]   62 	ldw	y, (0x29, sp)
      00001C 17 01            [ 2]   63 	ldw	(0x01, sp), y
                                     64 ;	../_rrslonglong.c: 50: (*bottom) >>= s;
      00001E 7B 3E            [ 1]   65 	ld	a, (0x3e, sp)
      000020 6B 2B            [ 1]   66 	ld	(0x2b, sp), a
      000022                         67 00103$:
                                     68 ;	../_rrslonglong.c: 42: for(;s >= 16; s-= 16)
      000022 7B 2B            [ 1]   69 	ld	a, (0x2b, sp)
      000024 A1 10            [ 1]   70 	cp	a, #0x10
      000026 2F 40            [ 1]   71 	jrslt	00101$
                                     72 ;	../_rrslonglong.c: 44: b[0] = b[1];
      000028 1E 01            [ 2]   73 	ldw	x, (0x01, sp)
      00002A 5C               [ 2]   74 	incw	x
      00002B 5C               [ 2]   75 	incw	x
      00002C 1F 2C            [ 2]   76 	ldw	(0x2c, sp), x
      00002E 1E 2C            [ 2]   77 	ldw	x, (0x2c, sp)
      000030 FE               [ 2]   78 	ldw	x, (x)
      000031 16 01            [ 2]   79 	ldw	y, (0x01, sp)
      000033 90 FF            [ 2]   80 	ldw	(y), x
                                     81 ;	../_rrslonglong.c: 45: b[1] = b[2];
      000035 1E 01            [ 2]   82 	ldw	x, (0x01, sp)
      000037 1C 00 04         [ 2]   83 	addw	x, #0x0004
      00003A 1F 11            [ 2]   84 	ldw	(0x11, sp), x
      00003C 1E 11            [ 2]   85 	ldw	x, (0x11, sp)
      00003E FE               [ 2]   86 	ldw	x, (x)
      00003F 16 2C            [ 2]   87 	ldw	y, (0x2c, sp)
      000041 90 FF            [ 2]   88 	ldw	(y), x
                                     89 ;	../_rrslonglong.c: 46: b[2] = b[3];
      000043 1E 01            [ 2]   90 	ldw	x, (0x01, sp)
      000045 1C 00 06         [ 2]   91 	addw	x, #0x0006
      000048 1F 27            [ 2]   92 	ldw	(0x27, sp), x
      00004A 1E 27            [ 2]   93 	ldw	x, (0x27, sp)
      00004C FE               [ 2]   94 	ldw	x, (x)
      00004D 16 11            [ 2]   95 	ldw	y, (0x11, sp)
      00004F 90 FF            [ 2]   96 	ldw	(y), x
                                     97 ;	../_rrslonglong.c: 47: b[3] = (b[3] & 0x8000) ? 0xffff : 0x000000;
      000051 1E 27            [ 2]   98 	ldw	x, (0x27, sp)
      000053 FE               [ 2]   99 	ldw	x, (x)
      000054 5D               [ 2]  100 	tnzw	x
      000055 2A 04            [ 1]  101 	jrpl	00107$
      000057 AE FF FF         [ 2]  102 	ldw	x, #0xffff
      00005A 21                     103 	.byte 0x21
      00005B                        104 00107$:
      00005B 5F               [ 1]  105 	clrw	x
      00005C                        106 00108$:
      00005C 16 27            [ 2]  107 	ldw	y, (0x27, sp)
      00005E 90 FF            [ 2]  108 	ldw	(y), x
                                    109 ;	../_rrslonglong.c: 42: for(;s >= 16; s-= 16)
      000060 7B 2B            [ 1]  110 	ld	a, (0x2b, sp)
      000062 A0 10            [ 1]  111 	sub	a, #0x10
      000064 6B 2B            [ 1]  112 	ld	(0x2b, sp), a
      000066 20 BA            [ 2]  113 	jra	00103$
      000068                        114 00101$:
                                    115 ;	../_rrslonglong.c: 50: (*bottom) >>= s;
      000068 1E 03            [ 2]  116 	ldw	x, (0x03, sp)
      00006A E6 03            [ 1]  117 	ld	a, (0x3, x)
      00006C 90 97            [ 1]  118 	ld	yl, a
      00006E E6 02            [ 1]  119 	ld	a, (0x2, x)
      000070 90 95            [ 1]  120 	ld	yh, a
      000072 FE               [ 2]  121 	ldw	x, (x)
      000073 7B 2B            [ 1]  122 	ld	a, (0x2b, sp)
      000075 27 06            [ 1]  123 	jreq	00125$
      000077                        124 00124$:
      000077 54               [ 2]  125 	srlw	x
      000078 90 56            [ 2]  126 	rrcw	y
      00007A 4A               [ 1]  127 	dec	a
      00007B 26 FA            [ 1]  128 	jrne	00124$
      00007D                        129 00125$:
      00007D 17 30            [ 2]  130 	ldw	(0x30, sp), y
      00007F 1F 2E            [ 2]  131 	ldw	(0x2e, sp), x
      000081 1E 03            [ 2]  132 	ldw	x, (0x03, sp)
      000083 16 30            [ 2]  133 	ldw	y, (0x30, sp)
      000085 EF 02            [ 2]  134 	ldw	(0x2, x), y
      000087 16 2E            [ 2]  135 	ldw	y, (0x2e, sp)
      000089 FF               [ 2]  136 	ldw	(x), y
                                    137 ;	../_rrslonglong.c: 51: (*bottom) |= ((uint32_t)((*middle) >> s) << 16);
      00008A 1E 05            [ 2]  138 	ldw	x, (0x05, sp)
      00008C FE               [ 2]  139 	ldw	x, (x)
      00008D 7B 2B            [ 1]  140 	ld	a, (0x2b, sp)
      00008F 27 04            [ 1]  141 	jreq	00127$
      000091                        142 00126$:
      000091 54               [ 2]  143 	srlw	x
      000092 4A               [ 1]  144 	dec	a
      000093 26 FC            [ 1]  145 	jrne	00126$
      000095                        146 00127$:
      000095 90 5F            [ 1]  147 	clrw	y
      000097 A6 10            [ 1]  148 	ld	a, #0x10
      000099                        149 00128$:
      000099 58               [ 2]  150 	sllw	x
      00009A 90 59            [ 2]  151 	rlcw	y
      00009C 4A               [ 1]  152 	dec	a
      00009D 26 FA            [ 1]  153 	jrne	00128$
      00009F 90 02            [ 1]  154 	rlwa	y
      0000A1 6B 09            [ 1]  155 	ld	(0x09, sp), a
      0000A3 90 01            [ 1]  156 	rrwa	y
      0000A5 90 9F            [ 1]  157 	ld	a, yl
      0000A7 1A 2F            [ 1]  158 	or	a, (0x2f, sp)
      0000A9 6B 0E            [ 1]  159 	ld	(0x0e, sp), a
      0000AB 9F               [ 1]  160 	ld	a, xl
      0000AC 1A 31            [ 1]  161 	or	a, (0x31, sp)
      0000AE 90 97            [ 1]  162 	ld	yl, a
      0000B0 9E               [ 1]  163 	ld	a, xh
      0000B1 1A 30            [ 1]  164 	or	a, (0x30, sp)
      0000B3 90 95            [ 1]  165 	ld	yh, a
      0000B5 7B 09            [ 1]  166 	ld	a, (0x09, sp)
      0000B7 1A 2E            [ 1]  167 	or	a, (0x2e, sp)
      0000B9 6B 0D            [ 1]  168 	ld	(0x0d, sp), a
      0000BB 1E 03            [ 2]  169 	ldw	x, (0x03, sp)
      0000BD EF 02            [ 2]  170 	ldw	(0x2, x), y
      0000BF 16 0D            [ 2]  171 	ldw	y, (0x0d, sp)
      0000C1 FF               [ 2]  172 	ldw	(x), y
                                    173 ;	../_rrslonglong.c: 52: (*top) |= (((*middle) & 0xffff0000) >> s);
      0000C2 1E 07            [ 2]  174 	ldw	x, (0x07, sp)
      0000C4 E6 03            [ 1]  175 	ld	a, (0x3, x)
      0000C6 6B 1E            [ 1]  176 	ld	(0x1e, sp), a
      0000C8 E6 02            [ 1]  177 	ld	a, (0x2, x)
      0000CA 90 95            [ 1]  178 	ld	yh, a
      0000CC FE               [ 2]  179 	ldw	x, (x)
      0000CD 1F 1B            [ 2]  180 	ldw	(0x1b, sp), x
      0000CF 1E 05            [ 2]  181 	ldw	x, (0x05, sp)
      0000D1 FE               [ 2]  182 	ldw	x, (x)
      0000D2 1F 19            [ 2]  183 	ldw	(0x19, sp), x
      0000D4 5F               [ 1]  184 	clrw	x
      0000D5 0F 16            [ 1]  185 	clr	(0x16, sp)
      0000D7 4F               [ 1]  186 	clr	a
      0000D8 6B 25            [ 1]  187 	ld	(0x25, sp), a
      0000DA 7B 16            [ 1]  188 	ld	a, (0x16, sp)
      0000DC 6B 26            [ 1]  189 	ld	(0x26, sp), a
      0000DE 7B 2B            [ 1]  190 	ld	a, (0x2b, sp)
      0000E0 27 08            [ 1]  191 	jreq	00131$
      0000E2                        192 00130$:
      0000E2 54               [ 2]  193 	srlw	x
      0000E3 06 25            [ 1]  194 	rrc	(0x25, sp)
      0000E5 06 26            [ 1]  195 	rrc	(0x26, sp)
      0000E7 4A               [ 1]  196 	dec	a
      0000E8 26 F8            [ 1]  197 	jrne	00130$
      0000EA                        198 00131$:
      0000EA 1F 23            [ 2]  199 	ldw	(0x23, sp), x
      0000EC 7B 1E            [ 1]  200 	ld	a, (0x1e, sp)
      0000EE 1E 1B            [ 2]  201 	ldw	x, (0x1b, sp)
      0000F0 1A 26            [ 1]  202 	or	a, (0x26, sp)
      0000F2 90 02            [ 1]  203 	rlwa	y
      0000F4 1A 25            [ 1]  204 	or	a, (0x25, sp)
      0000F6 90 95            [ 1]  205 	ld	yh, a
      0000F8 9F               [ 1]  206 	ld	a, xl
      0000F9 1A 24            [ 1]  207 	or	a, (0x24, sp)
      0000FB 6B 20            [ 1]  208 	ld	(0x20, sp), a
      0000FD 9E               [ 1]  209 	ld	a, xh
      0000FE 1A 23            [ 1]  210 	or	a, (0x23, sp)
      000100 6B 1F            [ 1]  211 	ld	(0x1f, sp), a
      000102 1E 07            [ 2]  212 	ldw	x, (0x07, sp)
      000104 EF 02            [ 2]  213 	ldw	(0x2, x), y
      000106 16 1F            [ 2]  214 	ldw	y, (0x1f, sp)
      000108 FF               [ 2]  215 	ldw	(x), y
                                    216 ;	../_rrslonglong.c: 54: return(l);
      000109 1E 34            [ 2]  217 	ldw	x, (0x34, sp)
      00010B 16 3C            [ 2]  218 	ldw	y, (0x3c, sp)
      00010D EF 06            [ 2]  219 	ldw	(#6, x), y
      00010F 16 3A            [ 2]  220 	ldw	y, (0x3a, sp)
      000111 EF 04            [ 2]  221 	ldw	(#4, x), y
      000113 16 38            [ 2]  222 	ldw	y, (0x38, sp)
      000115 EF 02            [ 2]  223 	ldw	(#2, x), y
      000117 16 36            [ 2]  224 	ldw	y, (0x36, sp)
      000119 FF               [ 2]  225 	ldw	(x), y
      00011A 5B 31            [ 2]  226 	addw	sp, #49
      00011C 81               [ 4]  227 	ret
                                    228 	.area CODE
                                    229 	.area INITIALIZER
                                    230 	.area CABS (ABS)
