                                      1 ;--------------------------------------------------------
                                      2 ; File Created by SDCC : free open source ANSI-C Compiler
                                      3 ; Version 3.5.0 #9253 (Apr  4 2022) (Linux)
                                      4 ; This file was generated Mon Apr  4 14:16:53 2022
                                      5 ;--------------------------------------------------------
                                      6 	.module _slong2fs
                                      7 	.optsdcc -mstm8
                                      8 	
                                      9 ;--------------------------------------------------------
                                     10 ; Public variables in this module
                                     11 ;--------------------------------------------------------
                                     12 	.globl ___ulong2fs
                                     13 	.globl ___slong2fs
                                     14 ;--------------------------------------------------------
                                     15 ; ram data
                                     16 ;--------------------------------------------------------
                                     17 	.area DATA
                                     18 ;--------------------------------------------------------
                                     19 ; ram data
                                     20 ;--------------------------------------------------------
                                     21 	.area INITIALIZED
                                     22 ;--------------------------------------------------------
                                     23 ; absolute external ram data
                                     24 ;--------------------------------------------------------
                                     25 	.area DABS (ABS)
                                     26 ;--------------------------------------------------------
                                     27 ; global & static initialisations
                                     28 ;--------------------------------------------------------
                                     29 	.area HOME
                                     30 	.area GSINIT
                                     31 	.area GSFINAL
                                     32 	.area GSINIT
                                     33 ;--------------------------------------------------------
                                     34 ; Home
                                     35 ;--------------------------------------------------------
                                     36 	.area HOME
                                     37 	.area HOME
                                     38 ;--------------------------------------------------------
                                     39 ; code
                                     40 ;--------------------------------------------------------
                                     41 	.area CODE
                                     42 ;	../_slong2fs.c: 79: float __slong2fs (signed long sl) {
                                     43 ;	-----------------------------------------
                                     44 ;	 function __slong2fs
                                     45 ;	-----------------------------------------
      000000                         46 ___slong2fs:
                                     47 ;	../_slong2fs.c: 80: if (sl<0) 
      000000 0D 03            [ 1]   48 	tnz	(0x03, sp)
      000002 2A 1B            [ 1]   49 	jrpl	00102$
                                     50 ;	../_slong2fs.c: 81: return -__ulong2fs(-sl);
      000004 16 05            [ 2]   51 	ldw	y, (0x05, sp)
      000006 90 50            [ 2]   52 	negw	y
      000008 4F               [ 1]   53 	clr	a
      000009 12 04            [ 1]   54 	sbc	a, (0x04, sp)
      00000B 97               [ 1]   55 	ld	xl, a
      00000C 4F               [ 1]   56 	clr	a
      00000D 12 03            [ 1]   57 	sbc	a, (0x03, sp)
      00000F 95               [ 1]   58 	ld	xh, a
      000010 90 89            [ 2]   59 	pushw	y
      000012 89               [ 2]   60 	pushw	x
      000013 CDr00r00         [ 4]   61 	call	___ulong2fs
      000016 5B 04            [ 2]   62 	addw	sp, #4
      000018 51               [ 1]   63 	exgw	x, y
      000019 58               [ 2]   64 	sllw	x
      00001A 8C               [ 1]   65 	ccf
      00001B 56               [ 2]   66 	rrcw	x
      00001C 51               [ 1]   67 	exgw	x, y
      00001D 20 0B            [ 2]   68 	jra	00104$
      00001F                         69 00102$:
                                     70 ;	../_slong2fs.c: 83: return __ulong2fs(sl);
      00001F 1E 05            [ 2]   71 	ldw	x, (0x05, sp)
      000021 89               [ 2]   72 	pushw	x
      000022 1E 05            [ 2]   73 	ldw	x, (0x05, sp)
      000024 89               [ 2]   74 	pushw	x
      000025 CDr00r00         [ 4]   75 	call	___ulong2fs
      000028 5B 04            [ 2]   76 	addw	sp, #4
      00002A                         77 00104$:
      00002A 81               [ 4]   78 	ret
                                     79 	.area CODE
                                     80 	.area INITIALIZER
                                     81 	.area CABS (ABS)
