                                      1 ;--------------------------------------------------------
                                      2 ; File Created by SDCC : free open source ANSI-C Compiler
                                      3 ; Version 3.5.0 #9253 (Apr  4 2022) (Linux)
                                      4 ; This file was generated Mon Apr  4 14:17:16 2022
                                      5 ;--------------------------------------------------------
                                      6 	.module _strpbrk
                                      7 	.optsdcc -mstm8
                                      8 	
                                      9 ;--------------------------------------------------------
                                     10 ; Public variables in this module
                                     11 ;--------------------------------------------------------
                                     12 	.globl _strchr
                                     13 	.globl _strpbrk
                                     14 ;--------------------------------------------------------
                                     15 ; ram data
                                     16 ;--------------------------------------------------------
                                     17 	.area DATA
                                     18 ;--------------------------------------------------------
                                     19 ; ram data
                                     20 ;--------------------------------------------------------
                                     21 	.area INITIALIZED
                                     22 ;--------------------------------------------------------
                                     23 ; absolute external ram data
                                     24 ;--------------------------------------------------------
                                     25 	.area DABS (ABS)
                                     26 ;--------------------------------------------------------
                                     27 ; global & static initialisations
                                     28 ;--------------------------------------------------------
                                     29 	.area HOME
                                     30 	.area GSINIT
                                     31 	.area GSFINAL
                                     32 	.area GSINIT
                                     33 ;--------------------------------------------------------
                                     34 ; Home
                                     35 ;--------------------------------------------------------
                                     36 	.area HOME
                                     37 	.area HOME
                                     38 ;--------------------------------------------------------
                                     39 ; code
                                     40 ;--------------------------------------------------------
                                     41 	.area CODE
                                     42 ;	../_strpbrk.c: 31: char * strpbrk ( const char * string, const char * control )
                                     43 ;	-----------------------------------------
                                     44 ;	 function strpbrk
                                     45 ;	-----------------------------------------
      000000                         46 _strpbrk:
      000000 52 04            [ 2]   47 	sub	sp, #4
                                     48 ;	../_strpbrk.c: 33: char *ret = NULL;
      000002 5F               [ 1]   49 	clrw	x
      000003 1F 01            [ 2]   50 	ldw	(0x01, sp), x
                                     51 ;	../_strpbrk.c: 36: while (ch = *control) {
      000005 16 09            [ 2]   52 	ldw	y, (0x09, sp)
      000007 17 03            [ 2]   53 	ldw	(0x03, sp), y
      000009                         54 00105$:
      000009 1E 03            [ 2]   55 	ldw	x, (0x03, sp)
      00000B F6               [ 1]   56 	ld	a, (x)
      00000C 97               [ 1]   57 	ld	xl, a
      00000D 4D               [ 1]   58 	tnz	a
      00000E 27 23            [ 1]   59 	jreq	00107$
                                     60 ;	../_strpbrk.c: 37: char * p = strchr(string, ch);
      000010 9F               [ 1]   61 	ld	a, xl
      000011 49               [ 1]   62 	rlc	a
      000012 4F               [ 1]   63 	clr	a
      000013 A2 00            [ 1]   64 	sbc	a, #0x00
      000015 95               [ 1]   65 	ld	xh, a
      000016 89               [ 2]   66 	pushw	x
      000017 1E 09            [ 2]   67 	ldw	x, (0x09, sp)
      000019 89               [ 2]   68 	pushw	x
      00001A CDr00r00         [ 4]   69 	call	_strchr
      00001D 5B 04            [ 2]   70 	addw	sp, #4
                                     71 ;	../_strpbrk.c: 38: if (p != NULL && (ret == NULL || p < ret)) {
      00001F 5D               [ 2]   72 	tnzw	x
      000020 27 0A            [ 1]   73 	jreq	00102$
      000022 16 01            [ 2]   74 	ldw	y, (0x01, sp)
      000024 27 04            [ 1]   75 	jreq	00101$
      000026 13 01            [ 2]   76 	cpw	x, (0x01, sp)
      000028 24 02            [ 1]   77 	jrnc	00102$
      00002A                         78 00101$:
                                     79 ;	../_strpbrk.c: 39: ret = p;
      00002A 1F 01            [ 2]   80 	ldw	(0x01, sp), x
      00002C                         81 00102$:
                                     82 ;	../_strpbrk.c: 41: control++;
      00002C 1E 03            [ 2]   83 	ldw	x, (0x03, sp)
      00002E 5C               [ 2]   84 	incw	x
      00002F 1F 03            [ 2]   85 	ldw	(0x03, sp), x
      000031 20 D6            [ 2]   86 	jra	00105$
      000033                         87 00107$:
                                     88 ;	../_strpbrk.c: 44: return (ret);
      000033 1E 01            [ 2]   89 	ldw	x, (0x01, sp)
      000035 5B 04            [ 2]   90 	addw	sp, #4
      000037 81               [ 4]   91 	ret
                                     92 	.area CODE
                                     93 	.area INITIALIZER
                                     94 	.area CABS (ABS)
