                                      1 ;--------------------------------------------------------
                                      2 ; File Created by SDCC : free open source ANSI-C Compiler
                                      3 ; Version 3.5.0 #9253 (Apr  4 2022) (Linux)
                                      4 ; This file was generated Mon Apr  4 14:17:28 2022
                                      5 ;--------------------------------------------------------
                                      6 	.module _strlen
                                      7 	.optsdcc -mstm8
                                      8 	
                                      9 ;--------------------------------------------------------
                                     10 ; Public variables in this module
                                     11 ;--------------------------------------------------------
                                     12 	.globl _strlen
                                     13 ;--------------------------------------------------------
                                     14 ; ram data
                                     15 ;--------------------------------------------------------
                                     16 	.area DATA
                                     17 ;--------------------------------------------------------
                                     18 ; ram data
                                     19 ;--------------------------------------------------------
                                     20 	.area INITIALIZED
                                     21 ;--------------------------------------------------------
                                     22 ; absolute external ram data
                                     23 ;--------------------------------------------------------
                                     24 	.area DABS (ABS)
                                     25 ;--------------------------------------------------------
                                     26 ; global & static initialisations
                                     27 ;--------------------------------------------------------
                                     28 	.area HOME
                                     29 	.area GSINIT
                                     30 	.area GSFINAL
                                     31 	.area GSINIT
                                     32 ;--------------------------------------------------------
                                     33 ; Home
                                     34 ;--------------------------------------------------------
                                     35 	.area HOME
                                     36 	.area HOME
                                     37 ;--------------------------------------------------------
                                     38 ; code
                                     39 ;--------------------------------------------------------
                                     40 	.area CODE
                                     41 ;	../_strlen.c: 35: size_t strlen ( const char * str )
                                     42 ;	-----------------------------------------
                                     43 ;	 function strlen
                                     44 ;	-----------------------------------------
      000000                         45 _strlen:
                                     46 ;	../_strlen.c: 39: while (*str++)
      000000 5F               [ 1]   47 	clrw	x
      000001 16 03            [ 2]   48 	ldw	y, (0x03, sp)
      000003                         49 00101$:
      000003 90 F6            [ 1]   50 	ld	a, (y)
      000005 90 5C            [ 2]   51 	incw	y
      000007 4D               [ 1]   52 	tnz	a
      000008 27 03            [ 1]   53 	jreq	00103$
                                     54 ;	../_strlen.c: 40: i++ ;
      00000A 5C               [ 2]   55 	incw	x
      00000B 20 F6            [ 2]   56 	jra	00101$
      00000D                         57 00103$:
                                     58 ;	../_strlen.c: 42: return i;
      00000D 81               [ 4]   59 	ret
                                     60 	.area CODE
                                     61 	.area INITIALIZER
                                     62 	.area CABS (ABS)
