                                      1 ;--------------------------------------------------------
                                      2 ; File Created by SDCC : free open source ANSI-C Compiler
                                      3 ; Version 3.5.0 #9253 (Apr  4 2022) (Linux)
                                      4 ; This file was generated Mon Apr  4 14:17:15 2022
                                      5 ;--------------------------------------------------------
                                      6 	.module _strcat
                                      7 	.optsdcc -mstm8
                                      8 	
                                      9 ;--------------------------------------------------------
                                     10 ; Public variables in this module
                                     11 ;--------------------------------------------------------
                                     12 	.globl _strcat
                                     13 ;--------------------------------------------------------
                                     14 ; ram data
                                     15 ;--------------------------------------------------------
                                     16 	.area DATA
                                     17 ;--------------------------------------------------------
                                     18 ; ram data
                                     19 ;--------------------------------------------------------
                                     20 	.area INITIALIZED
                                     21 ;--------------------------------------------------------
                                     22 ; absolute external ram data
                                     23 ;--------------------------------------------------------
                                     24 	.area DABS (ABS)
                                     25 ;--------------------------------------------------------
                                     26 ; global & static initialisations
                                     27 ;--------------------------------------------------------
                                     28 	.area HOME
                                     29 	.area GSINIT
                                     30 	.area GSFINAL
                                     31 	.area GSINIT
                                     32 ;--------------------------------------------------------
                                     33 ; Home
                                     34 ;--------------------------------------------------------
                                     35 	.area HOME
                                     36 	.area HOME
                                     37 ;--------------------------------------------------------
                                     38 ; code
                                     39 ;--------------------------------------------------------
                                     40 	.area CODE
                                     41 ;	../_strcat.c: 31: char * strcat ( char * dst, const char * src )
                                     42 ;	-----------------------------------------
                                     43 ;	 function strcat
                                     44 ;	-----------------------------------------
      000000                         45 _strcat:
                                     46 ;	../_strcat.c: 33: char * cp = dst;
      000000 1E 03            [ 2]   47 	ldw	x, (0x03, sp)
                                     48 ;	../_strcat.c: 35: while( *cp )
      000002                         49 00101$:
      000002 F6               [ 1]   50 	ld	a, (x)
      000003 4D               [ 1]   51 	tnz	a
      000004 27 03            [ 1]   52 	jreq	00111$
                                     53 ;	../_strcat.c: 36: cp++;                   /* find end of dst */
      000006 5C               [ 2]   54 	incw	x
      000007 20 F9            [ 2]   55 	jra	00101$
                                     56 ;	../_strcat.c: 38: while( *cp++ = *src++ ) ;       /* Copy src to end of dst */
      000009                         57 00111$:
      000009 16 05            [ 2]   58 	ldw	y, (0x05, sp)
      00000B                         59 00104$:
      00000B 90 F6            [ 1]   60 	ld	a, (y)
      00000D 90 5C            [ 2]   61 	incw	y
      00000F F7               [ 1]   62 	ld	(x), a
      000010 5C               [ 2]   63 	incw	x
      000011 4D               [ 1]   64 	tnz	a
      000012 26 F7            [ 1]   65 	jrne	00104$
                                     66 ;	../_strcat.c: 40: return( dst );                  /* return dst */
      000014 1E 03            [ 2]   67 	ldw	x, (0x03, sp)
      000016 81               [ 4]   68 	ret
                                     69 	.area CODE
                                     70 	.area INITIALIZER
                                     71 	.area CABS (ABS)
