                                      1 ;--------------------------------------------------------
                                      2 ; File Created by SDCC : free open source ANSI-C Compiler
                                      3 ; Version 3.5.0 #9253 (Apr  4 2022) (Linux)
                                      4 ; This file was generated Mon Apr  4 14:17:15 2022
                                      5 ;--------------------------------------------------------
                                      6 	.module atoll
                                      7 	.optsdcc -mstm8
                                      8 	
                                      9 ;--------------------------------------------------------
                                     10 ; Public variables in this module
                                     11 ;--------------------------------------------------------
                                     12 ;--------------------------------------------------------
                                     13 ; ram data
                                     14 ;--------------------------------------------------------
                                     15 	.area DATA
                                     16 ;--------------------------------------------------------
                                     17 ; ram data
                                     18 ;--------------------------------------------------------
                                     19 	.area INITIALIZED
                                     20 ;--------------------------------------------------------
                                     21 ; absolute external ram data
                                     22 ;--------------------------------------------------------
                                     23 	.area DABS (ABS)
                                     24 ;--------------------------------------------------------
                                     25 ; global & static initialisations
                                     26 ;--------------------------------------------------------
                                     27 	.area HOME
                                     28 	.area GSINIT
                                     29 	.area GSFINAL
                                     30 	.area GSINIT
                                     31 ;--------------------------------------------------------
                                     32 ; Home
                                     33 ;--------------------------------------------------------
                                     34 	.area HOME
                                     35 	.area HOME
                                     36 ;--------------------------------------------------------
                                     37 ; code
                                     38 ;--------------------------------------------------------
                                     39 	.area CODE
                                     40 	.area CODE
                                     41 	.area INITIALIZER
                                     42 	.area CABS (ABS)
