                                      1 ;--------------------------------------------------------
                                      2 ; File Created by SDCC : free open source ANSI-C Compiler
                                      3 ; Version 3.5.0 #9253 (Apr  4 2022) (Linux)
                                      4 ; This file was generated Mon Apr  4 14:17:04 2022
                                      5 ;--------------------------------------------------------
                                      6 	.module cosf
                                      7 	.optsdcc -mstm8
                                      8 	
                                      9 ;--------------------------------------------------------
                                     10 ; Public variables in this module
                                     11 ;--------------------------------------------------------
                                     12 	.globl _sincosf
                                     13 	.globl _cosf
                                     14 ;--------------------------------------------------------
                                     15 ; ram data
                                     16 ;--------------------------------------------------------
                                     17 	.area DATA
                                     18 ;--------------------------------------------------------
                                     19 ; ram data
                                     20 ;--------------------------------------------------------
                                     21 	.area INITIALIZED
                                     22 ;--------------------------------------------------------
                                     23 ; absolute external ram data
                                     24 ;--------------------------------------------------------
                                     25 	.area DABS (ABS)
                                     26 ;--------------------------------------------------------
                                     27 ; global & static initialisations
                                     28 ;--------------------------------------------------------
                                     29 	.area HOME
                                     30 	.area GSINIT
                                     31 	.area GSFINAL
                                     32 	.area GSINIT
                                     33 ;--------------------------------------------------------
                                     34 ; Home
                                     35 ;--------------------------------------------------------
                                     36 	.area HOME
                                     37 	.area HOME
                                     38 ;--------------------------------------------------------
                                     39 ; code
                                     40 ;--------------------------------------------------------
                                     41 	.area CODE
                                     42 ;	../cosf.c: 36: float cosf(float x) _FLOAT_FUNC_REENTRANT
                                     43 ;	-----------------------------------------
                                     44 ;	 function cosf
                                     45 ;	-----------------------------------------
      000000                         46 _cosf:
                                     47 ;	../cosf.c: 38: if (x==0.0) return 1.0;
      000000 1E 05            [ 2]   48 	ldw	x, (0x05, sp)
      000002 26 0C            [ 1]   49 	jrne	00102$
      000004 1E 03            [ 2]   50 	ldw	x, (0x03, sp)
      000006 58               [ 2]   51 	sllw	x
      000007 26 07            [ 1]   52 	jrne	00102$
      000009 5F               [ 1]   53 	clrw	x
      00000A 90 AE 3F 80      [ 2]   54 	ldw	y, #0x3f80
      00000E 20 0D            [ 2]   55 	jra	00103$
      000010                         56 00102$:
                                     57 ;	../cosf.c: 39: return sincosf(x, 1);
      000010 4B 01            [ 1]   58 	push	#0x01
      000012 1E 06            [ 2]   59 	ldw	x, (0x06, sp)
      000014 89               [ 2]   60 	pushw	x
      000015 1E 06            [ 2]   61 	ldw	x, (0x06, sp)
      000017 89               [ 2]   62 	pushw	x
      000018 CDr00r00         [ 4]   63 	call	_sincosf
      00001B 5B 05            [ 2]   64 	addw	sp, #5
      00001D                         65 00103$:
      00001D 81               [ 4]   66 	ret
                                     67 	.area CODE
                                     68 	.area INITIALIZER
                                     69 	.area CABS (ABS)
