                                      1 ;--------------------------------------------------------
                                      2 ; File Created by SDCC : free open source ANSI-C Compiler
                                      3 ; Version 3.5.0 #9253 (Apr  4 2022) (Linux)
                                      4 ; This file was generated Mon Apr  4 14:17:01 2022
                                      5 ;--------------------------------------------------------
                                      6 	.module fabsf
                                      7 	.optsdcc -mstm8
                                      8 	
                                      9 ;--------------------------------------------------------
                                     10 ; Public variables in this module
                                     11 ;--------------------------------------------------------
                                     12 	.globl _fabsf
                                     13 ;--------------------------------------------------------
                                     14 ; ram data
                                     15 ;--------------------------------------------------------
                                     16 	.area DATA
                                     17 ;--------------------------------------------------------
                                     18 ; ram data
                                     19 ;--------------------------------------------------------
                                     20 	.area INITIALIZED
                                     21 ;--------------------------------------------------------
                                     22 ; absolute external ram data
                                     23 ;--------------------------------------------------------
                                     24 	.area DABS (ABS)
                                     25 ;--------------------------------------------------------
                                     26 ; global & static initialisations
                                     27 ;--------------------------------------------------------
                                     28 	.area HOME
                                     29 	.area GSINIT
                                     30 	.area GSFINAL
                                     31 	.area GSINIT
                                     32 ;--------------------------------------------------------
                                     33 ; Home
                                     34 ;--------------------------------------------------------
                                     35 	.area HOME
                                     36 	.area HOME
                                     37 ;--------------------------------------------------------
                                     38 ; code
                                     39 ;--------------------------------------------------------
                                     40 	.area CODE
                                     41 ;	../fabsf.c: 34: float fabsf(float x) _FLOAT_FUNC_REENTRANT
                                     42 ;	-----------------------------------------
                                     43 ;	 function fabsf
                                     44 ;	-----------------------------------------
      000000                         45 _fabsf:
      000000 52 0C            [ 2]   46 	sub	sp, #12
                                     47 ;	../fabsf.c: 38: fl.f = x;
      000002 96               [ 1]   48 	ldw	x, sp
      000003 5C               [ 2]   49 	incw	x
      000004 16 11            [ 2]   50 	ldw	y, (0x11, sp)
      000006 EF 02            [ 2]   51 	ldw	(0x2, x), y
      000008 16 0F            [ 2]   52 	ldw	y, (0x0f, sp)
      00000A FF               [ 2]   53 	ldw	(x), y
                                     54 ;	../fabsf.c: 39: fl.l &= 0x7fffffff;
      00000B 96               [ 1]   55 	ldw	x, sp
      00000C 5C               [ 2]   56 	incw	x
      00000D E6 03            [ 1]   57 	ld	a, (0x3, x)
      00000F 90 97            [ 1]   58 	ld	yl, a
      000011 E6 02            [ 1]   59 	ld	a, (0x2, x)
      000013 90 95            [ 1]   60 	ld	yh, a
      000015 E6 01            [ 1]   61 	ld	a, (0x1, x)
      000017 6B 0A            [ 1]   62 	ld	(0x0a, sp), a
      000019 F6               [ 1]   63 	ld	a, (x)
      00001A A4 7F            [ 1]   64 	and	a, #0x7f
      00001C 6B 05            [ 1]   65 	ld	(0x05, sp), a
      00001E 7B 0A            [ 1]   66 	ld	a, (0x0a, sp)
      000020 6B 06            [ 1]   67 	ld	(0x06, sp), a
      000022 EF 02            [ 2]   68 	ldw	(0x2, x), y
      000024 16 05            [ 2]   69 	ldw	y, (0x05, sp)
      000026 FF               [ 2]   70 	ldw	(x), y
                                     71 ;	../fabsf.c: 40: return fl.f;
      000027 96               [ 1]   72 	ldw	x, sp
      000028 5C               [ 2]   73 	incw	x
      000029 E6 03            [ 1]   74 	ld	a, (0x3, x)
      00002B 90 97            [ 1]   75 	ld	yl, a
      00002D E6 02            [ 1]   76 	ld	a, (0x2, x)
      00002F 90 95            [ 1]   77 	ld	yh, a
      000031 FE               [ 2]   78 	ldw	x, (x)
      000032 51               [ 1]   79 	exgw	x, y
      000033 5B 0C            [ 2]   80 	addw	sp, #12
      000035 81               [ 4]   81 	ret
                                     82 	.area CODE
                                     83 	.area INITIALIZER
                                     84 	.area CABS (ABS)
