                                      1 ;--------------------------------------------------------
                                      2 ; File Created by SDCC : free open source ANSI-C Compiler
                                      3 ; Version 3.5.0 #9253 (Apr  4 2022) (Linux)
                                      4 ; This file was generated Mon Apr  4 14:17:14 2022
                                      5 ;--------------------------------------------------------
                                      6 	.module isalpha
                                      7 	.optsdcc -mstm8
                                      8 	
                                      9 ;--------------------------------------------------------
                                     10 ; Public variables in this module
                                     11 ;--------------------------------------------------------
                                     12 	.globl _isalpha
                                     13 ;--------------------------------------------------------
                                     14 ; ram data
                                     15 ;--------------------------------------------------------
                                     16 	.area DATA
                                     17 ;--------------------------------------------------------
                                     18 ; ram data
                                     19 ;--------------------------------------------------------
                                     20 	.area INITIALIZED
                                     21 ;--------------------------------------------------------
                                     22 ; absolute external ram data
                                     23 ;--------------------------------------------------------
                                     24 	.area DABS (ABS)
                                     25 ;--------------------------------------------------------
                                     26 ; global & static initialisations
                                     27 ;--------------------------------------------------------
                                     28 	.area HOME
                                     29 	.area GSINIT
                                     30 	.area GSFINAL
                                     31 	.area GSINIT
                                     32 ;--------------------------------------------------------
                                     33 ; Home
                                     34 ;--------------------------------------------------------
                                     35 	.area HOME
                                     36 	.area HOME
                                     37 ;--------------------------------------------------------
                                     38 ; code
                                     39 ;--------------------------------------------------------
                                     40 	.area CODE
                                     41 ;	../isalpha.c: 37: int isalpha (int c)
                                     42 ;	-----------------------------------------
                                     43 ;	 function isalpha
                                     44 ;	-----------------------------------------
      000000                         45 _isalpha:
                                     46 ;	../isalpha.c: 39: return (isupper (c) || islower (c));
      000000 1E 03            [ 2]   47 	ldw	x, (0x03, sp)
                                     48 ;	./../../include/ctype.h: 80: return ((unsigned char)c >= 'A' && (unsigned char)c <= 'Z');
      000002 9F               [ 1]   49 	ld	a, xl
      000003 A1 41            [ 1]   50 	cp	a, #0x41
      000005 25 04            [ 1]   51 	jrc	00110$
      000007 A1 5A            [ 1]   52 	cp	a, #0x5a
      000009 23 0B            [ 2]   53 	jrule	00106$
      00000B                         54 00110$:
                                     55 ;	./../../include/ctype.h: 71: return ((unsigned char)c >= 'a' && (unsigned char)c <= 'z');
      00000B A1 61            [ 1]   56 	cp	a, #0x61
      00000D 25 04            [ 1]   57 	jrc	00113$
      00000F A1 7A            [ 1]   58 	cp	a, #0x7a
      000011 23 03            [ 2]   59 	jrule	00106$
      000013                         60 00113$:
                                     61 ;	../isalpha.c: 39: return (isupper (c) || islower (c));
      000013 4F               [ 1]   62 	clr	a
      000014 20 02            [ 2]   63 	jra	00107$
      000016                         64 00106$:
      000016 A6 01            [ 1]   65 	ld	a, #0x01
      000018                         66 00107$:
      000018 97               [ 1]   67 	ld	xl, a
      000019 49               [ 1]   68 	rlc	a
      00001A 4F               [ 1]   69 	clr	a
      00001B A2 00            [ 1]   70 	sbc	a, #0x00
      00001D 95               [ 1]   71 	ld	xh, a
      00001E 81               [ 4]   72 	ret
                                     73 	.area CODE
                                     74 	.area INITIALIZER
                                     75 	.area CABS (ABS)
