                                      1 ;--------------------------------------------------------
                                      2 ; File Created by SDCC : free open source ANSI-C Compiler
                                      3 ; Version 3.5.0 #9253 (Apr  4 2022) (Linux)
                                      4 ; This file was generated Mon Apr  4 14:17:14 2022
                                      5 ;--------------------------------------------------------
                                      6 	.module isxdigit
                                      7 	.optsdcc -mstm8
                                      8 	
                                      9 ;--------------------------------------------------------
                                     10 ; Public variables in this module
                                     11 ;--------------------------------------------------------
                                     12 	.globl _isxdigit
                                     13 ;--------------------------------------------------------
                                     14 ; ram data
                                     15 ;--------------------------------------------------------
                                     16 	.area DATA
                                     17 ;--------------------------------------------------------
                                     18 ; ram data
                                     19 ;--------------------------------------------------------
                                     20 	.area INITIALIZED
                                     21 ;--------------------------------------------------------
                                     22 ; absolute external ram data
                                     23 ;--------------------------------------------------------
                                     24 	.area DABS (ABS)
                                     25 ;--------------------------------------------------------
                                     26 ; global & static initialisations
                                     27 ;--------------------------------------------------------
                                     28 	.area HOME
                                     29 	.area GSINIT
                                     30 	.area GSFINAL
                                     31 	.area GSINIT
                                     32 ;--------------------------------------------------------
                                     33 ; Home
                                     34 ;--------------------------------------------------------
                                     35 	.area HOME
                                     36 	.area HOME
                                     37 ;--------------------------------------------------------
                                     38 ; code
                                     39 ;--------------------------------------------------------
                                     40 	.area CODE
                                     41 ;	../isxdigit.c: 33: int isxdigit (int c)
                                     42 ;	-----------------------------------------
                                     43 ;	 function isxdigit
                                     44 ;	-----------------------------------------
      000000                         45 _isxdigit:
                                     46 ;	../isxdigit.c: 35: return (c >= '0' && c <= '9' || c >= 'a' && c <= 'f' || c >= 'A' && c <= 'F');
      000000 1E 03            [ 2]   47 	ldw	x, (0x03, sp)
      000002 A3 00 30         [ 2]   48 	cpw	x, #0x0030
      000005 2F 07            [ 1]   49 	jrslt	00111$
      000007 1E 03            [ 2]   50 	ldw	x, (0x03, sp)
      000009 A3 00 39         [ 2]   51 	cpw	x, #0x0039
      00000C 2D 1F            [ 1]   52 	jrsle	00104$
      00000E                         53 00111$:
      00000E 1E 03            [ 2]   54 	ldw	x, (0x03, sp)
      000010 A3 00 61         [ 2]   55 	cpw	x, #0x0061
      000013 2F 07            [ 1]   56 	jrslt	00108$
      000015 1E 03            [ 2]   57 	ldw	x, (0x03, sp)
      000017 A3 00 66         [ 2]   58 	cpw	x, #0x0066
      00001A 2D 11            [ 1]   59 	jrsle	00104$
      00001C                         60 00108$:
      00001C 1E 03            [ 2]   61 	ldw	x, (0x03, sp)
      00001E A3 00 41         [ 2]   62 	cpw	x, #0x0041
      000021 2F 07            [ 1]   63 	jrslt	00103$
      000023 1E 03            [ 2]   64 	ldw	x, (0x03, sp)
      000025 A3 00 46         [ 2]   65 	cpw	x, #0x0046
      000028 2D 03            [ 1]   66 	jrsle	00104$
      00002A                         67 00103$:
      00002A 4F               [ 1]   68 	clr	a
      00002B 20 02            [ 2]   69 	jra	00105$
      00002D                         70 00104$:
      00002D A6 01            [ 1]   71 	ld	a, #0x01
      00002F                         72 00105$:
      00002F 97               [ 1]   73 	ld	xl, a
      000030 49               [ 1]   74 	rlc	a
      000031 4F               [ 1]   75 	clr	a
      000032 A2 00            [ 1]   76 	sbc	a, #0x00
      000034 95               [ 1]   77 	ld	xh, a
      000035 81               [ 4]   78 	ret
                                     79 	.area CODE
                                     80 	.area INITIALIZER
                                     81 	.area CABS (ABS)
