                                      1 ;--------------------------------------------------------
                                      2 ; File Created by SDCC : free open source ANSI-C Compiler
                                      3 ; Version 3.5.0 #9253 (Apr  4 2022) (Linux)
                                      4 ; This file was generated Mon Apr  4 14:17:14 2022
                                      5 ;--------------------------------------------------------
                                      6 	.module toupper
                                      7 	.optsdcc -mstm8
                                      8 	
                                      9 ;--------------------------------------------------------
                                     10 ; Public variables in this module
                                     11 ;--------------------------------------------------------
                                     12 	.globl _toupper
                                     13 ;--------------------------------------------------------
                                     14 ; ram data
                                     15 ;--------------------------------------------------------
                                     16 	.area DATA
                                     17 ;--------------------------------------------------------
                                     18 ; ram data
                                     19 ;--------------------------------------------------------
                                     20 	.area INITIALIZED
                                     21 ;--------------------------------------------------------
                                     22 ; absolute external ram data
                                     23 ;--------------------------------------------------------
                                     24 	.area DABS (ABS)
                                     25 ;--------------------------------------------------------
                                     26 ; global & static initialisations
                                     27 ;--------------------------------------------------------
                                     28 	.area HOME
                                     29 	.area GSINIT
                                     30 	.area GSFINAL
                                     31 	.area GSINIT
                                     32 ;--------------------------------------------------------
                                     33 ; Home
                                     34 ;--------------------------------------------------------
                                     35 	.area HOME
                                     36 	.area HOME
                                     37 ;--------------------------------------------------------
                                     38 ; code
                                     39 ;--------------------------------------------------------
                                     40 	.area CODE
                                     41 ;	../toupper.c: 33: int toupper (int c)
                                     42 ;	-----------------------------------------
                                     43 ;	 function toupper
                                     44 ;	-----------------------------------------
      000000                         45 _toupper:
                                     46 ;	../toupper.c: 35: return (islower (c) ? c + ('A' - 'a') : c);
      000000 1E 03            [ 2]   47 	ldw	x, (0x03, sp)
                                     48 ;	./../../include/ctype.h: 71: return ((unsigned char)c >= 'a' && (unsigned char)c <= 'z');
      000002 9F               [ 1]   49 	ld	a, xl
      000003 A1 61            [ 1]   50 	cp	a, #0x61
      000005 25 07            [ 1]   51 	jrc	00104$
      000007 A1 7A            [ 1]   52 	cp	a, #0x7a
      000009 22 03            [ 1]   53 	jrugt	00104$
                                     54 ;	../toupper.c: 35: return (islower (c) ? c + ('A' - 'a') : c);
      00000B 1C FF E0         [ 2]   55 	addw	x, #0xffe0
      00000E                         56 00104$:
      00000E 81               [ 4]   57 	ret
                                     58 	.area CODE
                                     59 	.area INITIALIZER
                                     60 	.area CABS (ABS)
